14:40:00.724 [JavaFX Application Thread] DEBUG GameApplication      - Logger initialized
14:40:00.731 [JavaFX Application Thread] DEBUG MainWindow           - Creating a JavaFX scene
14:40:00.949 [JavaFX Application Thread] DEBUG MainWindow           - Target settings size: 600.0 x 440.0
14:40:00.949 [JavaFX Application Thread] DEBUG MainWindow           - Scaled scene size:    600.0 x 440.0
14:40:00.950 [JavaFX Application Thread] DEBUG MainWindow           - Scaled ratio: (1.0, 1.0)
14:40:00.960 [JavaFX Application Thread] DEBUG GameApplication      - Starting FXGL
14:40:00.965 [JavaFX Application Thread] INFO  FXGL                 - FXGL-0.5.3 on DESKTOP
14:40:00.966 [JavaFX Application Thread] INFO  FXGL                 - Source code and latest versions at: https://github.com/AlmasB/FXGL
14:40:00.966 [JavaFX Application Thread] INFO  FXGL                 -              Join the FXGL chat at: https://gitter.im/AlmasB/FXGL
14:40:00.989 [JavaFX Application Thread] DEBUG FS                   - Loaded DesktopFSService
14:40:00.989 [JavaFX Application Thread] DEBUG FXGL                 - Loading FXGL system data
14:40:01.001 [JavaFX Application Thread] DEBUG DesktopFSService     - Reading from: system/fxgl.bundle
14:40:01.018 [JavaFX Application Thread] DEBUG Bundle               - Logging bundle: FXGL
14:40:01.019 [JavaFX Application Thread] DEBUG Bundle               - FXGL.offline.timer.version.check=2018-11-21T10:17:16.102
14:40:01.084 [JavaFX Application Thread] DEBUG GameApplication      - FXGL started
14:40:01.086 [JavaFX Application Thread] DEBUG GameApplication      - Logging game settings
Title: BombermanApp
Version: 0.1
Width: 600
Height: 440
Fullscreen: false
Intro: false
Menus: false
Profiling: false
Single step:false
App Mode: DEVELOPER
Menu Key: ESCAPE
Stage Style: DECORATED
Scene Factory: class com.almasb.fxgl.scene.SceneFactory
Dialog Factory: class com.almasb.fxgl.ui.FXGLDialogFactory
UI Factory: class com.almasb.fxgl.ui.FXGLUIFactory
Notification Service: class com.almasb.fxgl.gameplay.notification.XboxNotificationView
Exception Handler: class com.almasb.fxgl.app.FXGLExceptionHandler
14:40:01.092 [JavaFX Application Thread] DEBUG GameApplication      - Configuring GameApplication
14:40:01.093 [JavaFX Application Thread] DEBUG GameApplication      - Initializing state machine and application states
14:40:01.154 [JavaFX Application Thread] DEBUG AssetLoader          - Loading from disk: /assets/ui/cursors/fxgl_default.png
14:40:01.224 [JavaFX Application Thread] DEBUG AssetLoader          - Loading from disk: /assets/ui/cursors/fxgl_default.png
14:40:01.345 [JavaFX Application Thread] DEBUG FXGLAssets           - Loading FXGLAssets
14:40:01.418 [JavaFX Application Thread] DEBUG AssetLoader          - Loading from disk: /assets/ui/fonts/VarelaRound-Regular.ttf
14:40:01.474 [JavaFX Application Thread] DEBUG AssetLoader          - Loading from disk: /assets/ui/fonts/lucida_console.ttf
14:40:01.488 [JavaFX Application Thread] DEBUG AssetLoader          - Loading from disk: /assets/ui/fonts/Courier-Prime.ttf
14:40:01.493 [JavaFX Application Thread] DEBUG AssetLoader          - Loading from disk: /assets/ui/fonts/Abel-Regular.ttf
14:40:01.496 [JavaFX Application Thread] DEBUG AssetLoader          - Loading from disk: /assets/ui/css/fxgl_dark.css
14:40:01.565 [JavaFX Application Thread] DEBUG AssetLoader          - Loading from disk: /assets/ui/cursors/fxgl_default.png
14:40:01.703 [JavaFX Application Thread] DEBUG AssetLoader          - Loading from disk: /assets/ui/cursors/fxgl_default.png
14:40:01.749 [JavaFX Application Thread] DEBUG GameScene            - Game scene initialized: 600x440
14:40:01.759 [JavaFX Application Thread] DEBUG GameWorld            - Game world initialized
14:40:01.866 [JavaFX Application Thread] DEBUG PhysicsWorld         - Physics world initialized: appHeight=440, physics.ppm=50.0
14:40:01.904 [JavaFX Application Thread] DEBUG Input                - Registered new binding: Pause - Esc
14:40:01.940 [JavaFX Application Thread] DEBUG Input                - Clearing active input actions
14:40:02.095 [JavaFX Application Thread] DEBUG AppStateMachine      - StartupState -> StartupState
14:40:02.109 [JavaFX Application Thread] INFO  GameApplication      - Game configuration took:  1.016 sec
14:40:02.113 [JavaFX Application Thread] DEBUG AssetLoader          - Loading from disk: /assets/textures/fxgl_icon.png
14:40:02.150 [JavaFX Application Thread] DEBUG MainWindow           - Opening main window
14:40:02.311 [JavaFX Application Thread] DEBUG MainWindow           - Window border size: (0.0, 0.0)
14:40:02.312 [JavaFX Application Thread] DEBUG MainWindow           - Scaled size: 600.0 x 440.0
14:40:02.312 [JavaFX Application Thread] DEBUG MainWindow           - Scaled ratio: (1.0, 1.0)
14:40:02.312 [JavaFX Application Thread] DEBUG MainWindow           - Scene size: 600.0 x 440.0
14:40:02.312 [JavaFX Application Thread] DEBUG MainWindow           - Stage size: 600.0 x 440.0
14:40:02.313 [JavaFX Application Thread] DEBUG GameApplication      - Running preInit()
14:40:02.316 [JavaFX Application Thread] DEBUG Input                - Registered new binding: Screenshot - P
14:40:02.317 [JavaFX Application Thread] DEBUG Input                - Registered new binding: Dev Options - CTRL+0
14:40:02.318 [JavaFX Application Thread] DEBUG Input                - Registered new binding: System info dump - CTRL+9
14:40:02.318 [JavaFX Application Thread] DEBUG Input                - Registered new binding: Restart - CTRL+R
14:40:02.319 [JavaFX Application Thread] DEBUG Input                - Registered new binding: Move Up - W
14:40:02.319 [JavaFX Application Thread] DEBUG Input                - Registered new binding: Move Left - A
14:40:02.320 [JavaFX Application Thread] DEBUG Input                - Registered new binding: Move Down - S
14:40:02.320 [JavaFX Application Thread] DEBUG Input                - Registered new binding: Move Right - D
14:40:02.320 [JavaFX Application Thread] DEBUG Input                - Registered new binding: Place Bomb - F
14:40:02.398 [JavaFX Application Thread] DEBUG GameApplication      - Starting main loop
14:40:02.444 [JavaFX Application Thread] DEBUG StartupState         - STARTUP
14:40:02.444 [JavaFX Application Thread] DEBUG GameApplication      - Starting new game
14:40:02.444 [JavaFX Application Thread] DEBUG Input                - Clearing active input actions
14:40:02.477 [JavaFX Application Thread] DEBUG AppStateMachine      - StartupState -> LoadingState
14:40:02.499 [FXGL Background Thread 1 ] DEBUG InitAppTask          - Clearing previous game
14:40:02.499 [FXGL Background Thread 1 ] DEBUG GameWorld            - Clearing game world
14:40:02.499 [FXGL Background Thread 1 ] DEBUG PhysicsWorld         - Clearing physics world
14:40:02.500 [FXGL Background Thread 1 ] DEBUG GameScene            - Clearing game scene
14:40:02.502 [FXGL Background Thread 1 ] DEBUG InitAppTask          - Initializing Game
14:40:02.586 [FXGL Background Thread 1 ] DEBUG AssetLoader          - Loading from disk: /assets/text/levels/0.txt
14:40:02.909 [FXGL Background Thread 1 ] DEBUG GameWorld            - Clearing removable entities
14:40:02.910 [FXGL Background Thread 1 ] DEBUG GameWorld            - Setting level: com.almasb.fxgl.entity.Level@1cc8232e
14:40:02.912 [FXGL Background Thread 1 ] DEBUG GameScene            - Creating render group for layer: BACKGROUND(1000)
14:40:02.915 [FXGL Background Thread 1 ] DEBUG GameScene            - Creating render group for layer: DEFAULT(100000)
14:40:02.939 [FXGL Background Thread 1 ] DEBUG AssetLoader          - Loading from disk: /assets/textures/Bomberman/down.png
14:40:02.948 [FXGL Background Thread 1 ] DEBUG AssetLoader          - Loading from cache: /assets/textures/Bomberman/down.png
14:40:02.949 [FXGL Background Thread 1 ] DEBUG AssetLoader          - Loading from disk: /assets/textures/Bomberman/up.png
14:40:02.950 [FXGL Background Thread 1 ] DEBUG AssetLoader          - Loading from disk: /assets/textures/Bomberman/left.png
14:40:02.951 [FXGL Background Thread 1 ] DEBUG AssetLoader          - Loading from disk: /assets/textures/Bomberman/right.png
14:40:02.971 [FXGL Background Thread 1 ] DEBUG InitAppTask          - Initializing Physics
14:40:02.971 [FXGL Background Thread 1 ] DEBUG InitAppTask          - Initializing UI
14:40:02.971 [FXGL Background Thread 1 ] DEBUG InitAppTask          - Initialization Complete
14:40:02.972 [FXGL Background Thread 1 ] INFO  InitAppTask          - Game initialization took: 0.473 sec
14:40:02.975 [JavaFX Application Thread] DEBUG Input                - Clearing active input actions
14:40:03.093 [JavaFX Application Thread] DEBUG AppStateMachine      - LoadingState -> PlayState
14:40:09.609 [JavaFX Application Thread] DEBUG GameApplication      - Exiting game application
14:40:09.612 [JavaFX Application Thread] DEBUG GameApplication      - Shutting down background threads
14:40:09.618 [JavaFX Application Thread] DEBUG GameApplication      - Exiting FXGL
14:40:09.618 [JavaFX Application Thread] DEBUG FXGL                 - Saving FXGL system data
14:40:09.622 [JavaFX Application Thread] DEBUG DesktopFSService     - Writing to: system/fxgl.bundle
14:40:09.628 [JavaFX Application Thread] DEBUG GameApplication      - Closing logger and exiting JavaFX
