00:40:46.658 [JavaFX Application Thread] DEBUG GameApplication      - Logger initialized
00:40:46.666 [JavaFX Application Thread] DEBUG MainWindow           - Creating a JavaFX scene
00:40:46.851 [JavaFX Application Thread] DEBUG MainWindow           - Target settings size: 900.0 x 660.0
00:40:46.851 [JavaFX Application Thread] DEBUG MainWindow           - Scaled scene size:    900.0 x 660.0
00:40:46.851 [JavaFX Application Thread] DEBUG MainWindow           - Scaled ratio: (1.0, 1.0)
00:40:46.861 [JavaFX Application Thread] DEBUG GameApplication      - Starting FXGL
00:40:46.875 [JavaFX Application Thread] INFO  FXGL                 - FXGL-0.5.3 on DESKTOP
00:40:46.876 [JavaFX Application Thread] INFO  FXGL                 - Source code and latest versions at: https://github.com/AlmasB/FXGL
00:40:46.877 [JavaFX Application Thread] INFO  FXGL                 -              Join the FXGL chat at: https://gitter.im/AlmasB/FXGL
00:40:46.891 [JavaFX Application Thread] DEBUG FS                   - Loaded DesktopFSService
00:40:46.892 [JavaFX Application Thread] DEBUG FXGL                 - Loading FXGL system data
00:40:46.914 [JavaFX Application Thread] DEBUG DesktopFSService     - Reading from: system/fxgl.bundle
00:40:46.944 [JavaFX Application Thread] DEBUG Bundle               - Logging bundle: FXGL
00:40:46.946 [JavaFX Application Thread] DEBUG Bundle               - FXGL.offline.timer.version.check=2018-11-14T10:10:33.273
00:40:47.016 [JavaFX Application Thread] DEBUG GameApplication      - FXGL started
00:40:47.017 [JavaFX Application Thread] DEBUG GameApplication      - Logging game settings
Title: BombermanApp
Version: 0.1
Width: 900
Height: 660
Fullscreen: false
Intro: false
Menus: false
Profiling: false
Single step:false
App Mode: DEVELOPER
Menu Key: ESCAPE
Stage Style: DECORATED
Scene Factory: class com.almasb.fxgl.scene.SceneFactory
Dialog Factory: class com.almasb.fxgl.ui.FXGLDialogFactory
UI Factory: class com.almasb.fxgl.ui.FXGLUIFactory
Notification Service: class com.almasb.fxgl.gameplay.notification.XboxNotificationView
Exception Handler: class com.almasb.fxgl.app.FXGLExceptionHandler
00:40:47.019 [JavaFX Application Thread] DEBUG GameApplication      - Configuring GameApplication
00:40:47.020 [JavaFX Application Thread] DEBUG GameApplication      - Initializing state machine and application states
00:40:47.123 [JavaFX Application Thread] DEBUG AssetLoader          - Loading from disk: /assets/ui/cursors/fxgl_default.png
00:40:47.191 [JavaFX Application Thread] DEBUG AssetLoader          - Loading from disk: /assets/ui/cursors/fxgl_default.png
00:40:47.306 [JavaFX Application Thread] DEBUG FXGLAssets           - Loading FXGLAssets
00:40:47.369 [JavaFX Application Thread] DEBUG AssetLoader          - Loading from disk: /assets/ui/fonts/VarelaRound-Regular.ttf
00:40:47.400 [JavaFX Application Thread] DEBUG AssetLoader          - Loading from disk: /assets/ui/fonts/lucida_console.ttf
00:40:47.412 [JavaFX Application Thread] DEBUG AssetLoader          - Loading from disk: /assets/ui/fonts/Courier-Prime.ttf
00:40:47.417 [JavaFX Application Thread] DEBUG AssetLoader          - Loading from disk: /assets/ui/fonts/Abel-Regular.ttf
00:40:47.421 [JavaFX Application Thread] DEBUG AssetLoader          - Loading from disk: /assets/ui/css/fxgl_dark.css
00:40:47.482 [JavaFX Application Thread] DEBUG AssetLoader          - Loading from disk: /assets/ui/cursors/fxgl_default.png
00:40:47.560 [JavaFX Application Thread] DEBUG AssetLoader          - Loading from disk: /assets/ui/cursors/fxgl_default.png
00:40:47.596 [JavaFX Application Thread] DEBUG GameScene            - Game scene initialized: 900x660
00:40:47.603 [JavaFX Application Thread] DEBUG GameWorld            - Game world initialized
00:40:47.698 [JavaFX Application Thread] DEBUG PhysicsWorld         - Physics world initialized: appHeight=660, physics.ppm=50.0
00:40:47.728 [JavaFX Application Thread] DEBUG Input                - Registered new binding: Pause - Esc
00:40:47.768 [JavaFX Application Thread] DEBUG Input                - Clearing active input actions
00:40:47.900 [JavaFX Application Thread] DEBUG AppStateMachine      - StartupState -> StartupState
00:40:47.906 [JavaFX Application Thread] INFO  GameApplication      - Game configuration took:  0.886 sec
00:40:47.910 [JavaFX Application Thread] DEBUG AssetLoader          - Loading from disk: /assets/textures/fxgl_icon.png
00:40:47.936 [JavaFX Application Thread] DEBUG MainWindow           - Opening main window
00:40:48.090 [JavaFX Application Thread] DEBUG MainWindow           - Window border size: (0.0, 0.0)
00:40:48.090 [JavaFX Application Thread] DEBUG MainWindow           - Scaled size: 900.0 x 660.0
00:40:48.090 [JavaFX Application Thread] DEBUG MainWindow           - Scaled ratio: (1.0, 1.0)
00:40:48.091 [JavaFX Application Thread] DEBUG MainWindow           - Scene size: 900.0 x 660.0
00:40:48.091 [JavaFX Application Thread] DEBUG MainWindow           - Stage size: 900.0 x 660.0
00:40:48.091 [JavaFX Application Thread] DEBUG GameApplication      - Running preInit()
00:40:48.094 [JavaFX Application Thread] DEBUG Input                - Registered new binding: Screenshot - P
00:40:48.096 [JavaFX Application Thread] DEBUG Input                - Registered new binding: Dev Options - CTRL+0
00:40:48.097 [JavaFX Application Thread] DEBUG Input                - Registered new binding: System info dump - CTRL+9
00:40:48.097 [JavaFX Application Thread] DEBUG Input                - Registered new binding: Restart - CTRL+R
00:40:48.098 [JavaFX Application Thread] DEBUG Input                - Registered new binding: Move Up - W
00:40:48.098 [JavaFX Application Thread] DEBUG Input                - Registered new binding: Move Left - A
00:40:48.099 [JavaFX Application Thread] DEBUG Input                - Registered new binding: Move Down - S
00:40:48.099 [JavaFX Application Thread] DEBUG Input                - Registered new binding: Move Right - D
00:40:48.223 [JavaFX Application Thread] DEBUG GameApplication      - Starting main loop
00:40:48.266 [JavaFX Application Thread] DEBUG StartupState         - STARTUP
00:40:48.266 [JavaFX Application Thread] DEBUG GameApplication      - Starting new game
00:40:48.267 [JavaFX Application Thread] DEBUG Input                - Clearing active input actions
00:40:48.296 [JavaFX Application Thread] DEBUG AppStateMachine      - StartupState -> LoadingState
00:40:48.314 [FXGL Background Thread 1 ] DEBUG InitAppTask          - Clearing previous game
00:40:48.315 [FXGL Background Thread 1 ] DEBUG GameWorld            - Clearing game world
00:40:48.315 [FXGL Background Thread 1 ] DEBUG PhysicsWorld         - Clearing physics world
00:40:48.318 [FXGL Background Thread 1 ] DEBUG GameScene            - Clearing game scene
00:40:48.320 [FXGL Background Thread 1 ] DEBUG InitAppTask          - Initializing Game
00:40:48.442 [FXGL Background Thread 1 ] DEBUG AssetLoader          - Loading from disk: /assets/text/levels/0.txt
00:40:48.458 [FXGL Background Thread 1 ] WARN  TextLevelParser      - No producer found for character: 0
00:40:48.458 [FXGL Background Thread 1 ] WARN  TextLevelParser      - No producer found for character: 0
00:40:48.459 [FXGL Background Thread 1 ] WARN  TextLevelParser      - No producer found for character: 0
00:40:48.459 [FXGL Background Thread 1 ] WARN  TextLevelParser      - No producer found for character: 0
00:40:48.459 [FXGL Background Thread 1 ] WARN  TextLevelParser      - No producer found for character: 0
00:40:48.464 [FXGL Background Thread 1 ] WARN  TextLevelParser      - No producer found for character: 0
00:40:48.465 [FXGL Background Thread 1 ] WARN  TextLevelParser      - No producer found for character: 0
00:40:48.465 [FXGL Background Thread 1 ] WARN  TextLevelParser      - No producer found for character: 0
00:40:48.465 [FXGL Background Thread 1 ] WARN  TextLevelParser      - No producer found for character: 0
00:40:48.465 [FXGL Background Thread 1 ] WARN  TextLevelParser      - No producer found for character: 0
00:40:48.466 [FXGL Background Thread 1 ] WARN  TextLevelParser      - No producer found for character: 0
00:40:48.466 [FXGL Background Thread 1 ] WARN  TextLevelParser      - No producer found for character: 0
00:40:48.466 [FXGL Background Thread 1 ] WARN  TextLevelParser      - No producer found for character: 0
00:40:48.468 [FXGL Background Thread 1 ] WARN  TextLevelParser      - No producer found for character: 0
00:40:48.468 [FXGL Background Thread 1 ] WARN  TextLevelParser      - No producer found for character: 0
00:40:48.469 [FXGL Background Thread 1 ] WARN  TextLevelParser      - No producer found for character: 0
00:40:48.550 [FXGL Background Thread 1 ] WARN  TextLevelParser      - No producer found for character: 0
00:40:48.552 [FXGL Background Thread 1 ] WARN  TextLevelParser      - No producer found for character: 0
00:40:48.553 [FXGL Background Thread 1 ] WARN  TextLevelParser      - No producer found for character: 0
00:40:48.558 [FXGL Background Thread 1 ] WARN  TextLevelParser      - No producer found for character: 0
00:40:48.560 [FXGL Background Thread 1 ] WARN  TextLevelParser      - No producer found for character: 0
00:40:48.561 [FXGL Background Thread 1 ] WARN  TextLevelParser      - No producer found for character: 0
00:40:48.563 [FXGL Background Thread 1 ] WARN  TextLevelParser      - No producer found for character: 0
00:40:48.563 [FXGL Background Thread 1 ] WARN  TextLevelParser      - No producer found for character: 0
00:40:48.563 [FXGL Background Thread 1 ] WARN  TextLevelParser      - No producer found for character: 0
00:40:48.564 [FXGL Background Thread 1 ] WARN  TextLevelParser      - No producer found for character: 0
00:40:48.564 [FXGL Background Thread 1 ] WARN  TextLevelParser      - No producer found for character: 0
00:40:48.564 [FXGL Background Thread 1 ] WARN  TextLevelParser      - No producer found for character: 0
00:40:48.564 [FXGL Background Thread 1 ] WARN  TextLevelParser      - No producer found for character: 0
00:40:48.565 [FXGL Background Thread 1 ] WARN  TextLevelParser      - No producer found for character: 0
00:40:48.565 [FXGL Background Thread 1 ] WARN  TextLevelParser      - No producer found for character: 0
00:40:48.565 [FXGL Background Thread 1 ] WARN  TextLevelParser      - No producer found for character: 0
00:40:48.565 [FXGL Background Thread 1 ] WARN  TextLevelParser      - No producer found for character: 0
00:40:48.565 [FXGL Background Thread 1 ] WARN  TextLevelParser      - No producer found for character: 0
00:40:48.566 [FXGL Background Thread 1 ] WARN  TextLevelParser      - No producer found for character: 0
00:40:48.566 [FXGL Background Thread 1 ] WARN  TextLevelParser      - No producer found for character: 0
00:40:48.566 [FXGL Background Thread 1 ] WARN  TextLevelParser      - No producer found for character: 0
00:40:48.566 [FXGL Background Thread 1 ] WARN  TextLevelParser      - No producer found for character: 0
00:40:48.567 [FXGL Background Thread 1 ] WARN  TextLevelParser      - No producer found for character: 0
00:40:48.568 [FXGL Background Thread 1 ] WARN  TextLevelParser      - No producer found for character: 0
00:40:48.570 [FXGL Background Thread 1 ] WARN  TextLevelParser      - No producer found for character: 0
00:40:48.572 [FXGL Background Thread 1 ] WARN  TextLevelParser      - No producer found for character: 0
00:40:48.574 [FXGL Background Thread 1 ] WARN  TextLevelParser      - No producer found for character: 0
00:40:48.575 [FXGL Background Thread 1 ] WARN  TextLevelParser      - No producer found for character: 0
00:40:48.580 [FXGL Background Thread 1 ] WARN  TextLevelParser      - No producer found for character: 0
00:40:48.583 [FXGL Background Thread 1 ] WARN  TextLevelParser      - No producer found for character: 0
00:40:48.583 [FXGL Background Thread 1 ] WARN  TextLevelParser      - No producer found for character: 0
00:40:48.583 [FXGL Background Thread 1 ] WARN  TextLevelParser      - No producer found for character: 0
00:40:48.584 [FXGL Background Thread 1 ] WARN  TextLevelParser      - No producer found for character: 0
00:40:48.584 [FXGL Background Thread 1 ] WARN  TextLevelParser      - No producer found for character: 0
00:40:48.584 [FXGL Background Thread 1 ] WARN  TextLevelParser      - No producer found for character: 0
00:40:48.584 [FXGL Background Thread 1 ] WARN  TextLevelParser      - No producer found for character: 0
00:40:48.584 [FXGL Background Thread 1 ] WARN  TextLevelParser      - No producer found for character: 0
00:40:48.585 [FXGL Background Thread 1 ] WARN  TextLevelParser      - No producer found for character: 0
00:40:48.585 [FXGL Background Thread 1 ] WARN  TextLevelParser      - No producer found for character: 0
00:40:48.585 [FXGL Background Thread 1 ] WARN  TextLevelParser      - No producer found for character: 0
00:40:48.585 [FXGL Background Thread 1 ] WARN  TextLevelParser      - No producer found for character: 0
00:40:48.586 [FXGL Background Thread 1 ] WARN  TextLevelParser      - No producer found for character: 0
00:40:48.586 [FXGL Background Thread 1 ] WARN  TextLevelParser      - No producer found for character: 0
00:40:48.586 [FXGL Background Thread 1 ] WARN  TextLevelParser      - No producer found for character: 0
00:40:48.586 [FXGL Background Thread 1 ] WARN  TextLevelParser      - No producer found for character: 0
00:40:48.590 [FXGL Background Thread 1 ] WARN  TextLevelParser      - No producer found for character: 0
00:40:48.592 [FXGL Background Thread 1 ] WARN  TextLevelParser      - No producer found for character: 0
00:40:48.594 [FXGL Background Thread 1 ] WARN  TextLevelParser      - No producer found for character: 0
00:40:48.596 [FXGL Background Thread 1 ] WARN  TextLevelParser      - No producer found for character: 0
00:40:48.598 [FXGL Background Thread 1 ] WARN  TextLevelParser      - No producer found for character: 0
00:40:48.601 [FXGL Background Thread 1 ] WARN  TextLevelParser      - No producer found for character: 0
00:40:48.602 [FXGL Background Thread 1 ] WARN  TextLevelParser      - No producer found for character: 0
00:40:48.604 [FXGL Background Thread 1 ] WARN  TextLevelParser      - No producer found for character: 0
00:40:48.604 [FXGL Background Thread 1 ] WARN  TextLevelParser      - No producer found for character: 0
00:40:48.604 [FXGL Background Thread 1 ] WARN  TextLevelParser      - No producer found for character: 0
00:40:48.605 [FXGL Background Thread 1 ] WARN  TextLevelParser      - No producer found for character: 0
00:40:48.605 [FXGL Background Thread 1 ] WARN  TextLevelParser      - No producer found for character: 0
00:40:48.605 [FXGL Background Thread 1 ] WARN  TextLevelParser      - No producer found for character: 0
00:40:48.605 [FXGL Background Thread 1 ] WARN  TextLevelParser      - No producer found for character: 0
00:40:48.605 [FXGL Background Thread 1 ] WARN  TextLevelParser      - No producer found for character: 0
00:40:48.605 [FXGL Background Thread 1 ] WARN  TextLevelParser      - No producer found for character: 0
00:40:48.606 [FXGL Background Thread 1 ] WARN  TextLevelParser      - No producer found for character: 0
00:40:48.606 [FXGL Background Thread 1 ] WARN  TextLevelParser      - No producer found for character: 0
00:40:48.606 [FXGL Background Thread 1 ] WARN  TextLevelParser      - No producer found for character: 0
00:40:48.606 [FXGL Background Thread 1 ] WARN  TextLevelParser      - No producer found for character: 0
00:40:48.606 [FXGL Background Thread 1 ] WARN  TextLevelParser      - No producer found for character: 0
00:40:48.607 [FXGL Background Thread 1 ] WARN  TextLevelParser      - No producer found for character: 0
00:40:48.607 [FXGL Background Thread 1 ] WARN  TextLevelParser      - No producer found for character: 0
00:40:48.607 [FXGL Background Thread 1 ] WARN  TextLevelParser      - No producer found for character: 0
00:40:48.608 [FXGL Background Thread 1 ] WARN  TextLevelParser      - No producer found for character: 0
00:40:48.610 [FXGL Background Thread 1 ] WARN  TextLevelParser      - No producer found for character: 0
00:40:48.612 [FXGL Background Thread 1 ] WARN  TextLevelParser      - No producer found for character: 0
00:40:48.613 [FXGL Background Thread 1 ] WARN  TextLevelParser      - No producer found for character: 0
00:40:48.615 [FXGL Background Thread 1 ] WARN  TextLevelParser      - No producer found for character: 0
00:40:48.617 [FXGL Background Thread 1 ] WARN  TextLevelParser      - No producer found for character: 0
00:40:48.618 [FXGL Background Thread 1 ] WARN  TextLevelParser      - No producer found for character: 0
00:40:48.618 [FXGL Background Thread 1 ] WARN  TextLevelParser      - No producer found for character: 0
00:40:48.619 [FXGL Background Thread 1 ] WARN  TextLevelParser      - No producer found for character: 0
00:40:48.619 [FXGL Background Thread 1 ] WARN  TextLevelParser      - No producer found for character: 0
00:40:48.619 [FXGL Background Thread 1 ] WARN  TextLevelParser      - No producer found for character: 0
00:40:48.619 [FXGL Background Thread 1 ] WARN  TextLevelParser      - No producer found for character: 0
00:40:48.619 [FXGL Background Thread 1 ] WARN  TextLevelParser      - No producer found for character: 0
00:40:48.620 [FXGL Background Thread 1 ] DEBUG AssetLoader          - Loading from disk: /assets/textures/Bomberman/down.png
00:40:48.627 [FXGL Background Thread 1 ] DEBUG AssetLoader          - Loading from cache: /assets/textures/Bomberman/down.png
00:40:48.628 [FXGL Background Thread 1 ] DEBUG AssetLoader          - Loading from disk: /assets/textures/Bomberman/up.png
00:40:48.629 [FXGL Background Thread 1 ] DEBUG AssetLoader          - Loading from disk: /assets/textures/Bomberman/left.png
00:40:48.629 [FXGL Background Thread 1 ] DEBUG AssetLoader          - Loading from disk: /assets/textures/Bomberman/right.png
00:40:48.631 [FXGL Background Thread 1 ] WARN  TextLevelParser      - No producer found for character: 0
00:40:48.631 [FXGL Background Thread 1 ] WARN  TextLevelParser      - No producer found for character: 0
00:40:48.631 [FXGL Background Thread 1 ] WARN  TextLevelParser      - No producer found for character: 0
00:40:48.631 [FXGL Background Thread 1 ] WARN  TextLevelParser      - No producer found for character: 0
00:40:48.631 [FXGL Background Thread 1 ] WARN  TextLevelParser      - No producer found for character: 0
00:40:48.632 [FXGL Background Thread 1 ] WARN  TextLevelParser      - No producer found for character: 0
00:40:48.632 [FXGL Background Thread 1 ] WARN  TextLevelParser      - No producer found for character: 0
00:40:48.632 [FXGL Background Thread 1 ] WARN  TextLevelParser      - No producer found for character: 0
00:40:48.632 [FXGL Background Thread 1 ] WARN  TextLevelParser      - No producer found for character: 0
00:40:48.634 [FXGL Background Thread 1 ] WARN  TextLevelParser      - No producer found for character: 0
00:40:48.635 [FXGL Background Thread 1 ] WARN  TextLevelParser      - No producer found for character: 0
00:40:48.636 [FXGL Background Thread 1 ] WARN  TextLevelParser      - No producer found for character: 0
00:40:48.638 [FXGL Background Thread 1 ] WARN  TextLevelParser      - No producer found for character: 0
00:40:48.639 [FXGL Background Thread 1 ] WARN  TextLevelParser      - No producer found for character: 0
00:40:48.640 [FXGL Background Thread 1 ] WARN  TextLevelParser      - No producer found for character: 0
00:40:48.642 [FXGL Background Thread 1 ] WARN  TextLevelParser      - No producer found for character: 0
00:40:48.642 [FXGL Background Thread 1 ] WARN  TextLevelParser      - No producer found for character: 0
00:40:48.642 [FXGL Background Thread 1 ] WARN  TextLevelParser      - No producer found for character: 0
00:40:48.642 [FXGL Background Thread 1 ] WARN  TextLevelParser      - No producer found for character: 0
00:40:48.643 [FXGL Background Thread 1 ] WARN  TextLevelParser      - No producer found for character: 0
00:40:48.643 [FXGL Background Thread 1 ] WARN  TextLevelParser      - No producer found for character: 0
00:40:48.643 [FXGL Background Thread 1 ] WARN  TextLevelParser      - No producer found for character: 0
00:40:48.643 [FXGL Background Thread 1 ] WARN  TextLevelParser      - No producer found for character: 0
00:40:48.643 [FXGL Background Thread 1 ] WARN  TextLevelParser      - No producer found for character: 0
00:40:48.643 [FXGL Background Thread 1 ] WARN  TextLevelParser      - No producer found for character: 0
00:40:48.643 [FXGL Background Thread 1 ] WARN  TextLevelParser      - No producer found for character: 0
00:40:48.644 [FXGL Background Thread 1 ] WARN  TextLevelParser      - No producer found for character: 0
00:40:48.644 [FXGL Background Thread 1 ] WARN  TextLevelParser      - No producer found for character: 0
00:40:48.644 [FXGL Background Thread 1 ] WARN  TextLevelParser      - No producer found for character: 0
00:40:48.644 [FXGL Background Thread 1 ] WARN  TextLevelParser      - No producer found for character: 0
00:40:48.644 [FXGL Background Thread 1 ] WARN  TextLevelParser      - No producer found for character: 0
00:40:48.645 [FXGL Background Thread 1 ] DEBUG GameWorld            - Clearing removable entities
00:40:48.645 [FXGL Background Thread 1 ] DEBUG GameWorld            - Setting level: com.almasb.fxgl.entity.Level@281c604d
00:40:48.649 [FXGL Background Thread 1 ] DEBUG GameScene            - Creating render group for layer: DEFAULT(100000)
00:40:48.664 [FXGL Background Thread 1 ] DEBUG GameScene            - Creating render group for layer: BACKGROUND(1000)
00:40:48.688 [FXGL Background Thread 1 ] DEBUG InitAppTask          - Initializing Physics
00:40:48.688 [FXGL Background Thread 1 ] DEBUG InitAppTask          - Initializing UI
00:40:48.688 [FXGL Background Thread 1 ] DEBUG InitAppTask          - Initialization Complete
00:40:48.688 [FXGL Background Thread 1 ] INFO  InitAppTask          - Game initialization took: 0.374 sec
00:40:48.699 [JavaFX Application Thread] DEBUG Input                - Clearing active input actions
00:40:48.740 [JavaFX Application Thread] DEBUG AppStateMachine      - LoadingState -> PlayState
00:41:01.534 [JavaFX Application Thread] DEBUG GameApplication      - Exiting game application
00:41:01.536 [JavaFX Application Thread] DEBUG GameApplication      - Shutting down background threads
00:41:01.542 [JavaFX Application Thread] DEBUG GameApplication      - Exiting FXGL
00:41:01.542 [JavaFX Application Thread] DEBUG FXGL                 - Saving FXGL system data
00:41:01.545 [JavaFX Application Thread] DEBUG DesktopFSService     - Writing to: system/fxgl.bundle
00:41:01.551 [JavaFX Application Thread] DEBUG GameApplication      - Closing logger and exiting JavaFX
