14:36:17.883 [JavaFX Application Thread] DEBUG GameApplication      - Logger initialized
14:36:17.891 [JavaFX Application Thread] DEBUG MainWindow           - Creating a JavaFX scene
14:36:18.141 [JavaFX Application Thread] DEBUG MainWindow           - Target settings size: 600.0 x 440.0
14:36:18.142 [JavaFX Application Thread] DEBUG MainWindow           - Scaled scene size:    600.0 x 440.0
14:36:18.142 [JavaFX Application Thread] DEBUG MainWindow           - Scaled ratio: (1.0, 1.0)
14:36:18.154 [JavaFX Application Thread] DEBUG GameApplication      - Starting FXGL
14:36:18.163 [JavaFX Application Thread] INFO  FXGL                 - FXGL-0.5.3 on DESKTOP
14:36:18.164 [JavaFX Application Thread] INFO  FXGL                 - Source code and latest versions at: https://github.com/AlmasB/FXGL
14:36:18.164 [JavaFX Application Thread] INFO  FXGL                 -              Join the FXGL chat at: https://gitter.im/AlmasB/FXGL
14:36:18.183 [JavaFX Application Thread] DEBUG FS                   - Loaded DesktopFSService
14:36:18.184 [JavaFX Application Thread] DEBUG FXGL                 - Loading FXGL system data
14:36:18.197 [JavaFX Application Thread] DEBUG DesktopFSService     - Reading from: system/fxgl.bundle
14:36:18.217 [JavaFX Application Thread] DEBUG Bundle               - Logging bundle: FXGL
14:36:18.218 [JavaFX Application Thread] DEBUG Bundle               - FXGL.offline.timer.version.check=2018-11-21T10:17:16.102
14:36:18.295 [JavaFX Application Thread] DEBUG GameApplication      - FXGL started
14:36:18.295 [JavaFX Application Thread] DEBUG GameApplication      - Logging game settings
Title: BombermanApp
Version: 0.1
Width: 600
Height: 440
Fullscreen: false
Intro: false
Menus: false
Profiling: false
Single step:false
App Mode: DEVELOPER
Menu Key: ESCAPE
Stage Style: DECORATED
Scene Factory: class com.almasb.fxgl.scene.SceneFactory
Dialog Factory: class com.almasb.fxgl.ui.FXGLDialogFactory
UI Factory: class com.almasb.fxgl.ui.FXGLUIFactory
Notification Service: class com.almasb.fxgl.gameplay.notification.XboxNotificationView
Exception Handler: class com.almasb.fxgl.app.FXGLExceptionHandler
14:36:18.297 [JavaFX Application Thread] DEBUG GameApplication      - Configuring GameApplication
14:36:18.297 [JavaFX Application Thread] DEBUG GameApplication      - Initializing state machine and application states
14:36:18.354 [JavaFX Application Thread] DEBUG AssetLoader          - Loading from disk: /assets/ui/cursors/fxgl_default.png
14:36:18.422 [JavaFX Application Thread] DEBUG AssetLoader          - Loading from disk: /assets/ui/cursors/fxgl_default.png
14:36:18.520 [JavaFX Application Thread] DEBUG FXGLAssets           - Loading FXGLAssets
14:36:18.592 [JavaFX Application Thread] DEBUG AssetLoader          - Loading from disk: /assets/ui/fonts/VarelaRound-Regular.ttf
14:36:18.635 [JavaFX Application Thread] DEBUG AssetLoader          - Loading from disk: /assets/ui/fonts/lucida_console.ttf
14:36:18.643 [JavaFX Application Thread] DEBUG AssetLoader          - Loading from disk: /assets/ui/fonts/Courier-Prime.ttf
14:36:18.647 [JavaFX Application Thread] DEBUG AssetLoader          - Loading from disk: /assets/ui/fonts/Abel-Regular.ttf
14:36:18.651 [JavaFX Application Thread] DEBUG AssetLoader          - Loading from disk: /assets/ui/css/fxgl_dark.css
14:36:18.730 [JavaFX Application Thread] DEBUG AssetLoader          - Loading from disk: /assets/ui/cursors/fxgl_default.png
14:36:18.897 [JavaFX Application Thread] DEBUG AssetLoader          - Loading from disk: /assets/ui/cursors/fxgl_default.png
14:36:18.945 [JavaFX Application Thread] DEBUG GameScene            - Game scene initialized: 600x440
14:36:18.951 [JavaFX Application Thread] DEBUG GameWorld            - Game world initialized
14:36:19.053 [JavaFX Application Thread] DEBUG PhysicsWorld         - Physics world initialized: appHeight=440, physics.ppm=50.0
14:36:19.102 [JavaFX Application Thread] DEBUG Input                - Registered new binding: Pause - Esc
14:36:19.136 [JavaFX Application Thread] DEBUG Input                - Clearing active input actions
14:36:19.263 [JavaFX Application Thread] DEBUG AppStateMachine      - StartupState -> StartupState
14:36:19.269 [JavaFX Application Thread] INFO  GameApplication      - Game configuration took:  0.971 sec
14:36:19.272 [JavaFX Application Thread] DEBUG AssetLoader          - Loading from disk: /assets/textures/fxgl_icon.png
14:36:19.303 [JavaFX Application Thread] DEBUG MainWindow           - Opening main window
14:36:19.437 [JavaFX Application Thread] DEBUG MainWindow           - Window border size: (0.0, 0.0)
14:36:19.438 [JavaFX Application Thread] DEBUG MainWindow           - Scaled size: 600.0 x 440.0
14:36:19.438 [JavaFX Application Thread] DEBUG MainWindow           - Scaled ratio: (1.0, 1.0)
14:36:19.438 [JavaFX Application Thread] DEBUG MainWindow           - Scene size: 600.0 x 440.0
14:36:19.439 [JavaFX Application Thread] DEBUG MainWindow           - Stage size: 600.0 x 440.0
14:36:19.441 [JavaFX Application Thread] DEBUG GameApplication      - Running preInit()
14:36:19.457 [JavaFX Application Thread] DEBUG Input                - Registered new binding: Screenshot - P
14:36:19.458 [JavaFX Application Thread] DEBUG Input                - Registered new binding: Dev Options - CTRL+0
14:36:19.459 [JavaFX Application Thread] DEBUG Input                - Registered new binding: System info dump - CTRL+9
14:36:19.460 [JavaFX Application Thread] DEBUG Input                - Registered new binding: Restart - CTRL+R
14:36:19.460 [JavaFX Application Thread] DEBUG Input                - Registered new binding: Move Up - W
14:36:19.461 [JavaFX Application Thread] DEBUG Input                - Registered new binding: Move Left - A
14:36:19.461 [JavaFX Application Thread] DEBUG Input                - Registered new binding: Move Down - S
14:36:19.461 [JavaFX Application Thread] DEBUG Input                - Registered new binding: Move Right - D
14:36:19.461 [JavaFX Application Thread] DEBUG Input                - Registered new binding: Place Bomb - F
14:36:19.566 [JavaFX Application Thread] DEBUG GameApplication      - Starting main loop
14:36:19.586 [JavaFX Application Thread] DEBUG StartupState         - STARTUP
14:36:19.587 [JavaFX Application Thread] DEBUG GameApplication      - Starting new game
14:36:19.587 [JavaFX Application Thread] DEBUG Input                - Clearing active input actions
14:36:19.620 [JavaFX Application Thread] DEBUG AppStateMachine      - StartupState -> LoadingState
14:36:19.644 [FXGL Background Thread 1 ] DEBUG InitAppTask          - Clearing previous game
14:36:19.645 [FXGL Background Thread 1 ] DEBUG GameWorld            - Clearing game world
14:36:19.645 [FXGL Background Thread 1 ] DEBUG PhysicsWorld         - Clearing physics world
14:36:19.645 [FXGL Background Thread 1 ] DEBUG GameScene            - Clearing game scene
14:36:19.647 [FXGL Background Thread 1 ] DEBUG InitAppTask          - Initializing Game
14:36:19.749 [FXGL Background Thread 1 ] DEBUG AssetLoader          - Loading from disk: /assets/text/levels/0.txt
14:36:20.197 [FXGL Background Thread 1 ] DEBUG GameWorld            - Clearing removable entities
14:36:20.197 [FXGL Background Thread 1 ] DEBUG GameWorld            - Setting level: com.almasb.fxgl.entity.Level@272a8e84
14:36:20.200 [FXGL Background Thread 1 ] DEBUG GameScene            - Creating render group for layer: BACKGROUND(1000)
14:36:20.204 [FXGL Background Thread 1 ] DEBUG GameScene            - Creating render group for layer: DEFAULT(100000)
14:36:20.226 [FXGL Background Thread 1 ] DEBUG AssetLoader          - Loading from disk: /assets/textures/Bomberman/down.png
14:36:20.235 [FXGL Background Thread 1 ] DEBUG AssetLoader          - Loading from cache: /assets/textures/Bomberman/down.png
14:36:20.235 [FXGL Background Thread 1 ] DEBUG AssetLoader          - Loading from disk: /assets/textures/Bomberman/up.png
14:36:20.236 [FXGL Background Thread 1 ] DEBUG AssetLoader          - Loading from disk: /assets/textures/Bomberman/left.png
14:36:20.237 [FXGL Background Thread 1 ] DEBUG AssetLoader          - Loading from disk: /assets/textures/Bomberman/right.png
14:36:20.256 [FXGL Background Thread 1 ] DEBUG InitAppTask          - Initializing Physics
14:36:20.257 [FXGL Background Thread 1 ] DEBUG InitAppTask          - Initializing UI
14:36:20.259 [FXGL Background Thread 1 ] DEBUG InitAppTask          - Initialization Complete
14:36:20.261 [FXGL Background Thread 1 ] INFO  InitAppTask          - Game initialization took: 0.616 sec
14:36:20.267 [JavaFX Application Thread] DEBUG Input                - Clearing active input actions
14:36:20.388 [JavaFX Application Thread] DEBUG AppStateMachine      - LoadingState -> PlayState
14:36:37.864 [JavaFX Application Thread] DEBUG GameApplication      - Exiting game application
14:36:37.867 [JavaFX Application Thread] DEBUG GameApplication      - Shutting down background threads
14:36:37.875 [JavaFX Application Thread] DEBUG GameApplication      - Exiting FXGL
14:36:37.875 [JavaFX Application Thread] DEBUG FXGL                 - Saving FXGL system data
14:36:37.878 [JavaFX Application Thread] DEBUG DesktopFSService     - Writing to: system/fxgl.bundle
14:36:37.882 [JavaFX Application Thread] DEBUG GameApplication      - Closing logger and exiting JavaFX
