19:44:15.655 [JavaFX Application Thread] DEBUG GameApplication      - Logger initialized
19:44:15.665 [JavaFX Application Thread] DEBUG MainWindow           - Creating a JavaFX scene
19:44:15.826 [JavaFX Application Thread] DEBUG MainWindow           - Target settings size: 680.0 x 520.0
19:44:15.827 [JavaFX Application Thread] DEBUG MainWindow           - Scaled scene size:    680.0 x 520.0
19:44:15.827 [JavaFX Application Thread] DEBUG MainWindow           - Scaled ratio: (1.0, 1.0)
19:44:15.833 [JavaFX Application Thread] DEBUG GameApplication      - Starting FXGL
19:44:15.840 [JavaFX Application Thread] INFO  FXGL                 - FXGL-0.5.3 on DESKTOP
19:44:15.840 [JavaFX Application Thread] INFO  FXGL                 - Source code and latest versions at: https://github.com/AlmasB/FXGL
19:44:15.841 [JavaFX Application Thread] INFO  FXGL                 -              Join the FXGL chat at: https://gitter.im/AlmasB/FXGL
19:44:15.855 [JavaFX Application Thread] DEBUG FS                   - Loaded DesktopFSService
19:44:15.856 [JavaFX Application Thread] DEBUG FXGL                 - Loading FXGL system data
19:44:15.871 [JavaFX Application Thread] DEBUG DesktopFSService     - Reading from: system\fxgl.bundle
19:44:15.890 [JavaFX Application Thread] DEBUG Bundle               - Logging bundle: FXGL
19:44:15.891 [JavaFX Application Thread] DEBUG Bundle               - FXGL.offline.timer.version.check=2018-11-21T10:17:16.102
19:44:15.939 [JavaFX Application Thread] DEBUG GameApplication      - FXGL started
19:44:15.940 [JavaFX Application Thread] DEBUG GameApplication      - Logging game settings
Title: BombermanApp
Version: 0.1
Width: 680
Height: 520
Fullscreen: false
Intro: false
Menus: false
Profiling: false
Single step:false
App Mode: DEVELOPER
Menu Key: ESCAPE
Stage Style: DECORATED
Scene Factory: class com.almasb.fxgl.scene.SceneFactory
Dialog Factory: class com.almasb.fxgl.ui.FXGLDialogFactory
UI Factory: class com.almasb.fxgl.ui.FXGLUIFactory
Notification Service: class com.almasb.fxgl.gameplay.notification.XboxNotificationView
Exception Handler: class com.almasb.fxgl.app.FXGLExceptionHandler
19:44:15.946 [JavaFX Application Thread] DEBUG GameApplication      - Configuring GameApplication
19:44:15.947 [JavaFX Application Thread] DEBUG GameApplication      - Initializing state machine and application states
19:44:15.976 [JavaFX Application Thread] DEBUG AssetLoader          - Loading from disk: /assets/ui/cursors/fxgl_default.png
19:44:16.013 [JavaFX Application Thread] DEBUG AssetLoader          - Loading from disk: /assets/ui/cursors/fxgl_default.png
19:44:16.040 [JavaFX Application Thread] DEBUG FXGLAssets           - Loading FXGLAssets
19:44:16.087 [JavaFX Application Thread] DEBUG AssetLoader          - Loading from disk: /assets/ui/fonts/VarelaRound-Regular.ttf
19:44:16.300 [JavaFX Application Thread] DEBUG AssetLoader          - Loading from disk: /assets/ui/fonts/lucida_console.ttf
19:44:16.316 [JavaFX Application Thread] DEBUG AssetLoader          - Loading from disk: /assets/ui/fonts/Courier-Prime.ttf
19:44:16.331 [JavaFX Application Thread] DEBUG AssetLoader          - Loading from disk: /assets/ui/fonts/Abel-Regular.ttf
19:44:16.345 [JavaFX Application Thread] DEBUG AssetLoader          - Loading from disk: /assets/ui/css/fxgl_dark.css
19:44:16.385 [JavaFX Application Thread] DEBUG AssetLoader          - Loading from disk: /assets/ui/cursors/fxgl_default.png
19:44:16.462 [JavaFX Application Thread] DEBUG AssetLoader          - Loading from disk: /assets/ui/cursors/fxgl_default.png
19:44:16.501 [JavaFX Application Thread] DEBUG GameScene            - Game scene initialized: 680x520
19:44:16.507 [JavaFX Application Thread] DEBUG GameWorld            - Game world initialized
19:44:16.617 [JavaFX Application Thread] DEBUG PhysicsWorld         - Physics world initialized: appHeight=520, physics.ppm=50.0
19:44:16.644 [JavaFX Application Thread] DEBUG Input                - Registered new binding: Pause - Esc
19:44:16.674 [JavaFX Application Thread] DEBUG Input                - Clearing active input actions
19:44:16.781 [JavaFX Application Thread] DEBUG AppStateMachine      - StartupState -> StartupState
19:44:16.798 [JavaFX Application Thread] INFO  GameApplication      - Game configuration took:  0.852 sec
19:44:16.804 [JavaFX Application Thread] DEBUG AssetLoader          - Loading from disk: /assets/textures/fxgl_icon.png
19:44:16.825 [JavaFX Application Thread] DEBUG MainWindow           - Opening main window
19:44:17.121 [JavaFX Application Thread] DEBUG MainWindow           - Window border size: (6.0, 29.0)
19:44:17.122 [JavaFX Application Thread] DEBUG MainWindow           - Scaled size: 680.0 x 520.0
19:44:17.122 [JavaFX Application Thread] DEBUG MainWindow           - Scaled ratio: (1.0, 1.0)
19:44:17.122 [JavaFX Application Thread] DEBUG MainWindow           - Scene size: 680.0 x 520.0
19:44:17.122 [JavaFX Application Thread] DEBUG MainWindow           - Stage size: 686.0 x 549.0
19:44:17.122 [JavaFX Application Thread] DEBUG GameApplication      - Running preInit()
19:44:17.126 [JavaFX Application Thread] DEBUG Input                - Registered new binding: Screenshot - P
19:44:17.126 [JavaFX Application Thread] DEBUG Input                - Registered new binding: Dev Options - CTRL+0
19:44:17.127 [JavaFX Application Thread] DEBUG Input                - Registered new binding: System info dump - CTRL+9
19:44:17.128 [JavaFX Application Thread] DEBUG Input                - Registered new binding: Restart - CTRL+R
19:44:17.128 [JavaFX Application Thread] DEBUG Input                - Registered new binding: Move Up - W
19:44:17.128 [JavaFX Application Thread] DEBUG Input                - Registered new binding: Move Left - A
19:44:17.128 [JavaFX Application Thread] DEBUG Input                - Registered new binding: Move Down - S
19:44:17.128 [JavaFX Application Thread] DEBUG Input                - Registered new binding: Move Right - D
19:44:17.129 [JavaFX Application Thread] DEBUG Input                - Registered new binding: Place Bomb - F
19:44:17.198 [JavaFX Application Thread] DEBUG GameApplication      - Starting main loop
19:44:17.200 [JavaFX Application Thread] DEBUG StartupState         - STARTUP
19:44:17.201 [JavaFX Application Thread] DEBUG GameApplication      - Starting new game
19:44:17.201 [JavaFX Application Thread] DEBUG Input                - Clearing active input actions
19:44:17.212 [JavaFX Application Thread] DEBUG AppStateMachine      - StartupState -> LoadingState
19:44:17.225 [FXGL Background Thread 1 ] DEBUG InitAppTask          - Clearing previous game
19:44:17.225 [FXGL Background Thread 1 ] DEBUG GameWorld            - Clearing game world
19:44:17.225 [FXGL Background Thread 1 ] DEBUG PhysicsWorld         - Clearing physics world
19:44:17.226 [FXGL Background Thread 1 ] DEBUG GameScene            - Clearing game scene
19:44:17.227 [FXGL Background Thread 1 ] DEBUG InitAppTask          - Initializing Game
19:44:17.265 [FXGL Background Thread 1 ] DEBUG AssetLoader          - Loading from disk: /assets/text/levels/0.txt
19:44:17.283 [FXGL Background Thread 1 ] DEBUG AssetLoader          - Loading from disk: /assets/textures/Wall/editwall2.png
19:44:17.333 [FXGL Background Thread 1 ] DEBUG AssetLoader          - Loading from cache: /assets/textures/Wall/editwall2.png
19:44:17.350 [FXGL Background Thread 1 ] DEBUG AssetLoader          - Loading from cache: /assets/textures/Wall/editwall2.png
19:44:17.351 [FXGL Background Thread 1 ] DEBUG AssetLoader          - Loading from cache: /assets/textures/Wall/editwall2.png
19:44:17.354 [FXGL Background Thread 1 ] DEBUG AssetLoader          - Loading from cache: /assets/textures/Wall/editwall2.png
19:44:17.355 [FXGL Background Thread 1 ] DEBUG AssetLoader          - Loading from cache: /assets/textures/Wall/editwall2.png
19:44:17.356 [FXGL Background Thread 1 ] DEBUG AssetLoader          - Loading from cache: /assets/textures/Wall/editwall2.png
19:44:17.358 [FXGL Background Thread 1 ] DEBUG AssetLoader          - Loading from cache: /assets/textures/Wall/editwall2.png
19:44:17.360 [FXGL Background Thread 1 ] DEBUG AssetLoader          - Loading from cache: /assets/textures/Wall/editwall2.png
19:44:17.361 [FXGL Background Thread 1 ] DEBUG AssetLoader          - Loading from cache: /assets/textures/Wall/editwall2.png
19:44:17.362 [FXGL Background Thread 1 ] DEBUG AssetLoader          - Loading from cache: /assets/textures/Wall/editwall2.png
19:44:17.364 [FXGL Background Thread 1 ] DEBUG AssetLoader          - Loading from cache: /assets/textures/Wall/editwall2.png
19:44:17.365 [FXGL Background Thread 1 ] DEBUG AssetLoader          - Loading from cache: /assets/textures/Wall/editwall2.png
19:44:17.366 [FXGL Background Thread 1 ] DEBUG AssetLoader          - Loading from cache: /assets/textures/Wall/editwall2.png
19:44:17.369 [FXGL Background Thread 1 ] DEBUG AssetLoader          - Loading from cache: /assets/textures/Wall/editwall2.png
19:44:17.371 [FXGL Background Thread 1 ] DEBUG AssetLoader          - Loading from cache: /assets/textures/Wall/editwall2.png
19:44:17.372 [FXGL Background Thread 1 ] DEBUG AssetLoader          - Loading from cache: /assets/textures/Wall/editwall2.png
19:44:17.373 [FXGL Background Thread 1 ] DEBUG AssetLoader          - Loading from cache: /assets/textures/Wall/editwall2.png
19:44:17.374 [FXGL Background Thread 1 ] DEBUG AssetLoader          - Loading from disk: /assets/textures/Grass/grasspecies2.png
19:44:17.380 [FXGL Background Thread 1 ] DEBUG AssetLoader          - Loading from cache: /assets/textures/Grass/grasspecies2.png
19:44:17.381 [FXGL Background Thread 1 ] DEBUG AssetLoader          - Loading from cache: /assets/textures/Grass/grasspecies2.png
19:44:17.382 [FXGL Background Thread 1 ] DEBUG AssetLoader          - Loading from cache: /assets/textures/Grass/grasspecies2.png
19:44:17.383 [FXGL Background Thread 1 ] DEBUG AssetLoader          - Loading from cache: /assets/textures/Grass/grasspecies2.png
19:44:17.385 [FXGL Background Thread 1 ] DEBUG AssetLoader          - Loading from cache: /assets/textures/Grass/grasspecies2.png
19:44:17.386 [FXGL Background Thread 1 ] DEBUG AssetLoader          - Loading from cache: /assets/textures/Grass/grasspecies2.png
19:44:17.387 [FXGL Background Thread 1 ] DEBUG AssetLoader          - Loading from cache: /assets/textures/Grass/grasspecies2.png
19:44:17.388 [FXGL Background Thread 1 ] DEBUG AssetLoader          - Loading from cache: /assets/textures/Grass/grasspecies2.png
19:44:17.389 [FXGL Background Thread 1 ] DEBUG AssetLoader          - Loading from cache: /assets/textures/Grass/grasspecies2.png
19:44:17.390 [FXGL Background Thread 1 ] DEBUG AssetLoader          - Loading from cache: /assets/textures/Grass/grasspecies2.png
19:44:17.391 [FXGL Background Thread 1 ] DEBUG AssetLoader          - Loading from cache: /assets/textures/Grass/grasspecies2.png
19:44:17.392 [FXGL Background Thread 1 ] DEBUG AssetLoader          - Loading from cache: /assets/textures/Grass/grasspecies2.png
19:44:17.393 [FXGL Background Thread 1 ] DEBUG AssetLoader          - Loading from cache: /assets/textures/Grass/grasspecies2.png
19:44:17.394 [FXGL Background Thread 1 ] DEBUG AssetLoader          - Loading from cache: /assets/textures/Grass/grasspecies2.png
19:44:17.395 [FXGL Background Thread 1 ] DEBUG AssetLoader          - Loading from cache: /assets/textures/Wall/editwall2.png
19:44:17.396 [FXGL Background Thread 1 ] DEBUG AssetLoader          - Loading from cache: /assets/textures/Wall/editwall2.png
19:44:17.397 [FXGL Background Thread 1 ] DEBUG AssetLoader          - Loading from cache: /assets/textures/Grass/grasspecies2.png
19:44:17.398 [FXGL Background Thread 1 ] DEBUG AssetLoader          - Loading from cache: /assets/textures/Wall/editwall2.png
19:44:17.399 [FXGL Background Thread 1 ] DEBUG AssetLoader          - Loading from cache: /assets/textures/Grass/grasspecies2.png
19:44:17.400 [FXGL Background Thread 1 ] DEBUG AssetLoader          - Loading from cache: /assets/textures/Wall/editwall2.png
19:44:17.402 [FXGL Background Thread 1 ] DEBUG AssetLoader          - Loading from cache: /assets/textures/Grass/grasspecies2.png
19:44:17.403 [FXGL Background Thread 1 ] DEBUG AssetLoader          - Loading from cache: /assets/textures/Wall/editwall2.png
19:44:17.403 [FXGL Background Thread 1 ] DEBUG AssetLoader          - Loading from cache: /assets/textures/Grass/grasspecies2.png
19:44:17.404 [FXGL Background Thread 1 ] DEBUG AssetLoader          - Loading from cache: /assets/textures/Wall/editwall2.png
19:44:17.405 [FXGL Background Thread 1 ] DEBUG AssetLoader          - Loading from cache: /assets/textures/Grass/grasspecies2.png
19:44:17.406 [FXGL Background Thread 1 ] DEBUG AssetLoader          - Loading from cache: /assets/textures/Wall/editwall2.png
19:44:17.407 [FXGL Background Thread 1 ] DEBUG AssetLoader          - Loading from cache: /assets/textures/Grass/grasspecies2.png
19:44:17.408 [FXGL Background Thread 1 ] DEBUG AssetLoader          - Loading from cache: /assets/textures/Wall/editwall2.png
19:44:17.409 [FXGL Background Thread 1 ] DEBUG AssetLoader          - Loading from cache: /assets/textures/Grass/grasspecies2.png
19:44:17.410 [FXGL Background Thread 1 ] DEBUG AssetLoader          - Loading from cache: /assets/textures/Wall/editwall2.png
19:44:17.411 [FXGL Background Thread 1 ] DEBUG AssetLoader          - Loading from cache: /assets/textures/Grass/grasspecies2.png
19:44:17.412 [FXGL Background Thread 1 ] DEBUG AssetLoader          - Loading from cache: /assets/textures/Wall/editwall2.png
19:44:17.413 [FXGL Background Thread 1 ] DEBUG AssetLoader          - Loading from cache: /assets/textures/Wall/editwall2.png
19:44:17.414 [FXGL Background Thread 1 ] DEBUG AssetLoader          - Loading from cache: /assets/textures/Grass/grasspecies2.png
19:44:17.414 [FXGL Background Thread 1 ] DEBUG AssetLoader          - Loading from cache: /assets/textures/Grass/grasspecies2.png
19:44:17.415 [FXGL Background Thread 1 ] DEBUG AssetLoader          - Loading from cache: /assets/textures/Grass/grasspecies2.png
19:44:17.416 [FXGL Background Thread 1 ] DEBUG AssetLoader          - Loading from cache: /assets/textures/Grass/grasspecies2.png
19:44:17.417 [FXGL Background Thread 1 ] DEBUG AssetLoader          - Loading from cache: /assets/textures/Grass/grasspecies2.png
19:44:17.418 [FXGL Background Thread 1 ] DEBUG AssetLoader          - Loading from cache: /assets/textures/Grass/grasspecies2.png
19:44:17.419 [FXGL Background Thread 1 ] DEBUG AssetLoader          - Loading from cache: /assets/textures/Grass/grasspecies2.png
19:44:17.420 [FXGL Background Thread 1 ] DEBUG AssetLoader          - Loading from cache: /assets/textures/Grass/grasspecies2.png
19:44:17.421 [FXGL Background Thread 1 ] DEBUG AssetLoader          - Loading from cache: /assets/textures/Grass/grasspecies2.png
19:44:17.422 [FXGL Background Thread 1 ] DEBUG AssetLoader          - Loading from cache: /assets/textures/Grass/grasspecies2.png
19:44:17.423 [FXGL Background Thread 1 ] DEBUG AssetLoader          - Loading from cache: /assets/textures/Grass/grasspecies2.png
19:44:17.424 [FXGL Background Thread 1 ] DEBUG AssetLoader          - Loading from cache: /assets/textures/Grass/grasspecies2.png
19:44:17.425 [FXGL Background Thread 1 ] DEBUG AssetLoader          - Loading from cache: /assets/textures/Grass/grasspecies2.png
19:44:17.426 [FXGL Background Thread 1 ] DEBUG AssetLoader          - Loading from cache: /assets/textures/Grass/grasspecies2.png
19:44:17.427 [FXGL Background Thread 1 ] DEBUG AssetLoader          - Loading from cache: /assets/textures/Grass/grasspecies2.png
19:44:17.428 [FXGL Background Thread 1 ] DEBUG AssetLoader          - Loading from cache: /assets/textures/Wall/editwall2.png
19:44:17.429 [FXGL Background Thread 1 ] DEBUG AssetLoader          - Loading from cache: /assets/textures/Wall/editwall2.png
19:44:17.429 [FXGL Background Thread 1 ] DEBUG AssetLoader          - Loading from cache: /assets/textures/Grass/grasspecies2.png
19:44:17.430 [FXGL Background Thread 1 ] DEBUG AssetLoader          - Loading from cache: /assets/textures/Wall/editwall2.png
19:44:17.431 [FXGL Background Thread 1 ] DEBUG AssetLoader          - Loading from cache: /assets/textures/Grass/grasspecies2.png
19:44:17.432 [FXGL Background Thread 1 ] DEBUG AssetLoader          - Loading from cache: /assets/textures/Wall/editwall2.png
19:44:17.433 [FXGL Background Thread 1 ] DEBUG AssetLoader          - Loading from cache: /assets/textures/Grass/grasspecies2.png
19:44:17.434 [FXGL Background Thread 1 ] DEBUG AssetLoader          - Loading from cache: /assets/textures/Wall/editwall2.png
19:44:17.435 [FXGL Background Thread 1 ] DEBUG AssetLoader          - Loading from cache: /assets/textures/Grass/grasspecies2.png
19:44:17.436 [FXGL Background Thread 1 ] DEBUG AssetLoader          - Loading from cache: /assets/textures/Wall/editwall2.png
19:44:17.437 [FXGL Background Thread 1 ] DEBUG AssetLoader          - Loading from cache: /assets/textures/Grass/grasspecies2.png
19:44:17.437 [FXGL Background Thread 1 ] DEBUG AssetLoader          - Loading from cache: /assets/textures/Wall/editwall2.png
19:44:17.438 [FXGL Background Thread 1 ] DEBUG AssetLoader          - Loading from cache: /assets/textures/Grass/grasspecies2.png
19:44:17.439 [FXGL Background Thread 1 ] DEBUG AssetLoader          - Loading from cache: /assets/textures/Wall/editwall2.png
19:44:17.440 [FXGL Background Thread 1 ] DEBUG AssetLoader          - Loading from cache: /assets/textures/Grass/grasspecies2.png
19:44:17.441 [FXGL Background Thread 1 ] DEBUG AssetLoader          - Loading from cache: /assets/textures/Wall/editwall2.png
19:44:17.442 [FXGL Background Thread 1 ] DEBUG AssetLoader          - Loading from cache: /assets/textures/Grass/grasspecies2.png
19:44:17.443 [FXGL Background Thread 1 ] DEBUG AssetLoader          - Loading from cache: /assets/textures/Wall/editwall2.png
19:44:17.443 [FXGL Background Thread 1 ] DEBUG AssetLoader          - Loading from cache: /assets/textures/Wall/editwall2.png
19:44:17.444 [FXGL Background Thread 1 ] DEBUG AssetLoader          - Loading from cache: /assets/textures/Grass/grasspecies2.png
19:44:17.445 [FXGL Background Thread 1 ] DEBUG AssetLoader          - Loading from cache: /assets/textures/Grass/grasspecies2.png
19:44:17.446 [FXGL Background Thread 1 ] DEBUG AssetLoader          - Loading from cache: /assets/textures/Grass/grasspecies2.png
19:44:17.447 [FXGL Background Thread 1 ] DEBUG AssetLoader          - Loading from cache: /assets/textures/Grass/grasspecies2.png
19:44:17.447 [FXGL Background Thread 1 ] DEBUG AssetLoader          - Loading from cache: /assets/textures/Grass/grasspecies2.png
19:44:17.454 [FXGL Background Thread 1 ] DEBUG AssetLoader          - Loading from cache: /assets/textures/Grass/grasspecies2.png
19:44:17.454 [FXGL Background Thread 1 ] DEBUG AssetLoader          - Loading from cache: /assets/textures/Grass/grasspecies2.png
19:44:17.455 [FXGL Background Thread 1 ] DEBUG AssetLoader          - Loading from cache: /assets/textures/Grass/grasspecies2.png
19:44:17.455 [FXGL Background Thread 1 ] DEBUG AssetLoader          - Loading from cache: /assets/textures/Grass/grasspecies2.png
19:44:17.456 [FXGL Background Thread 1 ] DEBUG AssetLoader          - Loading from cache: /assets/textures/Grass/grasspecies2.png
19:44:17.458 [FXGL Background Thread 1 ] DEBUG AssetLoader          - Loading from cache: /assets/textures/Grass/grasspecies2.png
19:44:17.458 [FXGL Background Thread 1 ] DEBUG AssetLoader          - Loading from cache: /assets/textures/Grass/grasspecies2.png
19:44:17.459 [FXGL Background Thread 1 ] DEBUG AssetLoader          - Loading from cache: /assets/textures/Grass/grasspecies2.png
19:44:17.460 [FXGL Background Thread 1 ] DEBUG AssetLoader          - Loading from cache: /assets/textures/Grass/grasspecies2.png
19:44:17.460 [FXGL Background Thread 1 ] DEBUG AssetLoader          - Loading from cache: /assets/textures/Grass/grasspecies2.png
19:44:17.461 [FXGL Background Thread 1 ] DEBUG AssetLoader          - Loading from cache: /assets/textures/Wall/editwall2.png
19:44:17.462 [FXGL Background Thread 1 ] DEBUG AssetLoader          - Loading from cache: /assets/textures/Wall/editwall2.png
19:44:17.463 [FXGL Background Thread 1 ] DEBUG AssetLoader          - Loading from cache: /assets/textures/Grass/grasspecies2.png
19:44:17.463 [FXGL Background Thread 1 ] DEBUG AssetLoader          - Loading from cache: /assets/textures/Wall/editwall2.png
19:44:17.464 [FXGL Background Thread 1 ] DEBUG AssetLoader          - Loading from cache: /assets/textures/Grass/grasspecies2.png
19:44:17.465 [FXGL Background Thread 1 ] DEBUG AssetLoader          - Loading from cache: /assets/textures/Wall/editwall2.png
19:44:17.465 [FXGL Background Thread 1 ] DEBUG AssetLoader          - Loading from cache: /assets/textures/Grass/grasspecies2.png
19:44:17.466 [FXGL Background Thread 1 ] DEBUG AssetLoader          - Loading from cache: /assets/textures/Wall/editwall2.png
19:44:17.467 [FXGL Background Thread 1 ] DEBUG AssetLoader          - Loading from cache: /assets/textures/Grass/grasspecies2.png
19:44:17.468 [FXGL Background Thread 1 ] DEBUG AssetLoader          - Loading from cache: /assets/textures/Wall/editwall2.png
19:44:17.469 [FXGL Background Thread 1 ] DEBUG AssetLoader          - Loading from cache: /assets/textures/Grass/grasspecies2.png
19:44:17.469 [FXGL Background Thread 1 ] DEBUG AssetLoader          - Loading from cache: /assets/textures/Wall/editwall2.png
19:44:17.470 [FXGL Background Thread 1 ] DEBUG AssetLoader          - Loading from cache: /assets/textures/Grass/grasspecies2.png
19:44:17.471 [FXGL Background Thread 1 ] DEBUG AssetLoader          - Loading from cache: /assets/textures/Wall/editwall2.png
19:44:17.472 [FXGL Background Thread 1 ] DEBUG AssetLoader          - Loading from cache: /assets/textures/Grass/grasspecies2.png
19:44:17.473 [FXGL Background Thread 1 ] DEBUG AssetLoader          - Loading from cache: /assets/textures/Wall/editwall2.png
19:44:17.473 [FXGL Background Thread 1 ] DEBUG AssetLoader          - Loading from cache: /assets/textures/Grass/grasspecies2.png
19:44:17.474 [FXGL Background Thread 1 ] DEBUG AssetLoader          - Loading from cache: /assets/textures/Wall/editwall2.png
19:44:17.475 [FXGL Background Thread 1 ] DEBUG AssetLoader          - Loading from cache: /assets/textures/Wall/editwall2.png
19:44:17.476 [FXGL Background Thread 1 ] DEBUG AssetLoader          - Loading from cache: /assets/textures/Grass/grasspecies2.png
19:44:17.476 [FXGL Background Thread 1 ] DEBUG AssetLoader          - Loading from cache: /assets/textures/Grass/grasspecies2.png
19:44:17.479 [FXGL Background Thread 1 ] DEBUG AssetLoader          - Loading from cache: /assets/textures/Grass/grasspecies2.png
19:44:17.479 [FXGL Background Thread 1 ] DEBUG AssetLoader          - Loading from cache: /assets/textures/Grass/grasspecies2.png
19:44:17.480 [FXGL Background Thread 1 ] DEBUG AssetLoader          - Loading from cache: /assets/textures/Grass/grasspecies2.png
19:44:17.481 [FXGL Background Thread 1 ] DEBUG AssetLoader          - Loading from cache: /assets/textures/Grass/grasspecies2.png
19:44:17.481 [FXGL Background Thread 1 ] DEBUG AssetLoader          - Loading from cache: /assets/textures/Grass/grasspecies2.png
19:44:17.482 [FXGL Background Thread 1 ] DEBUG AssetLoader          - Loading from cache: /assets/textures/Grass/grasspecies2.png
19:44:17.484 [FXGL Background Thread 1 ] DEBUG AssetLoader          - Loading from cache: /assets/textures/Grass/grasspecies2.png
19:44:17.485 [FXGL Background Thread 1 ] DEBUG AssetLoader          - Loading from cache: /assets/textures/Grass/grasspecies2.png
19:44:17.485 [FXGL Background Thread 1 ] DEBUG AssetLoader          - Loading from cache: /assets/textures/Grass/grasspecies2.png
19:44:17.486 [FXGL Background Thread 1 ] DEBUG AssetLoader          - Loading from cache: /assets/textures/Grass/grasspecies2.png
19:44:17.487 [FXGL Background Thread 1 ] DEBUG AssetLoader          - Loading from cache: /assets/textures/Grass/grasspecies2.png
19:44:17.488 [FXGL Background Thread 1 ] DEBUG AssetLoader          - Loading from cache: /assets/textures/Grass/grasspecies2.png
19:44:17.489 [FXGL Background Thread 1 ] DEBUG AssetLoader          - Loading from cache: /assets/textures/Grass/grasspecies2.png
19:44:17.490 [FXGL Background Thread 1 ] DEBUG AssetLoader          - Loading from cache: /assets/textures/Wall/editwall2.png
19:44:17.491 [FXGL Background Thread 1 ] DEBUG AssetLoader          - Loading from cache: /assets/textures/Wall/editwall2.png
19:44:17.492 [FXGL Background Thread 1 ] DEBUG AssetLoader          - Loading from cache: /assets/textures/Grass/grasspecies2.png
19:44:17.493 [FXGL Background Thread 1 ] DEBUG AssetLoader          - Loading from cache: /assets/textures/Wall/editwall2.png
19:44:17.493 [FXGL Background Thread 1 ] DEBUG AssetLoader          - Loading from cache: /assets/textures/Grass/grasspecies2.png
19:44:17.494 [FXGL Background Thread 1 ] DEBUG AssetLoader          - Loading from cache: /assets/textures/Wall/editwall2.png
19:44:17.495 [FXGL Background Thread 1 ] DEBUG AssetLoader          - Loading from cache: /assets/textures/Grass/grasspecies2.png
19:44:17.495 [FXGL Background Thread 1 ] DEBUG AssetLoader          - Loading from cache: /assets/textures/Wall/editwall2.png
19:44:17.496 [FXGL Background Thread 1 ] DEBUG AssetLoader          - Loading from cache: /assets/textures/Grass/grasspecies2.png
19:44:17.497 [FXGL Background Thread 1 ] DEBUG AssetLoader          - Loading from cache: /assets/textures/Wall/editwall2.png
19:44:17.498 [FXGL Background Thread 1 ] DEBUG AssetLoader          - Loading from cache: /assets/textures/Grass/grasspecies2.png
19:44:17.498 [FXGL Background Thread 1 ] DEBUG AssetLoader          - Loading from cache: /assets/textures/Wall/editwall2.png
19:44:17.499 [FXGL Background Thread 1 ] DEBUG AssetLoader          - Loading from cache: /assets/textures/Grass/grasspecies2.png
19:44:17.500 [FXGL Background Thread 1 ] DEBUG AssetLoader          - Loading from cache: /assets/textures/Wall/editwall2.png
19:44:17.501 [FXGL Background Thread 1 ] DEBUG AssetLoader          - Loading from cache: /assets/textures/Grass/grasspecies2.png
19:44:17.502 [FXGL Background Thread 1 ] DEBUG AssetLoader          - Loading from cache: /assets/textures/Wall/editwall2.png
19:44:17.503 [FXGL Background Thread 1 ] DEBUG AssetLoader          - Loading from cache: /assets/textures/Grass/grasspecies2.png
19:44:17.504 [FXGL Background Thread 1 ] DEBUG AssetLoader          - Loading from cache: /assets/textures/Wall/editwall2.png
19:44:17.505 [FXGL Background Thread 1 ] DEBUG AssetLoader          - Loading from cache: /assets/textures/Wall/editwall2.png
19:44:17.506 [FXGL Background Thread 1 ] DEBUG AssetLoader          - Loading from cache: /assets/textures/Grass/grasspecies2.png
19:44:17.507 [FXGL Background Thread 1 ] DEBUG AssetLoader          - Loading from cache: /assets/textures/Grass/grasspecies2.png
19:44:17.507 [FXGL Background Thread 1 ] DEBUG AssetLoader          - Loading from cache: /assets/textures/Grass/grasspecies2.png
19:44:17.508 [FXGL Background Thread 1 ] DEBUG AssetLoader          - Loading from cache: /assets/textures/Grass/grasspecies2.png
19:44:17.509 [FXGL Background Thread 1 ] DEBUG AssetLoader          - Loading from cache: /assets/textures/Grass/grasspecies2.png
19:44:17.510 [FXGL Background Thread 1 ] DEBUG AssetLoader          - Loading from cache: /assets/textures/Grass/grasspecies2.png
19:44:17.511 [FXGL Background Thread 1 ] DEBUG AssetLoader          - Loading from cache: /assets/textures/Grass/grasspecies2.png
19:44:17.511 [FXGL Background Thread 1 ] DEBUG AssetLoader          - Loading from cache: /assets/textures/Grass/grasspecies2.png
19:44:17.512 [FXGL Background Thread 1 ] DEBUG AssetLoader          - Loading from cache: /assets/textures/Grass/grasspecies2.png
19:44:17.513 [FXGL Background Thread 1 ] DEBUG AssetLoader          - Loading from cache: /assets/textures/Grass/grasspecies2.png
19:44:17.513 [FXGL Background Thread 1 ] DEBUG AssetLoader          - Loading from cache: /assets/textures/Grass/grasspecies2.png
19:44:17.513 [FXGL Background Thread 1 ] DEBUG AssetLoader          - Loading from cache: /assets/textures/Grass/grasspecies2.png
19:44:17.514 [FXGL Background Thread 1 ] DEBUG AssetLoader          - Loading from cache: /assets/textures/Grass/grasspecies2.png
19:44:17.515 [FXGL Background Thread 1 ] DEBUG AssetLoader          - Loading from cache: /assets/textures/Grass/grasspecies2.png
19:44:17.515 [FXGL Background Thread 1 ] DEBUG AssetLoader          - Loading from cache: /assets/textures/Grass/grasspecies2.png
19:44:17.516 [FXGL Background Thread 1 ] DEBUG AssetLoader          - Loading from cache: /assets/textures/Wall/editwall2.png
19:44:17.517 [FXGL Background Thread 1 ] DEBUG AssetLoader          - Loading from cache: /assets/textures/Wall/editwall2.png
19:44:17.519 [FXGL Background Thread 1 ] DEBUG AssetLoader          - Loading from cache: /assets/textures/Grass/grasspecies2.png
19:44:17.520 [FXGL Background Thread 1 ] DEBUG AssetLoader          - Loading from cache: /assets/textures/Wall/editwall2.png
19:44:17.520 [FXGL Background Thread 1 ] DEBUG AssetLoader          - Loading from cache: /assets/textures/Grass/grasspecies2.png
19:44:17.521 [FXGL Background Thread 1 ] DEBUG AssetLoader          - Loading from cache: /assets/textures/Wall/editwall2.png
19:44:17.522 [FXGL Background Thread 1 ] DEBUG AssetLoader          - Loading from cache: /assets/textures/Grass/grasspecies2.png
19:44:17.522 [FXGL Background Thread 1 ] DEBUG AssetLoader          - Loading from cache: /assets/textures/Wall/editwall2.png
19:44:17.523 [FXGL Background Thread 1 ] DEBUG AssetLoader          - Loading from cache: /assets/textures/Grass/grasspecies2.png
19:44:17.523 [FXGL Background Thread 1 ] DEBUG AssetLoader          - Loading from cache: /assets/textures/Wall/editwall2.png
19:44:17.524 [FXGL Background Thread 1 ] DEBUG AssetLoader          - Loading from cache: /assets/textures/Grass/grasspecies2.png
19:44:17.524 [FXGL Background Thread 1 ] DEBUG AssetLoader          - Loading from cache: /assets/textures/Wall/editwall2.png
19:44:17.525 [FXGL Background Thread 1 ] DEBUG AssetLoader          - Loading from cache: /assets/textures/Grass/grasspecies2.png
19:44:17.526 [FXGL Background Thread 1 ] DEBUG AssetLoader          - Loading from cache: /assets/textures/Wall/editwall2.png
19:44:17.526 [FXGL Background Thread 1 ] DEBUG AssetLoader          - Loading from cache: /assets/textures/Grass/grasspecies2.png
19:44:17.527 [FXGL Background Thread 1 ] DEBUG AssetLoader          - Loading from cache: /assets/textures/Wall/editwall2.png
19:44:17.528 [FXGL Background Thread 1 ] DEBUG AssetLoader          - Loading from cache: /assets/textures/Grass/grasspecies2.png
19:44:17.528 [FXGL Background Thread 1 ] DEBUG AssetLoader          - Loading from cache: /assets/textures/Wall/editwall2.png
19:44:17.529 [FXGL Background Thread 1 ] DEBUG AssetLoader          - Loading from cache: /assets/textures/Wall/editwall2.png
19:44:17.529 [FXGL Background Thread 1 ] DEBUG AssetLoader          - Loading from cache: /assets/textures/Grass/grasspecies2.png
19:44:17.530 [FXGL Background Thread 1 ] DEBUG AssetLoader          - Loading from cache: /assets/textures/Grass/grasspecies2.png
19:44:17.530 [FXGL Background Thread 1 ] DEBUG AssetLoader          - Loading from cache: /assets/textures/Grass/grasspecies2.png
19:44:17.531 [FXGL Background Thread 1 ] DEBUG AssetLoader          - Loading from cache: /assets/textures/Grass/grasspecies2.png
19:44:17.532 [FXGL Background Thread 1 ] DEBUG AssetLoader          - Loading from cache: /assets/textures/Grass/grasspecies2.png
19:44:17.532 [FXGL Background Thread 1 ] DEBUG AssetLoader          - Loading from cache: /assets/textures/Grass/grasspecies2.png
19:44:17.533 [FXGL Background Thread 1 ] DEBUG AssetLoader          - Loading from cache: /assets/textures/Grass/grasspecies2.png
19:44:17.533 [FXGL Background Thread 1 ] DEBUG AssetLoader          - Loading from cache: /assets/textures/Grass/grasspecies2.png
19:44:17.534 [FXGL Background Thread 1 ] DEBUG AssetLoader          - Loading from cache: /assets/textures/Grass/grasspecies2.png
19:44:17.535 [FXGL Background Thread 1 ] DEBUG AssetLoader          - Loading from cache: /assets/textures/Grass/grasspecies2.png
19:44:17.535 [FXGL Background Thread 1 ] DEBUG AssetLoader          - Loading from cache: /assets/textures/Grass/grasspecies2.png
19:44:17.536 [FXGL Background Thread 1 ] DEBUG AssetLoader          - Loading from cache: /assets/textures/Grass/grasspecies2.png
19:44:17.537 [FXGL Background Thread 1 ] DEBUG AssetLoader          - Loading from cache: /assets/textures/Grass/grasspecies2.png
19:44:17.538 [FXGL Background Thread 1 ] DEBUG AssetLoader          - Loading from cache: /assets/textures/Grass/grasspecies2.png
19:44:17.539 [FXGL Background Thread 1 ] DEBUG AssetLoader          - Loading from cache: /assets/textures/Grass/grasspecies2.png
19:44:17.540 [FXGL Background Thread 1 ] DEBUG AssetLoader          - Loading from cache: /assets/textures/Wall/editwall2.png
19:44:17.541 [FXGL Background Thread 1 ] DEBUG AssetLoader          - Loading from cache: /assets/textures/Wall/editwall2.png
19:44:17.541 [FXGL Background Thread 1 ] DEBUG AssetLoader          - Loading from cache: /assets/textures/Wall/editwall2.png
19:44:17.542 [FXGL Background Thread 1 ] DEBUG AssetLoader          - Loading from cache: /assets/textures/Wall/editwall2.png
19:44:17.542 [FXGL Background Thread 1 ] DEBUG AssetLoader          - Loading from cache: /assets/textures/Wall/editwall2.png
19:44:17.543 [FXGL Background Thread 1 ] DEBUG AssetLoader          - Loading from cache: /assets/textures/Wall/editwall2.png
19:44:17.543 [FXGL Background Thread 1 ] DEBUG AssetLoader          - Loading from cache: /assets/textures/Wall/editwall2.png
19:44:17.545 [FXGL Background Thread 1 ] DEBUG AssetLoader          - Loading from cache: /assets/textures/Wall/editwall2.png
19:44:17.546 [FXGL Background Thread 1 ] DEBUG AssetLoader          - Loading from cache: /assets/textures/Wall/editwall2.png
19:44:17.546 [FXGL Background Thread 1 ] DEBUG AssetLoader          - Loading from cache: /assets/textures/Wall/editwall2.png
19:44:17.548 [FXGL Background Thread 1 ] DEBUG AssetLoader          - Loading from cache: /assets/textures/Wall/editwall2.png
19:44:17.549 [FXGL Background Thread 1 ] DEBUG AssetLoader          - Loading from cache: /assets/textures/Wall/editwall2.png
19:44:17.549 [FXGL Background Thread 1 ] DEBUG AssetLoader          - Loading from cache: /assets/textures/Wall/editwall2.png
19:44:17.550 [FXGL Background Thread 1 ] DEBUG AssetLoader          - Loading from cache: /assets/textures/Wall/editwall2.png
19:44:17.550 [FXGL Background Thread 1 ] DEBUG AssetLoader          - Loading from cache: /assets/textures/Wall/editwall2.png
19:44:17.551 [FXGL Background Thread 1 ] DEBUG AssetLoader          - Loading from cache: /assets/textures/Wall/editwall2.png
19:44:17.553 [FXGL Background Thread 1 ] DEBUG AssetLoader          - Loading from cache: /assets/textures/Wall/editwall2.png
19:44:17.554 [FXGL Background Thread 1 ] DEBUG AssetLoader          - Loading from cache: /assets/textures/Wall/editwall2.png
19:44:17.556 [FXGL Background Thread 1 ] DEBUG GameWorld            - Clearing removable entities
19:44:17.556 [FXGL Background Thread 1 ] DEBUG GameWorld            - Setting level: com.almasb.fxgl.entity.Level@538dfd5c
19:44:17.562 [FXGL Background Thread 1 ] DEBUG GameScene            - Creating render group for layer: DEFAULT(100000)
19:44:17.572 [FXGL Background Thread 1 ] DEBUG GameScene            - Creating render group for layer: BACKGROUND(1000)
19:44:17.582 [FXGL Background Thread 1 ] DEBUG AssetLoader          - Loading from disk: /assets/textures/Bomberman/down.png
19:44:17.585 [FXGL Background Thread 1 ] DEBUG AssetLoader          - Loading from cache: /assets/textures/Bomberman/down.png
19:44:17.585 [FXGL Background Thread 1 ] DEBUG AssetLoader          - Loading from disk: /assets/textures/Bomberman/up.png
19:44:17.586 [FXGL Background Thread 1 ] DEBUG AssetLoader          - Loading from disk: /assets/textures/Bomberman/left.png
19:44:17.588 [FXGL Background Thread 1 ] DEBUG AssetLoader          - Loading from disk: /assets/textures/Bomberman/right.png
19:44:17.605 [FXGL Background Thread 1 ] DEBUG InitAppTask          - Initializing Physics
19:44:17.606 [FXGL Background Thread 1 ] DEBUG InitAppTask          - Initializing UI
19:44:17.606 [FXGL Background Thread 1 ] DEBUG InitAppTask          - Initialization Complete
19:44:17.606 [FXGL Background Thread 1 ] INFO  InitAppTask          - Game initialization took: 0.381 sec
19:44:17.608 [JavaFX Application Thread] DEBUG Input                - Clearing active input actions
19:44:17.667 [JavaFX Application Thread] DEBUG AppStateMachine      - LoadingState -> PlayState
19:44:32.561 [JavaFX Application Thread] DEBUG GameApplication      - Exiting game application
19:44:32.562 [JavaFX Application Thread] DEBUG GameApplication      - Shutting down background threads
19:44:32.563 [JavaFX Application Thread] DEBUG GameApplication      - Exiting FXGL
19:44:32.563 [JavaFX Application Thread] DEBUG FXGL                 - Saving FXGL system data
19:44:32.569 [JavaFX Application Thread] DEBUG DesktopFSService     - Writing to: system\fxgl.bundle
19:44:32.579 [JavaFX Application Thread] DEBUG GameApplication      - Closing logger and exiting JavaFX
