00:43:46.697 [JavaFX Application Thread] DEBUG GameApplication      - Logger initialized
00:43:46.705 [JavaFX Application Thread] DEBUG MainWindow           - Creating a JavaFX scene
00:43:46.910 [JavaFX Application Thread] DEBUG MainWindow           - Target settings size: 900.0 x 660.0
00:43:46.910 [JavaFX Application Thread] DEBUG MainWindow           - Scaled scene size:    900.0 x 660.0
00:43:46.911 [JavaFX Application Thread] DEBUG MainWindow           - Scaled ratio: (1.0, 1.0)
00:43:46.921 [JavaFX Application Thread] DEBUG GameApplication      - Starting FXGL
00:43:46.926 [JavaFX Application Thread] INFO  FXGL                 - FXGL-0.5.3 on DESKTOP
00:43:46.927 [JavaFX Application Thread] INFO  FXGL                 - Source code and latest versions at: https://github.com/AlmasB/FXGL
00:43:46.927 [JavaFX Application Thread] INFO  FXGL                 -              Join the FXGL chat at: https://gitter.im/AlmasB/FXGL
00:43:46.940 [JavaFX Application Thread] DEBUG FS                   - Loaded DesktopFSService
00:43:46.941 [JavaFX Application Thread] DEBUG FXGL                 - Loading FXGL system data
00:43:46.976 [JavaFX Application Thread] DEBUG DesktopFSService     - Reading from: system/fxgl.bundle
00:43:46.999 [JavaFX Application Thread] DEBUG Bundle               - Logging bundle: FXGL
00:43:47.000 [JavaFX Application Thread] DEBUG Bundle               - FXGL.offline.timer.version.check=2018-11-14T10:10:33.273
00:43:47.058 [JavaFX Application Thread] DEBUG GameApplication      - FXGL started
00:43:47.060 [JavaFX Application Thread] DEBUG GameApplication      - Logging game settings
Title: BombermanApp
Version: 0.1
Width: 900
Height: 660
Fullscreen: false
Intro: false
Menus: false
Profiling: false
Single step:false
App Mode: DEVELOPER
Menu Key: ESCAPE
Stage Style: DECORATED
Scene Factory: class com.almasb.fxgl.scene.SceneFactory
Dialog Factory: class com.almasb.fxgl.ui.FXGLDialogFactory
UI Factory: class com.almasb.fxgl.ui.FXGLUIFactory
Notification Service: class com.almasb.fxgl.gameplay.notification.XboxNotificationView
Exception Handler: class com.almasb.fxgl.app.FXGLExceptionHandler
00:43:47.061 [JavaFX Application Thread] DEBUG GameApplication      - Configuring GameApplication
00:43:47.062 [JavaFX Application Thread] DEBUG GameApplication      - Initializing state machine and application states
00:43:47.107 [JavaFX Application Thread] DEBUG AssetLoader          - Loading from disk: /assets/ui/cursors/fxgl_default.png
00:43:47.163 [JavaFX Application Thread] DEBUG AssetLoader          - Loading from disk: /assets/ui/cursors/fxgl_default.png
00:43:47.255 [JavaFX Application Thread] DEBUG FXGLAssets           - Loading FXGLAssets
00:43:47.310 [JavaFX Application Thread] DEBUG AssetLoader          - Loading from disk: /assets/ui/fonts/VarelaRound-Regular.ttf
00:43:47.345 [JavaFX Application Thread] DEBUG AssetLoader          - Loading from disk: /assets/ui/fonts/lucida_console.ttf
00:43:47.352 [JavaFX Application Thread] DEBUG AssetLoader          - Loading from disk: /assets/ui/fonts/Courier-Prime.ttf
00:43:47.360 [JavaFX Application Thread] DEBUG AssetLoader          - Loading from disk: /assets/ui/fonts/Abel-Regular.ttf
00:43:47.364 [JavaFX Application Thread] DEBUG AssetLoader          - Loading from disk: /assets/ui/css/fxgl_dark.css
00:43:47.439 [JavaFX Application Thread] DEBUG AssetLoader          - Loading from disk: /assets/ui/cursors/fxgl_default.png
00:43:47.567 [JavaFX Application Thread] DEBUG AssetLoader          - Loading from disk: /assets/ui/cursors/fxgl_default.png
00:43:47.634 [JavaFX Application Thread] DEBUG GameScene            - Game scene initialized: 900x660
00:43:47.642 [JavaFX Application Thread] DEBUG GameWorld            - Game world initialized
00:43:47.727 [JavaFX Application Thread] DEBUG PhysicsWorld         - Physics world initialized: appHeight=660, physics.ppm=50.0
00:43:47.759 [JavaFX Application Thread] DEBUG Input                - Registered new binding: Pause - Esc
00:43:47.801 [JavaFX Application Thread] DEBUG Input                - Clearing active input actions
00:43:47.907 [JavaFX Application Thread] DEBUG AppStateMachine      - StartupState -> StartupState
00:43:47.914 [JavaFX Application Thread] INFO  GameApplication      - Game configuration took:  0.852 sec
00:43:47.918 [JavaFX Application Thread] DEBUG AssetLoader          - Loading from disk: /assets/textures/fxgl_icon.png
00:43:47.947 [JavaFX Application Thread] DEBUG MainWindow           - Opening main window
00:43:48.101 [JavaFX Application Thread] DEBUG MainWindow           - Window border size: (0.0, 0.0)
00:43:48.102 [JavaFX Application Thread] DEBUG MainWindow           - Scaled size: 900.0 x 660.0
00:43:48.102 [JavaFX Application Thread] DEBUG MainWindow           - Scaled ratio: (1.0, 1.0)
00:43:48.102 [JavaFX Application Thread] DEBUG MainWindow           - Scene size: 900.0 x 660.0
00:43:48.102 [JavaFX Application Thread] DEBUG MainWindow           - Stage size: 900.0 x 660.0
00:43:48.103 [JavaFX Application Thread] DEBUG GameApplication      - Running preInit()
00:43:48.110 [JavaFX Application Thread] DEBUG Input                - Registered new binding: Screenshot - P
00:43:48.111 [JavaFX Application Thread] DEBUG Input                - Registered new binding: Dev Options - CTRL+0
00:43:48.112 [JavaFX Application Thread] DEBUG Input                - Registered new binding: System info dump - CTRL+9
00:43:48.113 [JavaFX Application Thread] DEBUG Input                - Registered new binding: Restart - CTRL+R
00:43:48.113 [JavaFX Application Thread] DEBUG Input                - Registered new binding: Move Up - W
00:43:48.113 [JavaFX Application Thread] DEBUG Input                - Registered new binding: Move Left - A
00:43:48.114 [JavaFX Application Thread] DEBUG Input                - Registered new binding: Move Down - S
00:43:48.114 [JavaFX Application Thread] DEBUG Input                - Registered new binding: Move Right - D
00:43:48.206 [JavaFX Application Thread] DEBUG GameApplication      - Starting main loop
00:43:48.286 [JavaFX Application Thread] DEBUG StartupState         - STARTUP
00:43:48.286 [JavaFX Application Thread] DEBUG GameApplication      - Starting new game
00:43:48.286 [JavaFX Application Thread] DEBUG Input                - Clearing active input actions
00:43:48.325 [JavaFX Application Thread] DEBUG AppStateMachine      - StartupState -> LoadingState
00:43:48.348 [FXGL Background Thread 1 ] DEBUG InitAppTask          - Clearing previous game
00:43:48.349 [FXGL Background Thread 1 ] DEBUG GameWorld            - Clearing game world
00:43:48.349 [FXGL Background Thread 1 ] DEBUG PhysicsWorld         - Clearing physics world
00:43:48.349 [FXGL Background Thread 1 ] DEBUG GameScene            - Clearing game scene
00:43:48.354 [FXGL Background Thread 1 ] DEBUG InitAppTask          - Initializing Game
00:43:48.446 [FXGL Background Thread 1 ] DEBUG AssetLoader          - Loading from disk: /assets/text/levels/0.txt
00:43:48.466 [FXGL Background Thread 1 ] WARN  TextLevelParser      - No producer found for character: 0
00:43:48.466 [FXGL Background Thread 1 ] WARN  TextLevelParser      - No producer found for character: 0
00:43:48.466 [FXGL Background Thread 1 ] WARN  TextLevelParser      - No producer found for character: 0
00:43:48.467 [FXGL Background Thread 1 ] WARN  TextLevelParser      - No producer found for character: 0
00:43:48.467 [FXGL Background Thread 1 ] WARN  TextLevelParser      - No producer found for character: 0
00:43:48.467 [FXGL Background Thread 1 ] WARN  TextLevelParser      - No producer found for character: 0
00:43:48.467 [FXGL Background Thread 1 ] WARN  TextLevelParser      - No producer found for character: 0
00:43:48.468 [FXGL Background Thread 1 ] WARN  TextLevelParser      - No producer found for character: 0
00:43:48.468 [FXGL Background Thread 1 ] WARN  TextLevelParser      - No producer found for character: 0
00:43:48.468 [FXGL Background Thread 1 ] WARN  TextLevelParser      - No producer found for character: 0
00:43:48.469 [FXGL Background Thread 1 ] WARN  TextLevelParser      - No producer found for character: 0
00:43:48.469 [FXGL Background Thread 1 ] WARN  TextLevelParser      - No producer found for character: 0
00:43:48.469 [FXGL Background Thread 1 ] WARN  TextLevelParser      - No producer found for character: 0
00:43:48.469 [FXGL Background Thread 1 ] WARN  TextLevelParser      - No producer found for character: 0
00:43:48.469 [FXGL Background Thread 1 ] WARN  TextLevelParser      - No producer found for character: 0
00:43:48.470 [FXGL Background Thread 1 ] WARN  TextLevelParser      - No producer found for character: 0
00:43:48.528 [FXGL Background Thread 1 ] WARN  TextLevelParser      - No producer found for character: 0
00:43:48.530 [FXGL Background Thread 1 ] WARN  TextLevelParser      - No producer found for character: 0
00:43:48.533 [FXGL Background Thread 1 ] WARN  TextLevelParser      - No producer found for character: 0
00:43:48.538 [FXGL Background Thread 1 ] WARN  TextLevelParser      - No producer found for character: 0
00:43:48.539 [FXGL Background Thread 1 ] WARN  TextLevelParser      - No producer found for character: 0
00:43:48.541 [FXGL Background Thread 1 ] WARN  TextLevelParser      - No producer found for character: 0
00:43:48.543 [FXGL Background Thread 1 ] WARN  TextLevelParser      - No producer found for character: 0
00:43:48.543 [FXGL Background Thread 1 ] WARN  TextLevelParser      - No producer found for character: 0
00:43:48.543 [FXGL Background Thread 1 ] WARN  TextLevelParser      - No producer found for character: 0
00:43:48.544 [FXGL Background Thread 1 ] WARN  TextLevelParser      - No producer found for character: 0
00:43:48.544 [FXGL Background Thread 1 ] WARN  TextLevelParser      - No producer found for character: 0
00:43:48.544 [FXGL Background Thread 1 ] WARN  TextLevelParser      - No producer found for character: 0
00:43:48.544 [FXGL Background Thread 1 ] WARN  TextLevelParser      - No producer found for character: 0
00:43:48.545 [FXGL Background Thread 1 ] WARN  TextLevelParser      - No producer found for character: 0
00:43:48.545 [FXGL Background Thread 1 ] WARN  TextLevelParser      - No producer found for character: 0
00:43:48.545 [FXGL Background Thread 1 ] WARN  TextLevelParser      - No producer found for character: 0
00:43:48.545 [FXGL Background Thread 1 ] WARN  TextLevelParser      - No producer found for character: 0
00:43:48.545 [FXGL Background Thread 1 ] WARN  TextLevelParser      - No producer found for character: 0
00:43:48.546 [FXGL Background Thread 1 ] WARN  TextLevelParser      - No producer found for character: 0
00:43:48.546 [FXGL Background Thread 1 ] WARN  TextLevelParser      - No producer found for character: 0
00:43:48.546 [FXGL Background Thread 1 ] WARN  TextLevelParser      - No producer found for character: 0
00:43:48.546 [FXGL Background Thread 1 ] WARN  TextLevelParser      - No producer found for character: 0
00:43:48.547 [FXGL Background Thread 1 ] WARN  TextLevelParser      - No producer found for character: 0
00:43:48.548 [FXGL Background Thread 1 ] WARN  TextLevelParser      - No producer found for character: 0
00:43:48.550 [FXGL Background Thread 1 ] WARN  TextLevelParser      - No producer found for character: 0
00:43:48.552 [FXGL Background Thread 1 ] WARN  TextLevelParser      - No producer found for character: 0
00:43:48.554 [FXGL Background Thread 1 ] WARN  TextLevelParser      - No producer found for character: 0
00:43:48.555 [FXGL Background Thread 1 ] WARN  TextLevelParser      - No producer found for character: 0
00:43:48.558 [FXGL Background Thread 1 ] WARN  TextLevelParser      - No producer found for character: 0
00:43:48.560 [FXGL Background Thread 1 ] WARN  TextLevelParser      - No producer found for character: 0
00:43:48.560 [FXGL Background Thread 1 ] WARN  TextLevelParser      - No producer found for character: 0
00:43:48.560 [FXGL Background Thread 1 ] WARN  TextLevelParser      - No producer found for character: 0
00:43:48.561 [FXGL Background Thread 1 ] WARN  TextLevelParser      - No producer found for character: 0
00:43:48.561 [FXGL Background Thread 1 ] WARN  TextLevelParser      - No producer found for character: 0
00:43:48.561 [FXGL Background Thread 1 ] WARN  TextLevelParser      - No producer found for character: 0
00:43:48.561 [FXGL Background Thread 1 ] WARN  TextLevelParser      - No producer found for character: 0
00:43:48.565 [FXGL Background Thread 1 ] WARN  TextLevelParser      - No producer found for character: 0
00:43:48.565 [FXGL Background Thread 1 ] WARN  TextLevelParser      - No producer found for character: 0
00:43:48.565 [FXGL Background Thread 1 ] WARN  TextLevelParser      - No producer found for character: 0
00:43:48.566 [FXGL Background Thread 1 ] WARN  TextLevelParser      - No producer found for character: 0
00:43:48.566 [FXGL Background Thread 1 ] WARN  TextLevelParser      - No producer found for character: 0
00:43:48.566 [FXGL Background Thread 1 ] WARN  TextLevelParser      - No producer found for character: 0
00:43:48.566 [FXGL Background Thread 1 ] WARN  TextLevelParser      - No producer found for character: 0
00:43:48.566 [FXGL Background Thread 1 ] WARN  TextLevelParser      - No producer found for character: 0
00:43:48.566 [FXGL Background Thread 1 ] WARN  TextLevelParser      - No producer found for character: 0
00:43:48.567 [FXGL Background Thread 1 ] WARN  TextLevelParser      - No producer found for character: 0
00:43:48.568 [FXGL Background Thread 1 ] WARN  TextLevelParser      - No producer found for character: 0
00:43:48.570 [FXGL Background Thread 1 ] WARN  TextLevelParser      - No producer found for character: 0
00:43:48.572 [FXGL Background Thread 1 ] WARN  TextLevelParser      - No producer found for character: 0
00:43:48.574 [FXGL Background Thread 1 ] WARN  TextLevelParser      - No producer found for character: 0
00:43:48.578 [FXGL Background Thread 1 ] WARN  TextLevelParser      - No producer found for character: 0
00:43:48.579 [FXGL Background Thread 1 ] WARN  TextLevelParser      - No producer found for character: 0
00:43:48.581 [FXGL Background Thread 1 ] WARN  TextLevelParser      - No producer found for character: 0
00:43:48.581 [FXGL Background Thread 1 ] WARN  TextLevelParser      - No producer found for character: 0
00:43:48.581 [FXGL Background Thread 1 ] WARN  TextLevelParser      - No producer found for character: 0
00:43:48.582 [FXGL Background Thread 1 ] WARN  TextLevelParser      - No producer found for character: 0
00:43:48.582 [FXGL Background Thread 1 ] WARN  TextLevelParser      - No producer found for character: 0
00:43:48.582 [FXGL Background Thread 1 ] WARN  TextLevelParser      - No producer found for character: 0
00:43:48.582 [FXGL Background Thread 1 ] WARN  TextLevelParser      - No producer found for character: 0
00:43:48.583 [FXGL Background Thread 1 ] WARN  TextLevelParser      - No producer found for character: 0
00:43:48.583 [FXGL Background Thread 1 ] WARN  TextLevelParser      - No producer found for character: 0
00:43:48.583 [FXGL Background Thread 1 ] WARN  TextLevelParser      - No producer found for character: 0
00:43:48.583 [FXGL Background Thread 1 ] WARN  TextLevelParser      - No producer found for character: 0
00:43:48.583 [FXGL Background Thread 1 ] WARN  TextLevelParser      - No producer found for character: 0
00:43:48.584 [FXGL Background Thread 1 ] WARN  TextLevelParser      - No producer found for character: 0
00:43:48.584 [FXGL Background Thread 1 ] WARN  TextLevelParser      - No producer found for character: 0
00:43:48.584 [FXGL Background Thread 1 ] WARN  TextLevelParser      - No producer found for character: 0
00:43:48.585 [FXGL Background Thread 1 ] WARN  TextLevelParser      - No producer found for character: 0
00:43:48.585 [FXGL Background Thread 1 ] WARN  TextLevelParser      - No producer found for character: 0
00:43:48.589 [FXGL Background Thread 1 ] WARN  TextLevelParser      - No producer found for character: 0
00:43:48.595 [FXGL Background Thread 1 ] WARN  TextLevelParser      - No producer found for character: 0
00:43:48.599 [FXGL Background Thread 1 ] WARN  TextLevelParser      - No producer found for character: 0
00:43:48.601 [FXGL Background Thread 1 ] WARN  TextLevelParser      - No producer found for character: 0
00:43:48.603 [FXGL Background Thread 1 ] WARN  TextLevelParser      - No producer found for character: 0
00:43:48.605 [FXGL Background Thread 1 ] WARN  TextLevelParser      - No producer found for character: 0
00:43:48.608 [FXGL Background Thread 1 ] WARN  TextLevelParser      - No producer found for character: 0
00:43:48.608 [FXGL Background Thread 1 ] WARN  TextLevelParser      - No producer found for character: 0
00:43:48.610 [FXGL Background Thread 1 ] WARN  TextLevelParser      - No producer found for character: 0
00:43:48.611 [FXGL Background Thread 1 ] WARN  TextLevelParser      - No producer found for character: 0
00:43:48.611 [FXGL Background Thread 1 ] WARN  TextLevelParser      - No producer found for character: 0
00:43:48.612 [FXGL Background Thread 1 ] WARN  TextLevelParser      - No producer found for character: 0
00:43:48.612 [FXGL Background Thread 1 ] WARN  TextLevelParser      - No producer found for character: 0
00:43:48.612 [FXGL Background Thread 1 ] DEBUG AssetLoader          - Loading from disk: /assets/textures/Bomberman/down.png
00:43:48.623 [FXGL Background Thread 1 ] DEBUG AssetLoader          - Loading from cache: /assets/textures/Bomberman/down.png
00:43:48.624 [FXGL Background Thread 1 ] DEBUG AssetLoader          - Loading from disk: /assets/textures/Bomberman/up.png
00:43:48.625 [FXGL Background Thread 1 ] DEBUG AssetLoader          - Loading from disk: /assets/textures/Bomberman/left.png
00:43:48.626 [FXGL Background Thread 1 ] DEBUG AssetLoader          - Loading from disk: /assets/textures/Bomberman/right.png
00:43:48.627 [FXGL Background Thread 1 ] WARN  TextLevelParser      - No producer found for character: 0
00:43:48.627 [FXGL Background Thread 1 ] WARN  TextLevelParser      - No producer found for character: 0
00:43:48.628 [FXGL Background Thread 1 ] WARN  TextLevelParser      - No producer found for character: 0
00:43:48.628 [FXGL Background Thread 1 ] WARN  TextLevelParser      - No producer found for character: 0
00:43:48.628 [FXGL Background Thread 1 ] WARN  TextLevelParser      - No producer found for character: 0
00:43:48.628 [FXGL Background Thread 1 ] WARN  TextLevelParser      - No producer found for character: 0
00:43:48.631 [FXGL Background Thread 1 ] WARN  TextLevelParser      - No producer found for character: 0
00:43:48.631 [FXGL Background Thread 1 ] WARN  TextLevelParser      - No producer found for character: 0
00:43:48.631 [FXGL Background Thread 1 ] WARN  TextLevelParser      - No producer found for character: 0
00:43:48.633 [FXGL Background Thread 1 ] WARN  TextLevelParser      - No producer found for character: 0
00:43:48.635 [FXGL Background Thread 1 ] WARN  TextLevelParser      - No producer found for character: 0
00:43:48.636 [FXGL Background Thread 1 ] WARN  TextLevelParser      - No producer found for character: 0
00:43:48.638 [FXGL Background Thread 1 ] WARN  TextLevelParser      - No producer found for character: 0
00:43:48.639 [FXGL Background Thread 1 ] WARN  TextLevelParser      - No producer found for character: 0
00:43:48.641 [FXGL Background Thread 1 ] WARN  TextLevelParser      - No producer found for character: 0
00:43:48.647 [FXGL Background Thread 1 ] WARN  TextLevelParser      - No producer found for character: 0
00:43:48.647 [FXGL Background Thread 1 ] WARN  TextLevelParser      - No producer found for character: 0
00:43:48.647 [FXGL Background Thread 1 ] WARN  TextLevelParser      - No producer found for character: 0
00:43:48.648 [FXGL Background Thread 1 ] WARN  TextLevelParser      - No producer found for character: 0
00:43:48.648 [FXGL Background Thread 1 ] WARN  TextLevelParser      - No producer found for character: 0
00:43:48.648 [FXGL Background Thread 1 ] WARN  TextLevelParser      - No producer found for character: 0
00:43:48.648 [FXGL Background Thread 1 ] WARN  TextLevelParser      - No producer found for character: 0
00:43:48.648 [FXGL Background Thread 1 ] WARN  TextLevelParser      - No producer found for character: 0
00:43:48.649 [FXGL Background Thread 1 ] WARN  TextLevelParser      - No producer found for character: 0
00:43:48.649 [FXGL Background Thread 1 ] WARN  TextLevelParser      - No producer found for character: 0
00:43:48.649 [FXGL Background Thread 1 ] WARN  TextLevelParser      - No producer found for character: 0
00:43:48.649 [FXGL Background Thread 1 ] WARN  TextLevelParser      - No producer found for character: 0
00:43:48.649 [FXGL Background Thread 1 ] WARN  TextLevelParser      - No producer found for character: 0
00:43:48.650 [FXGL Background Thread 1 ] WARN  TextLevelParser      - No producer found for character: 0
00:43:48.650 [FXGL Background Thread 1 ] WARN  TextLevelParser      - No producer found for character: 0
00:43:48.650 [FXGL Background Thread 1 ] WARN  TextLevelParser      - No producer found for character: 0
00:43:48.655 [FXGL Background Thread 1 ] DEBUG GameWorld            - Clearing removable entities
00:43:48.656 [FXGL Background Thread 1 ] DEBUG GameWorld            - Setting level: com.almasb.fxgl.entity.Level@27d91204
00:43:48.659 [FXGL Background Thread 1 ] DEBUG GameScene            - Creating render group for layer: LAYER_BELOW_PLAYER(99999)
00:43:48.674 [FXGL Background Thread 1 ] DEBUG GameScene            - Creating render group for layer: DEFAULT(100000)
00:43:48.686 [FXGL Background Thread 1 ] DEBUG GameScene            - Creating render group for layer: BACKGROUND(1000)
00:43:48.713 [FXGL Background Thread 1 ] DEBUG InitAppTask          - Initializing Physics
00:43:48.714 [FXGL Background Thread 1 ] DEBUG InitAppTask          - Initializing UI
00:43:48.714 [FXGL Background Thread 1 ] DEBUG InitAppTask          - Initialization Complete
00:43:48.714 [FXGL Background Thread 1 ] INFO  InitAppTask          - Game initialization took: 0.366 sec
00:43:48.719 [JavaFX Application Thread] DEBUG Input                - Clearing active input actions
00:43:48.783 [JavaFX Application Thread] DEBUG AppStateMachine      - LoadingState -> PlayState
00:44:01.435 [JavaFX Application Thread] DEBUG GameApplication      - Exiting game application
00:44:01.442 [JavaFX Application Thread] DEBUG GameApplication      - Shutting down background threads
00:44:01.443 [JavaFX Application Thread] DEBUG GameApplication      - Exiting FXGL
00:44:01.443 [JavaFX Application Thread] DEBUG FXGL                 - Saving FXGL system data
00:44:01.447 [JavaFX Application Thread] DEBUG DesktopFSService     - Writing to: system/fxgl.bundle
00:44:01.454 [JavaFX Application Thread] DEBUG GameApplication      - Closing logger and exiting JavaFX
