00:47:00.547 [JavaFX Application Thread] DEBUG GameApplication      - Logger initialized
00:47:00.555 [JavaFX Application Thread] DEBUG MainWindow           - Creating a JavaFX scene
00:47:00.763 [JavaFX Application Thread] DEBUG MainWindow           - Target settings size: 900.0 x 660.0
00:47:00.763 [JavaFX Application Thread] DEBUG MainWindow           - Scaled scene size:    900.0 x 660.0
00:47:00.764 [JavaFX Application Thread] DEBUG MainWindow           - Scaled ratio: (1.0, 1.0)
00:47:00.774 [JavaFX Application Thread] DEBUG GameApplication      - Starting FXGL
00:47:00.781 [JavaFX Application Thread] INFO  FXGL                 - FXGL-0.5.3 on DESKTOP
00:47:00.782 [JavaFX Application Thread] INFO  FXGL                 - Source code and latest versions at: https://github.com/AlmasB/FXGL
00:47:00.782 [JavaFX Application Thread] INFO  FXGL                 -              Join the FXGL chat at: https://gitter.im/AlmasB/FXGL
00:47:00.795 [JavaFX Application Thread] DEBUG FS                   - Loaded DesktopFSService
00:47:00.796 [JavaFX Application Thread] DEBUG FXGL                 - Loading FXGL system data
00:47:00.810 [JavaFX Application Thread] DEBUG DesktopFSService     - Reading from: system/fxgl.bundle
00:47:00.829 [JavaFX Application Thread] DEBUG Bundle               - Logging bundle: FXGL
00:47:00.830 [JavaFX Application Thread] DEBUG Bundle               - FXGL.offline.timer.version.check=2018-11-14T10:10:33.273
00:47:00.906 [JavaFX Application Thread] DEBUG GameApplication      - FXGL started
00:47:00.907 [JavaFX Application Thread] DEBUG GameApplication      - Logging game settings
Title: BombermanApp
Version: 0.1
Width: 900
Height: 660
Fullscreen: false
Intro: false
Menus: false
Profiling: false
Single step:false
App Mode: DEVELOPER
Menu Key: ESCAPE
Stage Style: DECORATED
Scene Factory: class com.almasb.fxgl.scene.SceneFactory
Dialog Factory: class com.almasb.fxgl.ui.FXGLDialogFactory
UI Factory: class com.almasb.fxgl.ui.FXGLUIFactory
Notification Service: class com.almasb.fxgl.gameplay.notification.XboxNotificationView
Exception Handler: class com.almasb.fxgl.app.FXGLExceptionHandler
00:47:00.909 [JavaFX Application Thread] DEBUG GameApplication      - Configuring GameApplication
00:47:00.909 [JavaFX Application Thread] DEBUG GameApplication      - Initializing state machine and application states
00:47:00.974 [JavaFX Application Thread] DEBUG AssetLoader          - Loading from disk: /assets/ui/cursors/fxgl_default.png
00:47:01.023 [JavaFX Application Thread] DEBUG AssetLoader          - Loading from disk: /assets/ui/cursors/fxgl_default.png
00:47:01.126 [JavaFX Application Thread] DEBUG FXGLAssets           - Loading FXGLAssets
00:47:01.187 [JavaFX Application Thread] DEBUG AssetLoader          - Loading from disk: /assets/ui/fonts/VarelaRound-Regular.ttf
00:47:01.215 [JavaFX Application Thread] DEBUG AssetLoader          - Loading from disk: /assets/ui/fonts/lucida_console.ttf
00:47:01.219 [JavaFX Application Thread] DEBUG AssetLoader          - Loading from disk: /assets/ui/fonts/Courier-Prime.ttf
00:47:01.223 [JavaFX Application Thread] DEBUG AssetLoader          - Loading from disk: /assets/ui/fonts/Abel-Regular.ttf
00:47:01.231 [JavaFX Application Thread] DEBUG AssetLoader          - Loading from disk: /assets/ui/css/fxgl_dark.css
00:47:01.320 [JavaFX Application Thread] DEBUG AssetLoader          - Loading from disk: /assets/ui/cursors/fxgl_default.png
00:47:01.411 [JavaFX Application Thread] DEBUG AssetLoader          - Loading from disk: /assets/ui/cursors/fxgl_default.png
00:47:01.460 [JavaFX Application Thread] DEBUG GameScene            - Game scene initialized: 900x660
00:47:01.468 [JavaFX Application Thread] DEBUG GameWorld            - Game world initialized
00:47:01.568 [JavaFX Application Thread] DEBUG PhysicsWorld         - Physics world initialized: appHeight=660, physics.ppm=50.0
00:47:01.606 [JavaFX Application Thread] DEBUG Input                - Registered new binding: Pause - Esc
00:47:01.640 [JavaFX Application Thread] DEBUG Input                - Clearing active input actions
00:47:01.773 [JavaFX Application Thread] DEBUG AppStateMachine      - StartupState -> StartupState
00:47:01.780 [JavaFX Application Thread] INFO  GameApplication      - Game configuration took:  0.870 sec
00:47:01.783 [JavaFX Application Thread] DEBUG AssetLoader          - Loading from disk: /assets/textures/fxgl_icon.png
00:47:01.811 [JavaFX Application Thread] DEBUG MainWindow           - Opening main window
00:47:01.960 [JavaFX Application Thread] DEBUG MainWindow           - Window border size: (0.0, 0.0)
00:47:01.961 [JavaFX Application Thread] DEBUG MainWindow           - Scaled size: 900.0 x 660.0
00:47:01.961 [JavaFX Application Thread] DEBUG MainWindow           - Scaled ratio: (1.0, 1.0)
00:47:01.962 [JavaFX Application Thread] DEBUG MainWindow           - Scene size: 900.0 x 660.0
00:47:01.962 [JavaFX Application Thread] DEBUG MainWindow           - Stage size: 900.0 x 660.0
00:47:01.962 [JavaFX Application Thread] DEBUG GameApplication      - Running preInit()
00:47:01.965 [JavaFX Application Thread] DEBUG Input                - Registered new binding: Screenshot - P
00:47:01.966 [JavaFX Application Thread] DEBUG Input                - Registered new binding: Dev Options - CTRL+0
00:47:01.967 [JavaFX Application Thread] DEBUG Input                - Registered new binding: System info dump - CTRL+9
00:47:01.968 [JavaFX Application Thread] DEBUG Input                - Registered new binding: Restart - CTRL+R
00:47:01.969 [JavaFX Application Thread] DEBUG Input                - Registered new binding: Move Up - W
00:47:01.969 [JavaFX Application Thread] DEBUG Input                - Registered new binding: Move Left - A
00:47:01.970 [JavaFX Application Thread] DEBUG Input                - Registered new binding: Move Down - S
00:47:01.970 [JavaFX Application Thread] DEBUG Input                - Registered new binding: Move Right - D
00:47:02.109 [JavaFX Application Thread] DEBUG GameApplication      - Starting main loop
00:47:02.158 [JavaFX Application Thread] DEBUG StartupState         - STARTUP
00:47:02.159 [JavaFX Application Thread] DEBUG GameApplication      - Starting new game
00:47:02.159 [JavaFX Application Thread] DEBUG Input                - Clearing active input actions
00:47:02.191 [JavaFX Application Thread] DEBUG AppStateMachine      - StartupState -> LoadingState
00:47:02.202 [FXGL Background Thread 1 ] DEBUG InitAppTask          - Clearing previous game
00:47:02.202 [FXGL Background Thread 1 ] DEBUG GameWorld            - Clearing game world
00:47:02.203 [FXGL Background Thread 1 ] DEBUG PhysicsWorld         - Clearing physics world
00:47:02.203 [FXGL Background Thread 1 ] DEBUG GameScene            - Clearing game scene
00:47:02.205 [FXGL Background Thread 1 ] DEBUG InitAppTask          - Initializing Game
00:47:02.295 [FXGL Background Thread 1 ] DEBUG AssetLoader          - Loading from disk: /assets/text/levels/0.txt
00:47:02.305 [FXGL Background Thread 1 ] WARN  TextLevelParser      - No producer found for character: 0
00:47:02.305 [FXGL Background Thread 1 ] WARN  TextLevelParser      - No producer found for character: 0
00:47:02.305 [FXGL Background Thread 1 ] WARN  TextLevelParser      - No producer found for character: 0
00:47:02.306 [FXGL Background Thread 1 ] WARN  TextLevelParser      - No producer found for character: 0
00:47:02.306 [FXGL Background Thread 1 ] WARN  TextLevelParser      - No producer found for character: 0
00:47:02.306 [FXGL Background Thread 1 ] WARN  TextLevelParser      - No producer found for character: 0
00:47:02.306 [FXGL Background Thread 1 ] WARN  TextLevelParser      - No producer found for character: 0
00:47:02.307 [FXGL Background Thread 1 ] WARN  TextLevelParser      - No producer found for character: 0
00:47:02.307 [FXGL Background Thread 1 ] WARN  TextLevelParser      - No producer found for character: 0
00:47:02.307 [FXGL Background Thread 1 ] WARN  TextLevelParser      - No producer found for character: 0
00:47:02.307 [FXGL Background Thread 1 ] WARN  TextLevelParser      - No producer found for character: 0
00:47:02.308 [FXGL Background Thread 1 ] WARN  TextLevelParser      - No producer found for character: 0
00:47:02.308 [FXGL Background Thread 1 ] WARN  TextLevelParser      - No producer found for character: 0
00:47:02.308 [FXGL Background Thread 1 ] WARN  TextLevelParser      - No producer found for character: 0
00:47:02.308 [FXGL Background Thread 1 ] WARN  TextLevelParser      - No producer found for character: 0
00:47:02.309 [FXGL Background Thread 1 ] WARN  TextLevelParser      - No producer found for character: 0
00:47:02.378 [FXGL Background Thread 1 ] WARN  TextLevelParser      - No producer found for character: 0
00:47:02.380 [FXGL Background Thread 1 ] WARN  TextLevelParser      - No producer found for character: 0
00:47:02.382 [FXGL Background Thread 1 ] WARN  TextLevelParser      - No producer found for character: 0
00:47:02.385 [FXGL Background Thread 1 ] WARN  TextLevelParser      - No producer found for character: 0
00:47:02.387 [FXGL Background Thread 1 ] WARN  TextLevelParser      - No producer found for character: 0
00:47:02.388 [FXGL Background Thread 1 ] WARN  TextLevelParser      - No producer found for character: 0
00:47:02.390 [FXGL Background Thread 1 ] WARN  TextLevelParser      - No producer found for character: 0
00:47:02.390 [FXGL Background Thread 1 ] WARN  TextLevelParser      - No producer found for character: 0
00:47:02.391 [FXGL Background Thread 1 ] WARN  TextLevelParser      - No producer found for character: 0
00:47:02.391 [FXGL Background Thread 1 ] WARN  TextLevelParser      - No producer found for character: 0
00:47:02.391 [FXGL Background Thread 1 ] WARN  TextLevelParser      - No producer found for character: 0
00:47:02.391 [FXGL Background Thread 1 ] WARN  TextLevelParser      - No producer found for character: 0
00:47:02.392 [FXGL Background Thread 1 ] WARN  TextLevelParser      - No producer found for character: 0
00:47:02.392 [FXGL Background Thread 1 ] WARN  TextLevelParser      - No producer found for character: 0
00:47:02.392 [FXGL Background Thread 1 ] WARN  TextLevelParser      - No producer found for character: 0
00:47:02.392 [FXGL Background Thread 1 ] WARN  TextLevelParser      - No producer found for character: 0
00:47:02.393 [FXGL Background Thread 1 ] WARN  TextLevelParser      - No producer found for character: 0
00:47:02.393 [FXGL Background Thread 1 ] WARN  TextLevelParser      - No producer found for character: 0
00:47:02.393 [FXGL Background Thread 1 ] WARN  TextLevelParser      - No producer found for character: 0
00:47:02.394 [FXGL Background Thread 1 ] WARN  TextLevelParser      - No producer found for character: 0
00:47:02.394 [FXGL Background Thread 1 ] WARN  TextLevelParser      - No producer found for character: 0
00:47:02.394 [FXGL Background Thread 1 ] WARN  TextLevelParser      - No producer found for character: 0
00:47:02.395 [FXGL Background Thread 1 ] WARN  TextLevelParser      - No producer found for character: 0
00:47:02.396 [FXGL Background Thread 1 ] WARN  TextLevelParser      - No producer found for character: 0
00:47:02.398 [FXGL Background Thread 1 ] WARN  TextLevelParser      - No producer found for character: 0
00:47:02.400 [FXGL Background Thread 1 ] WARN  TextLevelParser      - No producer found for character: 0
00:47:02.402 [FXGL Background Thread 1 ] WARN  TextLevelParser      - No producer found for character: 0
00:47:02.403 [FXGL Background Thread 1 ] WARN  TextLevelParser      - No producer found for character: 0
00:47:02.405 [FXGL Background Thread 1 ] WARN  TextLevelParser      - No producer found for character: 0
00:47:02.407 [FXGL Background Thread 1 ] WARN  TextLevelParser      - No producer found for character: 0
00:47:02.407 [FXGL Background Thread 1 ] WARN  TextLevelParser      - No producer found for character: 0
00:47:02.407 [FXGL Background Thread 1 ] WARN  TextLevelParser      - No producer found for character: 0
00:47:02.408 [FXGL Background Thread 1 ] WARN  TextLevelParser      - No producer found for character: 0
00:47:02.408 [FXGL Background Thread 1 ] WARN  TextLevelParser      - No producer found for character: 0
00:47:02.408 [FXGL Background Thread 1 ] WARN  TextLevelParser      - No producer found for character: 0
00:47:02.408 [FXGL Background Thread 1 ] WARN  TextLevelParser      - No producer found for character: 0
00:47:02.409 [FXGL Background Thread 1 ] WARN  TextLevelParser      - No producer found for character: 0
00:47:02.409 [FXGL Background Thread 1 ] WARN  TextLevelParser      - No producer found for character: 0
00:47:02.409 [FXGL Background Thread 1 ] WARN  TextLevelParser      - No producer found for character: 0
00:47:02.409 [FXGL Background Thread 1 ] WARN  TextLevelParser      - No producer found for character: 0
00:47:02.409 [FXGL Background Thread 1 ] WARN  TextLevelParser      - No producer found for character: 0
00:47:02.410 [FXGL Background Thread 1 ] WARN  TextLevelParser      - No producer found for character: 0
00:47:02.410 [FXGL Background Thread 1 ] WARN  TextLevelParser      - No producer found for character: 0
00:47:02.410 [FXGL Background Thread 1 ] WARN  TextLevelParser      - No producer found for character: 0
00:47:02.410 [FXGL Background Thread 1 ] WARN  TextLevelParser      - No producer found for character: 0
00:47:02.411 [FXGL Background Thread 1 ] WARN  TextLevelParser      - No producer found for character: 0
00:47:02.412 [FXGL Background Thread 1 ] WARN  TextLevelParser      - No producer found for character: 0
00:47:02.414 [FXGL Background Thread 1 ] WARN  TextLevelParser      - No producer found for character: 0
00:47:02.416 [FXGL Background Thread 1 ] WARN  TextLevelParser      - No producer found for character: 0
00:47:02.417 [FXGL Background Thread 1 ] WARN  TextLevelParser      - No producer found for character: 0
00:47:02.421 [FXGL Background Thread 1 ] WARN  TextLevelParser      - No producer found for character: 0
00:47:02.425 [FXGL Background Thread 1 ] WARN  TextLevelParser      - No producer found for character: 0
00:47:02.427 [FXGL Background Thread 1 ] WARN  TextLevelParser      - No producer found for character: 0
00:47:02.427 [FXGL Background Thread 1 ] WARN  TextLevelParser      - No producer found for character: 0
00:47:02.428 [FXGL Background Thread 1 ] WARN  TextLevelParser      - No producer found for character: 0
00:47:02.436 [FXGL Background Thread 1 ] WARN  TextLevelParser      - No producer found for character: 0
00:47:02.436 [FXGL Background Thread 1 ] WARN  TextLevelParser      - No producer found for character: 0
00:47:02.438 [FXGL Background Thread 1 ] WARN  TextLevelParser      - No producer found for character: 0
00:47:02.438 [FXGL Background Thread 1 ] WARN  TextLevelParser      - No producer found for character: 0
00:47:02.441 [FXGL Background Thread 1 ] WARN  TextLevelParser      - No producer found for character: 0
00:47:02.441 [FXGL Background Thread 1 ] WARN  TextLevelParser      - No producer found for character: 0
00:47:02.441 [FXGL Background Thread 1 ] WARN  TextLevelParser      - No producer found for character: 0
00:47:02.442 [FXGL Background Thread 1 ] WARN  TextLevelParser      - No producer found for character: 0
00:47:02.442 [FXGL Background Thread 1 ] WARN  TextLevelParser      - No producer found for character: 0
00:47:02.442 [FXGL Background Thread 1 ] WARN  TextLevelParser      - No producer found for character: 0
00:47:02.442 [FXGL Background Thread 1 ] WARN  TextLevelParser      - No producer found for character: 0
00:47:02.443 [FXGL Background Thread 1 ] WARN  TextLevelParser      - No producer found for character: 0
00:47:02.443 [FXGL Background Thread 1 ] WARN  TextLevelParser      - No producer found for character: 0
00:47:02.443 [FXGL Background Thread 1 ] WARN  TextLevelParser      - No producer found for character: 0
00:47:02.446 [FXGL Background Thread 1 ] WARN  TextLevelParser      - No producer found for character: 0
00:47:02.450 [FXGL Background Thread 1 ] WARN  TextLevelParser      - No producer found for character: 0
00:47:02.453 [FXGL Background Thread 1 ] WARN  TextLevelParser      - No producer found for character: 0
00:47:02.454 [FXGL Background Thread 1 ] WARN  TextLevelParser      - No producer found for character: 0
00:47:02.456 [FXGL Background Thread 1 ] WARN  TextLevelParser      - No producer found for character: 0
00:47:02.457 [FXGL Background Thread 1 ] WARN  TextLevelParser      - No producer found for character: 0
00:47:02.459 [FXGL Background Thread 1 ] WARN  TextLevelParser      - No producer found for character: 0
00:47:02.459 [FXGL Background Thread 1 ] WARN  TextLevelParser      - No producer found for character: 0
00:47:02.459 [FXGL Background Thread 1 ] WARN  TextLevelParser      - No producer found for character: 0
00:47:02.460 [FXGL Background Thread 1 ] WARN  TextLevelParser      - No producer found for character: 0
00:47:02.460 [FXGL Background Thread 1 ] WARN  TextLevelParser      - No producer found for character: 0
00:47:02.460 [FXGL Background Thread 1 ] WARN  TextLevelParser      - No producer found for character: 0
00:47:02.460 [FXGL Background Thread 1 ] WARN  TextLevelParser      - No producer found for character: 0
00:47:02.461 [FXGL Background Thread 1 ] DEBUG AssetLoader          - Loading from disk: /assets/textures/Bomberman/down.png
00:47:02.470 [FXGL Background Thread 1 ] DEBUG AssetLoader          - Loading from cache: /assets/textures/Bomberman/down.png
00:47:02.470 [FXGL Background Thread 1 ] DEBUG AssetLoader          - Loading from disk: /assets/textures/Bomberman/up.png
00:47:02.471 [FXGL Background Thread 1 ] DEBUG AssetLoader          - Loading from disk: /assets/textures/Bomberman/left.png
00:47:02.472 [FXGL Background Thread 1 ] DEBUG AssetLoader          - Loading from disk: /assets/textures/Bomberman/right.png
00:47:02.473 [FXGL Background Thread 1 ] WARN  TextLevelParser      - No producer found for character: 0
00:47:02.474 [FXGL Background Thread 1 ] WARN  TextLevelParser      - No producer found for character: 0
00:47:02.474 [FXGL Background Thread 1 ] WARN  TextLevelParser      - No producer found for character: 0
00:47:02.474 [FXGL Background Thread 1 ] WARN  TextLevelParser      - No producer found for character: 0
00:47:02.474 [FXGL Background Thread 1 ] WARN  TextLevelParser      - No producer found for character: 0
00:47:02.474 [FXGL Background Thread 1 ] WARN  TextLevelParser      - No producer found for character: 0
00:47:02.475 [FXGL Background Thread 1 ] WARN  TextLevelParser      - No producer found for character: 0
00:47:02.475 [FXGL Background Thread 1 ] WARN  TextLevelParser      - No producer found for character: 0
00:47:02.475 [FXGL Background Thread 1 ] WARN  TextLevelParser      - No producer found for character: 0
00:47:02.476 [FXGL Background Thread 1 ] WARN  TextLevelParser      - No producer found for character: 0
00:47:02.477 [FXGL Background Thread 1 ] WARN  TextLevelParser      - No producer found for character: 0
00:47:02.478 [FXGL Background Thread 1 ] WARN  TextLevelParser      - No producer found for character: 0
00:47:02.479 [FXGL Background Thread 1 ] WARN  TextLevelParser      - No producer found for character: 0
00:47:02.480 [FXGL Background Thread 1 ] WARN  TextLevelParser      - No producer found for character: 0
00:47:02.481 [FXGL Background Thread 1 ] WARN  TextLevelParser      - No producer found for character: 0
00:47:02.483 [FXGL Background Thread 1 ] WARN  TextLevelParser      - No producer found for character: 0
00:47:02.483 [FXGL Background Thread 1 ] WARN  TextLevelParser      - No producer found for character: 0
00:47:02.483 [FXGL Background Thread 1 ] WARN  TextLevelParser      - No producer found for character: 0
00:47:02.484 [FXGL Background Thread 1 ] WARN  TextLevelParser      - No producer found for character: 0
00:47:02.484 [FXGL Background Thread 1 ] WARN  TextLevelParser      - No producer found for character: 0
00:47:02.484 [FXGL Background Thread 1 ] WARN  TextLevelParser      - No producer found for character: 0
00:47:02.484 [FXGL Background Thread 1 ] WARN  TextLevelParser      - No producer found for character: 0
00:47:02.484 [FXGL Background Thread 1 ] WARN  TextLevelParser      - No producer found for character: 0
00:47:02.484 [FXGL Background Thread 1 ] WARN  TextLevelParser      - No producer found for character: 0
00:47:02.485 [FXGL Background Thread 1 ] WARN  TextLevelParser      - No producer found for character: 0
00:47:02.485 [FXGL Background Thread 1 ] WARN  TextLevelParser      - No producer found for character: 0
00:47:02.485 [FXGL Background Thread 1 ] WARN  TextLevelParser      - No producer found for character: 0
00:47:02.485 [FXGL Background Thread 1 ] WARN  TextLevelParser      - No producer found for character: 0
00:47:02.485 [FXGL Background Thread 1 ] WARN  TextLevelParser      - No producer found for character: 0
00:47:02.486 [FXGL Background Thread 1 ] WARN  TextLevelParser      - No producer found for character: 0
00:47:02.486 [FXGL Background Thread 1 ] WARN  TextLevelParser      - No producer found for character: 0
00:47:02.487 [FXGL Background Thread 1 ] DEBUG GameWorld            - Clearing removable entities
00:47:02.487 [FXGL Background Thread 1 ] DEBUG GameWorld            - Setting level: com.almasb.fxgl.entity.Level@47a90e32
00:47:02.490 [FXGL Background Thread 1 ] DEBUG GameScene            - Creating render group for layer: DEFAULT(100000)
00:47:02.501 [FXGL Background Thread 1 ] DEBUG GameScene            - Creating render group for layer: BACKGROUND(1000)
00:47:02.526 [FXGL Background Thread 1 ] DEBUG InitAppTask          - Initializing Physics
00:47:02.526 [FXGL Background Thread 1 ] DEBUG InitAppTask          - Initializing UI
00:47:02.526 [FXGL Background Thread 1 ] DEBUG InitAppTask          - Initialization Complete
00:47:02.527 [FXGL Background Thread 1 ] INFO  InitAppTask          - Game initialization took: 0.325 sec
00:47:02.537 [JavaFX Application Thread] DEBUG Input                - Clearing active input actions
00:47:02.574 [JavaFX Application Thread] DEBUG AppStateMachine      - LoadingState -> PlayState
00:47:31.621 [JavaFX Application Thread] DEBUG GameApplication      - Exiting game application
00:47:31.623 [JavaFX Application Thread] DEBUG GameApplication      - Shutting down background threads
00:47:31.629 [JavaFX Application Thread] DEBUG GameApplication      - Exiting FXGL
00:47:31.630 [JavaFX Application Thread] DEBUG FXGL                 - Saving FXGL system data
00:47:31.634 [JavaFX Application Thread] DEBUG DesktopFSService     - Writing to: system/fxgl.bundle
00:47:31.640 [JavaFX Application Thread] DEBUG GameApplication      - Closing logger and exiting JavaFX
