14:36:40.384 [JavaFX Application Thread] DEBUG GameApplication      - Logger initialized
14:36:40.393 [JavaFX Application Thread] DEBUG MainWindow           - Creating a JavaFX scene
14:36:40.631 [JavaFX Application Thread] DEBUG MainWindow           - Target settings size: 600.0 x 440.0
14:36:40.631 [JavaFX Application Thread] DEBUG MainWindow           - Scaled scene size:    600.0 x 440.0
14:36:40.632 [JavaFX Application Thread] DEBUG MainWindow           - Scaled ratio: (1.0, 1.0)
14:36:40.642 [JavaFX Application Thread] DEBUG GameApplication      - Starting FXGL
14:36:40.649 [JavaFX Application Thread] INFO  FXGL                 - FXGL-0.5.3 on DESKTOP
14:36:40.650 [JavaFX Application Thread] INFO  FXGL                 - Source code and latest versions at: https://github.com/AlmasB/FXGL
14:36:40.650 [JavaFX Application Thread] INFO  FXGL                 -              Join the FXGL chat at: https://gitter.im/AlmasB/FXGL
14:36:40.663 [JavaFX Application Thread] DEBUG FS                   - Loaded DesktopFSService
14:36:40.664 [JavaFX Application Thread] DEBUG FXGL                 - Loading FXGL system data
14:36:40.679 [JavaFX Application Thread] DEBUG DesktopFSService     - Reading from: system/fxgl.bundle
14:36:40.698 [JavaFX Application Thread] DEBUG Bundle               - Logging bundle: FXGL
14:36:40.699 [JavaFX Application Thread] DEBUG Bundle               - FXGL.offline.timer.version.check=2018-11-21T10:17:16.102
14:36:40.813 [JavaFX Application Thread] DEBUG GameApplication      - FXGL started
14:36:40.813 [JavaFX Application Thread] DEBUG GameApplication      - Logging game settings
Title: BombermanApp
Version: 0.1
Width: 600
Height: 440
Fullscreen: false
Intro: false
Menus: false
Profiling: false
Single step:false
App Mode: DEVELOPER
Menu Key: ESCAPE
Stage Style: DECORATED
Scene Factory: class com.almasb.fxgl.scene.SceneFactory
Dialog Factory: class com.almasb.fxgl.ui.FXGLDialogFactory
UI Factory: class com.almasb.fxgl.ui.FXGLUIFactory
Notification Service: class com.almasb.fxgl.gameplay.notification.XboxNotificationView
Exception Handler: class com.almasb.fxgl.app.FXGLExceptionHandler
14:36:40.815 [JavaFX Application Thread] DEBUG GameApplication      - Configuring GameApplication
14:36:40.816 [JavaFX Application Thread] DEBUG GameApplication      - Initializing state machine and application states
14:36:40.863 [JavaFX Application Thread] DEBUG AssetLoader          - Loading from disk: /assets/ui/cursors/fxgl_default.png
14:36:40.909 [JavaFX Application Thread] DEBUG AssetLoader          - Loading from disk: /assets/ui/cursors/fxgl_default.png
14:36:41.018 [JavaFX Application Thread] DEBUG FXGLAssets           - Loading FXGLAssets
14:36:41.094 [JavaFX Application Thread] DEBUG AssetLoader          - Loading from disk: /assets/ui/fonts/VarelaRound-Regular.ttf
14:36:41.118 [JavaFX Application Thread] DEBUG AssetLoader          - Loading from disk: /assets/ui/fonts/lucida_console.ttf
14:36:41.124 [JavaFX Application Thread] DEBUG AssetLoader          - Loading from disk: /assets/ui/fonts/Courier-Prime.ttf
14:36:41.128 [JavaFX Application Thread] DEBUG AssetLoader          - Loading from disk: /assets/ui/fonts/Abel-Regular.ttf
14:36:41.131 [JavaFX Application Thread] DEBUG AssetLoader          - Loading from disk: /assets/ui/css/fxgl_dark.css
14:36:41.202 [JavaFX Application Thread] DEBUG AssetLoader          - Loading from disk: /assets/ui/cursors/fxgl_default.png
14:36:41.279 [JavaFX Application Thread] DEBUG AssetLoader          - Loading from disk: /assets/ui/cursors/fxgl_default.png
14:36:41.324 [JavaFX Application Thread] DEBUG GameScene            - Game scene initialized: 600x440
14:36:41.331 [JavaFX Application Thread] DEBUG GameWorld            - Game world initialized
14:36:41.476 [JavaFX Application Thread] DEBUG PhysicsWorld         - Physics world initialized: appHeight=440, physics.ppm=50.0
14:36:41.515 [JavaFX Application Thread] DEBUG Input                - Registered new binding: Pause - Esc
14:36:41.548 [JavaFX Application Thread] DEBUG Input                - Clearing active input actions
14:36:41.675 [JavaFX Application Thread] DEBUG AppStateMachine      - StartupState -> StartupState
14:36:41.682 [JavaFX Application Thread] INFO  GameApplication      - Game configuration took:  0.866 sec
14:36:41.685 [JavaFX Application Thread] DEBUG AssetLoader          - Loading from disk: /assets/textures/fxgl_icon.png
14:36:41.725 [JavaFX Application Thread] DEBUG MainWindow           - Opening main window
14:36:41.870 [JavaFX Application Thread] DEBUG MainWindow           - Window border size: (0.0, 0.0)
14:36:41.870 [JavaFX Application Thread] DEBUG MainWindow           - Scaled size: 600.0 x 440.0
14:36:41.870 [JavaFX Application Thread] DEBUG MainWindow           - Scaled ratio: (1.0, 1.0)
14:36:41.871 [JavaFX Application Thread] DEBUG MainWindow           - Scene size: 600.0 x 440.0
14:36:41.871 [JavaFX Application Thread] DEBUG MainWindow           - Stage size: 600.0 x 440.0
14:36:41.871 [JavaFX Application Thread] DEBUG GameApplication      - Running preInit()
14:36:41.874 [JavaFX Application Thread] DEBUG Input                - Registered new binding: Screenshot - P
14:36:41.875 [JavaFX Application Thread] DEBUG Input                - Registered new binding: Dev Options - CTRL+0
14:36:41.876 [JavaFX Application Thread] DEBUG Input                - Registered new binding: System info dump - CTRL+9
14:36:41.877 [JavaFX Application Thread] DEBUG Input                - Registered new binding: Restart - CTRL+R
14:36:41.877 [JavaFX Application Thread] DEBUG Input                - Registered new binding: Move Up - W
14:36:41.878 [JavaFX Application Thread] DEBUG Input                - Registered new binding: Move Left - A
14:36:41.878 [JavaFX Application Thread] DEBUG Input                - Registered new binding: Move Down - S
14:36:41.878 [JavaFX Application Thread] DEBUG Input                - Registered new binding: Move Right - D
14:36:41.879 [JavaFX Application Thread] DEBUG Input                - Registered new binding: Place Bomb - F
14:36:41.974 [JavaFX Application Thread] DEBUG GameApplication      - Starting main loop
14:36:42.015 [JavaFX Application Thread] DEBUG StartupState         - STARTUP
14:36:42.015 [JavaFX Application Thread] DEBUG GameApplication      - Starting new game
14:36:42.015 [JavaFX Application Thread] DEBUG Input                - Clearing active input actions
14:36:42.058 [JavaFX Application Thread] DEBUG AppStateMachine      - StartupState -> LoadingState
14:36:42.091 [FXGL Background Thread 1 ] DEBUG InitAppTask          - Clearing previous game
14:36:42.091 [FXGL Background Thread 1 ] DEBUG GameWorld            - Clearing game world
14:36:42.091 [FXGL Background Thread 1 ] DEBUG PhysicsWorld         - Clearing physics world
14:36:42.091 [FXGL Background Thread 1 ] DEBUG GameScene            - Clearing game scene
14:36:42.093 [FXGL Background Thread 1 ] DEBUG InitAppTask          - Initializing Game
14:36:42.192 [FXGL Background Thread 1 ] DEBUG AssetLoader          - Loading from disk: /assets/text/levels/0.txt
14:36:42.590 [FXGL Background Thread 1 ] DEBUG GameWorld            - Clearing removable entities
14:36:42.591 [FXGL Background Thread 1 ] DEBUG GameWorld            - Setting level: com.almasb.fxgl.entity.Level@17ad3b4e
14:36:42.593 [FXGL Background Thread 1 ] DEBUG GameScene            - Creating render group for layer: BACKGROUND(1000)
14:36:42.597 [FXGL Background Thread 1 ] DEBUG GameScene            - Creating render group for layer: DEFAULT(100000)
14:36:42.630 [FXGL Background Thread 1 ] DEBUG AssetLoader          - Loading from disk: /assets/textures/Bomberman/down.png
14:36:42.641 [FXGL Background Thread 1 ] DEBUG AssetLoader          - Loading from cache: /assets/textures/Bomberman/down.png
14:36:42.641 [FXGL Background Thread 1 ] DEBUG AssetLoader          - Loading from disk: /assets/textures/Bomberman/up.png
14:36:42.643 [FXGL Background Thread 1 ] DEBUG AssetLoader          - Loading from disk: /assets/textures/Bomberman/left.png
14:36:42.644 [FXGL Background Thread 1 ] DEBUG AssetLoader          - Loading from disk: /assets/textures/Bomberman/right.png
14:36:42.661 [FXGL Background Thread 1 ] DEBUG InitAppTask          - Initializing Physics
14:36:42.661 [FXGL Background Thread 1 ] DEBUG InitAppTask          - Initializing UI
14:36:42.662 [FXGL Background Thread 1 ] DEBUG InitAppTask          - Initialization Complete
14:36:42.662 [FXGL Background Thread 1 ] INFO  InitAppTask          - Game initialization took: 0.571 sec
14:36:42.671 [JavaFX Application Thread] DEBUG Input                - Clearing active input actions
14:36:42.833 [JavaFX Application Thread] DEBUG AppStateMachine      - LoadingState -> PlayState
14:37:01.627 [JavaFX Application Thread] DEBUG GameApplication      - Exiting game application
14:37:01.629 [JavaFX Application Thread] DEBUG GameApplication      - Shutting down background threads
14:37:01.636 [JavaFX Application Thread] DEBUG GameApplication      - Exiting FXGL
14:37:01.636 [JavaFX Application Thread] DEBUG FXGL                 - Saving FXGL system data
14:37:01.639 [JavaFX Application Thread] DEBUG DesktopFSService     - Writing to: system/fxgl.bundle
14:37:01.645 [JavaFX Application Thread] DEBUG GameApplication      - Closing logger and exiting JavaFX
