00:58:09.172 [JavaFX Application Thread] DEBUG GameApplication      - Logger initialized
00:58:09.180 [JavaFX Application Thread] DEBUG MainWindow           - Creating a JavaFX scene
00:58:09.390 [JavaFX Application Thread] DEBUG MainWindow           - Target settings size: 900.0 x 660.0
00:58:09.390 [JavaFX Application Thread] DEBUG MainWindow           - Scaled scene size:    900.0 x 660.0
00:58:09.391 [JavaFX Application Thread] DEBUG MainWindow           - Scaled ratio: (1.0, 1.0)
00:58:09.399 [JavaFX Application Thread] DEBUG GameApplication      - Starting FXGL
00:58:09.412 [JavaFX Application Thread] INFO  FXGL                 - FXGL-0.5.3 on DESKTOP
00:58:09.413 [JavaFX Application Thread] INFO  FXGL                 - Source code and latest versions at: https://github.com/AlmasB/FXGL
00:58:09.413 [JavaFX Application Thread] INFO  FXGL                 -              Join the FXGL chat at: https://gitter.im/AlmasB/FXGL
00:58:09.426 [JavaFX Application Thread] DEBUG FS                   - Loaded DesktopFSService
00:58:09.426 [JavaFX Application Thread] DEBUG FXGL                 - Loading FXGL system data
00:58:09.442 [JavaFX Application Thread] DEBUG DesktopFSService     - Reading from: system/fxgl.bundle
00:58:09.463 [JavaFX Application Thread] DEBUG Bundle               - Logging bundle: FXGL
00:58:09.465 [JavaFX Application Thread] DEBUG Bundle               - FXGL.offline.timer.version.check=2018-11-14T10:10:33.273
00:58:09.543 [JavaFX Application Thread] DEBUG GameApplication      - FXGL started
00:58:09.544 [JavaFX Application Thread] DEBUG GameApplication      - Logging game settings
Title: BombermanApp
Version: 0.1
Width: 900
Height: 660
Fullscreen: false
Intro: false
Menus: false
Profiling: false
Single step:false
App Mode: DEVELOPER
Menu Key: ESCAPE
Stage Style: DECORATED
Scene Factory: class com.almasb.fxgl.scene.SceneFactory
Dialog Factory: class com.almasb.fxgl.ui.FXGLDialogFactory
UI Factory: class com.almasb.fxgl.ui.FXGLUIFactory
Notification Service: class com.almasb.fxgl.gameplay.notification.XboxNotificationView
Exception Handler: class com.almasb.fxgl.app.FXGLExceptionHandler
00:58:09.546 [JavaFX Application Thread] DEBUG GameApplication      - Configuring GameApplication
00:58:09.546 [JavaFX Application Thread] DEBUG GameApplication      - Initializing state machine and application states
00:58:09.609 [JavaFX Application Thread] DEBUG AssetLoader          - Loading from disk: /assets/ui/cursors/fxgl_default.png
00:58:09.671 [JavaFX Application Thread] DEBUG AssetLoader          - Loading from disk: /assets/ui/cursors/fxgl_default.png
00:58:09.812 [JavaFX Application Thread] DEBUG FXGLAssets           - Loading FXGLAssets
00:58:09.873 [JavaFX Application Thread] DEBUG AssetLoader          - Loading from disk: /assets/ui/fonts/VarelaRound-Regular.ttf
00:58:09.902 [JavaFX Application Thread] DEBUG AssetLoader          - Loading from disk: /assets/ui/fonts/lucida_console.ttf
00:58:09.906 [JavaFX Application Thread] DEBUG AssetLoader          - Loading from disk: /assets/ui/fonts/Courier-Prime.ttf
00:58:09.910 [JavaFX Application Thread] DEBUG AssetLoader          - Loading from disk: /assets/ui/fonts/Abel-Regular.ttf
00:58:09.913 [JavaFX Application Thread] DEBUG AssetLoader          - Loading from disk: /assets/ui/css/fxgl_dark.css
00:58:09.976 [JavaFX Application Thread] DEBUG AssetLoader          - Loading from disk: /assets/ui/cursors/fxgl_default.png
00:58:10.064 [JavaFX Application Thread] DEBUG AssetLoader          - Loading from disk: /assets/ui/cursors/fxgl_default.png
00:58:10.111 [JavaFX Application Thread] DEBUG GameScene            - Game scene initialized: 900x660
00:58:10.118 [JavaFX Application Thread] DEBUG GameWorld            - Game world initialized
00:58:10.228 [JavaFX Application Thread] DEBUG PhysicsWorld         - Physics world initialized: appHeight=660, physics.ppm=50.0
00:58:10.267 [JavaFX Application Thread] DEBUG Input                - Registered new binding: Pause - Esc
00:58:10.299 [JavaFX Application Thread] DEBUG Input                - Clearing active input actions
00:58:10.426 [JavaFX Application Thread] DEBUG AppStateMachine      - StartupState -> StartupState
00:58:10.440 [JavaFX Application Thread] INFO  GameApplication      - Game configuration took:  0.893 sec
00:58:10.444 [JavaFX Application Thread] DEBUG AssetLoader          - Loading from disk: /assets/textures/fxgl_icon.png
00:58:10.490 [JavaFX Application Thread] DEBUG MainWindow           - Opening main window
00:58:10.639 [JavaFX Application Thread] DEBUG MainWindow           - Window border size: (0.0, 0.0)
00:58:10.639 [JavaFX Application Thread] DEBUG MainWindow           - Scaled size: 900.0 x 660.0
00:58:10.640 [JavaFX Application Thread] DEBUG MainWindow           - Scaled ratio: (1.0, 1.0)
00:58:10.640 [JavaFX Application Thread] DEBUG MainWindow           - Scene size: 900.0 x 660.0
00:58:10.640 [JavaFX Application Thread] DEBUG MainWindow           - Stage size: 900.0 x 660.0
00:58:10.641 [JavaFX Application Thread] DEBUG GameApplication      - Running preInit()
00:58:10.644 [JavaFX Application Thread] DEBUG Input                - Registered new binding: Screenshot - P
00:58:10.646 [JavaFX Application Thread] DEBUG Input                - Registered new binding: Dev Options - CTRL+0
00:58:10.647 [JavaFX Application Thread] DEBUG Input                - Registered new binding: System info dump - CTRL+9
00:58:10.647 [JavaFX Application Thread] DEBUG Input                - Registered new binding: Restart - CTRL+R
00:58:10.648 [JavaFX Application Thread] DEBUG Input                - Registered new binding: Move Up - W
00:58:10.648 [JavaFX Application Thread] DEBUG Input                - Registered new binding: Move Left - A
00:58:10.649 [JavaFX Application Thread] DEBUG Input                - Registered new binding: Move Down - S
00:58:10.649 [JavaFX Application Thread] DEBUG Input                - Registered new binding: Move Right - D
00:58:10.708 [JavaFX Application Thread] DEBUG GameApplication      - Starting main loop
00:58:10.751 [JavaFX Application Thread] DEBUG StartupState         - STARTUP
00:58:10.751 [JavaFX Application Thread] DEBUG GameApplication      - Starting new game
00:58:10.751 [JavaFX Application Thread] DEBUG Input                - Clearing active input actions
00:58:10.771 [JavaFX Application Thread] DEBUG AppStateMachine      - StartupState -> LoadingState
00:58:10.783 [FXGL Background Thread 1 ] DEBUG InitAppTask          - Clearing previous game
00:58:10.783 [FXGL Background Thread 1 ] DEBUG GameWorld            - Clearing game world
00:58:10.784 [FXGL Background Thread 1 ] DEBUG PhysicsWorld         - Clearing physics world
00:58:10.784 [FXGL Background Thread 1 ] DEBUG GameScene            - Clearing game scene
00:58:10.786 [FXGL Background Thread 1 ] DEBUG InitAppTask          - Initializing Game
00:58:10.863 [FXGL Background Thread 1 ] DEBUG AssetLoader          - Loading from disk: /assets/text/levels/0.txt
00:58:10.883 [FXGL Background Thread 1 ] WARN  TextLevelParser      - No producer found for character: 0
00:58:10.885 [FXGL Background Thread 1 ] WARN  TextLevelParser      - No producer found for character: 0
00:58:10.886 [FXGL Background Thread 1 ] WARN  TextLevelParser      - No producer found for character: 0
00:58:10.897 [FXGL Background Thread 1 ] WARN  TextLevelParser      - No producer found for character: 0
00:58:10.897 [FXGL Background Thread 1 ] WARN  TextLevelParser      - No producer found for character: 0
00:58:10.897 [FXGL Background Thread 1 ] WARN  TextLevelParser      - No producer found for character: 0
00:58:10.897 [FXGL Background Thread 1 ] WARN  TextLevelParser      - No producer found for character: 0
00:58:10.899 [FXGL Background Thread 1 ] WARN  TextLevelParser      - No producer found for character: 0
00:58:10.906 [FXGL Background Thread 1 ] WARN  TextLevelParser      - No producer found for character: 0
00:58:10.907 [FXGL Background Thread 1 ] WARN  TextLevelParser      - No producer found for character: 0
00:58:10.908 [FXGL Background Thread 1 ] WARN  TextLevelParser      - No producer found for character: 0
00:58:10.908 [FXGL Background Thread 1 ] WARN  TextLevelParser      - No producer found for character: 0
00:58:10.908 [FXGL Background Thread 1 ] WARN  TextLevelParser      - No producer found for character: 0
00:58:10.909 [FXGL Background Thread 1 ] WARN  TextLevelParser      - No producer found for character: 0
00:58:10.909 [FXGL Background Thread 1 ] WARN  TextLevelParser      - No producer found for character: 0
00:58:10.912 [FXGL Background Thread 1 ] WARN  TextLevelParser      - No producer found for character: 0
00:58:10.968 [FXGL Background Thread 1 ] WARN  TextLevelParser      - No producer found for character: 0
00:58:10.971 [FXGL Background Thread 1 ] WARN  TextLevelParser      - No producer found for character: 0
00:58:10.972 [FXGL Background Thread 1 ] WARN  TextLevelParser      - No producer found for character: 0
00:58:10.975 [FXGL Background Thread 1 ] WARN  TextLevelParser      - No producer found for character: 0
00:58:10.977 [FXGL Background Thread 1 ] WARN  TextLevelParser      - No producer found for character: 0
00:58:10.980 [FXGL Background Thread 1 ] WARN  TextLevelParser      - No producer found for character: 0
00:58:10.983 [FXGL Background Thread 1 ] WARN  TextLevelParser      - No producer found for character: 0
00:58:10.983 [FXGL Background Thread 1 ] WARN  TextLevelParser      - No producer found for character: 0
00:58:10.984 [FXGL Background Thread 1 ] WARN  TextLevelParser      - No producer found for character: 0
00:58:10.984 [FXGL Background Thread 1 ] WARN  TextLevelParser      - No producer found for character: 0
00:58:10.984 [FXGL Background Thread 1 ] WARN  TextLevelParser      - No producer found for character: 0
00:58:10.984 [FXGL Background Thread 1 ] WARN  TextLevelParser      - No producer found for character: 0
00:58:10.985 [FXGL Background Thread 1 ] WARN  TextLevelParser      - No producer found for character: 0
00:58:10.985 [FXGL Background Thread 1 ] WARN  TextLevelParser      - No producer found for character: 0
00:58:10.985 [FXGL Background Thread 1 ] WARN  TextLevelParser      - No producer found for character: 0
00:58:10.985 [FXGL Background Thread 1 ] WARN  TextLevelParser      - No producer found for character: 0
00:58:10.986 [FXGL Background Thread 1 ] WARN  TextLevelParser      - No producer found for character: 0
00:58:10.986 [FXGL Background Thread 1 ] WARN  TextLevelParser      - No producer found for character: 0
00:58:10.986 [FXGL Background Thread 1 ] WARN  TextLevelParser      - No producer found for character: 0
00:58:10.986 [FXGL Background Thread 1 ] WARN  TextLevelParser      - No producer found for character: 0
00:58:10.986 [FXGL Background Thread 1 ] WARN  TextLevelParser      - No producer found for character: 0
00:58:10.987 [FXGL Background Thread 1 ] WARN  TextLevelParser      - No producer found for character: 0
00:58:10.987 [FXGL Background Thread 1 ] WARN  TextLevelParser      - No producer found for character: 0
00:58:10.989 [FXGL Background Thread 1 ] WARN  TextLevelParser      - No producer found for character: 0
00:58:11.001 [FXGL Background Thread 1 ] WARN  TextLevelParser      - No producer found for character: 0
00:58:11.003 [FXGL Background Thread 1 ] WARN  TextLevelParser      - No producer found for character: 0
00:58:11.009 [FXGL Background Thread 1 ] WARN  TextLevelParser      - No producer found for character: 0
00:58:11.013 [FXGL Background Thread 1 ] WARN  TextLevelParser      - No producer found for character: 0
00:58:11.018 [FXGL Background Thread 1 ] WARN  TextLevelParser      - No producer found for character: 0
00:58:11.023 [FXGL Background Thread 1 ] WARN  TextLevelParser      - No producer found for character: 0
00:58:11.023 [FXGL Background Thread 1 ] WARN  TextLevelParser      - No producer found for character: 0
00:58:11.026 [FXGL Background Thread 1 ] WARN  TextLevelParser      - No producer found for character: 0
00:58:11.026 [FXGL Background Thread 1 ] WARN  TextLevelParser      - No producer found for character: 0
00:58:11.026 [FXGL Background Thread 1 ] WARN  TextLevelParser      - No producer found for character: 0
00:58:11.026 [FXGL Background Thread 1 ] WARN  TextLevelParser      - No producer found for character: 0
00:58:11.027 [FXGL Background Thread 1 ] WARN  TextLevelParser      - No producer found for character: 0
00:58:11.028 [FXGL Background Thread 1 ] WARN  TextLevelParser      - No producer found for character: 0
00:58:11.028 [FXGL Background Thread 1 ] WARN  TextLevelParser      - No producer found for character: 0
00:58:11.029 [FXGL Background Thread 1 ] WARN  TextLevelParser      - No producer found for character: 0
00:58:11.029 [FXGL Background Thread 1 ] WARN  TextLevelParser      - No producer found for character: 0
00:58:11.030 [FXGL Background Thread 1 ] WARN  TextLevelParser      - No producer found for character: 0
00:58:11.030 [FXGL Background Thread 1 ] WARN  TextLevelParser      - No producer found for character: 0
00:58:11.030 [FXGL Background Thread 1 ] WARN  TextLevelParser      - No producer found for character: 0
00:58:11.031 [FXGL Background Thread 1 ] WARN  TextLevelParser      - No producer found for character: 0
00:58:11.031 [FXGL Background Thread 1 ] WARN  TextLevelParser      - No producer found for character: 0
00:58:11.031 [FXGL Background Thread 1 ] WARN  TextLevelParser      - No producer found for character: 0
00:58:11.033 [FXGL Background Thread 1 ] WARN  TextLevelParser      - No producer found for character: 0
00:58:11.043 [FXGL Background Thread 1 ] WARN  TextLevelParser      - No producer found for character: 0
00:58:11.045 [FXGL Background Thread 1 ] WARN  TextLevelParser      - No producer found for character: 0
00:58:11.050 [FXGL Background Thread 1 ] WARN  TextLevelParser      - No producer found for character: 0
00:58:11.054 [FXGL Background Thread 1 ] WARN  TextLevelParser      - No producer found for character: 0
00:58:11.055 [FXGL Background Thread 1 ] WARN  TextLevelParser      - No producer found for character: 0
00:58:11.057 [FXGL Background Thread 1 ] WARN  TextLevelParser      - No producer found for character: 0
00:58:11.057 [FXGL Background Thread 1 ] WARN  TextLevelParser      - No producer found for character: 0
00:58:11.058 [FXGL Background Thread 1 ] WARN  TextLevelParser      - No producer found for character: 0
00:58:11.058 [FXGL Background Thread 1 ] WARN  TextLevelParser      - No producer found for character: 0
00:58:11.058 [FXGL Background Thread 1 ] WARN  TextLevelParser      - No producer found for character: 0
00:58:11.058 [FXGL Background Thread 1 ] WARN  TextLevelParser      - No producer found for character: 0
00:58:11.058 [FXGL Background Thread 1 ] WARN  TextLevelParser      - No producer found for character: 0
00:58:11.059 [FXGL Background Thread 1 ] WARN  TextLevelParser      - No producer found for character: 0
00:58:11.059 [FXGL Background Thread 1 ] WARN  TextLevelParser      - No producer found for character: 0
00:58:11.060 [FXGL Background Thread 1 ] WARN  TextLevelParser      - No producer found for character: 0
00:58:11.060 [FXGL Background Thread 1 ] WARN  TextLevelParser      - No producer found for character: 0
00:58:11.062 [FXGL Background Thread 1 ] WARN  TextLevelParser      - No producer found for character: 0
00:58:11.062 [FXGL Background Thread 1 ] WARN  TextLevelParser      - No producer found for character: 0
00:58:11.063 [FXGL Background Thread 1 ] WARN  TextLevelParser      - No producer found for character: 0
00:58:11.067 [FXGL Background Thread 1 ] WARN  TextLevelParser      - No producer found for character: 0
00:58:11.067 [FXGL Background Thread 1 ] WARN  TextLevelParser      - No producer found for character: 0
00:58:11.067 [FXGL Background Thread 1 ] WARN  TextLevelParser      - No producer found for character: 0
00:58:11.069 [FXGL Background Thread 1 ] WARN  TextLevelParser      - No producer found for character: 0
00:58:11.071 [FXGL Background Thread 1 ] WARN  TextLevelParser      - No producer found for character: 0
00:58:11.079 [FXGL Background Thread 1 ] WARN  TextLevelParser      - No producer found for character: 0
00:58:11.083 [FXGL Background Thread 1 ] WARN  TextLevelParser      - No producer found for character: 0
00:58:11.085 [FXGL Background Thread 1 ] WARN  TextLevelParser      - No producer found for character: 0
00:58:11.087 [FXGL Background Thread 1 ] WARN  TextLevelParser      - No producer found for character: 0
00:58:11.089 [FXGL Background Thread 1 ] WARN  TextLevelParser      - No producer found for character: 0
00:58:11.089 [FXGL Background Thread 1 ] WARN  TextLevelParser      - No producer found for character: 0
00:58:11.089 [FXGL Background Thread 1 ] WARN  TextLevelParser      - No producer found for character: 0
00:58:11.090 [FXGL Background Thread 1 ] WARN  TextLevelParser      - No producer found for character: 0
00:58:11.090 [FXGL Background Thread 1 ] WARN  TextLevelParser      - No producer found for character: 0
00:58:11.090 [FXGL Background Thread 1 ] WARN  TextLevelParser      - No producer found for character: 0
00:58:11.090 [FXGL Background Thread 1 ] WARN  TextLevelParser      - No producer found for character: 0
00:58:11.090 [FXGL Background Thread 1 ] DEBUG AssetLoader          - Loading from disk: /assets/textures/Bomberman/down.png
00:58:11.100 [FXGL Background Thread 1 ] DEBUG AssetLoader          - Loading from cache: /assets/textures/Bomberman/down.png
00:58:11.101 [FXGL Background Thread 1 ] DEBUG AssetLoader          - Loading from disk: /assets/textures/Bomberman/up.png
00:58:11.101 [FXGL Background Thread 1 ] DEBUG AssetLoader          - Loading from disk: /assets/textures/Bomberman/left.png
00:58:11.103 [FXGL Background Thread 1 ] DEBUG AssetLoader          - Loading from disk: /assets/textures/Bomberman/right.png
00:58:11.105 [FXGL Background Thread 1 ] WARN  TextLevelParser      - No producer found for character: 0
00:58:11.105 [FXGL Background Thread 1 ] WARN  TextLevelParser      - No producer found for character: 0
00:58:11.105 [FXGL Background Thread 1 ] WARN  TextLevelParser      - No producer found for character: 0
00:58:11.106 [FXGL Background Thread 1 ] WARN  TextLevelParser      - No producer found for character: 0
00:58:11.106 [FXGL Background Thread 1 ] WARN  TextLevelParser      - No producer found for character: 0
00:58:11.106 [FXGL Background Thread 1 ] WARN  TextLevelParser      - No producer found for character: 0
00:58:11.106 [FXGL Background Thread 1 ] WARN  TextLevelParser      - No producer found for character: 0
00:58:11.106 [FXGL Background Thread 1 ] WARN  TextLevelParser      - No producer found for character: 0
00:58:11.107 [FXGL Background Thread 1 ] WARN  TextLevelParser      - No producer found for character: 0
00:58:11.108 [FXGL Background Thread 1 ] WARN  TextLevelParser      - No producer found for character: 0
00:58:11.110 [FXGL Background Thread 1 ] WARN  TextLevelParser      - No producer found for character: 0
00:58:11.111 [FXGL Background Thread 1 ] WARN  TextLevelParser      - No producer found for character: 0
00:58:11.116 [FXGL Background Thread 1 ] WARN  TextLevelParser      - No producer found for character: 0
00:58:11.117 [FXGL Background Thread 1 ] WARN  TextLevelParser      - No producer found for character: 0
00:58:11.119 [FXGL Background Thread 1 ] WARN  TextLevelParser      - No producer found for character: 0
00:58:11.120 [FXGL Background Thread 1 ] WARN  TextLevelParser      - No producer found for character: 0
00:58:11.120 [FXGL Background Thread 1 ] WARN  TextLevelParser      - No producer found for character: 0
00:58:11.121 [FXGL Background Thread 1 ] WARN  TextLevelParser      - No producer found for character: 0
00:58:11.122 [FXGL Background Thread 1 ] WARN  TextLevelParser      - No producer found for character: 0
00:58:11.127 [FXGL Background Thread 1 ] WARN  TextLevelParser      - No producer found for character: 0
00:58:11.127 [FXGL Background Thread 1 ] WARN  TextLevelParser      - No producer found for character: 0
00:58:11.127 [FXGL Background Thread 1 ] WARN  TextLevelParser      - No producer found for character: 0
00:58:11.127 [FXGL Background Thread 1 ] WARN  TextLevelParser      - No producer found for character: 0
00:58:11.128 [FXGL Background Thread 1 ] WARN  TextLevelParser      - No producer found for character: 0
00:58:11.128 [FXGL Background Thread 1 ] WARN  TextLevelParser      - No producer found for character: 0
00:58:11.128 [FXGL Background Thread 1 ] WARN  TextLevelParser      - No producer found for character: 0
00:58:11.128 [FXGL Background Thread 1 ] WARN  TextLevelParser      - No producer found for character: 0
00:58:11.129 [FXGL Background Thread 1 ] WARN  TextLevelParser      - No producer found for character: 0
00:58:11.129 [FXGL Background Thread 1 ] WARN  TextLevelParser      - No producer found for character: 0
00:58:11.129 [FXGL Background Thread 1 ] WARN  TextLevelParser      - No producer found for character: 0
00:58:11.129 [FXGL Background Thread 1 ] WARN  TextLevelParser      - No producer found for character: 0
00:58:11.130 [FXGL Background Thread 1 ] DEBUG GameWorld            - Clearing removable entities
00:58:11.130 [FXGL Background Thread 1 ] DEBUG GameWorld            - Setting level: com.almasb.fxgl.entity.Level@4c6ec376
00:58:11.134 [FXGL Background Thread 1 ] DEBUG GameScene            - Creating render group for layer: DEFAULT(100000)
00:58:11.146 [FXGL Background Thread 1 ] DEBUG GameScene            - Creating render group for layer: BACKGROUND(1000)
00:58:11.175 [FXGL Background Thread 1 ] DEBUG InitAppTask          - Initializing Physics
00:58:11.175 [FXGL Background Thread 1 ] DEBUG InitAppTask          - Initializing UI
00:58:11.175 [FXGL Background Thread 1 ] DEBUG InitAppTask          - Initialization Complete
00:58:11.176 [FXGL Background Thread 1 ] INFO  InitAppTask          - Game initialization took: 0.393 sec
00:58:11.177 [JavaFX Application Thread] DEBUG Input                - Clearing active input actions
00:58:11.241 [JavaFX Application Thread] DEBUG AppStateMachine      - LoadingState -> PlayState
00:58:15.290 [JavaFX Application Thread] DEBUG GameApplication      - Exiting game application
00:58:15.292 [JavaFX Application Thread] DEBUG GameApplication      - Shutting down background threads
00:58:15.299 [JavaFX Application Thread] DEBUG GameApplication      - Exiting FXGL
00:58:15.299 [JavaFX Application Thread] DEBUG FXGL                 - Saving FXGL system data
00:58:15.302 [JavaFX Application Thread] DEBUG DesktopFSService     - Writing to: system/fxgl.bundle
00:58:15.306 [JavaFX Application Thread] DEBUG GameApplication      - Closing logger and exiting JavaFX
