01:00:07.887 [JavaFX Application Thread] DEBUG GameApplication      - Logger initialized
01:00:07.897 [JavaFX Application Thread] DEBUG MainWindow           - Creating a JavaFX scene
01:00:08.094 [JavaFX Application Thread] DEBUG MainWindow           - Target settings size: 900.0 x 660.0
01:00:08.095 [JavaFX Application Thread] DEBUG MainWindow           - Scaled scene size:    900.0 x 660.0
01:00:08.095 [JavaFX Application Thread] DEBUG MainWindow           - Scaled ratio: (1.0, 1.0)
01:00:08.104 [JavaFX Application Thread] DEBUG GameApplication      - Starting FXGL
01:00:08.112 [JavaFX Application Thread] INFO  FXGL                 - FXGL-0.5.3 on DESKTOP
01:00:08.113 [JavaFX Application Thread] INFO  FXGL                 - Source code and latest versions at: https://github.com/AlmasB/FXGL
01:00:08.114 [JavaFX Application Thread] INFO  FXGL                 -              Join the FXGL chat at: https://gitter.im/AlmasB/FXGL
01:00:08.125 [JavaFX Application Thread] DEBUG FS                   - Loaded DesktopFSService
01:00:08.126 [JavaFX Application Thread] DEBUG FXGL                 - Loading FXGL system data
01:00:08.137 [JavaFX Application Thread] DEBUG DesktopFSService     - Reading from: system/fxgl.bundle
01:00:08.165 [JavaFX Application Thread] DEBUG Bundle               - Logging bundle: FXGL
01:00:08.166 [JavaFX Application Thread] DEBUG Bundle               - FXGL.offline.timer.version.check=2018-11-14T10:10:33.273
01:00:08.254 [JavaFX Application Thread] DEBUG GameApplication      - FXGL started
01:00:08.257 [JavaFX Application Thread] DEBUG GameApplication      - Logging game settings
Title: BombermanApp
Version: 0.1
Width: 900
Height: 660
Fullscreen: false
Intro: false
Menus: false
Profiling: false
Single step:false
App Mode: DEVELOPER
Menu Key: ESCAPE
Stage Style: DECORATED
Scene Factory: class com.almasb.fxgl.scene.SceneFactory
Dialog Factory: class com.almasb.fxgl.ui.FXGLDialogFactory
UI Factory: class com.almasb.fxgl.ui.FXGLUIFactory
Notification Service: class com.almasb.fxgl.gameplay.notification.XboxNotificationView
Exception Handler: class com.almasb.fxgl.app.FXGLExceptionHandler
01:00:08.261 [JavaFX Application Thread] DEBUG GameApplication      - Configuring GameApplication
01:00:08.261 [JavaFX Application Thread] DEBUG GameApplication      - Initializing state machine and application states
01:00:08.289 [JavaFX Application Thread] DEBUG AssetLoader          - Loading from disk: /assets/ui/cursors/fxgl_default.png
01:00:08.382 [JavaFX Application Thread] DEBUG AssetLoader          - Loading from disk: /assets/ui/cursors/fxgl_default.png
01:00:08.493 [JavaFX Application Thread] DEBUG FXGLAssets           - Loading FXGLAssets
01:00:08.556 [JavaFX Application Thread] DEBUG AssetLoader          - Loading from disk: /assets/ui/fonts/VarelaRound-Regular.ttf
01:00:08.595 [JavaFX Application Thread] DEBUG AssetLoader          - Loading from disk: /assets/ui/fonts/lucida_console.ttf
01:00:08.611 [JavaFX Application Thread] DEBUG AssetLoader          - Loading from disk: /assets/ui/fonts/Courier-Prime.ttf
01:00:08.616 [JavaFX Application Thread] DEBUG AssetLoader          - Loading from disk: /assets/ui/fonts/Abel-Regular.ttf
01:00:08.622 [JavaFX Application Thread] DEBUG AssetLoader          - Loading from disk: /assets/ui/css/fxgl_dark.css
01:00:08.713 [JavaFX Application Thread] DEBUG AssetLoader          - Loading from disk: /assets/ui/cursors/fxgl_default.png
01:00:08.866 [JavaFX Application Thread] DEBUG AssetLoader          - Loading from disk: /assets/ui/cursors/fxgl_default.png
01:00:08.915 [JavaFX Application Thread] DEBUG GameScene            - Game scene initialized: 900x660
01:00:08.920 [JavaFX Application Thread] DEBUG GameWorld            - Game world initialized
01:00:09.003 [JavaFX Application Thread] DEBUG PhysicsWorld         - Physics world initialized: appHeight=660, physics.ppm=50.0
01:00:09.039 [JavaFX Application Thread] DEBUG Input                - Registered new binding: Pause - Esc
01:00:09.074 [JavaFX Application Thread] DEBUG Input                - Clearing active input actions
01:00:09.175 [JavaFX Application Thread] DEBUG AppStateMachine      - StartupState -> StartupState
01:00:09.182 [JavaFX Application Thread] INFO  GameApplication      - Game configuration took:  0.921 sec
01:00:09.185 [JavaFX Application Thread] DEBUG AssetLoader          - Loading from disk: /assets/textures/fxgl_icon.png
01:00:09.210 [JavaFX Application Thread] DEBUG MainWindow           - Opening main window
01:00:09.340 [JavaFX Application Thread] DEBUG MainWindow           - Window border size: (0.0, 0.0)
01:00:09.341 [JavaFX Application Thread] DEBUG MainWindow           - Scaled size: 900.0 x 660.0
01:00:09.341 [JavaFX Application Thread] DEBUG MainWindow           - Scaled ratio: (1.0, 1.0)
01:00:09.341 [JavaFX Application Thread] DEBUG MainWindow           - Scene size: 900.0 x 660.0
01:00:09.343 [JavaFX Application Thread] DEBUG MainWindow           - Stage size: 900.0 x 660.0
01:00:09.343 [JavaFX Application Thread] DEBUG GameApplication      - Running preInit()
01:00:09.357 [JavaFX Application Thread] DEBUG Input                - Registered new binding: Screenshot - P
01:00:09.359 [JavaFX Application Thread] DEBUG Input                - Registered new binding: Dev Options - CTRL+0
01:00:09.361 [JavaFX Application Thread] DEBUG Input                - Registered new binding: System info dump - CTRL+9
01:00:09.363 [JavaFX Application Thread] DEBUG Input                - Registered new binding: Restart - CTRL+R
01:00:09.363 [JavaFX Application Thread] DEBUG Input                - Registered new binding: Move Up - W
01:00:09.363 [JavaFX Application Thread] DEBUG Input                - Registered new binding: Move Left - A
01:00:09.365 [JavaFX Application Thread] DEBUG Input                - Registered new binding: Move Down - S
01:00:09.366 [JavaFX Application Thread] DEBUG Input                - Registered new binding: Move Right - D
01:00:09.477 [JavaFX Application Thread] DEBUG GameApplication      - Starting main loop
01:00:09.546 [JavaFX Application Thread] DEBUG StartupState         - STARTUP
01:00:09.546 [JavaFX Application Thread] DEBUG GameApplication      - Starting new game
01:00:09.547 [JavaFX Application Thread] DEBUG Input                - Clearing active input actions
01:00:09.619 [JavaFX Application Thread] DEBUG AppStateMachine      - StartupState -> LoadingState
01:00:09.632 [FXGL Background Thread 1 ] DEBUG InitAppTask          - Clearing previous game
01:00:09.632 [FXGL Background Thread 1 ] DEBUG GameWorld            - Clearing game world
01:00:09.632 [FXGL Background Thread 1 ] DEBUG PhysicsWorld         - Clearing physics world
01:00:09.633 [FXGL Background Thread 1 ] DEBUG GameScene            - Clearing game scene
01:00:09.636 [FXGL Background Thread 1 ] DEBUG InitAppTask          - Initializing Game
01:00:09.759 [FXGL Background Thread 1 ] DEBUG AssetLoader          - Loading from disk: /assets/text/levels/0.txt
01:00:09.779 [FXGL Background Thread 1 ] WARN  TextLevelParser      - No producer found for character: 0
01:00:09.779 [FXGL Background Thread 1 ] WARN  TextLevelParser      - No producer found for character: 0
01:00:09.780 [FXGL Background Thread 1 ] WARN  TextLevelParser      - No producer found for character: 0
01:00:09.780 [FXGL Background Thread 1 ] WARN  TextLevelParser      - No producer found for character: 0
01:00:09.780 [FXGL Background Thread 1 ] WARN  TextLevelParser      - No producer found for character: 0
01:00:09.780 [FXGL Background Thread 1 ] WARN  TextLevelParser      - No producer found for character: 0
01:00:09.784 [FXGL Background Thread 1 ] WARN  TextLevelParser      - No producer found for character: 0
01:00:09.784 [FXGL Background Thread 1 ] WARN  TextLevelParser      - No producer found for character: 0
01:00:09.784 [FXGL Background Thread 1 ] WARN  TextLevelParser      - No producer found for character: 0
01:00:09.796 [FXGL Background Thread 1 ] WARN  TextLevelParser      - No producer found for character: 0
01:00:09.798 [FXGL Background Thread 1 ] WARN  TextLevelParser      - No producer found for character: 0
01:00:09.798 [FXGL Background Thread 1 ] WARN  TextLevelParser      - No producer found for character: 0
01:00:09.798 [FXGL Background Thread 1 ] WARN  TextLevelParser      - No producer found for character: 0
01:00:09.799 [FXGL Background Thread 1 ] WARN  TextLevelParser      - No producer found for character: 0
01:00:09.802 [FXGL Background Thread 1 ] WARN  TextLevelParser      - No producer found for character: 0
01:00:09.803 [FXGL Background Thread 1 ] WARN  TextLevelParser      - No producer found for character: 0
01:00:09.939 [FXGL Background Thread 1 ] WARN  TextLevelParser      - No producer found for character: 0
01:00:09.941 [FXGL Background Thread 1 ] WARN  TextLevelParser      - No producer found for character: 0
01:00:09.956 [FXGL Background Thread 1 ] WARN  TextLevelParser      - No producer found for character: 0
01:00:09.963 [FXGL Background Thread 1 ] WARN  TextLevelParser      - No producer found for character: 0
01:00:09.964 [FXGL Background Thread 1 ] WARN  TextLevelParser      - No producer found for character: 0
01:00:09.970 [FXGL Background Thread 1 ] WARN  TextLevelParser      - No producer found for character: 0
01:00:09.973 [FXGL Background Thread 1 ] WARN  TextLevelParser      - No producer found for character: 0
01:00:09.974 [FXGL Background Thread 1 ] WARN  TextLevelParser      - No producer found for character: 0
01:00:09.975 [FXGL Background Thread 1 ] WARN  TextLevelParser      - No producer found for character: 0
01:00:09.975 [FXGL Background Thread 1 ] WARN  TextLevelParser      - No producer found for character: 0
01:00:09.975 [FXGL Background Thread 1 ] WARN  TextLevelParser      - No producer found for character: 0
01:00:09.975 [FXGL Background Thread 1 ] WARN  TextLevelParser      - No producer found for character: 0
01:00:09.975 [FXGL Background Thread 1 ] WARN  TextLevelParser      - No producer found for character: 0
01:00:09.975 [FXGL Background Thread 1 ] WARN  TextLevelParser      - No producer found for character: 0
01:00:09.976 [FXGL Background Thread 1 ] WARN  TextLevelParser      - No producer found for character: 0
01:00:09.976 [FXGL Background Thread 1 ] WARN  TextLevelParser      - No producer found for character: 0
01:00:09.976 [FXGL Background Thread 1 ] WARN  TextLevelParser      - No producer found for character: 0
01:00:09.976 [FXGL Background Thread 1 ] WARN  TextLevelParser      - No producer found for character: 0
01:00:09.983 [FXGL Background Thread 1 ] WARN  TextLevelParser      - No producer found for character: 0
01:00:09.983 [FXGL Background Thread 1 ] WARN  TextLevelParser      - No producer found for character: 0
01:00:09.984 [FXGL Background Thread 1 ] WARN  TextLevelParser      - No producer found for character: 0
01:00:09.984 [FXGL Background Thread 1 ] WARN  TextLevelParser      - No producer found for character: 0
01:00:09.984 [FXGL Background Thread 1 ] WARN  TextLevelParser      - No producer found for character: 0
01:00:09.985 [FXGL Background Thread 1 ] WARN  TextLevelParser      - No producer found for character: 0
01:00:09.989 [FXGL Background Thread 1 ] WARN  TextLevelParser      - No producer found for character: 0
01:00:09.991 [FXGL Background Thread 1 ] WARN  TextLevelParser      - No producer found for character: 0
01:00:09.993 [FXGL Background Thread 1 ] WARN  TextLevelParser      - No producer found for character: 0
01:00:10.002 [FXGL Background Thread 1 ] WARN  TextLevelParser      - No producer found for character: 0
01:00:10.004 [FXGL Background Thread 1 ] WARN  TextLevelParser      - No producer found for character: 0
01:00:10.010 [FXGL Background Thread 1 ] WARN  TextLevelParser      - No producer found for character: 0
01:00:10.010 [FXGL Background Thread 1 ] WARN  TextLevelParser      - No producer found for character: 0
01:00:10.010 [FXGL Background Thread 1 ] WARN  TextLevelParser      - No producer found for character: 0
01:00:10.011 [FXGL Background Thread 1 ] WARN  TextLevelParser      - No producer found for character: 0
01:00:10.011 [FXGL Background Thread 1 ] WARN  TextLevelParser      - No producer found for character: 0
01:00:10.011 [FXGL Background Thread 1 ] WARN  TextLevelParser      - No producer found for character: 0
01:00:10.011 [FXGL Background Thread 1 ] WARN  TextLevelParser      - No producer found for character: 0
01:00:10.011 [FXGL Background Thread 1 ] WARN  TextLevelParser      - No producer found for character: 0
01:00:10.011 [FXGL Background Thread 1 ] WARN  TextLevelParser      - No producer found for character: 0
01:00:10.013 [FXGL Background Thread 1 ] WARN  TextLevelParser      - No producer found for character: 0
01:00:10.014 [FXGL Background Thread 1 ] WARN  TextLevelParser      - No producer found for character: 0
01:00:10.017 [FXGL Background Thread 1 ] WARN  TextLevelParser      - No producer found for character: 0
01:00:10.018 [FXGL Background Thread 1 ] WARN  TextLevelParser      - No producer found for character: 0
01:00:10.018 [FXGL Background Thread 1 ] WARN  TextLevelParser      - No producer found for character: 0
01:00:10.018 [FXGL Background Thread 1 ] WARN  TextLevelParser      - No producer found for character: 0
01:00:10.018 [FXGL Background Thread 1 ] WARN  TextLevelParser      - No producer found for character: 0
01:00:10.018 [FXGL Background Thread 1 ] WARN  TextLevelParser      - No producer found for character: 0
01:00:10.027 [FXGL Background Thread 1 ] WARN  TextLevelParser      - No producer found for character: 0
01:00:10.031 [FXGL Background Thread 1 ] WARN  TextLevelParser      - No producer found for character: 0
01:00:10.036 [FXGL Background Thread 1 ] WARN  TextLevelParser      - No producer found for character: 0
01:00:10.040 [FXGL Background Thread 1 ] WARN  TextLevelParser      - No producer found for character: 0
01:00:10.042 [FXGL Background Thread 1 ] WARN  TextLevelParser      - No producer found for character: 0
01:00:10.045 [FXGL Background Thread 1 ] WARN  TextLevelParser      - No producer found for character: 0
01:00:10.049 [FXGL Background Thread 1 ] WARN  TextLevelParser      - No producer found for character: 0
01:00:10.049 [FXGL Background Thread 1 ] WARN  TextLevelParser      - No producer found for character: 0
01:00:10.049 [FXGL Background Thread 1 ] WARN  TextLevelParser      - No producer found for character: 0
01:00:10.050 [FXGL Background Thread 1 ] WARN  TextLevelParser      - No producer found for character: 0
01:00:10.051 [FXGL Background Thread 1 ] WARN  TextLevelParser      - No producer found for character: 0
01:00:10.051 [FXGL Background Thread 1 ] WARN  TextLevelParser      - No producer found for character: 0
01:00:10.052 [FXGL Background Thread 1 ] WARN  TextLevelParser      - No producer found for character: 0
01:00:10.052 [FXGL Background Thread 1 ] WARN  TextLevelParser      - No producer found for character: 0
01:00:10.053 [FXGL Background Thread 1 ] WARN  TextLevelParser      - No producer found for character: 0
01:00:10.053 [FXGL Background Thread 1 ] WARN  TextLevelParser      - No producer found for character: 0
01:00:10.053 [FXGL Background Thread 1 ] WARN  TextLevelParser      - No producer found for character: 0
01:00:10.054 [FXGL Background Thread 1 ] WARN  TextLevelParser      - No producer found for character: 0
01:00:10.054 [FXGL Background Thread 1 ] WARN  TextLevelParser      - No producer found for character: 0
01:00:10.054 [FXGL Background Thread 1 ] WARN  TextLevelParser      - No producer found for character: 0
01:00:10.054 [FXGL Background Thread 1 ] WARN  TextLevelParser      - No producer found for character: 0
01:00:10.054 [FXGL Background Thread 1 ] WARN  TextLevelParser      - No producer found for character: 0
01:00:10.054 [FXGL Background Thread 1 ] WARN  TextLevelParser      - No producer found for character: 0
01:00:10.063 [FXGL Background Thread 1 ] WARN  TextLevelParser      - No producer found for character: 0
01:00:10.065 [FXGL Background Thread 1 ] WARN  TextLevelParser      - No producer found for character: 0
01:00:10.066 [FXGL Background Thread 1 ] WARN  TextLevelParser      - No producer found for character: 0
01:00:10.070 [FXGL Background Thread 1 ] WARN  TextLevelParser      - No producer found for character: 0
01:00:10.071 [FXGL Background Thread 1 ] WARN  TextLevelParser      - No producer found for character: 0
01:00:10.072 [FXGL Background Thread 1 ] WARN  TextLevelParser      - No producer found for character: 0
01:00:10.079 [FXGL Background Thread 1 ] WARN  TextLevelParser      - No producer found for character: 0
01:00:10.080 [FXGL Background Thread 1 ] WARN  TextLevelParser      - No producer found for character: 0
01:00:10.080 [FXGL Background Thread 1 ] WARN  TextLevelParser      - No producer found for character: 0
01:00:10.080 [FXGL Background Thread 1 ] WARN  TextLevelParser      - No producer found for character: 0
01:00:10.080 [FXGL Background Thread 1 ] WARN  TextLevelParser      - No producer found for character: 0
01:00:10.080 [FXGL Background Thread 1 ] WARN  TextLevelParser      - No producer found for character: 0
01:00:10.080 [FXGL Background Thread 1 ] WARN  TextLevelParser      - No producer found for character: 0
01:00:10.084 [FXGL Background Thread 1 ] DEBUG AssetLoader          - Loading from disk: /assets/textures/Bomberman/down.png
01:00:10.102 [FXGL Background Thread 1 ] DEBUG AssetLoader          - Loading from cache: /assets/textures/Bomberman/down.png
01:00:10.103 [FXGL Background Thread 1 ] DEBUG AssetLoader          - Loading from disk: /assets/textures/Bomberman/up.png
01:00:10.104 [FXGL Background Thread 1 ] DEBUG AssetLoader          - Loading from disk: /assets/textures/Bomberman/left.png
01:00:10.105 [FXGL Background Thread 1 ] DEBUG AssetLoader          - Loading from disk: /assets/textures/Bomberman/right.png
01:00:10.106 [FXGL Background Thread 1 ] WARN  TextLevelParser      - No producer found for character: 0
01:00:10.109 [FXGL Background Thread 1 ] WARN  TextLevelParser      - No producer found for character: 0
01:00:10.109 [FXGL Background Thread 1 ] WARN  TextLevelParser      - No producer found for character: 0
01:00:10.109 [FXGL Background Thread 1 ] WARN  TextLevelParser      - No producer found for character: 0
01:00:10.109 [FXGL Background Thread 1 ] WARN  TextLevelParser      - No producer found for character: 0
01:00:10.110 [FXGL Background Thread 1 ] WARN  TextLevelParser      - No producer found for character: 0
01:00:10.110 [FXGL Background Thread 1 ] WARN  TextLevelParser      - No producer found for character: 0
01:00:10.110 [FXGL Background Thread 1 ] WARN  TextLevelParser      - No producer found for character: 0
01:00:10.110 [FXGL Background Thread 1 ] WARN  TextLevelParser      - No producer found for character: 0
01:00:10.112 [FXGL Background Thread 1 ] WARN  TextLevelParser      - No producer found for character: 0
01:00:10.113 [FXGL Background Thread 1 ] WARN  TextLevelParser      - No producer found for character: 0
01:00:10.124 [FXGL Background Thread 1 ] WARN  TextLevelParser      - No producer found for character: 0
01:00:10.125 [FXGL Background Thread 1 ] WARN  TextLevelParser      - No producer found for character: 0
01:00:10.135 [FXGL Background Thread 1 ] WARN  TextLevelParser      - No producer found for character: 0
01:00:10.136 [FXGL Background Thread 1 ] WARN  TextLevelParser      - No producer found for character: 0
01:00:10.153 [FXGL Background Thread 1 ] WARN  TextLevelParser      - No producer found for character: 0
01:00:10.153 [FXGL Background Thread 1 ] WARN  TextLevelParser      - No producer found for character: 0
01:00:10.153 [FXGL Background Thread 1 ] WARN  TextLevelParser      - No producer found for character: 0
01:00:10.154 [FXGL Background Thread 1 ] WARN  TextLevelParser      - No producer found for character: 0
01:00:10.154 [FXGL Background Thread 1 ] WARN  TextLevelParser      - No producer found for character: 0
01:00:10.154 [FXGL Background Thread 1 ] WARN  TextLevelParser      - No producer found for character: 0
01:00:10.154 [FXGL Background Thread 1 ] WARN  TextLevelParser      - No producer found for character: 0
01:00:10.154 [FXGL Background Thread 1 ] WARN  TextLevelParser      - No producer found for character: 0
01:00:10.154 [FXGL Background Thread 1 ] WARN  TextLevelParser      - No producer found for character: 0
01:00:10.154 [FXGL Background Thread 1 ] WARN  TextLevelParser      - No producer found for character: 0
01:00:10.155 [FXGL Background Thread 1 ] WARN  TextLevelParser      - No producer found for character: 0
01:00:10.155 [FXGL Background Thread 1 ] WARN  TextLevelParser      - No producer found for character: 0
01:00:10.155 [FXGL Background Thread 1 ] WARN  TextLevelParser      - No producer found for character: 0
01:00:10.155 [FXGL Background Thread 1 ] WARN  TextLevelParser      - No producer found for character: 0
01:00:10.155 [FXGL Background Thread 1 ] WARN  TextLevelParser      - No producer found for character: 0
01:00:10.155 [FXGL Background Thread 1 ] WARN  TextLevelParser      - No producer found for character: 0
01:00:10.156 [FXGL Background Thread 1 ] DEBUG GameWorld            - Clearing removable entities
01:00:10.156 [FXGL Background Thread 1 ] DEBUG GameWorld            - Setting level: com.almasb.fxgl.entity.Level@38a76dfa
01:00:10.160 [FXGL Background Thread 1 ] DEBUG GameScene            - Creating render group for layer: DEFAULT(100000)
01:00:10.187 [FXGL Background Thread 1 ] DEBUG GameScene            - Creating render group for layer: BACKGROUND(1000)
01:00:10.267 [FXGL Background Thread 1 ] DEBUG InitAppTask          - Initializing Physics
01:00:10.268 [FXGL Background Thread 1 ] DEBUG InitAppTask          - Initializing UI
01:00:10.269 [FXGL Background Thread 1 ] DEBUG InitAppTask          - Initialization Complete
01:00:10.269 [FXGL Background Thread 1 ] INFO  InitAppTask          - Game initialization took: 0.637 sec
01:00:10.272 [JavaFX Application Thread] DEBUG Input                - Clearing active input actions
01:00:10.328 [JavaFX Application Thread] DEBUG AppStateMachine      - LoadingState -> PlayState
01:00:11.470 [JavaFX Application Thread] DEBUG GameApplication      - Exiting game application
01:00:11.472 [JavaFX Application Thread] DEBUG GameApplication      - Shutting down background threads
01:00:11.473 [JavaFX Application Thread] DEBUG GameApplication      - Exiting FXGL
01:00:11.473 [JavaFX Application Thread] DEBUG FXGL                 - Saving FXGL system data
01:00:11.478 [JavaFX Application Thread] DEBUG DesktopFSService     - Writing to: system/fxgl.bundle
01:00:11.483 [JavaFX Application Thread] DEBUG GameApplication      - Closing logger and exiting JavaFX
