14:41:22.555 [JavaFX Application Thread] DEBUG GameApplication      - Logger initialized
14:41:22.565 [JavaFX Application Thread] DEBUG MainWindow           - Creating a JavaFX scene
14:41:22.789 [JavaFX Application Thread] DEBUG MainWindow           - Target settings size: 600.0 x 440.0
14:41:22.790 [JavaFX Application Thread] DEBUG MainWindow           - Scaled scene size:    600.0 x 440.0
14:41:22.790 [JavaFX Application Thread] DEBUG MainWindow           - Scaled ratio: (1.0, 1.0)
14:41:22.805 [JavaFX Application Thread] DEBUG GameApplication      - Starting FXGL
14:41:22.812 [JavaFX Application Thread] INFO  FXGL                 - FXGL-0.5.3 on DESKTOP
14:41:22.813 [JavaFX Application Thread] INFO  FXGL                 - Source code and latest versions at: https://github.com/AlmasB/FXGL
14:41:22.813 [JavaFX Application Thread] INFO  FXGL                 -              Join the FXGL chat at: https://gitter.im/AlmasB/FXGL
14:41:22.826 [JavaFX Application Thread] DEBUG FS                   - Loaded DesktopFSService
14:41:22.826 [JavaFX Application Thread] DEBUG FXGL                 - Loading FXGL system data
14:41:22.845 [JavaFX Application Thread] DEBUG DesktopFSService     - Reading from: system/fxgl.bundle
14:41:22.859 [JavaFX Application Thread] DEBUG Bundle               - Logging bundle: FXGL
14:41:22.861 [JavaFX Application Thread] DEBUG Bundle               - FXGL.offline.timer.version.check=2018-11-21T10:17:16.102
14:41:22.939 [JavaFX Application Thread] DEBUG GameApplication      - FXGL started
14:41:22.939 [JavaFX Application Thread] DEBUG GameApplication      - Logging game settings
Title: BombermanApp
Version: 0.1
Width: 600
Height: 440
Fullscreen: false
Intro: false
Menus: false
Profiling: false
Single step:false
App Mode: DEVELOPER
Menu Key: ESCAPE
Stage Style: DECORATED
Scene Factory: class com.almasb.fxgl.scene.SceneFactory
Dialog Factory: class com.almasb.fxgl.ui.FXGLDialogFactory
UI Factory: class com.almasb.fxgl.ui.FXGLUIFactory
Notification Service: class com.almasb.fxgl.gameplay.notification.XboxNotificationView
Exception Handler: class com.almasb.fxgl.app.FXGLExceptionHandler
14:41:22.944 [JavaFX Application Thread] DEBUG GameApplication      - Configuring GameApplication
14:41:22.946 [JavaFX Application Thread] DEBUG GameApplication      - Initializing state machine and application states
14:41:22.984 [JavaFX Application Thread] DEBUG AssetLoader          - Loading from disk: /assets/ui/cursors/fxgl_default.png
14:41:23.057 [JavaFX Application Thread] DEBUG AssetLoader          - Loading from disk: /assets/ui/cursors/fxgl_default.png
14:41:23.151 [JavaFX Application Thread] DEBUG FXGLAssets           - Loading FXGLAssets
14:41:23.253 [JavaFX Application Thread] DEBUG AssetLoader          - Loading from disk: /assets/ui/fonts/VarelaRound-Regular.ttf
14:41:23.280 [JavaFX Application Thread] DEBUG AssetLoader          - Loading from disk: /assets/ui/fonts/lucida_console.ttf
14:41:23.288 [JavaFX Application Thread] DEBUG AssetLoader          - Loading from disk: /assets/ui/fonts/Courier-Prime.ttf
14:41:23.294 [JavaFX Application Thread] DEBUG AssetLoader          - Loading from disk: /assets/ui/fonts/Abel-Regular.ttf
14:41:23.298 [JavaFX Application Thread] DEBUG AssetLoader          - Loading from disk: /assets/ui/css/fxgl_dark.css
14:41:23.369 [JavaFX Application Thread] DEBUG AssetLoader          - Loading from disk: /assets/ui/cursors/fxgl_default.png
14:41:23.497 [JavaFX Application Thread] DEBUG AssetLoader          - Loading from disk: /assets/ui/cursors/fxgl_default.png
14:41:23.546 [JavaFX Application Thread] DEBUG GameScene            - Game scene initialized: 600x440
14:41:23.552 [JavaFX Application Thread] DEBUG GameWorld            - Game world initialized
14:41:23.670 [JavaFX Application Thread] DEBUG PhysicsWorld         - Physics world initialized: appHeight=440, physics.ppm=50.0
14:41:23.717 [JavaFX Application Thread] DEBUG Input                - Registered new binding: Pause - Esc
14:41:23.753 [JavaFX Application Thread] DEBUG Input                - Clearing active input actions
14:41:23.963 [JavaFX Application Thread] DEBUG AppStateMachine      - StartupState -> StartupState
14:41:23.990 [JavaFX Application Thread] INFO  GameApplication      - Game configuration took:  1.044 sec
14:41:24.004 [JavaFX Application Thread] DEBUG AssetLoader          - Loading from disk: /assets/textures/fxgl_icon.png
14:41:24.119 [JavaFX Application Thread] DEBUG MainWindow           - Opening main window
14:41:24.406 [JavaFX Application Thread] DEBUG MainWindow           - Window border size: (0.0, 0.0)
14:41:24.407 [JavaFX Application Thread] DEBUG MainWindow           - Scaled size: 600.0 x 440.0
14:41:24.407 [JavaFX Application Thread] DEBUG MainWindow           - Scaled ratio: (1.0, 1.0)
14:41:24.408 [JavaFX Application Thread] DEBUG MainWindow           - Scene size: 600.0 x 440.0
14:41:24.409 [JavaFX Application Thread] DEBUG MainWindow           - Stage size: 600.0 x 440.0
14:41:24.410 [JavaFX Application Thread] DEBUG GameApplication      - Running preInit()
14:41:24.430 [JavaFX Application Thread] DEBUG Input                - Registered new binding: Screenshot - P
14:41:24.431 [JavaFX Application Thread] DEBUG Input                - Registered new binding: Dev Options - CTRL+0
14:41:24.433 [JavaFX Application Thread] DEBUG Input                - Registered new binding: System info dump - CTRL+9
14:41:24.436 [JavaFX Application Thread] DEBUG Input                - Registered new binding: Restart - CTRL+R
14:41:24.437 [JavaFX Application Thread] DEBUG Input                - Registered new binding: Move Up - W
14:41:24.437 [JavaFX Application Thread] DEBUG Input                - Registered new binding: Move Left - A
14:41:24.440 [JavaFX Application Thread] DEBUG Input                - Registered new binding: Move Down - S
14:41:24.445 [JavaFX Application Thread] DEBUG Input                - Registered new binding: Move Right - D
14:41:24.455 [JavaFX Application Thread] DEBUG Input                - Registered new binding: Place Bomb - F
14:41:24.565 [JavaFX Application Thread] DEBUG GameApplication      - Starting main loop
14:41:24.728 [JavaFX Application Thread] DEBUG StartupState         - STARTUP
14:41:24.728 [JavaFX Application Thread] DEBUG GameApplication      - Starting new game
14:41:24.733 [JavaFX Application Thread] DEBUG Input                - Clearing active input actions
14:41:24.814 [JavaFX Application Thread] DEBUG AppStateMachine      - StartupState -> LoadingState
14:41:24.858 [FXGL Background Thread 1 ] DEBUG InitAppTask          - Clearing previous game
14:41:24.860 [FXGL Background Thread 1 ] DEBUG GameWorld            - Clearing game world
14:41:24.861 [FXGL Background Thread 1 ] DEBUG PhysicsWorld         - Clearing physics world
14:41:24.861 [FXGL Background Thread 1 ] DEBUG GameScene            - Clearing game scene
14:41:24.863 [FXGL Background Thread 1 ] DEBUG InitAppTask          - Initializing Game
14:41:24.993 [FXGL Background Thread 1 ] DEBUG AssetLoader          - Loading from disk: /assets/text/levels/0.txt
14:41:25.437 [FXGL Background Thread 1 ] DEBUG GameWorld            - Clearing removable entities
14:41:25.437 [FXGL Background Thread 1 ] DEBUG GameWorld            - Setting level: com.almasb.fxgl.entity.Level@1cc8232e
14:41:25.443 [FXGL Background Thread 1 ] DEBUG GameScene            - Creating render group for layer: BACKGROUND(1000)
14:41:25.447 [FXGL Background Thread 1 ] DEBUG GameScene            - Creating render group for layer: DEFAULT(100000)
14:41:25.472 [FXGL Background Thread 1 ] DEBUG AssetLoader          - Loading from disk: /assets/textures/Bomberman/down.png
14:41:25.482 [FXGL Background Thread 1 ] DEBUG AssetLoader          - Loading from cache: /assets/textures/Bomberman/down.png
14:41:25.482 [FXGL Background Thread 1 ] DEBUG AssetLoader          - Loading from disk: /assets/textures/Bomberman/up.png
14:41:25.483 [FXGL Background Thread 1 ] DEBUG AssetLoader          - Loading from disk: /assets/textures/Bomberman/left.png
14:41:25.484 [FXGL Background Thread 1 ] DEBUG AssetLoader          - Loading from disk: /assets/textures/Bomberman/right.png
14:41:25.507 [FXGL Background Thread 1 ] DEBUG InitAppTask          - Initializing Physics
14:41:25.508 [FXGL Background Thread 1 ] DEBUG InitAppTask          - Initializing UI
14:41:25.509 [FXGL Background Thread 1 ] DEBUG InitAppTask          - Initialization Complete
14:41:25.510 [FXGL Background Thread 1 ] INFO  InitAppTask          - Game initialization took: 0.652 sec
14:41:25.523 [JavaFX Application Thread] DEBUG Input                - Clearing active input actions
14:41:25.651 [JavaFX Application Thread] DEBUG AppStateMachine      - LoadingState -> PlayState
14:41:30.431 [JavaFX Application Thread] DEBUG GameApplication      - Exiting game application
14:41:30.433 [JavaFX Application Thread] DEBUG GameApplication      - Shutting down background threads
14:41:30.439 [JavaFX Application Thread] DEBUG GameApplication      - Exiting FXGL
14:41:30.440 [JavaFX Application Thread] DEBUG FXGL                 - Saving FXGL system data
14:41:30.443 [JavaFX Application Thread] DEBUG DesktopFSService     - Writing to: system/fxgl.bundle
14:41:30.449 [JavaFX Application Thread] DEBUG GameApplication      - Closing logger and exiting JavaFX
