19:41:12.032 [JavaFX Application Thread] DEBUG GameApplication      - Logger initialized
19:41:12.039 [JavaFX Application Thread] DEBUG MainWindow           - Creating a JavaFX scene
19:41:12.174 [JavaFX Application Thread] DEBUG MainWindow           - Target settings size: 680.0 x 520.0
19:41:12.174 [JavaFX Application Thread] DEBUG MainWindow           - Scaled scene size:    680.0 x 520.0
19:41:12.174 [JavaFX Application Thread] DEBUG MainWindow           - Scaled ratio: (1.0, 1.0)
19:41:12.181 [JavaFX Application Thread] DEBUG GameApplication      - Starting FXGL
19:41:12.187 [JavaFX Application Thread] INFO  FXGL                 - FXGL-0.5.3 on DESKTOP
19:41:12.187 [JavaFX Application Thread] INFO  FXGL                 - Source code and latest versions at: https://github.com/AlmasB/FXGL
19:41:12.188 [JavaFX Application Thread] INFO  FXGL                 -              Join the FXGL chat at: https://gitter.im/AlmasB/FXGL
19:41:12.200 [JavaFX Application Thread] DEBUG FS                   - Loaded DesktopFSService
19:41:12.202 [JavaFX Application Thread] DEBUG FXGL                 - Loading FXGL system data
19:41:12.224 [JavaFX Application Thread] DEBUG DesktopFSService     - Reading from: system\fxgl.bundle
19:41:12.245 [JavaFX Application Thread] DEBUG Bundle               - Logging bundle: FXGL
19:41:12.246 [JavaFX Application Thread] DEBUG Bundle               - FXGL.offline.timer.version.check=2018-11-21T10:17:16.102
19:41:12.302 [JavaFX Application Thread] DEBUG GameApplication      - FXGL started
19:41:12.302 [JavaFX Application Thread] DEBUG GameApplication      - Logging game settings
Title: BombermanApp
Version: 0.1
Width: 680
Height: 520
Fullscreen: false
Intro: false
Menus: false
Profiling: false
Single step:false
App Mode: DEVELOPER
Menu Key: ESCAPE
Stage Style: DECORATED
Scene Factory: class com.almasb.fxgl.scene.SceneFactory
Dialog Factory: class com.almasb.fxgl.ui.FXGLDialogFactory
UI Factory: class com.almasb.fxgl.ui.FXGLUIFactory
Notification Service: class com.almasb.fxgl.gameplay.notification.XboxNotificationView
Exception Handler: class com.almasb.fxgl.app.FXGLExceptionHandler
19:41:12.304 [JavaFX Application Thread] DEBUG GameApplication      - Configuring GameApplication
19:41:12.304 [JavaFX Application Thread] DEBUG GameApplication      - Initializing state machine and application states
19:41:12.330 [JavaFX Application Thread] DEBUG AssetLoader          - Loading from disk: /assets/ui/cursors/fxgl_default.png
19:41:12.396 [JavaFX Application Thread] DEBUG AssetLoader          - Loading from disk: /assets/ui/cursors/fxgl_default.png
19:41:12.432 [JavaFX Application Thread] DEBUG FXGLAssets           - Loading FXGLAssets
19:41:12.468 [JavaFX Application Thread] DEBUG AssetLoader          - Loading from disk: /assets/ui/fonts/VarelaRound-Regular.ttf
19:41:12.667 [JavaFX Application Thread] DEBUG AssetLoader          - Loading from disk: /assets/ui/fonts/lucida_console.ttf
19:41:12.704 [JavaFX Application Thread] DEBUG AssetLoader          - Loading from disk: /assets/ui/fonts/Courier-Prime.ttf
19:41:12.721 [JavaFX Application Thread] DEBUG AssetLoader          - Loading from disk: /assets/ui/fonts/Abel-Regular.ttf
19:41:12.738 [JavaFX Application Thread] DEBUG AssetLoader          - Loading from disk: /assets/ui/css/fxgl_dark.css
19:41:12.825 [JavaFX Application Thread] DEBUG AssetLoader          - Loading from disk: /assets/ui/cursors/fxgl_default.png
19:41:12.928 [JavaFX Application Thread] DEBUG AssetLoader          - Loading from disk: /assets/ui/cursors/fxgl_default.png
19:41:12.983 [JavaFX Application Thread] DEBUG GameScene            - Game scene initialized: 680x520
19:41:12.993 [JavaFX Application Thread] DEBUG GameWorld            - Game world initialized
19:41:13.104 [JavaFX Application Thread] DEBUG PhysicsWorld         - Physics world initialized: appHeight=520, physics.ppm=50.0
19:41:13.153 [JavaFX Application Thread] DEBUG Input                - Registered new binding: Pause - Esc
19:41:13.180 [JavaFX Application Thread] DEBUG Input                - Clearing active input actions
19:41:13.269 [JavaFX Application Thread] DEBUG AppStateMachine      - StartupState -> StartupState
19:41:13.289 [JavaFX Application Thread] INFO  GameApplication      - Game configuration took:  0.985 sec
19:41:13.293 [JavaFX Application Thread] DEBUG AssetLoader          - Loading from disk: /assets/textures/fxgl_icon.png
19:41:13.329 [JavaFX Application Thread] DEBUG MainWindow           - Opening main window
19:41:13.642 [JavaFX Application Thread] DEBUG MainWindow           - Window border size: (6.0, 29.0)
19:41:13.642 [JavaFX Application Thread] DEBUG MainWindow           - Scaled size: 680.0 x 520.0
19:41:13.642 [JavaFX Application Thread] DEBUG MainWindow           - Scaled ratio: (1.0, 1.0)
19:41:13.642 [JavaFX Application Thread] DEBUG MainWindow           - Scene size: 680.0 x 520.0
19:41:13.642 [JavaFX Application Thread] DEBUG MainWindow           - Stage size: 686.0 x 549.0
19:41:13.643 [JavaFX Application Thread] DEBUG GameApplication      - Running preInit()
19:41:13.645 [JavaFX Application Thread] DEBUG Input                - Registered new binding: Screenshot - P
19:41:13.646 [JavaFX Application Thread] DEBUG Input                - Registered new binding: Dev Options - CTRL+0
19:41:13.646 [JavaFX Application Thread] DEBUG Input                - Registered new binding: System info dump - CTRL+9
19:41:13.648 [JavaFX Application Thread] DEBUG Input                - Registered new binding: Restart - CTRL+R
19:41:13.648 [JavaFX Application Thread] DEBUG Input                - Registered new binding: Move Up - W
19:41:13.648 [JavaFX Application Thread] DEBUG Input                - Registered new binding: Move Left - A
19:41:13.648 [JavaFX Application Thread] DEBUG Input                - Registered new binding: Move Down - S
19:41:13.649 [JavaFX Application Thread] DEBUG Input                - Registered new binding: Move Right - D
19:41:13.649 [JavaFX Application Thread] DEBUG Input                - Registered new binding: Place Bomb - F
19:41:13.706 [JavaFX Application Thread] DEBUG GameApplication      - Starting main loop
19:41:13.709 [JavaFX Application Thread] DEBUG StartupState         - STARTUP
19:41:13.709 [JavaFX Application Thread] DEBUG GameApplication      - Starting new game
19:41:13.709 [JavaFX Application Thread] DEBUG Input                - Clearing active input actions
19:41:13.721 [JavaFX Application Thread] DEBUG AppStateMachine      - StartupState -> LoadingState
19:41:13.734 [FXGL Background Thread 1 ] DEBUG InitAppTask          - Clearing previous game
19:41:13.735 [FXGL Background Thread 1 ] DEBUG GameWorld            - Clearing game world
19:41:13.736 [FXGL Background Thread 1 ] DEBUG PhysicsWorld         - Clearing physics world
19:41:13.736 [FXGL Background Thread 1 ] DEBUG GameScene            - Clearing game scene
19:41:13.738 [FXGL Background Thread 1 ] DEBUG InitAppTask          - Initializing Game
19:41:13.779 [FXGL Background Thread 1 ] DEBUG AssetLoader          - Loading from disk: /assets/text/levels/0.txt
19:41:13.796 [FXGL Background Thread 1 ] DEBUG AssetLoader          - Loading from disk: /assets/textures/Wall/editwall2.png
19:41:13.854 [FXGL Background Thread 1 ] DEBUG AssetLoader          - Loading from cache: /assets/textures/Wall/editwall2.png
19:41:13.856 [FXGL Background Thread 1 ] DEBUG AssetLoader          - Loading from cache: /assets/textures/Wall/editwall2.png
19:41:13.857 [FXGL Background Thread 1 ] DEBUG AssetLoader          - Loading from cache: /assets/textures/Wall/editwall2.png
19:41:13.860 [FXGL Background Thread 1 ] DEBUG AssetLoader          - Loading from cache: /assets/textures/Wall/editwall2.png
19:41:13.862 [FXGL Background Thread 1 ] DEBUG AssetLoader          - Loading from cache: /assets/textures/Wall/editwall2.png
19:41:13.863 [FXGL Background Thread 1 ] DEBUG AssetLoader          - Loading from cache: /assets/textures/Wall/editwall2.png
19:41:13.865 [FXGL Background Thread 1 ] DEBUG AssetLoader          - Loading from cache: /assets/textures/Wall/editwall2.png
19:41:13.866 [FXGL Background Thread 1 ] DEBUG AssetLoader          - Loading from cache: /assets/textures/Wall/editwall2.png
19:41:13.870 [FXGL Background Thread 1 ] DEBUG AssetLoader          - Loading from cache: /assets/textures/Wall/editwall2.png
19:41:13.871 [FXGL Background Thread 1 ] DEBUG AssetLoader          - Loading from cache: /assets/textures/Wall/editwall2.png
19:41:13.872 [FXGL Background Thread 1 ] DEBUG AssetLoader          - Loading from cache: /assets/textures/Wall/editwall2.png
19:41:13.873 [FXGL Background Thread 1 ] DEBUG AssetLoader          - Loading from cache: /assets/textures/Wall/editwall2.png
19:41:13.875 [FXGL Background Thread 1 ] DEBUG AssetLoader          - Loading from cache: /assets/textures/Wall/editwall2.png
19:41:13.876 [FXGL Background Thread 1 ] DEBUG AssetLoader          - Loading from cache: /assets/textures/Wall/editwall2.png
19:41:13.879 [FXGL Background Thread 1 ] DEBUG AssetLoader          - Loading from cache: /assets/textures/Wall/editwall2.png
19:41:13.880 [FXGL Background Thread 1 ] DEBUG AssetLoader          - Loading from cache: /assets/textures/Wall/editwall2.png
19:41:13.881 [FXGL Background Thread 1 ] DEBUG AssetLoader          - Loading from cache: /assets/textures/Wall/editwall2.png
19:41:13.882 [FXGL Background Thread 1 ] DEBUG AssetLoader          - Loading from disk: /assets/textures/Grass/grasspecies2.png
19:41:13.891 [FXGL Background Thread 1 ] DEBUG AssetLoader          - Loading from cache: /assets/textures/Grass/grasspecies2.png
19:41:13.893 [FXGL Background Thread 1 ] DEBUG AssetLoader          - Loading from cache: /assets/textures/Grass/grasspecies2.png
19:41:13.894 [FXGL Background Thread 1 ] DEBUG AssetLoader          - Loading from cache: /assets/textures/Grass/grasspecies2.png
19:41:13.895 [FXGL Background Thread 1 ] DEBUG AssetLoader          - Loading from cache: /assets/textures/Grass/grasspecies2.png
19:41:13.896 [FXGL Background Thread 1 ] DEBUG AssetLoader          - Loading from cache: /assets/textures/Grass/grasspecies2.png
19:41:13.897 [FXGL Background Thread 1 ] DEBUG AssetLoader          - Loading from cache: /assets/textures/Grass/grasspecies2.png
19:41:13.898 [FXGL Background Thread 1 ] DEBUG AssetLoader          - Loading from cache: /assets/textures/Grass/grasspecies2.png
19:41:13.899 [FXGL Background Thread 1 ] DEBUG AssetLoader          - Loading from cache: /assets/textures/Grass/grasspecies2.png
19:41:13.900 [FXGL Background Thread 1 ] DEBUG AssetLoader          - Loading from cache: /assets/textures/Grass/grasspecies2.png
19:41:13.901 [FXGL Background Thread 1 ] DEBUG AssetLoader          - Loading from cache: /assets/textures/Grass/grasspecies2.png
19:41:13.902 [FXGL Background Thread 1 ] DEBUG AssetLoader          - Loading from cache: /assets/textures/Grass/grasspecies2.png
19:41:13.903 [FXGL Background Thread 1 ] DEBUG AssetLoader          - Loading from cache: /assets/textures/Grass/grasspecies2.png
19:41:13.904 [FXGL Background Thread 1 ] DEBUG AssetLoader          - Loading from cache: /assets/textures/Grass/grasspecies2.png
19:41:13.905 [FXGL Background Thread 1 ] DEBUG AssetLoader          - Loading from cache: /assets/textures/Grass/grasspecies2.png
19:41:13.906 [FXGL Background Thread 1 ] DEBUG AssetLoader          - Loading from cache: /assets/textures/Wall/editwall2.png
19:41:13.907 [FXGL Background Thread 1 ] DEBUG AssetLoader          - Loading from cache: /assets/textures/Wall/editwall2.png
19:41:13.908 [FXGL Background Thread 1 ] DEBUG AssetLoader          - Loading from cache: /assets/textures/Grass/grasspecies2.png
19:41:13.909 [FXGL Background Thread 1 ] DEBUG AssetLoader          - Loading from cache: /assets/textures/Wall/editwall2.png
19:41:13.909 [FXGL Background Thread 1 ] DEBUG AssetLoader          - Loading from cache: /assets/textures/Grass/grasspecies2.png
19:41:13.910 [FXGL Background Thread 1 ] DEBUG AssetLoader          - Loading from cache: /assets/textures/Wall/editwall2.png
19:41:13.910 [FXGL Background Thread 1 ] DEBUG AssetLoader          - Loading from cache: /assets/textures/Grass/grasspecies2.png
19:41:13.911 [FXGL Background Thread 1 ] DEBUG AssetLoader          - Loading from cache: /assets/textures/Wall/editwall2.png
19:41:13.911 [FXGL Background Thread 1 ] DEBUG AssetLoader          - Loading from cache: /assets/textures/Grass/grasspecies2.png
19:41:13.912 [FXGL Background Thread 1 ] DEBUG AssetLoader          - Loading from cache: /assets/textures/Wall/editwall2.png
19:41:13.912 [FXGL Background Thread 1 ] DEBUG AssetLoader          - Loading from cache: /assets/textures/Grass/grasspecies2.png
19:41:13.913 [FXGL Background Thread 1 ] DEBUG AssetLoader          - Loading from cache: /assets/textures/Wall/editwall2.png
19:41:13.913 [FXGL Background Thread 1 ] DEBUG AssetLoader          - Loading from cache: /assets/textures/Grass/grasspecies2.png
19:41:13.914 [FXGL Background Thread 1 ] DEBUG AssetLoader          - Loading from cache: /assets/textures/Wall/editwall2.png
19:41:13.914 [FXGL Background Thread 1 ] DEBUG AssetLoader          - Loading from cache: /assets/textures/Grass/grasspecies2.png
19:41:13.914 [FXGL Background Thread 1 ] DEBUG AssetLoader          - Loading from cache: /assets/textures/Wall/editwall2.png
19:41:13.915 [FXGL Background Thread 1 ] DEBUG AssetLoader          - Loading from cache: /assets/textures/Grass/grasspecies2.png
19:41:13.916 [FXGL Background Thread 1 ] DEBUG AssetLoader          - Loading from cache: /assets/textures/Wall/editwall2.png
19:41:13.917 [FXGL Background Thread 1 ] DEBUG AssetLoader          - Loading from cache: /assets/textures/Wall/editwall2.png
19:41:13.917 [FXGL Background Thread 1 ] DEBUG AssetLoader          - Loading from cache: /assets/textures/Grass/grasspecies2.png
19:41:13.918 [FXGL Background Thread 1 ] DEBUG AssetLoader          - Loading from cache: /assets/textures/Grass/grasspecies2.png
19:41:13.919 [FXGL Background Thread 1 ] DEBUG AssetLoader          - Loading from cache: /assets/textures/Grass/grasspecies2.png
19:41:13.919 [FXGL Background Thread 1 ] DEBUG AssetLoader          - Loading from cache: /assets/textures/Grass/grasspecies2.png
19:41:13.919 [FXGL Background Thread 1 ] DEBUG AssetLoader          - Loading from cache: /assets/textures/Grass/grasspecies2.png
19:41:13.920 [FXGL Background Thread 1 ] DEBUG AssetLoader          - Loading from cache: /assets/textures/Grass/grasspecies2.png
19:41:13.920 [FXGL Background Thread 1 ] DEBUG AssetLoader          - Loading from cache: /assets/textures/Grass/grasspecies2.png
19:41:13.921 [FXGL Background Thread 1 ] DEBUG AssetLoader          - Loading from cache: /assets/textures/Grass/grasspecies2.png
19:41:13.922 [FXGL Background Thread 1 ] DEBUG AssetLoader          - Loading from cache: /assets/textures/Grass/grasspecies2.png
19:41:13.923 [FXGL Background Thread 1 ] DEBUG AssetLoader          - Loading from cache: /assets/textures/Grass/grasspecies2.png
19:41:13.923 [FXGL Background Thread 1 ] DEBUG AssetLoader          - Loading from cache: /assets/textures/Grass/grasspecies2.png
19:41:13.924 [FXGL Background Thread 1 ] DEBUG AssetLoader          - Loading from cache: /assets/textures/Grass/grasspecies2.png
19:41:13.925 [FXGL Background Thread 1 ] DEBUG AssetLoader          - Loading from cache: /assets/textures/Grass/grasspecies2.png
19:41:13.926 [FXGL Background Thread 1 ] DEBUG AssetLoader          - Loading from cache: /assets/textures/Grass/grasspecies2.png
19:41:13.927 [FXGL Background Thread 1 ] DEBUG AssetLoader          - Loading from cache: /assets/textures/Grass/grasspecies2.png
19:41:13.927 [FXGL Background Thread 1 ] DEBUG AssetLoader          - Loading from cache: /assets/textures/Wall/editwall2.png
19:41:13.928 [FXGL Background Thread 1 ] DEBUG AssetLoader          - Loading from cache: /assets/textures/Wall/editwall2.png
19:41:13.928 [FXGL Background Thread 1 ] DEBUG AssetLoader          - Loading from cache: /assets/textures/Grass/grasspecies2.png
19:41:13.929 [FXGL Background Thread 1 ] DEBUG AssetLoader          - Loading from cache: /assets/textures/Wall/editwall2.png
19:41:13.929 [FXGL Background Thread 1 ] DEBUG AssetLoader          - Loading from cache: /assets/textures/Grass/grasspecies2.png
19:41:13.930 [FXGL Background Thread 1 ] DEBUG AssetLoader          - Loading from cache: /assets/textures/Wall/editwall2.png
19:41:13.930 [FXGL Background Thread 1 ] DEBUG AssetLoader          - Loading from cache: /assets/textures/Grass/grasspecies2.png
19:41:13.931 [FXGL Background Thread 1 ] DEBUG AssetLoader          - Loading from cache: /assets/textures/Wall/editwall2.png
19:41:13.931 [FXGL Background Thread 1 ] DEBUG AssetLoader          - Loading from cache: /assets/textures/Grass/grasspecies2.png
19:41:13.932 [FXGL Background Thread 1 ] DEBUG AssetLoader          - Loading from cache: /assets/textures/Wall/editwall2.png
19:41:13.932 [FXGL Background Thread 1 ] DEBUG AssetLoader          - Loading from cache: /assets/textures/Grass/grasspecies2.png
19:41:13.933 [FXGL Background Thread 1 ] DEBUG AssetLoader          - Loading from cache: /assets/textures/Wall/editwall2.png
19:41:13.933 [FXGL Background Thread 1 ] DEBUG AssetLoader          - Loading from cache: /assets/textures/Grass/grasspecies2.png
19:41:13.934 [FXGL Background Thread 1 ] DEBUG AssetLoader          - Loading from cache: /assets/textures/Wall/editwall2.png
19:41:13.935 [FXGL Background Thread 1 ] DEBUG AssetLoader          - Loading from cache: /assets/textures/Grass/grasspecies2.png
19:41:13.936 [FXGL Background Thread 1 ] DEBUG AssetLoader          - Loading from cache: /assets/textures/Wall/editwall2.png
19:41:13.936 [FXGL Background Thread 1 ] DEBUG AssetLoader          - Loading from cache: /assets/textures/Grass/grasspecies2.png
19:41:13.937 [FXGL Background Thread 1 ] DEBUG AssetLoader          - Loading from cache: /assets/textures/Wall/editwall2.png
19:41:13.937 [FXGL Background Thread 1 ] DEBUG AssetLoader          - Loading from cache: /assets/textures/Wall/editwall2.png
19:41:13.938 [FXGL Background Thread 1 ] DEBUG AssetLoader          - Loading from cache: /assets/textures/Grass/grasspecies2.png
19:41:13.938 [FXGL Background Thread 1 ] DEBUG AssetLoader          - Loading from cache: /assets/textures/Grass/grasspecies2.png
19:41:13.939 [FXGL Background Thread 1 ] DEBUG AssetLoader          - Loading from cache: /assets/textures/Grass/grasspecies2.png
19:41:13.939 [FXGL Background Thread 1 ] DEBUG AssetLoader          - Loading from cache: /assets/textures/Grass/grasspecies2.png
19:41:13.940 [FXGL Background Thread 1 ] DEBUG AssetLoader          - Loading from cache: /assets/textures/Grass/grasspecies2.png
19:41:13.940 [FXGL Background Thread 1 ] DEBUG AssetLoader          - Loading from cache: /assets/textures/Grass/grasspecies2.png
19:41:13.941 [FXGL Background Thread 1 ] DEBUG AssetLoader          - Loading from cache: /assets/textures/Grass/grasspecies2.png
19:41:13.941 [FXGL Background Thread 1 ] DEBUG AssetLoader          - Loading from cache: /assets/textures/Grass/grasspecies2.png
19:41:13.942 [FXGL Background Thread 1 ] DEBUG AssetLoader          - Loading from cache: /assets/textures/Grass/grasspecies2.png
19:41:13.942 [FXGL Background Thread 1 ] DEBUG AssetLoader          - Loading from cache: /assets/textures/Grass/grasspecies2.png
19:41:13.942 [FXGL Background Thread 1 ] DEBUG AssetLoader          - Loading from cache: /assets/textures/Grass/grasspecies2.png
19:41:13.943 [FXGL Background Thread 1 ] DEBUG AssetLoader          - Loading from cache: /assets/textures/Grass/grasspecies2.png
19:41:13.943 [FXGL Background Thread 1 ] DEBUG AssetLoader          - Loading from cache: /assets/textures/Grass/grasspecies2.png
19:41:13.944 [FXGL Background Thread 1 ] DEBUG AssetLoader          - Loading from cache: /assets/textures/Grass/grasspecies2.png
19:41:13.944 [FXGL Background Thread 1 ] DEBUG AssetLoader          - Loading from cache: /assets/textures/Grass/grasspecies2.png
19:41:13.944 [FXGL Background Thread 1 ] DEBUG AssetLoader          - Loading from cache: /assets/textures/Wall/editwall2.png
19:41:13.945 [FXGL Background Thread 1 ] DEBUG AssetLoader          - Loading from cache: /assets/textures/Wall/editwall2.png
19:41:13.946 [FXGL Background Thread 1 ] DEBUG AssetLoader          - Loading from cache: /assets/textures/Grass/grasspecies2.png
19:41:13.947 [FXGL Background Thread 1 ] DEBUG AssetLoader          - Loading from cache: /assets/textures/Wall/editwall2.png
19:41:13.947 [FXGL Background Thread 1 ] DEBUG AssetLoader          - Loading from cache: /assets/textures/Grass/grasspecies2.png
19:41:13.947 [FXGL Background Thread 1 ] DEBUG AssetLoader          - Loading from cache: /assets/textures/Wall/editwall2.png
19:41:13.948 [FXGL Background Thread 1 ] DEBUG AssetLoader          - Loading from cache: /assets/textures/Grass/grasspecies2.png
19:41:13.949 [FXGL Background Thread 1 ] DEBUG AssetLoader          - Loading from cache: /assets/textures/Wall/editwall2.png
19:41:13.949 [FXGL Background Thread 1 ] DEBUG AssetLoader          - Loading from cache: /assets/textures/Grass/grasspecies2.png
19:41:13.950 [FXGL Background Thread 1 ] DEBUG AssetLoader          - Loading from cache: /assets/textures/Wall/editwall2.png
19:41:13.950 [FXGL Background Thread 1 ] DEBUG AssetLoader          - Loading from cache: /assets/textures/Grass/grasspecies2.png
19:41:13.951 [FXGL Background Thread 1 ] DEBUG AssetLoader          - Loading from cache: /assets/textures/Wall/editwall2.png
19:41:13.951 [FXGL Background Thread 1 ] DEBUG AssetLoader          - Loading from cache: /assets/textures/Grass/grasspecies2.png
19:41:13.952 [FXGL Background Thread 1 ] DEBUG AssetLoader          - Loading from cache: /assets/textures/Wall/editwall2.png
19:41:13.952 [FXGL Background Thread 1 ] DEBUG AssetLoader          - Loading from cache: /assets/textures/Grass/grasspecies2.png
19:41:13.952 [FXGL Background Thread 1 ] DEBUG AssetLoader          - Loading from cache: /assets/textures/Wall/editwall2.png
19:41:13.953 [FXGL Background Thread 1 ] DEBUG AssetLoader          - Loading from cache: /assets/textures/Grass/grasspecies2.png
19:41:13.956 [FXGL Background Thread 1 ] DEBUG AssetLoader          - Loading from cache: /assets/textures/Wall/editwall2.png
19:41:13.957 [FXGL Background Thread 1 ] DEBUG AssetLoader          - Loading from cache: /assets/textures/Wall/editwall2.png
19:41:13.957 [FXGL Background Thread 1 ] DEBUG AssetLoader          - Loading from cache: /assets/textures/Grass/grasspecies2.png
19:41:13.958 [FXGL Background Thread 1 ] DEBUG AssetLoader          - Loading from cache: /assets/textures/Grass/grasspecies2.png
19:41:13.960 [FXGL Background Thread 1 ] DEBUG AssetLoader          - Loading from cache: /assets/textures/Grass/grasspecies2.png
19:41:13.961 [FXGL Background Thread 1 ] DEBUG AssetLoader          - Loading from cache: /assets/textures/Grass/grasspecies2.png
19:41:13.961 [FXGL Background Thread 1 ] DEBUG AssetLoader          - Loading from cache: /assets/textures/Grass/grasspecies2.png
19:41:13.962 [FXGL Background Thread 1 ] DEBUG AssetLoader          - Loading from cache: /assets/textures/Grass/grasspecies2.png
19:41:13.962 [FXGL Background Thread 1 ] DEBUG AssetLoader          - Loading from cache: /assets/textures/Grass/grasspecies2.png
19:41:13.963 [FXGL Background Thread 1 ] DEBUG AssetLoader          - Loading from cache: /assets/textures/Grass/grasspecies2.png
19:41:13.964 [FXGL Background Thread 1 ] DEBUG AssetLoader          - Loading from cache: /assets/textures/Grass/grasspecies2.png
19:41:13.964 [FXGL Background Thread 1 ] DEBUG AssetLoader          - Loading from cache: /assets/textures/Grass/grasspecies2.png
19:41:13.965 [FXGL Background Thread 1 ] DEBUG AssetLoader          - Loading from cache: /assets/textures/Grass/grasspecies2.png
19:41:13.966 [FXGL Background Thread 1 ] DEBUG AssetLoader          - Loading from cache: /assets/textures/Grass/grasspecies2.png
19:41:13.966 [FXGL Background Thread 1 ] DEBUG AssetLoader          - Loading from cache: /assets/textures/Grass/grasspecies2.png
19:41:13.967 [FXGL Background Thread 1 ] DEBUG AssetLoader          - Loading from cache: /assets/textures/Grass/grasspecies2.png
19:41:13.968 [FXGL Background Thread 1 ] DEBUG AssetLoader          - Loading from cache: /assets/textures/Grass/grasspecies2.png
19:41:13.968 [FXGL Background Thread 1 ] DEBUG AssetLoader          - Loading from cache: /assets/textures/Wall/editwall2.png
19:41:13.969 [FXGL Background Thread 1 ] DEBUG AssetLoader          - Loading from cache: /assets/textures/Wall/editwall2.png
19:41:13.969 [FXGL Background Thread 1 ] DEBUG AssetLoader          - Loading from cache: /assets/textures/Grass/grasspecies2.png
19:41:13.969 [FXGL Background Thread 1 ] DEBUG AssetLoader          - Loading from cache: /assets/textures/Wall/editwall2.png
19:41:13.970 [FXGL Background Thread 1 ] DEBUG AssetLoader          - Loading from cache: /assets/textures/Grass/grasspecies2.png
19:41:13.970 [FXGL Background Thread 1 ] DEBUG AssetLoader          - Loading from cache: /assets/textures/Wall/editwall2.png
19:41:13.970 [FXGL Background Thread 1 ] DEBUG AssetLoader          - Loading from cache: /assets/textures/Grass/grasspecies2.png
19:41:13.971 [FXGL Background Thread 1 ] DEBUG AssetLoader          - Loading from cache: /assets/textures/Wall/editwall2.png
19:41:13.971 [FXGL Background Thread 1 ] DEBUG AssetLoader          - Loading from cache: /assets/textures/Grass/grasspecies2.png
19:41:13.972 [FXGL Background Thread 1 ] DEBUG AssetLoader          - Loading from cache: /assets/textures/Wall/editwall2.png
19:41:13.972 [FXGL Background Thread 1 ] DEBUG AssetLoader          - Loading from cache: /assets/textures/Grass/grasspecies2.png
19:41:13.972 [FXGL Background Thread 1 ] DEBUG AssetLoader          - Loading from cache: /assets/textures/Wall/editwall2.png
19:41:13.972 [FXGL Background Thread 1 ] DEBUG AssetLoader          - Loading from cache: /assets/textures/Grass/grasspecies2.png
19:41:13.973 [FXGL Background Thread 1 ] DEBUG AssetLoader          - Loading from cache: /assets/textures/Wall/editwall2.png
19:41:13.973 [FXGL Background Thread 1 ] DEBUG AssetLoader          - Loading from cache: /assets/textures/Grass/grasspecies2.png
19:41:13.973 [FXGL Background Thread 1 ] DEBUG AssetLoader          - Loading from cache: /assets/textures/Wall/editwall2.png
19:41:13.974 [FXGL Background Thread 1 ] DEBUG AssetLoader          - Loading from cache: /assets/textures/Grass/grasspecies2.png
19:41:13.974 [FXGL Background Thread 1 ] DEBUG AssetLoader          - Loading from cache: /assets/textures/Wall/editwall2.png
19:41:13.976 [FXGL Background Thread 1 ] DEBUG AssetLoader          - Loading from cache: /assets/textures/Wall/editwall2.png
19:41:13.976 [FXGL Background Thread 1 ] DEBUG AssetLoader          - Loading from cache: /assets/textures/Grass/grasspecies2.png
19:41:13.977 [FXGL Background Thread 1 ] DEBUG AssetLoader          - Loading from cache: /assets/textures/Grass/grasspecies2.png
19:41:13.977 [FXGL Background Thread 1 ] DEBUG AssetLoader          - Loading from cache: /assets/textures/Grass/grasspecies2.png
19:41:13.977 [FXGL Background Thread 1 ] DEBUG AssetLoader          - Loading from cache: /assets/textures/Grass/grasspecies2.png
19:41:13.978 [FXGL Background Thread 1 ] DEBUG AssetLoader          - Loading from cache: /assets/textures/Grass/grasspecies2.png
19:41:13.978 [FXGL Background Thread 1 ] DEBUG AssetLoader          - Loading from cache: /assets/textures/Grass/grasspecies2.png
19:41:13.979 [FXGL Background Thread 1 ] DEBUG AssetLoader          - Loading from cache: /assets/textures/Grass/grasspecies2.png
19:41:13.979 [FXGL Background Thread 1 ] DEBUG AssetLoader          - Loading from cache: /assets/textures/Grass/grasspecies2.png
19:41:13.980 [FXGL Background Thread 1 ] DEBUG AssetLoader          - Loading from cache: /assets/textures/Grass/grasspecies2.png
19:41:13.980 [FXGL Background Thread 1 ] DEBUG AssetLoader          - Loading from cache: /assets/textures/Grass/grasspecies2.png
19:41:13.981 [FXGL Background Thread 1 ] DEBUG AssetLoader          - Loading from cache: /assets/textures/Grass/grasspecies2.png
19:41:13.982 [FXGL Background Thread 1 ] DEBUG AssetLoader          - Loading from cache: /assets/textures/Grass/grasspecies2.png
19:41:13.983 [FXGL Background Thread 1 ] DEBUG AssetLoader          - Loading from cache: /assets/textures/Grass/grasspecies2.png
19:41:13.983 [FXGL Background Thread 1 ] DEBUG AssetLoader          - Loading from cache: /assets/textures/Grass/grasspecies2.png
19:41:13.984 [FXGL Background Thread 1 ] DEBUG AssetLoader          - Loading from cache: /assets/textures/Grass/grasspecies2.png
19:41:13.984 [FXGL Background Thread 1 ] DEBUG AssetLoader          - Loading from cache: /assets/textures/Wall/editwall2.png
19:41:13.985 [FXGL Background Thread 1 ] DEBUG AssetLoader          - Loading from cache: /assets/textures/Wall/editwall2.png
19:41:13.986 [FXGL Background Thread 1 ] DEBUG AssetLoader          - Loading from cache: /assets/textures/Grass/grasspecies2.png
19:41:13.987 [FXGL Background Thread 1 ] DEBUG AssetLoader          - Loading from cache: /assets/textures/Wall/editwall2.png
19:41:13.987 [FXGL Background Thread 1 ] DEBUG AssetLoader          - Loading from cache: /assets/textures/Grass/grasspecies2.png
19:41:13.988 [FXGL Background Thread 1 ] DEBUG AssetLoader          - Loading from cache: /assets/textures/Wall/editwall2.png
19:41:13.989 [FXGL Background Thread 1 ] DEBUG AssetLoader          - Loading from cache: /assets/textures/Grass/grasspecies2.png
19:41:13.989 [FXGL Background Thread 1 ] DEBUG AssetLoader          - Loading from cache: /assets/textures/Wall/editwall2.png
19:41:13.989 [FXGL Background Thread 1 ] DEBUG AssetLoader          - Loading from cache: /assets/textures/Grass/grasspecies2.png
19:41:13.990 [FXGL Background Thread 1 ] DEBUG AssetLoader          - Loading from cache: /assets/textures/Wall/editwall2.png
19:41:13.990 [FXGL Background Thread 1 ] DEBUG AssetLoader          - Loading from cache: /assets/textures/Grass/grasspecies2.png
19:41:13.990 [FXGL Background Thread 1 ] DEBUG AssetLoader          - Loading from cache: /assets/textures/Wall/editwall2.png
19:41:13.990 [FXGL Background Thread 1 ] DEBUG AssetLoader          - Loading from cache: /assets/textures/Grass/grasspecies2.png
19:41:13.991 [FXGL Background Thread 1 ] DEBUG AssetLoader          - Loading from cache: /assets/textures/Wall/editwall2.png
19:41:13.991 [FXGL Background Thread 1 ] DEBUG AssetLoader          - Loading from cache: /assets/textures/Grass/grasspecies2.png
19:41:13.991 [FXGL Background Thread 1 ] DEBUG AssetLoader          - Loading from cache: /assets/textures/Wall/editwall2.png
19:41:13.991 [FXGL Background Thread 1 ] DEBUG AssetLoader          - Loading from cache: /assets/textures/Grass/grasspecies2.png
19:41:13.992 [FXGL Background Thread 1 ] DEBUG AssetLoader          - Loading from cache: /assets/textures/Wall/editwall2.png
19:41:13.992 [FXGL Background Thread 1 ] DEBUG AssetLoader          - Loading from cache: /assets/textures/Wall/editwall2.png
19:41:13.992 [FXGL Background Thread 1 ] DEBUG AssetLoader          - Loading from cache: /assets/textures/Grass/grasspecies2.png
19:41:13.993 [FXGL Background Thread 1 ] DEBUG AssetLoader          - Loading from cache: /assets/textures/Grass/grasspecies2.png
19:41:13.993 [FXGL Background Thread 1 ] DEBUG AssetLoader          - Loading from cache: /assets/textures/Grass/grasspecies2.png
19:41:13.993 [FXGL Background Thread 1 ] DEBUG AssetLoader          - Loading from cache: /assets/textures/Grass/grasspecies2.png
19:41:13.994 [FXGL Background Thread 1 ] DEBUG AssetLoader          - Loading from cache: /assets/textures/Grass/grasspecies2.png
19:41:13.995 [FXGL Background Thread 1 ] DEBUG AssetLoader          - Loading from cache: /assets/textures/Grass/grasspecies2.png
19:41:13.995 [FXGL Background Thread 1 ] DEBUG AssetLoader          - Loading from cache: /assets/textures/Grass/grasspecies2.png
19:41:13.995 [FXGL Background Thread 1 ] DEBUG AssetLoader          - Loading from cache: /assets/textures/Grass/grasspecies2.png
19:41:13.996 [FXGL Background Thread 1 ] DEBUG AssetLoader          - Loading from cache: /assets/textures/Grass/grasspecies2.png
19:41:13.996 [FXGL Background Thread 1 ] DEBUG AssetLoader          - Loading from cache: /assets/textures/Grass/grasspecies2.png
19:41:13.996 [FXGL Background Thread 1 ] DEBUG AssetLoader          - Loading from cache: /assets/textures/Grass/grasspecies2.png
19:41:13.997 [FXGL Background Thread 1 ] DEBUG AssetLoader          - Loading from cache: /assets/textures/Grass/grasspecies2.png
19:41:13.997 [FXGL Background Thread 1 ] DEBUG AssetLoader          - Loading from cache: /assets/textures/Grass/grasspecies2.png
19:41:13.998 [FXGL Background Thread 1 ] DEBUG AssetLoader          - Loading from cache: /assets/textures/Grass/grasspecies2.png
19:41:13.998 [FXGL Background Thread 1 ] DEBUG AssetLoader          - Loading from cache: /assets/textures/Grass/grasspecies2.png
19:41:13.999 [FXGL Background Thread 1 ] DEBUG AssetLoader          - Loading from cache: /assets/textures/Wall/editwall2.png
19:41:13.999 [FXGL Background Thread 1 ] DEBUG AssetLoader          - Loading from cache: /assets/textures/Wall/editwall2.png
19:41:13.999 [FXGL Background Thread 1 ] DEBUG AssetLoader          - Loading from cache: /assets/textures/Wall/editwall2.png
19:41:14.000 [FXGL Background Thread 1 ] DEBUG AssetLoader          - Loading from cache: /assets/textures/Wall/editwall2.png
19:41:14.000 [FXGL Background Thread 1 ] DEBUG AssetLoader          - Loading from cache: /assets/textures/Wall/editwall2.png
19:41:14.001 [FXGL Background Thread 1 ] DEBUG AssetLoader          - Loading from cache: /assets/textures/Wall/editwall2.png
19:41:14.001 [FXGL Background Thread 1 ] DEBUG AssetLoader          - Loading from cache: /assets/textures/Wall/editwall2.png
19:41:14.002 [FXGL Background Thread 1 ] DEBUG AssetLoader          - Loading from cache: /assets/textures/Wall/editwall2.png
19:41:14.002 [FXGL Background Thread 1 ] DEBUG AssetLoader          - Loading from cache: /assets/textures/Wall/editwall2.png
19:41:14.002 [FXGL Background Thread 1 ] DEBUG AssetLoader          - Loading from cache: /assets/textures/Wall/editwall2.png
19:41:14.003 [FXGL Background Thread 1 ] DEBUG AssetLoader          - Loading from cache: /assets/textures/Wall/editwall2.png
19:41:14.003 [FXGL Background Thread 1 ] DEBUG AssetLoader          - Loading from cache: /assets/textures/Wall/editwall2.png
19:41:14.003 [FXGL Background Thread 1 ] DEBUG AssetLoader          - Loading from cache: /assets/textures/Wall/editwall2.png
19:41:14.003 [FXGL Background Thread 1 ] DEBUG AssetLoader          - Loading from cache: /assets/textures/Wall/editwall2.png
19:41:14.004 [FXGL Background Thread 1 ] DEBUG AssetLoader          - Loading from cache: /assets/textures/Wall/editwall2.png
19:41:14.004 [FXGL Background Thread 1 ] DEBUG AssetLoader          - Loading from cache: /assets/textures/Wall/editwall2.png
19:41:14.005 [FXGL Background Thread 1 ] DEBUG AssetLoader          - Loading from cache: /assets/textures/Wall/editwall2.png
19:41:14.005 [FXGL Background Thread 1 ] DEBUG AssetLoader          - Loading from cache: /assets/textures/Wall/editwall2.png
19:41:14.006 [FXGL Background Thread 1 ] DEBUG GameWorld            - Clearing removable entities
19:41:14.007 [FXGL Background Thread 1 ] DEBUG GameWorld            - Setting level: com.almasb.fxgl.entity.Level@3e7e103f
19:41:14.009 [FXGL Background Thread 1 ] DEBUG GameScene            - Creating render group for layer: DEFAULT(100000)
19:41:14.012 [FXGL Background Thread 1 ] DEBUG GameScene            - Creating render group for layer: BACKGROUND(1000)
19:41:14.021 [FXGL Background Thread 1 ] DEBUG AssetLoader          - Loading from disk: /assets/textures/Bomberman/down.png
19:41:14.023 [FXGL Background Thread 1 ] DEBUG AssetLoader          - Loading from cache: /assets/textures/Bomberman/down.png
19:41:14.023 [FXGL Background Thread 1 ] DEBUG AssetLoader          - Loading from disk: /assets/textures/Bomberman/up.png
19:41:14.024 [FXGL Background Thread 1 ] DEBUG AssetLoader          - Loading from disk: /assets/textures/Bomberman/left.png
19:41:14.024 [FXGL Background Thread 1 ] DEBUG AssetLoader          - Loading from disk: /assets/textures/Bomberman/right.png
19:41:14.036 [FXGL Background Thread 1 ] DEBUG InitAppTask          - Initializing Physics
19:41:14.037 [FXGL Background Thread 1 ] DEBUG InitAppTask          - Initializing UI
19:41:14.037 [FXGL Background Thread 1 ] DEBUG InitAppTask          - Initialization Complete
19:41:14.037 [FXGL Background Thread 1 ] INFO  InitAppTask          - Game initialization took: 0.303 sec
19:41:14.052 [JavaFX Application Thread] DEBUG Input                - Clearing active input actions
19:41:14.102 [JavaFX Application Thread] DEBUG AppStateMachine      - LoadingState -> PlayState
19:42:28.054 [JavaFX Application Thread] DEBUG GameApplication      - Exiting game application
19:42:28.055 [JavaFX Application Thread] DEBUG GameApplication      - Shutting down background threads
19:42:28.056 [JavaFX Application Thread] DEBUG GameApplication      - Exiting FXGL
19:42:28.056 [JavaFX Application Thread] DEBUG FXGL                 - Saving FXGL system data
19:42:28.063 [JavaFX Application Thread] DEBUG DesktopFSService     - Writing to: system\fxgl.bundle
19:42:28.075 [JavaFX Application Thread] DEBUG GameApplication      - Closing logger and exiting JavaFX
