14:37:04.149 [JavaFX Application Thread] DEBUG GameApplication      - Logger initialized
14:37:04.158 [JavaFX Application Thread] DEBUG MainWindow           - Creating a JavaFX scene
14:37:04.395 [JavaFX Application Thread] DEBUG MainWindow           - Target settings size: 600.0 x 440.0
14:37:04.396 [JavaFX Application Thread] DEBUG MainWindow           - Scaled scene size:    600.0 x 440.0
14:37:04.396 [JavaFX Application Thread] DEBUG MainWindow           - Scaled ratio: (1.0, 1.0)
14:37:04.408 [JavaFX Application Thread] DEBUG GameApplication      - Starting FXGL
14:37:04.418 [JavaFX Application Thread] INFO  FXGL                 - FXGL-0.5.3 on DESKTOP
14:37:04.419 [JavaFX Application Thread] INFO  FXGL                 - Source code and latest versions at: https://github.com/AlmasB/FXGL
14:37:04.420 [JavaFX Application Thread] INFO  FXGL                 -              Join the FXGL chat at: https://gitter.im/AlmasB/FXGL
14:37:04.437 [JavaFX Application Thread] DEBUG FS                   - Loaded DesktopFSService
14:37:04.437 [JavaFX Application Thread] DEBUG FXGL                 - Loading FXGL system data
14:37:04.453 [JavaFX Application Thread] DEBUG DesktopFSService     - Reading from: system/fxgl.bundle
14:37:04.473 [JavaFX Application Thread] DEBUG Bundle               - Logging bundle: FXGL
14:37:04.475 [JavaFX Application Thread] DEBUG Bundle               - FXGL.offline.timer.version.check=2018-11-21T10:17:16.102
14:37:04.547 [JavaFX Application Thread] DEBUG GameApplication      - FXGL started
14:37:04.558 [JavaFX Application Thread] DEBUG GameApplication      - Logging game settings
Title: BombermanApp
Version: 0.1
Width: 600
Height: 440
Fullscreen: false
Intro: false
Menus: false
Profiling: false
Single step:false
App Mode: DEVELOPER
Menu Key: ESCAPE
Stage Style: DECORATED
Scene Factory: class com.almasb.fxgl.scene.SceneFactory
Dialog Factory: class com.almasb.fxgl.ui.FXGLDialogFactory
UI Factory: class com.almasb.fxgl.ui.FXGLUIFactory
Notification Service: class com.almasb.fxgl.gameplay.notification.XboxNotificationView
Exception Handler: class com.almasb.fxgl.app.FXGLExceptionHandler
14:37:04.560 [JavaFX Application Thread] DEBUG GameApplication      - Configuring GameApplication
14:37:04.560 [JavaFX Application Thread] DEBUG GameApplication      - Initializing state machine and application states
14:37:04.633 [JavaFX Application Thread] DEBUG AssetLoader          - Loading from disk: /assets/ui/cursors/fxgl_default.png
14:37:04.700 [JavaFX Application Thread] DEBUG AssetLoader          - Loading from disk: /assets/ui/cursors/fxgl_default.png
14:37:04.801 [JavaFX Application Thread] DEBUG FXGLAssets           - Loading FXGLAssets
14:37:04.868 [JavaFX Application Thread] DEBUG AssetLoader          - Loading from disk: /assets/ui/fonts/VarelaRound-Regular.ttf
14:37:04.904 [JavaFX Application Thread] DEBUG AssetLoader          - Loading from disk: /assets/ui/fonts/lucida_console.ttf
14:37:04.912 [JavaFX Application Thread] DEBUG AssetLoader          - Loading from disk: /assets/ui/fonts/Courier-Prime.ttf
14:37:04.916 [JavaFX Application Thread] DEBUG AssetLoader          - Loading from disk: /assets/ui/fonts/Abel-Regular.ttf
14:37:04.926 [JavaFX Application Thread] DEBUG AssetLoader          - Loading from disk: /assets/ui/css/fxgl_dark.css
14:37:04.994 [JavaFX Application Thread] DEBUG AssetLoader          - Loading from disk: /assets/ui/cursors/fxgl_default.png
14:37:05.120 [JavaFX Application Thread] DEBUG AssetLoader          - Loading from disk: /assets/ui/cursors/fxgl_default.png
14:37:05.163 [JavaFX Application Thread] DEBUG GameScene            - Game scene initialized: 600x440
14:37:05.170 [JavaFX Application Thread] DEBUG GameWorld            - Game world initialized
14:37:05.308 [JavaFX Application Thread] DEBUG PhysicsWorld         - Physics world initialized: appHeight=440, physics.ppm=50.0
14:37:05.346 [JavaFX Application Thread] DEBUG Input                - Registered new binding: Pause - Esc
14:37:05.380 [JavaFX Application Thread] DEBUG Input                - Clearing active input actions
14:37:05.503 [JavaFX Application Thread] DEBUG AppStateMachine      - StartupState -> StartupState
14:37:05.520 [JavaFX Application Thread] INFO  GameApplication      - Game configuration took:  0.959 sec
14:37:05.526 [JavaFX Application Thread] DEBUG AssetLoader          - Loading from disk: /assets/textures/fxgl_icon.png
14:37:05.572 [JavaFX Application Thread] DEBUG MainWindow           - Opening main window
14:37:05.669 [JavaFX Application Thread] DEBUG MainWindow           - Window border size: (0.0, 0.0)
14:37:05.669 [JavaFX Application Thread] DEBUG MainWindow           - Scaled size: 600.0 x 440.0
14:37:05.669 [JavaFX Application Thread] DEBUG MainWindow           - Scaled ratio: (1.0, 1.0)
14:37:05.670 [JavaFX Application Thread] DEBUG MainWindow           - Scene size: 600.0 x 440.0
14:37:05.670 [JavaFX Application Thread] DEBUG MainWindow           - Stage size: 600.0 x 440.0
14:37:05.670 [JavaFX Application Thread] DEBUG GameApplication      - Running preInit()
14:37:05.674 [JavaFX Application Thread] DEBUG Input                - Registered new binding: Screenshot - P
14:37:05.675 [JavaFX Application Thread] DEBUG Input                - Registered new binding: Dev Options - CTRL+0
14:37:05.676 [JavaFX Application Thread] DEBUG Input                - Registered new binding: System info dump - CTRL+9
14:37:05.677 [JavaFX Application Thread] DEBUG Input                - Registered new binding: Restart - CTRL+R
14:37:05.677 [JavaFX Application Thread] DEBUG Input                - Registered new binding: Move Up - W
14:37:05.677 [JavaFX Application Thread] DEBUG Input                - Registered new binding: Move Left - A
14:37:05.678 [JavaFX Application Thread] DEBUG Input                - Registered new binding: Move Down - S
14:37:05.678 [JavaFX Application Thread] DEBUG Input                - Registered new binding: Move Right - D
14:37:05.678 [JavaFX Application Thread] DEBUG Input                - Registered new binding: Place Bomb - F
14:37:05.785 [JavaFX Application Thread] DEBUG GameApplication      - Starting main loop
14:37:05.831 [JavaFX Application Thread] DEBUG StartupState         - STARTUP
14:37:05.831 [JavaFX Application Thread] DEBUG GameApplication      - Starting new game
14:37:05.831 [JavaFX Application Thread] DEBUG Input                - Clearing active input actions
14:37:05.879 [JavaFX Application Thread] DEBUG AppStateMachine      - StartupState -> LoadingState
14:37:05.911 [FXGL Background Thread 1 ] DEBUG InitAppTask          - Clearing previous game
14:37:05.911 [FXGL Background Thread 1 ] DEBUG GameWorld            - Clearing game world
14:37:05.911 [FXGL Background Thread 1 ] DEBUG PhysicsWorld         - Clearing physics world
14:37:05.911 [FXGL Background Thread 1 ] DEBUG GameScene            - Clearing game scene
14:37:05.923 [FXGL Background Thread 1 ] DEBUG InitAppTask          - Initializing Game
14:37:06.004 [FXGL Background Thread 1 ] DEBUG AssetLoader          - Loading from disk: /assets/text/levels/0.txt
14:37:06.419 [FXGL Background Thread 1 ] DEBUG GameWorld            - Clearing removable entities
14:37:06.420 [FXGL Background Thread 1 ] DEBUG GameWorld            - Setting level: com.almasb.fxgl.entity.Level@6b96e8b1
14:37:06.422 [FXGL Background Thread 1 ] DEBUG GameScene            - Creating render group for layer: BACKGROUND(1000)
14:37:06.427 [FXGL Background Thread 1 ] DEBUG GameScene            - Creating render group for layer: DEFAULT(100000)
14:37:06.454 [FXGL Background Thread 1 ] DEBUG AssetLoader          - Loading from disk: /assets/textures/Bomberman/down.png
14:37:06.466 [FXGL Background Thread 1 ] DEBUG AssetLoader          - Loading from cache: /assets/textures/Bomberman/down.png
14:37:06.467 [FXGL Background Thread 1 ] DEBUG AssetLoader          - Loading from disk: /assets/textures/Bomberman/up.png
14:37:06.467 [FXGL Background Thread 1 ] DEBUG AssetLoader          - Loading from disk: /assets/textures/Bomberman/left.png
14:37:06.468 [FXGL Background Thread 1 ] DEBUG AssetLoader          - Loading from disk: /assets/textures/Bomberman/right.png
14:37:06.493 [FXGL Background Thread 1 ] DEBUG InitAppTask          - Initializing Physics
14:37:06.494 [FXGL Background Thread 1 ] DEBUG InitAppTask          - Initializing UI
14:37:06.495 [FXGL Background Thread 1 ] DEBUG InitAppTask          - Initialization Complete
14:37:06.496 [FXGL Background Thread 1 ] INFO  InitAppTask          - Game initialization took: 0.586 sec
14:37:06.508 [JavaFX Application Thread] DEBUG Input                - Clearing active input actions
14:37:06.667 [JavaFX Application Thread] DEBUG AppStateMachine      - LoadingState -> PlayState
14:37:19.169 [JavaFX Application Thread] DEBUG GameApplication      - Exiting game application
14:37:19.172 [JavaFX Application Thread] DEBUG GameApplication      - Shutting down background threads
14:37:19.179 [JavaFX Application Thread] DEBUG GameApplication      - Exiting FXGL
14:37:19.180 [JavaFX Application Thread] DEBUG FXGL                 - Saving FXGL system data
14:37:19.184 [JavaFX Application Thread] DEBUG DesktopFSService     - Writing to: system/fxgl.bundle
14:37:19.189 [JavaFX Application Thread] DEBUG GameApplication      - Closing logger and exiting JavaFX
