14:38:36.257 [JavaFX Application Thread] DEBUG GameApplication      - Logger initialized
14:38:36.267 [JavaFX Application Thread] DEBUG MainWindow           - Creating a JavaFX scene
14:38:36.488 [JavaFX Application Thread] DEBUG MainWindow           - Target settings size: 600.0 x 440.0
14:38:36.488 [JavaFX Application Thread] DEBUG MainWindow           - Scaled scene size:    600.0 x 440.0
14:38:36.489 [JavaFX Application Thread] DEBUG MainWindow           - Scaled ratio: (1.0, 1.0)
14:38:36.498 [JavaFX Application Thread] DEBUG GameApplication      - Starting FXGL
14:38:36.505 [JavaFX Application Thread] INFO  FXGL                 - FXGL-0.5.3 on DESKTOP
14:38:36.506 [JavaFX Application Thread] INFO  FXGL                 - Source code and latest versions at: https://github.com/AlmasB/FXGL
14:38:36.506 [JavaFX Application Thread] INFO  FXGL                 -              Join the FXGL chat at: https://gitter.im/AlmasB/FXGL
14:38:36.525 [JavaFX Application Thread] DEBUG FS                   - Loaded DesktopFSService
14:38:36.526 [JavaFX Application Thread] DEBUG FXGL                 - Loading FXGL system data
14:38:36.546 [JavaFX Application Thread] DEBUG DesktopFSService     - Reading from: system/fxgl.bundle
14:38:36.562 [JavaFX Application Thread] DEBUG Bundle               - Logging bundle: FXGL
14:38:36.563 [JavaFX Application Thread] DEBUG Bundle               - FXGL.offline.timer.version.check=2018-11-21T10:17:16.102
14:38:36.631 [JavaFX Application Thread] DEBUG GameApplication      - FXGL started
14:38:36.632 [JavaFX Application Thread] DEBUG GameApplication      - Logging game settings
Title: BombermanApp
Version: 0.1
Width: 600
Height: 440
Fullscreen: false
Intro: false
Menus: false
Profiling: false
Single step:false
App Mode: DEVELOPER
Menu Key: ESCAPE
Stage Style: DECORATED
Scene Factory: class com.almasb.fxgl.scene.SceneFactory
Dialog Factory: class com.almasb.fxgl.ui.FXGLDialogFactory
UI Factory: class com.almasb.fxgl.ui.FXGLUIFactory
Notification Service: class com.almasb.fxgl.gameplay.notification.XboxNotificationView
Exception Handler: class com.almasb.fxgl.app.FXGLExceptionHandler
14:38:36.642 [JavaFX Application Thread] DEBUG GameApplication      - Configuring GameApplication
14:38:36.643 [JavaFX Application Thread] DEBUG GameApplication      - Initializing state machine and application states
14:38:36.680 [JavaFX Application Thread] DEBUG AssetLoader          - Loading from disk: /assets/ui/cursors/fxgl_default.png
14:38:36.793 [JavaFX Application Thread] DEBUG AssetLoader          - Loading from disk: /assets/ui/cursors/fxgl_default.png
14:38:36.977 [JavaFX Application Thread] DEBUG FXGLAssets           - Loading FXGLAssets
14:38:37.030 [JavaFX Application Thread] DEBUG AssetLoader          - Loading from disk: /assets/ui/fonts/VarelaRound-Regular.ttf
14:38:37.084 [JavaFX Application Thread] DEBUG AssetLoader          - Loading from disk: /assets/ui/fonts/lucida_console.ttf
14:38:37.099 [JavaFX Application Thread] DEBUG AssetLoader          - Loading from disk: /assets/ui/fonts/Courier-Prime.ttf
14:38:37.107 [JavaFX Application Thread] DEBUG AssetLoader          - Loading from disk: /assets/ui/fonts/Abel-Regular.ttf
14:38:37.111 [JavaFX Application Thread] DEBUG AssetLoader          - Loading from disk: /assets/ui/css/fxgl_dark.css
14:38:37.190 [JavaFX Application Thread] DEBUG AssetLoader          - Loading from disk: /assets/ui/cursors/fxgl_default.png
14:38:37.310 [JavaFX Application Thread] DEBUG AssetLoader          - Loading from disk: /assets/ui/cursors/fxgl_default.png
14:38:37.369 [JavaFX Application Thread] DEBUG GameScene            - Game scene initialized: 600x440
14:38:37.375 [JavaFX Application Thread] DEBUG GameWorld            - Game world initialized
14:38:37.485 [JavaFX Application Thread] DEBUG PhysicsWorld         - Physics world initialized: appHeight=440, physics.ppm=50.0
14:38:37.513 [JavaFX Application Thread] DEBUG Input                - Registered new binding: Pause - Esc
14:38:37.545 [JavaFX Application Thread] DEBUG Input                - Clearing active input actions
14:38:37.648 [JavaFX Application Thread] DEBUG AppStateMachine      - StartupState -> StartupState
14:38:37.656 [JavaFX Application Thread] INFO  GameApplication      - Game configuration took:  1.013 sec
14:38:37.662 [JavaFX Application Thread] DEBUG AssetLoader          - Loading from disk: /assets/textures/fxgl_icon.png
14:38:37.706 [JavaFX Application Thread] DEBUG MainWindow           - Opening main window
14:38:37.907 [JavaFX Application Thread] DEBUG MainWindow           - Window border size: (0.0, 0.0)
14:38:37.907 [JavaFX Application Thread] DEBUG MainWindow           - Scaled size: 600.0 x 440.0
14:38:37.908 [JavaFX Application Thread] DEBUG MainWindow           - Scaled ratio: (1.0, 1.0)
14:38:37.908 [JavaFX Application Thread] DEBUG MainWindow           - Scene size: 600.0 x 440.0
14:38:37.909 [JavaFX Application Thread] DEBUG MainWindow           - Stage size: 600.0 x 440.0
14:38:37.910 [JavaFX Application Thread] DEBUG GameApplication      - Running preInit()
14:38:37.913 [JavaFX Application Thread] DEBUG Input                - Registered new binding: Screenshot - P
14:38:37.914 [JavaFX Application Thread] DEBUG Input                - Registered new binding: Dev Options - CTRL+0
14:38:37.915 [JavaFX Application Thread] DEBUG Input                - Registered new binding: System info dump - CTRL+9
14:38:37.916 [JavaFX Application Thread] DEBUG Input                - Registered new binding: Restart - CTRL+R
14:38:37.918 [JavaFX Application Thread] DEBUG Input                - Registered new binding: Move Up - W
14:38:37.919 [JavaFX Application Thread] DEBUG Input                - Registered new binding: Move Left - A
14:38:37.919 [JavaFX Application Thread] DEBUG Input                - Registered new binding: Move Down - S
14:38:37.919 [JavaFX Application Thread] DEBUG Input                - Registered new binding: Move Right - D
14:38:37.919 [JavaFX Application Thread] DEBUG Input                - Registered new binding: Place Bomb - F
14:38:38.006 [JavaFX Application Thread] DEBUG GameApplication      - Starting main loop
14:38:38.031 [JavaFX Application Thread] DEBUG StartupState         - STARTUP
14:38:38.031 [JavaFX Application Thread] DEBUG GameApplication      - Starting new game
14:38:38.031 [JavaFX Application Thread] DEBUG Input                - Clearing active input actions
14:38:38.053 [JavaFX Application Thread] DEBUG AppStateMachine      - StartupState -> LoadingState
14:38:38.073 [FXGL Background Thread 1 ] DEBUG InitAppTask          - Clearing previous game
14:38:38.073 [FXGL Background Thread 1 ] DEBUG GameWorld            - Clearing game world
14:38:38.073 [FXGL Background Thread 1 ] DEBUG PhysicsWorld         - Clearing physics world
14:38:38.074 [FXGL Background Thread 1 ] DEBUG GameScene            - Clearing game scene
14:38:38.076 [FXGL Background Thread 1 ] DEBUG InitAppTask          - Initializing Game
14:38:38.140 [FXGL Background Thread 1 ] DEBUG AssetLoader          - Loading from disk: /assets/text/levels/0.txt
14:38:38.450 [FXGL Background Thread 1 ] DEBUG GameWorld            - Clearing removable entities
14:38:38.451 [FXGL Background Thread 1 ] DEBUG GameWorld            - Setting level: com.almasb.fxgl.entity.Level@6f59446a
14:38:38.454 [FXGL Background Thread 1 ] DEBUG GameScene            - Creating render group for layer: BACKGROUND(1000)
14:38:38.457 [FXGL Background Thread 1 ] DEBUG GameScene            - Creating render group for layer: DEFAULT(100000)
14:38:38.476 [FXGL Background Thread 1 ] DEBUG AssetLoader          - Loading from disk: /assets/textures/Bomberman/down.png
14:38:38.483 [FXGL Background Thread 1 ] DEBUG AssetLoader          - Loading from cache: /assets/textures/Bomberman/down.png
14:38:38.483 [FXGL Background Thread 1 ] DEBUG AssetLoader          - Loading from disk: /assets/textures/Bomberman/up.png
14:38:38.484 [FXGL Background Thread 1 ] DEBUG AssetLoader          - Loading from disk: /assets/textures/Bomberman/left.png
14:38:38.485 [FXGL Background Thread 1 ] DEBUG AssetLoader          - Loading from disk: /assets/textures/Bomberman/right.png
14:38:38.501 [FXGL Background Thread 1 ] DEBUG InitAppTask          - Initializing Physics
14:38:38.501 [FXGL Background Thread 1 ] DEBUG InitAppTask          - Initializing UI
14:38:38.502 [FXGL Background Thread 1 ] DEBUG InitAppTask          - Initialization Complete
14:38:38.502 [FXGL Background Thread 1 ] INFO  InitAppTask          - Game initialization took: 0.429 sec
14:38:38.507 [JavaFX Application Thread] DEBUG Input                - Clearing active input actions
14:38:38.600 [JavaFX Application Thread] DEBUG AppStateMachine      - LoadingState -> PlayState
14:38:43.630 [JavaFX Application Thread] DEBUG GameApplication      - Exiting game application
14:38:43.632 [JavaFX Application Thread] DEBUG GameApplication      - Shutting down background threads
14:38:43.639 [JavaFX Application Thread] DEBUG GameApplication      - Exiting FXGL
14:38:43.640 [JavaFX Application Thread] DEBUG FXGL                 - Saving FXGL system data
14:38:43.645 [JavaFX Application Thread] DEBUG DesktopFSService     - Writing to: system/fxgl.bundle
14:38:43.650 [JavaFX Application Thread] DEBUG GameApplication      - Closing logger and exiting JavaFX
