00:41:29.654 [JavaFX Application Thread] DEBUG GameApplication      - Logger initialized
00:41:29.664 [JavaFX Application Thread] DEBUG MainWindow           - Creating a JavaFX scene
00:41:29.860 [JavaFX Application Thread] DEBUG MainWindow           - Target settings size: 900.0 x 660.0
00:41:29.860 [JavaFX Application Thread] DEBUG MainWindow           - Scaled scene size:    900.0 x 660.0
00:41:29.861 [JavaFX Application Thread] DEBUG MainWindow           - Scaled ratio: (1.0, 1.0)
00:41:29.870 [JavaFX Application Thread] DEBUG GameApplication      - Starting FXGL
00:41:29.877 [JavaFX Application Thread] INFO  FXGL                 - FXGL-0.5.3 on DESKTOP
00:41:29.878 [JavaFX Application Thread] INFO  FXGL                 - Source code and latest versions at: https://github.com/AlmasB/FXGL
00:41:29.878 [JavaFX Application Thread] INFO  FXGL                 -              Join the FXGL chat at: https://gitter.im/AlmasB/FXGL
00:41:29.889 [JavaFX Application Thread] DEBUG FS                   - Loaded DesktopFSService
00:41:29.890 [JavaFX Application Thread] DEBUG FXGL                 - Loading FXGL system data
00:41:29.907 [JavaFX Application Thread] DEBUG DesktopFSService     - Reading from: system/fxgl.bundle
00:41:29.922 [JavaFX Application Thread] DEBUG Bundle               - Logging bundle: FXGL
00:41:29.923 [JavaFX Application Thread] DEBUG Bundle               - FXGL.offline.timer.version.check=2018-11-14T10:10:33.273
00:41:29.995 [JavaFX Application Thread] DEBUG GameApplication      - FXGL started
00:41:29.995 [JavaFX Application Thread] DEBUG GameApplication      - Logging game settings
Title: BombermanApp
Version: 0.1
Width: 900
Height: 660
Fullscreen: false
Intro: false
Menus: false
Profiling: false
Single step:false
App Mode: DEVELOPER
Menu Key: ESCAPE
Stage Style: DECORATED
Scene Factory: class com.almasb.fxgl.scene.SceneFactory
Dialog Factory: class com.almasb.fxgl.ui.FXGLDialogFactory
UI Factory: class com.almasb.fxgl.ui.FXGLUIFactory
Notification Service: class com.almasb.fxgl.gameplay.notification.XboxNotificationView
Exception Handler: class com.almasb.fxgl.app.FXGLExceptionHandler
00:41:29.997 [JavaFX Application Thread] DEBUG GameApplication      - Configuring GameApplication
00:41:29.998 [JavaFX Application Thread] DEBUG GameApplication      - Initializing state machine and application states
00:41:30.054 [JavaFX Application Thread] DEBUG AssetLoader          - Loading from disk: /assets/ui/cursors/fxgl_default.png
00:41:30.103 [JavaFX Application Thread] DEBUG AssetLoader          - Loading from disk: /assets/ui/cursors/fxgl_default.png
00:41:30.188 [JavaFX Application Thread] DEBUG FXGLAssets           - Loading FXGLAssets
00:41:30.265 [JavaFX Application Thread] DEBUG AssetLoader          - Loading from disk: /assets/ui/fonts/VarelaRound-Regular.ttf
00:41:30.318 [JavaFX Application Thread] DEBUG AssetLoader          - Loading from disk: /assets/ui/fonts/lucida_console.ttf
00:41:30.325 [JavaFX Application Thread] DEBUG AssetLoader          - Loading from disk: /assets/ui/fonts/Courier-Prime.ttf
00:41:30.329 [JavaFX Application Thread] DEBUG AssetLoader          - Loading from disk: /assets/ui/fonts/Abel-Regular.ttf
00:41:30.333 [JavaFX Application Thread] DEBUG AssetLoader          - Loading from disk: /assets/ui/css/fxgl_dark.css
00:41:30.406 [JavaFX Application Thread] DEBUG AssetLoader          - Loading from disk: /assets/ui/cursors/fxgl_default.png
00:41:30.523 [JavaFX Application Thread] DEBUG AssetLoader          - Loading from disk: /assets/ui/cursors/fxgl_default.png
00:41:30.606 [JavaFX Application Thread] DEBUG GameScene            - Game scene initialized: 900x660
00:41:30.613 [JavaFX Application Thread] DEBUG GameWorld            - Game world initialized
00:41:30.762 [JavaFX Application Thread] DEBUG PhysicsWorld         - Physics world initialized: appHeight=660, physics.ppm=50.0
00:41:30.787 [JavaFX Application Thread] DEBUG Input                - Registered new binding: Pause - Esc
00:41:30.811 [JavaFX Application Thread] DEBUG Input                - Clearing active input actions
00:41:30.885 [JavaFX Application Thread] DEBUG AppStateMachine      - StartupState -> StartupState
00:41:30.891 [JavaFX Application Thread] INFO  GameApplication      - Game configuration took:  0.893 sec
00:41:30.894 [JavaFX Application Thread] DEBUG AssetLoader          - Loading from disk: /assets/textures/fxgl_icon.png
00:41:30.919 [JavaFX Application Thread] DEBUG MainWindow           - Opening main window
00:41:31.095 [JavaFX Application Thread] DEBUG MainWindow           - Window border size: (0.0, 0.0)
00:41:31.096 [JavaFX Application Thread] DEBUG MainWindow           - Scaled size: 900.0 x 660.0
00:41:31.096 [JavaFX Application Thread] DEBUG MainWindow           - Scaled ratio: (1.0, 1.0)
00:41:31.096 [JavaFX Application Thread] DEBUG MainWindow           - Scene size: 900.0 x 660.0
00:41:31.096 [JavaFX Application Thread] DEBUG MainWindow           - Stage size: 900.0 x 660.0
00:41:31.097 [JavaFX Application Thread] DEBUG GameApplication      - Running preInit()
00:41:31.103 [JavaFX Application Thread] DEBUG Input                - Registered new binding: Screenshot - P
00:41:31.104 [JavaFX Application Thread] DEBUG Input                - Registered new binding: Dev Options - CTRL+0
00:41:31.107 [JavaFX Application Thread] DEBUG Input                - Registered new binding: System info dump - CTRL+9
00:41:31.108 [JavaFX Application Thread] DEBUG Input                - Registered new binding: Restart - CTRL+R
00:41:31.108 [JavaFX Application Thread] DEBUG Input                - Registered new binding: Move Up - W
00:41:31.109 [JavaFX Application Thread] DEBUG Input                - Registered new binding: Move Left - A
00:41:31.109 [JavaFX Application Thread] DEBUG Input                - Registered new binding: Move Down - S
00:41:31.109 [JavaFX Application Thread] DEBUG Input                - Registered new binding: Move Right - D
00:41:31.187 [JavaFX Application Thread] DEBUG GameApplication      - Starting main loop
00:41:31.221 [JavaFX Application Thread] DEBUG StartupState         - STARTUP
00:41:31.222 [JavaFX Application Thread] DEBUG GameApplication      - Starting new game
00:41:31.222 [JavaFX Application Thread] DEBUG Input                - Clearing active input actions
00:41:31.243 [JavaFX Application Thread] DEBUG AppStateMachine      - StartupState -> LoadingState
00:41:31.262 [FXGL Background Thread 1 ] DEBUG InitAppTask          - Clearing previous game
00:41:31.263 [FXGL Background Thread 1 ] DEBUG GameWorld            - Clearing game world
00:41:31.263 [FXGL Background Thread 1 ] DEBUG PhysicsWorld         - Clearing physics world
00:41:31.263 [FXGL Background Thread 1 ] DEBUG GameScene            - Clearing game scene
00:41:31.266 [FXGL Background Thread 1 ] DEBUG InitAppTask          - Initializing Game
00:41:31.345 [FXGL Background Thread 1 ] DEBUG AssetLoader          - Loading from disk: /assets/text/levels/0.txt
00:41:31.360 [FXGL Background Thread 1 ] WARN  TextLevelParser      - No producer found for character: 0
00:41:31.360 [FXGL Background Thread 1 ] WARN  TextLevelParser      - No producer found for character: 0
00:41:31.360 [FXGL Background Thread 1 ] WARN  TextLevelParser      - No producer found for character: 0
00:41:31.360 [FXGL Background Thread 1 ] WARN  TextLevelParser      - No producer found for character: 0
00:41:31.361 [FXGL Background Thread 1 ] WARN  TextLevelParser      - No producer found for character: 0
00:41:31.361 [FXGL Background Thread 1 ] WARN  TextLevelParser      - No producer found for character: 0
00:41:31.361 [FXGL Background Thread 1 ] WARN  TextLevelParser      - No producer found for character: 0
00:41:31.361 [FXGL Background Thread 1 ] WARN  TextLevelParser      - No producer found for character: 0
00:41:31.362 [FXGL Background Thread 1 ] WARN  TextLevelParser      - No producer found for character: 0
00:41:31.362 [FXGL Background Thread 1 ] WARN  TextLevelParser      - No producer found for character: 0
00:41:31.362 [FXGL Background Thread 1 ] WARN  TextLevelParser      - No producer found for character: 0
00:41:31.362 [FXGL Background Thread 1 ] WARN  TextLevelParser      - No producer found for character: 0
00:41:31.363 [FXGL Background Thread 1 ] WARN  TextLevelParser      - No producer found for character: 0
00:41:31.363 [FXGL Background Thread 1 ] WARN  TextLevelParser      - No producer found for character: 0
00:41:31.363 [FXGL Background Thread 1 ] WARN  TextLevelParser      - No producer found for character: 0
00:41:31.363 [FXGL Background Thread 1 ] WARN  TextLevelParser      - No producer found for character: 0
00:41:31.417 [FXGL Background Thread 1 ] WARN  TextLevelParser      - No producer found for character: 0
00:41:31.418 [FXGL Background Thread 1 ] WARN  TextLevelParser      - No producer found for character: 0
00:41:31.420 [FXGL Background Thread 1 ] WARN  TextLevelParser      - No producer found for character: 0
00:41:31.422 [FXGL Background Thread 1 ] WARN  TextLevelParser      - No producer found for character: 0
00:41:31.424 [FXGL Background Thread 1 ] WARN  TextLevelParser      - No producer found for character: 0
00:41:31.425 [FXGL Background Thread 1 ] WARN  TextLevelParser      - No producer found for character: 0
00:41:31.426 [FXGL Background Thread 1 ] WARN  TextLevelParser      - No producer found for character: 0
00:41:31.426 [FXGL Background Thread 1 ] WARN  TextLevelParser      - No producer found for character: 0
00:41:31.427 [FXGL Background Thread 1 ] WARN  TextLevelParser      - No producer found for character: 0
00:41:31.427 [FXGL Background Thread 1 ] WARN  TextLevelParser      - No producer found for character: 0
00:41:31.427 [FXGL Background Thread 1 ] WARN  TextLevelParser      - No producer found for character: 0
00:41:31.427 [FXGL Background Thread 1 ] WARN  TextLevelParser      - No producer found for character: 0
00:41:31.427 [FXGL Background Thread 1 ] WARN  TextLevelParser      - No producer found for character: 0
00:41:31.428 [FXGL Background Thread 1 ] WARN  TextLevelParser      - No producer found for character: 0
00:41:31.428 [FXGL Background Thread 1 ] WARN  TextLevelParser      - No producer found for character: 0
00:41:31.428 [FXGL Background Thread 1 ] WARN  TextLevelParser      - No producer found for character: 0
00:41:31.428 [FXGL Background Thread 1 ] WARN  TextLevelParser      - No producer found for character: 0
00:41:31.429 [FXGL Background Thread 1 ] WARN  TextLevelParser      - No producer found for character: 0
00:41:31.429 [FXGL Background Thread 1 ] WARN  TextLevelParser      - No producer found for character: 0
00:41:31.429 [FXGL Background Thread 1 ] WARN  TextLevelParser      - No producer found for character: 0
00:41:31.429 [FXGL Background Thread 1 ] WARN  TextLevelParser      - No producer found for character: 0
00:41:31.429 [FXGL Background Thread 1 ] WARN  TextLevelParser      - No producer found for character: 0
00:41:31.430 [FXGL Background Thread 1 ] WARN  TextLevelParser      - No producer found for character: 0
00:41:31.432 [FXGL Background Thread 1 ] WARN  TextLevelParser      - No producer found for character: 0
00:41:31.434 [FXGL Background Thread 1 ] WARN  TextLevelParser      - No producer found for character: 0
00:41:31.435 [FXGL Background Thread 1 ] WARN  TextLevelParser      - No producer found for character: 0
00:41:31.438 [FXGL Background Thread 1 ] WARN  TextLevelParser      - No producer found for character: 0
00:41:31.439 [FXGL Background Thread 1 ] WARN  TextLevelParser      - No producer found for character: 0
00:41:31.442 [FXGL Background Thread 1 ] WARN  TextLevelParser      - No producer found for character: 0
00:41:31.444 [FXGL Background Thread 1 ] WARN  TextLevelParser      - No producer found for character: 0
00:41:31.444 [FXGL Background Thread 1 ] WARN  TextLevelParser      - No producer found for character: 0
00:41:31.445 [FXGL Background Thread 1 ] WARN  TextLevelParser      - No producer found for character: 0
00:41:31.445 [FXGL Background Thread 1 ] WARN  TextLevelParser      - No producer found for character: 0
00:41:31.445 [FXGL Background Thread 1 ] WARN  TextLevelParser      - No producer found for character: 0
00:41:31.446 [FXGL Background Thread 1 ] WARN  TextLevelParser      - No producer found for character: 0
00:41:31.446 [FXGL Background Thread 1 ] WARN  TextLevelParser      - No producer found for character: 0
00:41:31.446 [FXGL Background Thread 1 ] WARN  TextLevelParser      - No producer found for character: 0
00:41:31.450 [FXGL Background Thread 1 ] WARN  TextLevelParser      - No producer found for character: 0
00:41:31.450 [FXGL Background Thread 1 ] WARN  TextLevelParser      - No producer found for character: 0
00:41:31.450 [FXGL Background Thread 1 ] WARN  TextLevelParser      - No producer found for character: 0
00:41:31.450 [FXGL Background Thread 1 ] WARN  TextLevelParser      - No producer found for character: 0
00:41:31.451 [FXGL Background Thread 1 ] WARN  TextLevelParser      - No producer found for character: 0
00:41:31.451 [FXGL Background Thread 1 ] WARN  TextLevelParser      - No producer found for character: 0
00:41:31.451 [FXGL Background Thread 1 ] WARN  TextLevelParser      - No producer found for character: 0
00:41:31.451 [FXGL Background Thread 1 ] WARN  TextLevelParser      - No producer found for character: 0
00:41:31.454 [FXGL Background Thread 1 ] WARN  TextLevelParser      - No producer found for character: 0
00:41:31.456 [FXGL Background Thread 1 ] WARN  TextLevelParser      - No producer found for character: 0
00:41:31.459 [FXGL Background Thread 1 ] WARN  TextLevelParser      - No producer found for character: 0
00:41:31.461 [FXGL Background Thread 1 ] WARN  TextLevelParser      - No producer found for character: 0
00:41:31.464 [FXGL Background Thread 1 ] WARN  TextLevelParser      - No producer found for character: 0
00:41:31.468 [FXGL Background Thread 1 ] WARN  TextLevelParser      - No producer found for character: 0
00:41:31.470 [FXGL Background Thread 1 ] WARN  TextLevelParser      - No producer found for character: 0
00:41:31.471 [FXGL Background Thread 1 ] WARN  TextLevelParser      - No producer found for character: 0
00:41:31.472 [FXGL Background Thread 1 ] WARN  TextLevelParser      - No producer found for character: 0
00:41:31.472 [FXGL Background Thread 1 ] WARN  TextLevelParser      - No producer found for character: 0
00:41:31.472 [FXGL Background Thread 1 ] WARN  TextLevelParser      - No producer found for character: 0
00:41:31.472 [FXGL Background Thread 1 ] WARN  TextLevelParser      - No producer found for character: 0
00:41:31.472 [FXGL Background Thread 1 ] WARN  TextLevelParser      - No producer found for character: 0
00:41:31.473 [FXGL Background Thread 1 ] WARN  TextLevelParser      - No producer found for character: 0
00:41:31.473 [FXGL Background Thread 1 ] WARN  TextLevelParser      - No producer found for character: 0
00:41:31.473 [FXGL Background Thread 1 ] WARN  TextLevelParser      - No producer found for character: 0
00:41:31.473 [FXGL Background Thread 1 ] WARN  TextLevelParser      - No producer found for character: 0
00:41:31.474 [FXGL Background Thread 1 ] WARN  TextLevelParser      - No producer found for character: 0
00:41:31.474 [FXGL Background Thread 1 ] WARN  TextLevelParser      - No producer found for character: 0
00:41:31.474 [FXGL Background Thread 1 ] WARN  TextLevelParser      - No producer found for character: 0
00:41:31.474 [FXGL Background Thread 1 ] WARN  TextLevelParser      - No producer found for character: 0
00:41:31.474 [FXGL Background Thread 1 ] WARN  TextLevelParser      - No producer found for character: 0
00:41:31.475 [FXGL Background Thread 1 ] WARN  TextLevelParser      - No producer found for character: 0
00:41:31.475 [FXGL Background Thread 1 ] WARN  TextLevelParser      - No producer found for character: 0
00:41:31.477 [FXGL Background Thread 1 ] WARN  TextLevelParser      - No producer found for character: 0
00:41:31.478 [FXGL Background Thread 1 ] WARN  TextLevelParser      - No producer found for character: 0
00:41:31.480 [FXGL Background Thread 1 ] WARN  TextLevelParser      - No producer found for character: 0
00:41:31.481 [FXGL Background Thread 1 ] WARN  TextLevelParser      - No producer found for character: 0
00:41:31.483 [FXGL Background Thread 1 ] WARN  TextLevelParser      - No producer found for character: 0
00:41:31.484 [FXGL Background Thread 1 ] WARN  TextLevelParser      - No producer found for character: 0
00:41:31.485 [FXGL Background Thread 1 ] WARN  TextLevelParser      - No producer found for character: 0
00:41:31.485 [FXGL Background Thread 1 ] WARN  TextLevelParser      - No producer found for character: 0
00:41:31.485 [FXGL Background Thread 1 ] WARN  TextLevelParser      - No producer found for character: 0
00:41:31.485 [FXGL Background Thread 1 ] WARN  TextLevelParser      - No producer found for character: 0
00:41:31.485 [FXGL Background Thread 1 ] WARN  TextLevelParser      - No producer found for character: 0
00:41:31.486 [FXGL Background Thread 1 ] WARN  TextLevelParser      - No producer found for character: 0
00:41:31.486 [FXGL Background Thread 1 ] WARN  TextLevelParser      - No producer found for character: 0
00:41:31.486 [FXGL Background Thread 1 ] DEBUG AssetLoader          - Loading from disk: /assets/textures/Bomberman/down.png
00:41:31.494 [FXGL Background Thread 1 ] DEBUG AssetLoader          - Loading from cache: /assets/textures/Bomberman/down.png
00:41:31.495 [FXGL Background Thread 1 ] DEBUG AssetLoader          - Loading from disk: /assets/textures/Bomberman/up.png
00:41:31.496 [FXGL Background Thread 1 ] DEBUG AssetLoader          - Loading from disk: /assets/textures/Bomberman/left.png
00:41:31.497 [FXGL Background Thread 1 ] DEBUG AssetLoader          - Loading from disk: /assets/textures/Bomberman/right.png
00:41:31.498 [FXGL Background Thread 1 ] WARN  TextLevelParser      - No producer found for character: 0
00:41:31.498 [FXGL Background Thread 1 ] WARN  TextLevelParser      - No producer found for character: 0
00:41:31.499 [FXGL Background Thread 1 ] WARN  TextLevelParser      - No producer found for character: 0
00:41:31.499 [FXGL Background Thread 1 ] WARN  TextLevelParser      - No producer found for character: 0
00:41:31.499 [FXGL Background Thread 1 ] WARN  TextLevelParser      - No producer found for character: 0
00:41:31.499 [FXGL Background Thread 1 ] WARN  TextLevelParser      - No producer found for character: 0
00:41:31.500 [FXGL Background Thread 1 ] WARN  TextLevelParser      - No producer found for character: 0
00:41:31.500 [FXGL Background Thread 1 ] WARN  TextLevelParser      - No producer found for character: 0
00:41:31.500 [FXGL Background Thread 1 ] WARN  TextLevelParser      - No producer found for character: 0
00:41:31.502 [FXGL Background Thread 1 ] WARN  TextLevelParser      - No producer found for character: 0
00:41:31.503 [FXGL Background Thread 1 ] WARN  TextLevelParser      - No producer found for character: 0
00:41:31.505 [FXGL Background Thread 1 ] WARN  TextLevelParser      - No producer found for character: 0
00:41:31.507 [FXGL Background Thread 1 ] WARN  TextLevelParser      - No producer found for character: 0
00:41:31.508 [FXGL Background Thread 1 ] WARN  TextLevelParser      - No producer found for character: 0
00:41:31.509 [FXGL Background Thread 1 ] WARN  TextLevelParser      - No producer found for character: 0
00:41:31.510 [FXGL Background Thread 1 ] WARN  TextLevelParser      - No producer found for character: 0
00:41:31.510 [FXGL Background Thread 1 ] WARN  TextLevelParser      - No producer found for character: 0
00:41:31.510 [FXGL Background Thread 1 ] WARN  TextLevelParser      - No producer found for character: 0
00:41:31.510 [FXGL Background Thread 1 ] WARN  TextLevelParser      - No producer found for character: 0
00:41:31.511 [FXGL Background Thread 1 ] WARN  TextLevelParser      - No producer found for character: 0
00:41:31.511 [FXGL Background Thread 1 ] WARN  TextLevelParser      - No producer found for character: 0
00:41:31.511 [FXGL Background Thread 1 ] WARN  TextLevelParser      - No producer found for character: 0
00:41:31.511 [FXGL Background Thread 1 ] WARN  TextLevelParser      - No producer found for character: 0
00:41:31.511 [FXGL Background Thread 1 ] WARN  TextLevelParser      - No producer found for character: 0
00:41:31.511 [FXGL Background Thread 1 ] WARN  TextLevelParser      - No producer found for character: 0
00:41:31.512 [FXGL Background Thread 1 ] WARN  TextLevelParser      - No producer found for character: 0
00:41:31.512 [FXGL Background Thread 1 ] WARN  TextLevelParser      - No producer found for character: 0
00:41:31.513 [FXGL Background Thread 1 ] WARN  TextLevelParser      - No producer found for character: 0
00:41:31.513 [FXGL Background Thread 1 ] WARN  TextLevelParser      - No producer found for character: 0
00:41:31.513 [FXGL Background Thread 1 ] WARN  TextLevelParser      - No producer found for character: 0
00:41:31.514 [FXGL Background Thread 1 ] WARN  TextLevelParser      - No producer found for character: 0
00:41:31.514 [FXGL Background Thread 1 ] DEBUG GameWorld            - Clearing removable entities
00:41:31.515 [FXGL Background Thread 1 ] DEBUG GameWorld            - Setting level: com.almasb.fxgl.entity.Level@6a16370a
00:41:31.518 [FXGL Background Thread 1 ] DEBUG GameScene            - Creating render group for layer: DEFAULT(100000)
00:41:31.526 [FXGL Background Thread 1 ] DEBUG GameScene            - Creating render group for layer: BACKGROUND(1000)
00:41:31.546 [FXGL Background Thread 1 ] DEBUG InitAppTask          - Initializing Physics
00:41:31.546 [FXGL Background Thread 1 ] DEBUG InitAppTask          - Initializing UI
00:41:31.546 [FXGL Background Thread 1 ] DEBUG InitAppTask          - Initialization Complete
00:41:31.546 [FXGL Background Thread 1 ] INFO  InitAppTask          - Game initialization took: 0.284 sec
00:41:31.556 [JavaFX Application Thread] DEBUG Input                - Clearing active input actions
00:41:31.596 [JavaFX Application Thread] DEBUG AppStateMachine      - LoadingState -> PlayState
00:42:06.810 [JavaFX Application Thread] DEBUG GameApplication      - Exiting game application
00:42:06.818 [JavaFX Application Thread] DEBUG GameApplication      - Shutting down background threads
00:42:06.819 [JavaFX Application Thread] DEBUG GameApplication      - Exiting FXGL
00:42:06.819 [JavaFX Application Thread] DEBUG FXGL                 - Saving FXGL system data
00:42:06.822 [JavaFX Application Thread] DEBUG DesktopFSService     - Writing to: system/fxgl.bundle
00:42:06.826 [JavaFX Application Thread] DEBUG GameApplication      - Closing logger and exiting JavaFX
