12:07:26.890 [JavaFX Application Thread] DEBUG GameApplication      - Logger initialized
12:07:26.898 [JavaFX Application Thread] DEBUG MainWindow           - Creating a JavaFX scene
12:07:27.095 [JavaFX Application Thread] DEBUG MainWindow           - Target settings size: 900.0 x 660.0
12:07:27.095 [JavaFX Application Thread] DEBUG MainWindow           - Scaled scene size:    900.0 x 660.0
12:07:27.095 [JavaFX Application Thread] DEBUG MainWindow           - Scaled ratio: (1.0, 1.0)
12:07:27.118 [JavaFX Application Thread] DEBUG GameApplication      - Starting FXGL
12:07:27.124 [JavaFX Application Thread] INFO  FXGL                 - FXGL-0.5.3 on DESKTOP
12:07:27.124 [JavaFX Application Thread] INFO  FXGL                 - Source code and latest versions at: https://github.com/AlmasB/FXGL
12:07:27.125 [JavaFX Application Thread] INFO  FXGL                 -              Join the FXGL chat at: https://gitter.im/AlmasB/FXGL
12:07:27.158 [JavaFX Application Thread] DEBUG FS                   - Loaded DesktopFSService
12:07:27.159 [JavaFX Application Thread] DEBUG FXGL                 - Loading FXGL system data
12:07:27.203 [JavaFX Application Thread] DEBUG DesktopFSService     - Reading from: system\fxgl.bundle
12:07:27.249 [JavaFX Application Thread] DEBUG Bundle               - Logging bundle: FXGL
12:07:27.251 [JavaFX Application Thread] DEBUG Bundle               - FXGL.offline.timer.version.check=2018-11-14T10:10:33.273
12:07:27.407 [JavaFX Application Thread] DEBUG GameApplication      - FXGL started
12:07:27.407 [JavaFX Application Thread] DEBUG GameApplication      - Logging game settings
Title: BombermanApp
Version: 0.1
Width: 900
Height: 660
Fullscreen: false
Intro: false
Menus: false
Profiling: false
Single step:false
App Mode: DEVELOPER
Menu Key: ESCAPE
Stage Style: DECORATED
Scene Factory: class com.almasb.fxgl.scene.SceneFactory
Dialog Factory: class com.almasb.fxgl.ui.FXGLDialogFactory
UI Factory: class com.almasb.fxgl.ui.FXGLUIFactory
Notification Service: class com.almasb.fxgl.gameplay.notification.XboxNotificationView
Exception Handler: class com.almasb.fxgl.app.FXGLExceptionHandler
12:07:27.408 [JavaFX Application Thread] DEBUG GameApplication      - Configuring GameApplication
12:07:27.408 [JavaFX Application Thread] DEBUG GameApplication      - Initializing state machine and application states
12:07:27.445 [JavaFX Application Thread] DEBUG AssetLoader          - Loading from disk: /assets/ui/cursors/fxgl_default.png
12:07:27.495 [JavaFX Application Thread] DEBUG AssetLoader          - Loading from disk: /assets/ui/cursors/fxgl_default.png
12:07:27.526 [JavaFX Application Thread] DEBUG FXGLAssets           - Loading FXGLAssets
12:07:27.847 [JavaFX Application Thread] DEBUG AssetLoader          - Loading from disk: /assets/ui/fonts/VarelaRound-Regular.ttf
12:07:28.330 [JavaFX Application Thread] DEBUG AssetLoader          - Loading from disk: /assets/ui/fonts/lucida_console.ttf
12:07:28.369 [JavaFX Application Thread] DEBUG AssetLoader          - Loading from disk: /assets/ui/fonts/Courier-Prime.ttf
12:07:28.385 [JavaFX Application Thread] DEBUG AssetLoader          - Loading from disk: /assets/ui/fonts/Abel-Regular.ttf
12:07:28.400 [JavaFX Application Thread] DEBUG AssetLoader          - Loading from disk: /assets/ui/css/fxgl_dark.css
12:07:28.487 [JavaFX Application Thread] DEBUG AssetLoader          - Loading from disk: /assets/ui/cursors/fxgl_default.png
12:07:28.622 [JavaFX Application Thread] DEBUG AssetLoader          - Loading from disk: /assets/ui/cursors/fxgl_default.png
12:07:28.657 [JavaFX Application Thread] DEBUG GameScene            - Game scene initialized: 900x660
12:07:28.723 [JavaFX Application Thread] DEBUG GameWorld            - Game world initialized
12:07:28.874 [JavaFX Application Thread] DEBUG PhysicsWorld         - Physics world initialized: appHeight=660, physics.ppm=50.0
12:07:28.896 [JavaFX Application Thread] DEBUG Input                - Registered new binding: Pause - Esc
12:07:28.989 [JavaFX Application Thread] DEBUG Input                - Clearing active input actions
12:07:29.089 [JavaFX Application Thread] DEBUG AppStateMachine      - StartupState -> StartupState
12:07:29.094 [JavaFX Application Thread] INFO  GameApplication      - Game configuration took:  1.686 sec
12:07:29.096 [JavaFX Application Thread] DEBUG AssetLoader          - Loading from disk: /assets/textures/fxgl_icon.png
12:07:29.117 [JavaFX Application Thread] DEBUG MainWindow           - Opening main window
12:07:30.024 [JavaFX Application Thread] DEBUG MainWindow           - Window border size: (6.0, 29.0)
12:07:30.024 [JavaFX Application Thread] DEBUG MainWindow           - Scaled size: 900.0 x 660.0
12:07:30.024 [JavaFX Application Thread] DEBUG MainWindow           - Scaled ratio: (1.0, 1.0)
12:07:30.024 [JavaFX Application Thread] DEBUG MainWindow           - Scene size: 900.0 x 660.0
12:07:30.024 [JavaFX Application Thread] DEBUG MainWindow           - Stage size: 906.0 x 689.0
12:07:30.024 [JavaFX Application Thread] DEBUG GameApplication      - Running preInit()
12:07:30.027 [JavaFX Application Thread] DEBUG Input                - Registered new binding: Screenshot - P
12:07:30.027 [JavaFX Application Thread] DEBUG Input                - Registered new binding: Dev Options - CTRL+0
12:07:30.028 [JavaFX Application Thread] DEBUG Input                - Registered new binding: System info dump - CTRL+9
12:07:30.029 [JavaFX Application Thread] DEBUG Input                - Registered new binding: Restart - CTRL+R
12:07:30.029 [JavaFX Application Thread] DEBUG Input                - Registered new binding: Move Up - W
12:07:30.029 [JavaFX Application Thread] DEBUG Input                - Registered new binding: Move Left - A
12:07:30.029 [JavaFX Application Thread] DEBUG Input                - Registered new binding: Move Down - S
12:07:30.029 [JavaFX Application Thread] DEBUG Input                - Registered new binding: Move Right - D
12:07:30.075 [JavaFX Application Thread] DEBUG GameApplication      - Starting main loop
12:07:30.076 [JavaFX Application Thread] DEBUG StartupState         - STARTUP
12:07:30.077 [JavaFX Application Thread] DEBUG GameApplication      - Starting new game
12:07:30.077 [JavaFX Application Thread] DEBUG Input                - Clearing active input actions
12:07:30.086 [JavaFX Application Thread] DEBUG AppStateMachine      - StartupState -> LoadingState
12:07:30.093 [FXGL Background Thread 1 ] DEBUG InitAppTask          - Clearing previous game
12:07:30.094 [FXGL Background Thread 1 ] DEBUG GameWorld            - Clearing game world
12:07:30.094 [FXGL Background Thread 1 ] DEBUG PhysicsWorld         - Clearing physics world
12:07:30.094 [FXGL Background Thread 1 ] DEBUG GameScene            - Clearing game scene
12:07:30.095 [FXGL Background Thread 1 ] DEBUG InitAppTask          - Initializing Game
12:07:30.237 [FXGL Background Thread 1 ] DEBUG AssetLoader          - Loading from disk: /assets/text/levels/0.txt
12:07:30.436 [FXGL Background Thread 1 ] WARN  TextLevelParser      - No producer found for character: 0
12:07:30.436 [FXGL Background Thread 1 ] WARN  TextLevelParser      - No producer found for character: 0
12:07:30.436 [FXGL Background Thread 1 ] WARN  TextLevelParser      - No producer found for character: 0
12:07:30.436 [FXGL Background Thread 1 ] WARN  TextLevelParser      - No producer found for character: 0
12:07:30.436 [FXGL Background Thread 1 ] WARN  TextLevelParser      - No producer found for character: 0
12:07:30.436 [FXGL Background Thread 1 ] WARN  TextLevelParser      - No producer found for character: 0
12:07:30.437 [FXGL Background Thread 1 ] WARN  TextLevelParser      - No producer found for character: 0
12:07:30.437 [FXGL Background Thread 1 ] WARN  TextLevelParser      - No producer found for character: 0
12:07:30.437 [FXGL Background Thread 1 ] WARN  TextLevelParser      - No producer found for character: 0
12:07:30.437 [FXGL Background Thread 1 ] WARN  TextLevelParser      - No producer found for character: 0
12:07:30.437 [FXGL Background Thread 1 ] WARN  TextLevelParser      - No producer found for character: 0
12:07:30.438 [FXGL Background Thread 1 ] WARN  TextLevelParser      - No producer found for character: 0
12:07:30.438 [FXGL Background Thread 1 ] WARN  TextLevelParser      - No producer found for character: 0
12:07:30.438 [FXGL Background Thread 1 ] WARN  TextLevelParser      - No producer found for character: 0
12:07:30.438 [FXGL Background Thread 1 ] WARN  TextLevelParser      - No producer found for character: 0
12:07:30.438 [FXGL Background Thread 1 ] WARN  TextLevelParser      - No producer found for character: 0
12:07:30.478 [FXGL Background Thread 1 ] WARN  TextLevelParser      - No producer found for character: 0
12:07:30.479 [FXGL Background Thread 1 ] WARN  TextLevelParser      - No producer found for character: 0
12:07:30.480 [FXGL Background Thread 1 ] WARN  TextLevelParser      - No producer found for character: 0
12:07:30.481 [FXGL Background Thread 1 ] WARN  TextLevelParser      - No producer found for character: 0
12:07:30.482 [FXGL Background Thread 1 ] WARN  TextLevelParser      - No producer found for character: 0
12:07:30.485 [FXGL Background Thread 1 ] WARN  TextLevelParser      - No producer found for character: 0
12:07:30.486 [FXGL Background Thread 1 ] WARN  TextLevelParser      - No producer found for character: 0
12:07:30.486 [FXGL Background Thread 1 ] WARN  TextLevelParser      - No producer found for character: 0
12:07:30.486 [FXGL Background Thread 1 ] WARN  TextLevelParser      - No producer found for character: 0
12:07:30.487 [FXGL Background Thread 1 ] WARN  TextLevelParser      - No producer found for character: 0
12:07:30.487 [FXGL Background Thread 1 ] WARN  TextLevelParser      - No producer found for character: 0
12:07:30.487 [FXGL Background Thread 1 ] WARN  TextLevelParser      - No producer found for character: 0
12:07:30.487 [FXGL Background Thread 1 ] WARN  TextLevelParser      - No producer found for character: 0
12:07:30.487 [FXGL Background Thread 1 ] WARN  TextLevelParser      - No producer found for character: 0
12:07:30.487 [FXGL Background Thread 1 ] WARN  TextLevelParser      - No producer found for character: 0
12:07:30.487 [FXGL Background Thread 1 ] WARN  TextLevelParser      - No producer found for character: 0
12:07:30.487 [FXGL Background Thread 1 ] WARN  TextLevelParser      - No producer found for character: 0
12:07:30.488 [FXGL Background Thread 1 ] WARN  TextLevelParser      - No producer found for character: 0
12:07:30.488 [FXGL Background Thread 1 ] WARN  TextLevelParser      - No producer found for character: 0
12:07:30.488 [FXGL Background Thread 1 ] WARN  TextLevelParser      - No producer found for character: 0
12:07:30.488 [FXGL Background Thread 1 ] WARN  TextLevelParser      - No producer found for character: 0
12:07:30.488 [FXGL Background Thread 1 ] WARN  TextLevelParser      - No producer found for character: 0
12:07:30.488 [FXGL Background Thread 1 ] WARN  TextLevelParser      - No producer found for character: 0
12:07:30.489 [FXGL Background Thread 1 ] WARN  TextLevelParser      - No producer found for character: 0
12:07:30.490 [FXGL Background Thread 1 ] WARN  TextLevelParser      - No producer found for character: 0
12:07:30.491 [FXGL Background Thread 1 ] WARN  TextLevelParser      - No producer found for character: 0
12:07:30.492 [FXGL Background Thread 1 ] WARN  TextLevelParser      - No producer found for character: 0
12:07:30.493 [FXGL Background Thread 1 ] WARN  TextLevelParser      - No producer found for character: 0
12:07:30.494 [FXGL Background Thread 1 ] WARN  TextLevelParser      - No producer found for character: 0
12:07:30.494 [FXGL Background Thread 1 ] WARN  TextLevelParser      - No producer found for character: 0
12:07:30.494 [FXGL Background Thread 1 ] WARN  TextLevelParser      - No producer found for character: 0
12:07:30.495 [FXGL Background Thread 1 ] WARN  TextLevelParser      - No producer found for character: 0
12:07:30.495 [FXGL Background Thread 1 ] WARN  TextLevelParser      - No producer found for character: 0
12:07:30.495 [FXGL Background Thread 1 ] WARN  TextLevelParser      - No producer found for character: 0
12:07:30.495 [FXGL Background Thread 1 ] WARN  TextLevelParser      - No producer found for character: 0
12:07:30.495 [FXGL Background Thread 1 ] WARN  TextLevelParser      - No producer found for character: 0
12:07:30.495 [FXGL Background Thread 1 ] WARN  TextLevelParser      - No producer found for character: 0
12:07:30.495 [FXGL Background Thread 1 ] WARN  TextLevelParser      - No producer found for character: 0
12:07:30.495 [FXGL Background Thread 1 ] WARN  TextLevelParser      - No producer found for character: 0
12:07:30.496 [FXGL Background Thread 1 ] WARN  TextLevelParser      - No producer found for character: 0
12:07:30.496 [FXGL Background Thread 1 ] WARN  TextLevelParser      - No producer found for character: 0
12:07:30.496 [FXGL Background Thread 1 ] WARN  TextLevelParser      - No producer found for character: 0
12:07:30.496 [FXGL Background Thread 1 ] WARN  TextLevelParser      - No producer found for character: 0
12:07:30.496 [FXGL Background Thread 1 ] WARN  TextLevelParser      - No producer found for character: 0
12:07:30.496 [FXGL Background Thread 1 ] WARN  TextLevelParser      - No producer found for character: 0
12:07:30.496 [FXGL Background Thread 1 ] WARN  TextLevelParser      - No producer found for character: 0
12:07:30.497 [FXGL Background Thread 1 ] WARN  TextLevelParser      - No producer found for character: 0
12:07:30.499 [FXGL Background Thread 1 ] WARN  TextLevelParser      - No producer found for character: 0
12:07:30.500 [FXGL Background Thread 1 ] WARN  TextLevelParser      - No producer found for character: 0
12:07:30.502 [FXGL Background Thread 1 ] WARN  TextLevelParser      - No producer found for character: 0
12:07:30.503 [FXGL Background Thread 1 ] WARN  TextLevelParser      - No producer found for character: 0
12:07:30.504 [FXGL Background Thread 1 ] WARN  TextLevelParser      - No producer found for character: 0
12:07:30.505 [FXGL Background Thread 1 ] WARN  TextLevelParser      - No producer found for character: 0
12:07:30.506 [FXGL Background Thread 1 ] WARN  TextLevelParser      - No producer found for character: 0
12:07:30.506 [FXGL Background Thread 1 ] WARN  TextLevelParser      - No producer found for character: 0
12:07:30.506 [FXGL Background Thread 1 ] WARN  TextLevelParser      - No producer found for character: 0
12:07:30.506 [FXGL Background Thread 1 ] WARN  TextLevelParser      - No producer found for character: 0
12:07:30.506 [FXGL Background Thread 1 ] WARN  TextLevelParser      - No producer found for character: 0
12:07:30.506 [FXGL Background Thread 1 ] WARN  TextLevelParser      - No producer found for character: 0
12:07:30.506 [FXGL Background Thread 1 ] WARN  TextLevelParser      - No producer found for character: 0
12:07:30.506 [FXGL Background Thread 1 ] WARN  TextLevelParser      - No producer found for character: 0
12:07:30.507 [FXGL Background Thread 1 ] WARN  TextLevelParser      - No producer found for character: 0
12:07:30.507 [FXGL Background Thread 1 ] WARN  TextLevelParser      - No producer found for character: 0
12:07:30.507 [FXGL Background Thread 1 ] WARN  TextLevelParser      - No producer found for character: 0
12:07:30.507 [FXGL Background Thread 1 ] WARN  TextLevelParser      - No producer found for character: 0
12:07:30.507 [FXGL Background Thread 1 ] WARN  TextLevelParser      - No producer found for character: 0
12:07:30.507 [FXGL Background Thread 1 ] WARN  TextLevelParser      - No producer found for character: 0
12:07:30.507 [FXGL Background Thread 1 ] WARN  TextLevelParser      - No producer found for character: 0
12:07:30.507 [FXGL Background Thread 1 ] WARN  TextLevelParser      - No producer found for character: 0
12:07:30.508 [FXGL Background Thread 1 ] WARN  TextLevelParser      - No producer found for character: 0
12:07:30.509 [FXGL Background Thread 1 ] WARN  TextLevelParser      - No producer found for character: 0
12:07:30.510 [FXGL Background Thread 1 ] WARN  TextLevelParser      - No producer found for character: 0
12:07:30.510 [FXGL Background Thread 1 ] WARN  TextLevelParser      - No producer found for character: 0
12:07:30.511 [FXGL Background Thread 1 ] WARN  TextLevelParser      - No producer found for character: 0
12:07:30.512 [FXGL Background Thread 1 ] WARN  TextLevelParser      - No producer found for character: 0
12:07:30.512 [FXGL Background Thread 1 ] WARN  TextLevelParser      - No producer found for character: 0
12:07:30.513 [FXGL Background Thread 1 ] WARN  TextLevelParser      - No producer found for character: 0
12:07:30.513 [FXGL Background Thread 1 ] WARN  TextLevelParser      - No producer found for character: 0
12:07:30.513 [FXGL Background Thread 1 ] WARN  TextLevelParser      - No producer found for character: 0
12:07:30.513 [FXGL Background Thread 1 ] WARN  TextLevelParser      - No producer found for character: 0
12:07:30.513 [FXGL Background Thread 1 ] WARN  TextLevelParser      - No producer found for character: 0
12:07:30.513 [FXGL Background Thread 1 ] WARN  TextLevelParser      - No producer found for character: 0
12:07:30.513 [FXGL Background Thread 1 ] DEBUG AssetLoader          - Loading from disk: /assets/textures/Bomberman/down.png
12:07:30.530 [FXGL Background Thread 1 ] DEBUG AssetLoader          - Loading from cache: /assets/textures/Bomberman/down.png
12:07:30.530 [FXGL Background Thread 1 ] DEBUG AssetLoader          - Loading from disk: /assets/textures/Bomberman/up.png
12:07:30.540 [FXGL Background Thread 1 ] DEBUG AssetLoader          - Loading from disk: /assets/textures/Bomberman/left.png
12:07:30.545 [FXGL Background Thread 1 ] DEBUG AssetLoader          - Loading from disk: /assets/textures/Bomberman/right.png
12:07:30.558 [FXGL Background Thread 1 ] WARN  TextLevelParser      - No producer found for character: 0
12:07:30.558 [FXGL Background Thread 1 ] WARN  TextLevelParser      - No producer found for character: 0
12:07:30.558 [FXGL Background Thread 1 ] WARN  TextLevelParser      - No producer found for character: 0
12:07:30.558 [FXGL Background Thread 1 ] WARN  TextLevelParser      - No producer found for character: 0
12:07:30.558 [FXGL Background Thread 1 ] WARN  TextLevelParser      - No producer found for character: 0
12:07:30.558 [FXGL Background Thread 1 ] WARN  TextLevelParser      - No producer found for character: 0
12:07:30.558 [FXGL Background Thread 1 ] WARN  TextLevelParser      - No producer found for character: 0
12:07:30.558 [FXGL Background Thread 1 ] WARN  TextLevelParser      - No producer found for character: 0
12:07:30.558 [FXGL Background Thread 1 ] WARN  TextLevelParser      - No producer found for character: 0
12:07:30.559 [FXGL Background Thread 1 ] WARN  TextLevelParser      - No producer found for character: 0
12:07:30.560 [FXGL Background Thread 1 ] WARN  TextLevelParser      - No producer found for character: 0
12:07:30.560 [FXGL Background Thread 1 ] WARN  TextLevelParser      - No producer found for character: 0
12:07:30.561 [FXGL Background Thread 1 ] WARN  TextLevelParser      - No producer found for character: 0
12:07:30.562 [FXGL Background Thread 1 ] WARN  TextLevelParser      - No producer found for character: 0
12:07:30.562 [FXGL Background Thread 1 ] WARN  TextLevelParser      - No producer found for character: 0
12:07:30.564 [FXGL Background Thread 1 ] WARN  TextLevelParser      - No producer found for character: 0
12:07:30.564 [FXGL Background Thread 1 ] WARN  TextLevelParser      - No producer found for character: 0
12:07:30.564 [FXGL Background Thread 1 ] WARN  TextLevelParser      - No producer found for character: 0
12:07:30.564 [FXGL Background Thread 1 ] WARN  TextLevelParser      - No producer found for character: 0
12:07:30.564 [FXGL Background Thread 1 ] WARN  TextLevelParser      - No producer found for character: 0
12:07:30.564 [FXGL Background Thread 1 ] WARN  TextLevelParser      - No producer found for character: 0
12:07:30.564 [FXGL Background Thread 1 ] WARN  TextLevelParser      - No producer found for character: 0
12:07:30.564 [FXGL Background Thread 1 ] WARN  TextLevelParser      - No producer found for character: 0
12:07:30.564 [FXGL Background Thread 1 ] WARN  TextLevelParser      - No producer found for character: 0
12:07:30.565 [FXGL Background Thread 1 ] WARN  TextLevelParser      - No producer found for character: 0
12:07:30.565 [FXGL Background Thread 1 ] WARN  TextLevelParser      - No producer found for character: 0
12:07:30.565 [FXGL Background Thread 1 ] WARN  TextLevelParser      - No producer found for character: 0
12:07:30.565 [FXGL Background Thread 1 ] WARN  TextLevelParser      - No producer found for character: 0
12:07:30.565 [FXGL Background Thread 1 ] WARN  TextLevelParser      - No producer found for character: 0
12:07:30.565 [FXGL Background Thread 1 ] WARN  TextLevelParser      - No producer found for character: 0
12:07:30.565 [FXGL Background Thread 1 ] WARN  TextLevelParser      - No producer found for character: 0
12:07:30.566 [FXGL Background Thread 1 ] DEBUG GameWorld            - Clearing removable entities
12:07:30.567 [FXGL Background Thread 1 ] DEBUG GameWorld            - Setting level: com.almasb.fxgl.entity.Level@5ea94dc1
12:07:30.571 [FXGL Background Thread 1 ] DEBUG GameScene            - Creating render group for layer: DEFAULT(100000)
12:07:30.580 [FXGL Background Thread 1 ] DEBUG GameScene            - Creating render group for layer: BACKGROUND(1000)
12:07:30.648 [FXGL Background Thread 1 ] DEBUG InitAppTask          - Initializing Physics
12:07:30.648 [FXGL Background Thread 1 ] DEBUG InitAppTask          - Initializing UI
12:07:30.648 [FXGL Background Thread 1 ] DEBUG InitAppTask          - Initialization Complete
12:07:30.648 [FXGL Background Thread 1 ] INFO  InitAppTask          - Game initialization took: 0.555 sec
12:07:30.654 [JavaFX Application Thread] DEBUG Input                - Clearing active input actions
12:07:30.678 [JavaFX Application Thread] DEBUG AppStateMachine      - LoadingState -> PlayState
12:12:59.272 [JavaFX Application Thread] DEBUG GameApplication      - Exiting game application
12:12:59.276 [JavaFX Application Thread] DEBUG GameApplication      - Shutting down background threads
12:12:59.278 [JavaFX Application Thread] DEBUG GameApplication      - Exiting FXGL
12:12:59.278 [JavaFX Application Thread] DEBUG FXGL                 - Saving FXGL system data
12:12:59.294 [JavaFX Application Thread] DEBUG DesktopFSService     - Writing to: system\fxgl.bundle
12:12:59.411 [JavaFX Application Thread] DEBUG GameApplication      - Closing logger and exiting JavaFX
