01:01:44.604 [JavaFX Application Thread] DEBUG GameApplication      - Logger initialized
01:01:44.614 [JavaFX Application Thread] DEBUG MainWindow           - Creating a JavaFX scene
01:01:44.843 [JavaFX Application Thread] DEBUG MainWindow           - Target settings size: 900.0 x 660.0
01:01:44.843 [JavaFX Application Thread] DEBUG MainWindow           - Scaled scene size:    900.0 x 660.0
01:01:44.844 [JavaFX Application Thread] DEBUG MainWindow           - Scaled ratio: (1.0, 1.0)
01:01:44.852 [JavaFX Application Thread] DEBUG GameApplication      - Starting FXGL
01:01:44.859 [JavaFX Application Thread] INFO  FXGL                 - FXGL-0.5.3 on DESKTOP
01:01:44.860 [JavaFX Application Thread] INFO  FXGL                 - Source code and latest versions at: https://github.com/AlmasB/FXGL
01:01:44.861 [JavaFX Application Thread] INFO  FXGL                 -              Join the FXGL chat at: https://gitter.im/AlmasB/FXGL
01:01:44.872 [JavaFX Application Thread] DEBUG FS                   - Loaded DesktopFSService
01:01:44.873 [JavaFX Application Thread] DEBUG FXGL                 - Loading FXGL system data
01:01:44.886 [JavaFX Application Thread] DEBUG DesktopFSService     - Reading from: system/fxgl.bundle
01:01:44.899 [JavaFX Application Thread] DEBUG Bundle               - Logging bundle: FXGL
01:01:44.900 [JavaFX Application Thread] DEBUG Bundle               - FXGL.offline.timer.version.check=2018-11-14T10:10:33.273
01:01:44.984 [JavaFX Application Thread] DEBUG GameApplication      - FXGL started
01:01:44.984 [JavaFX Application Thread] DEBUG GameApplication      - Logging game settings
Title: BombermanApp
Version: 0.1
Width: 900
Height: 660
Fullscreen: false
Intro: false
Menus: false
Profiling: false
Single step:false
App Mode: DEVELOPER
Menu Key: ESCAPE
Stage Style: DECORATED
Scene Factory: class com.almasb.fxgl.scene.SceneFactory
Dialog Factory: class com.almasb.fxgl.ui.FXGLDialogFactory
UI Factory: class com.almasb.fxgl.ui.FXGLUIFactory
Notification Service: class com.almasb.fxgl.gameplay.notification.XboxNotificationView
Exception Handler: class com.almasb.fxgl.app.FXGLExceptionHandler
01:01:44.986 [JavaFX Application Thread] DEBUG GameApplication      - Configuring GameApplication
01:01:44.987 [JavaFX Application Thread] DEBUG GameApplication      - Initializing state machine and application states
01:01:45.018 [JavaFX Application Thread] DEBUG AssetLoader          - Loading from disk: /assets/ui/cursors/fxgl_default.png
01:01:45.072 [JavaFX Application Thread] DEBUG AssetLoader          - Loading from disk: /assets/ui/cursors/fxgl_default.png
01:01:45.186 [JavaFX Application Thread] DEBUG FXGLAssets           - Loading FXGLAssets
01:01:45.247 [JavaFX Application Thread] DEBUG AssetLoader          - Loading from disk: /assets/ui/fonts/VarelaRound-Regular.ttf
01:01:45.273 [JavaFX Application Thread] DEBUG AssetLoader          - Loading from disk: /assets/ui/fonts/lucida_console.ttf
01:01:45.280 [JavaFX Application Thread] DEBUG AssetLoader          - Loading from disk: /assets/ui/fonts/Courier-Prime.ttf
01:01:45.284 [JavaFX Application Thread] DEBUG AssetLoader          - Loading from disk: /assets/ui/fonts/Abel-Regular.ttf
01:01:45.288 [JavaFX Application Thread] DEBUG AssetLoader          - Loading from disk: /assets/ui/css/fxgl_dark.css
01:01:45.358 [JavaFX Application Thread] DEBUG AssetLoader          - Loading from disk: /assets/ui/cursors/fxgl_default.png
01:01:45.433 [JavaFX Application Thread] DEBUG AssetLoader          - Loading from disk: /assets/ui/cursors/fxgl_default.png
01:01:45.514 [JavaFX Application Thread] DEBUG GameScene            - Game scene initialized: 900x660
01:01:45.521 [JavaFX Application Thread] DEBUG GameWorld            - Game world initialized
01:01:45.611 [JavaFX Application Thread] DEBUG PhysicsWorld         - Physics world initialized: appHeight=660, physics.ppm=50.0
01:01:45.640 [JavaFX Application Thread] DEBUG Input                - Registered new binding: Pause - Esc
01:01:45.677 [JavaFX Application Thread] DEBUG Input                - Clearing active input actions
01:01:45.794 [JavaFX Application Thread] DEBUG AppStateMachine      - StartupState -> StartupState
01:01:45.801 [JavaFX Application Thread] INFO  GameApplication      - Game configuration took:  0.814 sec
01:01:45.805 [JavaFX Application Thread] DEBUG AssetLoader          - Loading from disk: /assets/textures/fxgl_icon.png
01:01:45.832 [JavaFX Application Thread] DEBUG MainWindow           - Opening main window
01:01:45.954 [JavaFX Application Thread] DEBUG MainWindow           - Window border size: (0.0, 0.0)
01:01:45.954 [JavaFX Application Thread] DEBUG MainWindow           - Scaled size: 900.0 x 660.0
01:01:45.954 [JavaFX Application Thread] DEBUG MainWindow           - Scaled ratio: (1.0, 1.0)
01:01:45.954 [JavaFX Application Thread] DEBUG MainWindow           - Scene size: 900.0 x 660.0
01:01:45.954 [JavaFX Application Thread] DEBUG MainWindow           - Stage size: 900.0 x 660.0
01:01:45.955 [JavaFX Application Thread] DEBUG GameApplication      - Running preInit()
01:01:45.958 [JavaFX Application Thread] DEBUG Input                - Registered new binding: Screenshot - P
01:01:45.959 [JavaFX Application Thread] DEBUG Input                - Registered new binding: Dev Options - CTRL+0
01:01:45.959 [JavaFX Application Thread] DEBUG Input                - Registered new binding: System info dump - CTRL+9
01:01:45.960 [JavaFX Application Thread] DEBUG Input                - Registered new binding: Restart - CTRL+R
01:01:45.962 [JavaFX Application Thread] DEBUG Input                - Registered new binding: Move Up - W
01:01:45.962 [JavaFX Application Thread] DEBUG Input                - Registered new binding: Move Left - A
01:01:45.962 [JavaFX Application Thread] DEBUG Input                - Registered new binding: Move Down - S
01:01:45.963 [JavaFX Application Thread] DEBUG Input                - Registered new binding: Move Right - D
01:01:46.042 [JavaFX Application Thread] DEBUG GameApplication      - Starting main loop
01:01:46.132 [JavaFX Application Thread] DEBUG StartupState         - STARTUP
01:01:46.133 [JavaFX Application Thread] DEBUG GameApplication      - Starting new game
01:01:46.133 [JavaFX Application Thread] DEBUG Input                - Clearing active input actions
01:01:46.172 [JavaFX Application Thread] DEBUG AppStateMachine      - StartupState -> LoadingState
01:01:46.201 [FXGL Background Thread 1 ] DEBUG InitAppTask          - Clearing previous game
01:01:46.201 [FXGL Background Thread 1 ] DEBUG GameWorld            - Clearing game world
01:01:46.201 [FXGL Background Thread 1 ] DEBUG PhysicsWorld         - Clearing physics world
01:01:46.202 [FXGL Background Thread 1 ] DEBUG GameScene            - Clearing game scene
01:01:46.203 [FXGL Background Thread 1 ] DEBUG InitAppTask          - Initializing Game
01:01:46.295 [FXGL Background Thread 1 ] DEBUG AssetLoader          - Loading from disk: /assets/text/levels/0.txt
01:01:46.356 [FXGL Background Thread 1 ] WARN  TextLevelParser      - No producer found for character: 0
01:01:46.356 [FXGL Background Thread 1 ] WARN  TextLevelParser      - No producer found for character: 0
01:01:46.357 [FXGL Background Thread 1 ] WARN  TextLevelParser      - No producer found for character: 0
01:01:46.357 [FXGL Background Thread 1 ] WARN  TextLevelParser      - No producer found for character: 0
01:01:46.357 [FXGL Background Thread 1 ] WARN  TextLevelParser      - No producer found for character: 0
01:01:46.357 [FXGL Background Thread 1 ] WARN  TextLevelParser      - No producer found for character: 0
01:01:46.358 [FXGL Background Thread 1 ] WARN  TextLevelParser      - No producer found for character: 0
01:01:46.358 [FXGL Background Thread 1 ] WARN  TextLevelParser      - No producer found for character: 0
01:01:46.379 [FXGL Background Thread 1 ] WARN  TextLevelParser      - No producer found for character: 0
01:01:46.380 [FXGL Background Thread 1 ] WARN  TextLevelParser      - No producer found for character: 0
01:01:46.380 [FXGL Background Thread 1 ] WARN  TextLevelParser      - No producer found for character: 0
01:01:46.380 [FXGL Background Thread 1 ] WARN  TextLevelParser      - No producer found for character: 0
01:01:46.382 [FXGL Background Thread 1 ] WARN  TextLevelParser      - No producer found for character: 0
01:01:46.382 [FXGL Background Thread 1 ] WARN  TextLevelParser      - No producer found for character: 0
01:01:46.384 [FXGL Background Thread 1 ] WARN  TextLevelParser      - No producer found for character: 0
01:01:46.384 [FXGL Background Thread 1 ] WARN  TextLevelParser      - No producer found for character: 0
01:01:46.532 [FXGL Background Thread 1 ] WARN  TextLevelParser      - No producer found for character: 0
01:01:46.534 [FXGL Background Thread 1 ] WARN  TextLevelParser      - No producer found for character: 0
01:01:46.536 [FXGL Background Thread 1 ] WARN  TextLevelParser      - No producer found for character: 0
01:01:46.539 [FXGL Background Thread 1 ] WARN  TextLevelParser      - No producer found for character: 0
01:01:46.540 [FXGL Background Thread 1 ] WARN  TextLevelParser      - No producer found for character: 0
01:01:46.553 [FXGL Background Thread 1 ] WARN  TextLevelParser      - No producer found for character: 0
01:01:46.554 [FXGL Background Thread 1 ] WARN  TextLevelParser      - No producer found for character: 0
01:01:46.555 [FXGL Background Thread 1 ] WARN  TextLevelParser      - No producer found for character: 0
01:01:46.555 [FXGL Background Thread 1 ] WARN  TextLevelParser      - No producer found for character: 0
01:01:46.555 [FXGL Background Thread 1 ] WARN  TextLevelParser      - No producer found for character: 0
01:01:46.555 [FXGL Background Thread 1 ] WARN  TextLevelParser      - No producer found for character: 0
01:01:46.556 [FXGL Background Thread 1 ] WARN  TextLevelParser      - No producer found for character: 0
01:01:46.556 [FXGL Background Thread 1 ] WARN  TextLevelParser      - No producer found for character: 0
01:01:46.556 [FXGL Background Thread 1 ] WARN  TextLevelParser      - No producer found for character: 0
01:01:46.556 [FXGL Background Thread 1 ] WARN  TextLevelParser      - No producer found for character: 0
01:01:46.557 [FXGL Background Thread 1 ] WARN  TextLevelParser      - No producer found for character: 0
01:01:46.557 [FXGL Background Thread 1 ] WARN  TextLevelParser      - No producer found for character: 0
01:01:46.557 [FXGL Background Thread 1 ] WARN  TextLevelParser      - No producer found for character: 0
01:01:46.557 [FXGL Background Thread 1 ] WARN  TextLevelParser      - No producer found for character: 0
01:01:46.558 [FXGL Background Thread 1 ] WARN  TextLevelParser      - No producer found for character: 0
01:01:46.558 [FXGL Background Thread 1 ] WARN  TextLevelParser      - No producer found for character: 0
01:01:46.558 [FXGL Background Thread 1 ] WARN  TextLevelParser      - No producer found for character: 0
01:01:46.558 [FXGL Background Thread 1 ] WARN  TextLevelParser      - No producer found for character: 0
01:01:46.584 [FXGL Background Thread 1 ] WARN  TextLevelParser      - No producer found for character: 0
01:01:46.589 [FXGL Background Thread 1 ] WARN  TextLevelParser      - No producer found for character: 0
01:01:46.591 [FXGL Background Thread 1 ] WARN  TextLevelParser      - No producer found for character: 0
01:01:46.594 [FXGL Background Thread 1 ] WARN  TextLevelParser      - No producer found for character: 0
01:01:46.595 [FXGL Background Thread 1 ] WARN  TextLevelParser      - No producer found for character: 0
01:01:46.597 [FXGL Background Thread 1 ] WARN  TextLevelParser      - No producer found for character: 0
01:01:46.599 [FXGL Background Thread 1 ] WARN  TextLevelParser      - No producer found for character: 0
01:01:46.599 [FXGL Background Thread 1 ] WARN  TextLevelParser      - No producer found for character: 0
01:01:46.600 [FXGL Background Thread 1 ] WARN  TextLevelParser      - No producer found for character: 0
01:01:46.600 [FXGL Background Thread 1 ] WARN  TextLevelParser      - No producer found for character: 0
01:01:46.600 [FXGL Background Thread 1 ] WARN  TextLevelParser      - No producer found for character: 0
01:01:46.600 [FXGL Background Thread 1 ] WARN  TextLevelParser      - No producer found for character: 0
01:01:46.600 [FXGL Background Thread 1 ] WARN  TextLevelParser      - No producer found for character: 0
01:01:46.604 [FXGL Background Thread 1 ] WARN  TextLevelParser      - No producer found for character: 0
01:01:46.605 [FXGL Background Thread 1 ] WARN  TextLevelParser      - No producer found for character: 0
01:01:46.605 [FXGL Background Thread 1 ] WARN  TextLevelParser      - No producer found for character: 0
01:01:46.605 [FXGL Background Thread 1 ] WARN  TextLevelParser      - No producer found for character: 0
01:01:46.605 [FXGL Background Thread 1 ] WARN  TextLevelParser      - No producer found for character: 0
01:01:46.606 [FXGL Background Thread 1 ] WARN  TextLevelParser      - No producer found for character: 0
01:01:46.606 [FXGL Background Thread 1 ] WARN  TextLevelParser      - No producer found for character: 0
01:01:46.608 [FXGL Background Thread 1 ] WARN  TextLevelParser      - No producer found for character: 0
01:01:46.608 [FXGL Background Thread 1 ] WARN  TextLevelParser      - No producer found for character: 0
01:01:46.609 [FXGL Background Thread 1 ] WARN  TextLevelParser      - No producer found for character: 0
01:01:46.610 [FXGL Background Thread 1 ] WARN  TextLevelParser      - No producer found for character: 0
01:01:46.622 [FXGL Background Thread 1 ] WARN  TextLevelParser      - No producer found for character: 0
01:01:46.623 [FXGL Background Thread 1 ] WARN  TextLevelParser      - No producer found for character: 0
01:01:46.625 [FXGL Background Thread 1 ] WARN  TextLevelParser      - No producer found for character: 0
01:01:46.627 [FXGL Background Thread 1 ] WARN  TextLevelParser      - No producer found for character: 0
01:01:46.628 [FXGL Background Thread 1 ] WARN  TextLevelParser      - No producer found for character: 0
01:01:46.630 [FXGL Background Thread 1 ] WARN  TextLevelParser      - No producer found for character: 0
01:01:46.630 [FXGL Background Thread 1 ] WARN  TextLevelParser      - No producer found for character: 0
01:01:46.630 [FXGL Background Thread 1 ] WARN  TextLevelParser      - No producer found for character: 0
01:01:46.630 [FXGL Background Thread 1 ] WARN  TextLevelParser      - No producer found for character: 0
01:01:46.630 [FXGL Background Thread 1 ] WARN  TextLevelParser      - No producer found for character: 0
01:01:46.631 [FXGL Background Thread 1 ] WARN  TextLevelParser      - No producer found for character: 0
01:01:46.633 [FXGL Background Thread 1 ] WARN  TextLevelParser      - No producer found for character: 0
01:01:46.633 [FXGL Background Thread 1 ] WARN  TextLevelParser      - No producer found for character: 0
01:01:46.634 [FXGL Background Thread 1 ] WARN  TextLevelParser      - No producer found for character: 0
01:01:46.634 [FXGL Background Thread 1 ] WARN  TextLevelParser      - No producer found for character: 0
01:01:46.634 [FXGL Background Thread 1 ] WARN  TextLevelParser      - No producer found for character: 0
01:01:46.634 [FXGL Background Thread 1 ] WARN  TextLevelParser      - No producer found for character: 0
01:01:46.634 [FXGL Background Thread 1 ] WARN  TextLevelParser      - No producer found for character: 0
01:01:46.635 [FXGL Background Thread 1 ] WARN  TextLevelParser      - No producer found for character: 0
01:01:46.635 [FXGL Background Thread 1 ] WARN  TextLevelParser      - No producer found for character: 0
01:01:46.635 [FXGL Background Thread 1 ] WARN  TextLevelParser      - No producer found for character: 0
01:01:46.635 [FXGL Background Thread 1 ] WARN  TextLevelParser      - No producer found for character: 0
01:01:46.637 [FXGL Background Thread 1 ] WARN  TextLevelParser      - No producer found for character: 0
01:01:46.638 [FXGL Background Thread 1 ] WARN  TextLevelParser      - No producer found for character: 0
01:01:46.640 [FXGL Background Thread 1 ] WARN  TextLevelParser      - No producer found for character: 0
01:01:46.642 [FXGL Background Thread 1 ] WARN  TextLevelParser      - No producer found for character: 0
01:01:46.643 [FXGL Background Thread 1 ] WARN  TextLevelParser      - No producer found for character: 0
01:01:46.644 [FXGL Background Thread 1 ] WARN  TextLevelParser      - No producer found for character: 0
01:01:46.646 [FXGL Background Thread 1 ] WARN  TextLevelParser      - No producer found for character: 0
01:01:46.650 [FXGL Background Thread 1 ] WARN  TextLevelParser      - No producer found for character: 0
01:01:46.651 [FXGL Background Thread 1 ] WARN  TextLevelParser      - No producer found for character: 0
01:01:46.651 [FXGL Background Thread 1 ] WARN  TextLevelParser      - No producer found for character: 0
01:01:46.651 [FXGL Background Thread 1 ] WARN  TextLevelParser      - No producer found for character: 0
01:01:46.651 [FXGL Background Thread 1 ] WARN  TextLevelParser      - No producer found for character: 0
01:01:46.652 [FXGL Background Thread 1 ] WARN  TextLevelParser      - No producer found for character: 0
01:01:46.652 [FXGL Background Thread 1 ] DEBUG AssetLoader          - Loading from disk: /assets/textures/Bomberman/down.png
01:01:46.667 [FXGL Background Thread 1 ] DEBUG AssetLoader          - Loading from cache: /assets/textures/Bomberman/down.png
01:01:46.667 [FXGL Background Thread 1 ] DEBUG AssetLoader          - Loading from disk: /assets/textures/Bomberman/up.png
01:01:46.668 [FXGL Background Thread 1 ] DEBUG AssetLoader          - Loading from disk: /assets/textures/Bomberman/left.png
01:01:46.669 [FXGL Background Thread 1 ] DEBUG AssetLoader          - Loading from disk: /assets/textures/Bomberman/right.png
01:01:46.670 [FXGL Background Thread 1 ] WARN  TextLevelParser      - No producer found for character: 0
01:01:46.671 [FXGL Background Thread 1 ] WARN  TextLevelParser      - No producer found for character: 0
01:01:46.672 [FXGL Background Thread 1 ] WARN  TextLevelParser      - No producer found for character: 0
01:01:46.672 [FXGL Background Thread 1 ] WARN  TextLevelParser      - No producer found for character: 0
01:01:46.672 [FXGL Background Thread 1 ] WARN  TextLevelParser      - No producer found for character: 0
01:01:46.672 [FXGL Background Thread 1 ] WARN  TextLevelParser      - No producer found for character: 0
01:01:46.673 [FXGL Background Thread 1 ] WARN  TextLevelParser      - No producer found for character: 0
01:01:46.673 [FXGL Background Thread 1 ] WARN  TextLevelParser      - No producer found for character: 0
01:01:46.673 [FXGL Background Thread 1 ] WARN  TextLevelParser      - No producer found for character: 0
01:01:46.678 [FXGL Background Thread 1 ] WARN  TextLevelParser      - No producer found for character: 0
01:01:46.679 [FXGL Background Thread 1 ] WARN  TextLevelParser      - No producer found for character: 0
01:01:46.681 [FXGL Background Thread 1 ] WARN  TextLevelParser      - No producer found for character: 0
01:01:46.683 [FXGL Background Thread 1 ] WARN  TextLevelParser      - No producer found for character: 0
01:01:46.686 [FXGL Background Thread 1 ] WARN  TextLevelParser      - No producer found for character: 0
01:01:46.688 [FXGL Background Thread 1 ] WARN  TextLevelParser      - No producer found for character: 0
01:01:46.701 [FXGL Background Thread 1 ] WARN  TextLevelParser      - No producer found for character: 0
01:01:46.702 [FXGL Background Thread 1 ] WARN  TextLevelParser      - No producer found for character: 0
01:01:46.702 [FXGL Background Thread 1 ] WARN  TextLevelParser      - No producer found for character: 0
01:01:46.702 [FXGL Background Thread 1 ] WARN  TextLevelParser      - No producer found for character: 0
01:01:46.702 [FXGL Background Thread 1 ] WARN  TextLevelParser      - No producer found for character: 0
01:01:46.703 [FXGL Background Thread 1 ] WARN  TextLevelParser      - No producer found for character: 0
01:01:46.703 [FXGL Background Thread 1 ] WARN  TextLevelParser      - No producer found for character: 0
01:01:46.703 [FXGL Background Thread 1 ] WARN  TextLevelParser      - No producer found for character: 0
01:01:46.703 [FXGL Background Thread 1 ] WARN  TextLevelParser      - No producer found for character: 0
01:01:46.703 [FXGL Background Thread 1 ] WARN  TextLevelParser      - No producer found for character: 0
01:01:46.703 [FXGL Background Thread 1 ] WARN  TextLevelParser      - No producer found for character: 0
01:01:46.707 [FXGL Background Thread 1 ] WARN  TextLevelParser      - No producer found for character: 0
01:01:46.708 [FXGL Background Thread 1 ] WARN  TextLevelParser      - No producer found for character: 0
01:01:46.708 [FXGL Background Thread 1 ] WARN  TextLevelParser      - No producer found for character: 0
01:01:46.708 [FXGL Background Thread 1 ] WARN  TextLevelParser      - No producer found for character: 0
01:01:46.708 [FXGL Background Thread 1 ] WARN  TextLevelParser      - No producer found for character: 0
01:01:46.709 [FXGL Background Thread 1 ] DEBUG GameWorld            - Clearing removable entities
01:01:46.709 [FXGL Background Thread 1 ] DEBUG GameWorld            - Setting level: com.almasb.fxgl.entity.Level@200873da
01:01:46.713 [FXGL Background Thread 1 ] DEBUG GameScene            - Creating render group for layer: DEFAULT(100000)
01:01:46.728 [FXGL Background Thread 1 ] DEBUG GameScene            - Creating render group for layer: BACKGROUND(1000)
01:01:46.759 [FXGL Background Thread 1 ] DEBUG InitAppTask          - Initializing Physics
01:01:46.762 [FXGL Background Thread 1 ] DEBUG InitAppTask          - Initializing UI
01:01:46.764 [FXGL Background Thread 1 ] DEBUG InitAppTask          - Initialization Complete
01:01:46.765 [FXGL Background Thread 1 ] INFO  InitAppTask          - Game initialization took: 0.564 sec
01:01:46.776 [JavaFX Application Thread] DEBUG Input                - Clearing active input actions
01:01:46.877 [JavaFX Application Thread] DEBUG AppStateMachine      - LoadingState -> PlayState
01:01:56.502 [JavaFX Application Thread] DEBUG GameApplication      - Exiting game application
01:01:56.504 [JavaFX Application Thread] DEBUG GameApplication      - Shutting down background threads
01:01:56.505 [JavaFX Application Thread] DEBUG GameApplication      - Exiting FXGL
01:01:56.506 [JavaFX Application Thread] DEBUG FXGL                 - Saving FXGL system data
01:01:56.509 [JavaFX Application Thread] DEBUG DesktopFSService     - Writing to: system/fxgl.bundle
01:01:56.516 [JavaFX Application Thread] DEBUG GameApplication      - Closing logger and exiting JavaFX
