00:45:23.942 [JavaFX Application Thread] DEBUG GameApplication      - Logger initialized
00:45:23.950 [JavaFX Application Thread] DEBUG MainWindow           - Creating a JavaFX scene
00:45:24.156 [JavaFX Application Thread] DEBUG MainWindow           - Target settings size: 900.0 x 660.0
00:45:24.156 [JavaFX Application Thread] DEBUG MainWindow           - Scaled scene size:    900.0 x 660.0
00:45:24.157 [JavaFX Application Thread] DEBUG MainWindow           - Scaled ratio: (1.0, 1.0)
00:45:24.164 [JavaFX Application Thread] DEBUG GameApplication      - Starting FXGL
00:45:24.171 [JavaFX Application Thread] INFO  FXGL                 - FXGL-0.5.3 on DESKTOP
00:45:24.172 [JavaFX Application Thread] INFO  FXGL                 - Source code and latest versions at: https://github.com/AlmasB/FXGL
00:45:24.172 [JavaFX Application Thread] INFO  FXGL                 -              Join the FXGL chat at: https://gitter.im/AlmasB/FXGL
00:45:24.184 [JavaFX Application Thread] DEBUG FS                   - Loaded DesktopFSService
00:45:24.184 [JavaFX Application Thread] DEBUG FXGL                 - Loading FXGL system data
00:45:24.198 [JavaFX Application Thread] DEBUG DesktopFSService     - Reading from: system/fxgl.bundle
00:45:24.217 [JavaFX Application Thread] DEBUG Bundle               - Logging bundle: FXGL
00:45:24.218 [JavaFX Application Thread] DEBUG Bundle               - FXGL.offline.timer.version.check=2018-11-14T10:10:33.273
00:45:24.291 [JavaFX Application Thread] DEBUG GameApplication      - FXGL started
00:45:24.291 [JavaFX Application Thread] DEBUG GameApplication      - Logging game settings
Title: BombermanApp
Version: 0.1
Width: 900
Height: 660
Fullscreen: false
Intro: false
Menus: false
Profiling: false
Single step:false
App Mode: DEVELOPER
Menu Key: ESCAPE
Stage Style: DECORATED
Scene Factory: class com.almasb.fxgl.scene.SceneFactory
Dialog Factory: class com.almasb.fxgl.ui.FXGLDialogFactory
UI Factory: class com.almasb.fxgl.ui.FXGLUIFactory
Notification Service: class com.almasb.fxgl.gameplay.notification.XboxNotificationView
Exception Handler: class com.almasb.fxgl.app.FXGLExceptionHandler
00:45:24.298 [JavaFX Application Thread] DEBUG GameApplication      - Configuring GameApplication
00:45:24.299 [JavaFX Application Thread] DEBUG GameApplication      - Initializing state machine and application states
00:45:24.353 [JavaFX Application Thread] DEBUG AssetLoader          - Loading from disk: /assets/ui/cursors/fxgl_default.png
00:45:24.405 [JavaFX Application Thread] DEBUG AssetLoader          - Loading from disk: /assets/ui/cursors/fxgl_default.png
00:45:24.520 [JavaFX Application Thread] DEBUG FXGLAssets           - Loading FXGLAssets
00:45:24.576 [JavaFX Application Thread] DEBUG AssetLoader          - Loading from disk: /assets/ui/fonts/VarelaRound-Regular.ttf
00:45:24.609 [JavaFX Application Thread] DEBUG AssetLoader          - Loading from disk: /assets/ui/fonts/lucida_console.ttf
00:45:24.616 [JavaFX Application Thread] DEBUG AssetLoader          - Loading from disk: /assets/ui/fonts/Courier-Prime.ttf
00:45:24.621 [JavaFX Application Thread] DEBUG AssetLoader          - Loading from disk: /assets/ui/fonts/Abel-Regular.ttf
00:45:24.625 [JavaFX Application Thread] DEBUG AssetLoader          - Loading from disk: /assets/ui/css/fxgl_dark.css
00:45:24.701 [JavaFX Application Thread] DEBUG AssetLoader          - Loading from disk: /assets/ui/cursors/fxgl_default.png
00:45:24.823 [JavaFX Application Thread] DEBUG AssetLoader          - Loading from disk: /assets/ui/cursors/fxgl_default.png
00:45:24.859 [JavaFX Application Thread] DEBUG GameScene            - Game scene initialized: 900x660
00:45:24.865 [JavaFX Application Thread] DEBUG GameWorld            - Game world initialized
00:45:24.961 [JavaFX Application Thread] DEBUG PhysicsWorld         - Physics world initialized: appHeight=660, physics.ppm=50.0
00:45:25.001 [JavaFX Application Thread] DEBUG Input                - Registered new binding: Pause - Esc
00:45:25.039 [JavaFX Application Thread] DEBUG Input                - Clearing active input actions
00:45:25.189 [JavaFX Application Thread] DEBUG AppStateMachine      - StartupState -> StartupState
00:45:25.220 [JavaFX Application Thread] INFO  GameApplication      - Game configuration took:  0.921 sec
00:45:25.224 [JavaFX Application Thread] DEBUG AssetLoader          - Loading from disk: /assets/textures/fxgl_icon.png
00:45:25.254 [JavaFX Application Thread] DEBUG MainWindow           - Opening main window
00:45:25.485 [JavaFX Application Thread] DEBUG MainWindow           - Window border size: (0.0, 0.0)
00:45:25.485 [JavaFX Application Thread] DEBUG MainWindow           - Scaled size: 900.0 x 660.0
00:45:25.486 [JavaFX Application Thread] DEBUG MainWindow           - Scaled ratio: (1.0, 1.0)
00:45:25.487 [JavaFX Application Thread] DEBUG MainWindow           - Scene size: 900.0 x 660.0
00:45:25.488 [JavaFX Application Thread] DEBUG MainWindow           - Stage size: 900.0 x 660.0
00:45:25.488 [JavaFX Application Thread] DEBUG GameApplication      - Running preInit()
00:45:25.492 [JavaFX Application Thread] DEBUG Input                - Registered new binding: Screenshot - P
00:45:25.493 [JavaFX Application Thread] DEBUG Input                - Registered new binding: Dev Options - CTRL+0
00:45:25.494 [JavaFX Application Thread] DEBUG Input                - Registered new binding: System info dump - CTRL+9
00:45:25.494 [JavaFX Application Thread] DEBUG Input                - Registered new binding: Restart - CTRL+R
00:45:25.495 [JavaFX Application Thread] DEBUG Input                - Registered new binding: Move Up - W
00:45:25.501 [JavaFX Application Thread] DEBUG Input                - Registered new binding: Move Left - A
00:45:25.502 [JavaFX Application Thread] DEBUG Input                - Registered new binding: Move Down - S
00:45:25.502 [JavaFX Application Thread] DEBUG Input                - Registered new binding: Move Right - D
00:45:25.624 [JavaFX Application Thread] DEBUG GameApplication      - Starting main loop
00:45:25.688 [JavaFX Application Thread] DEBUG StartupState         - STARTUP
00:45:25.689 [JavaFX Application Thread] DEBUG GameApplication      - Starting new game
00:45:25.694 [JavaFX Application Thread] DEBUG Input                - Clearing active input actions
00:45:25.738 [JavaFX Application Thread] DEBUG AppStateMachine      - StartupState -> LoadingState
00:45:25.787 [FXGL Background Thread 1 ] DEBUG InitAppTask          - Clearing previous game
00:45:25.788 [FXGL Background Thread 1 ] DEBUG GameWorld            - Clearing game world
00:45:25.789 [FXGL Background Thread 1 ] DEBUG PhysicsWorld         - Clearing physics world
00:45:25.790 [FXGL Background Thread 1 ] DEBUG GameScene            - Clearing game scene
00:45:25.798 [FXGL Background Thread 1 ] DEBUG InitAppTask          - Initializing Game
00:45:25.864 [FXGL Background Thread 1 ] DEBUG AssetLoader          - Loading from disk: /assets/text/levels/0.txt
00:45:25.880 [FXGL Background Thread 1 ] WARN  TextLevelParser      - No producer found for character: 0
00:45:25.880 [FXGL Background Thread 1 ] WARN  TextLevelParser      - No producer found for character: 0
00:45:25.881 [FXGL Background Thread 1 ] WARN  TextLevelParser      - No producer found for character: 0
00:45:25.881 [FXGL Background Thread 1 ] WARN  TextLevelParser      - No producer found for character: 0
00:45:25.881 [FXGL Background Thread 1 ] WARN  TextLevelParser      - No producer found for character: 0
00:45:25.881 [FXGL Background Thread 1 ] WARN  TextLevelParser      - No producer found for character: 0
00:45:25.882 [FXGL Background Thread 1 ] WARN  TextLevelParser      - No producer found for character: 0
00:45:25.882 [FXGL Background Thread 1 ] WARN  TextLevelParser      - No producer found for character: 0
00:45:25.883 [FXGL Background Thread 1 ] WARN  TextLevelParser      - No producer found for character: 0
00:45:25.884 [FXGL Background Thread 1 ] WARN  TextLevelParser      - No producer found for character: 0
00:45:25.884 [FXGL Background Thread 1 ] WARN  TextLevelParser      - No producer found for character: 0
00:45:25.884 [FXGL Background Thread 1 ] WARN  TextLevelParser      - No producer found for character: 0
00:45:25.885 [FXGL Background Thread 1 ] WARN  TextLevelParser      - No producer found for character: 0
00:45:25.885 [FXGL Background Thread 1 ] WARN  TextLevelParser      - No producer found for character: 0
00:45:25.885 [FXGL Background Thread 1 ] WARN  TextLevelParser      - No producer found for character: 0
00:45:25.885 [FXGL Background Thread 1 ] WARN  TextLevelParser      - No producer found for character: 0
00:45:25.943 [FXGL Background Thread 1 ] WARN  TextLevelParser      - No producer found for character: 0
00:45:25.949 [FXGL Background Thread 1 ] WARN  TextLevelParser      - No producer found for character: 0
00:45:25.957 [FXGL Background Thread 1 ] WARN  TextLevelParser      - No producer found for character: 0
00:45:25.973 [FXGL Background Thread 1 ] WARN  TextLevelParser      - No producer found for character: 0
00:45:25.977 [FXGL Background Thread 1 ] WARN  TextLevelParser      - No producer found for character: 0
00:45:25.979 [FXGL Background Thread 1 ] WARN  TextLevelParser      - No producer found for character: 0
00:45:25.983 [FXGL Background Thread 1 ] WARN  TextLevelParser      - No producer found for character: 0
00:45:25.983 [FXGL Background Thread 1 ] WARN  TextLevelParser      - No producer found for character: 0
00:45:25.988 [FXGL Background Thread 1 ] WARN  TextLevelParser      - No producer found for character: 0
00:45:25.988 [FXGL Background Thread 1 ] WARN  TextLevelParser      - No producer found for character: 0
00:45:25.988 [FXGL Background Thread 1 ] WARN  TextLevelParser      - No producer found for character: 0
00:45:25.988 [FXGL Background Thread 1 ] WARN  TextLevelParser      - No producer found for character: 0
00:45:25.989 [FXGL Background Thread 1 ] WARN  TextLevelParser      - No producer found for character: 0
00:45:25.989 [FXGL Background Thread 1 ] WARN  TextLevelParser      - No producer found for character: 0
00:45:25.989 [FXGL Background Thread 1 ] WARN  TextLevelParser      - No producer found for character: 0
00:45:25.989 [FXGL Background Thread 1 ] WARN  TextLevelParser      - No producer found for character: 0
00:45:25.989 [FXGL Background Thread 1 ] WARN  TextLevelParser      - No producer found for character: 0
00:45:25.990 [FXGL Background Thread 1 ] WARN  TextLevelParser      - No producer found for character: 0
00:45:25.990 [FXGL Background Thread 1 ] WARN  TextLevelParser      - No producer found for character: 0
00:45:25.990 [FXGL Background Thread 1 ] WARN  TextLevelParser      - No producer found for character: 0
00:45:25.991 [FXGL Background Thread 1 ] WARN  TextLevelParser      - No producer found for character: 0
00:45:25.991 [FXGL Background Thread 1 ] WARN  TextLevelParser      - No producer found for character: 0
00:45:25.991 [FXGL Background Thread 1 ] WARN  TextLevelParser      - No producer found for character: 0
00:45:25.993 [FXGL Background Thread 1 ] WARN  TextLevelParser      - No producer found for character: 0
00:45:25.995 [FXGL Background Thread 1 ] WARN  TextLevelParser      - No producer found for character: 0
00:45:25.996 [FXGL Background Thread 1 ] WARN  TextLevelParser      - No producer found for character: 0
00:45:25.999 [FXGL Background Thread 1 ] WARN  TextLevelParser      - No producer found for character: 0
00:45:26.001 [FXGL Background Thread 1 ] WARN  TextLevelParser      - No producer found for character: 0
00:45:26.003 [FXGL Background Thread 1 ] WARN  TextLevelParser      - No producer found for character: 0
00:45:26.005 [FXGL Background Thread 1 ] WARN  TextLevelParser      - No producer found for character: 0
00:45:26.005 [FXGL Background Thread 1 ] WARN  TextLevelParser      - No producer found for character: 0
00:45:26.006 [FXGL Background Thread 1 ] WARN  TextLevelParser      - No producer found for character: 0
00:45:26.006 [FXGL Background Thread 1 ] WARN  TextLevelParser      - No producer found for character: 0
00:45:26.006 [FXGL Background Thread 1 ] WARN  TextLevelParser      - No producer found for character: 0
00:45:26.006 [FXGL Background Thread 1 ] WARN  TextLevelParser      - No producer found for character: 0
00:45:26.007 [FXGL Background Thread 1 ] WARN  TextLevelParser      - No producer found for character: 0
00:45:26.008 [FXGL Background Thread 1 ] WARN  TextLevelParser      - No producer found for character: 0
00:45:26.009 [FXGL Background Thread 1 ] WARN  TextLevelParser      - No producer found for character: 0
00:45:26.009 [FXGL Background Thread 1 ] WARN  TextLevelParser      - No producer found for character: 0
00:45:26.010 [FXGL Background Thread 1 ] WARN  TextLevelParser      - No producer found for character: 0
00:45:26.010 [FXGL Background Thread 1 ] WARN  TextLevelParser      - No producer found for character: 0
00:45:26.011 [FXGL Background Thread 1 ] WARN  TextLevelParser      - No producer found for character: 0
00:45:26.011 [FXGL Background Thread 1 ] WARN  TextLevelParser      - No producer found for character: 0
00:45:26.011 [FXGL Background Thread 1 ] WARN  TextLevelParser      - No producer found for character: 0
00:45:26.011 [FXGL Background Thread 1 ] WARN  TextLevelParser      - No producer found for character: 0
00:45:26.015 [FXGL Background Thread 1 ] WARN  TextLevelParser      - No producer found for character: 0
00:45:26.016 [FXGL Background Thread 1 ] WARN  TextLevelParser      - No producer found for character: 0
00:45:26.019 [FXGL Background Thread 1 ] WARN  TextLevelParser      - No producer found for character: 0
00:45:26.020 [FXGL Background Thread 1 ] WARN  TextLevelParser      - No producer found for character: 0
00:45:26.022 [FXGL Background Thread 1 ] WARN  TextLevelParser      - No producer found for character: 0
00:45:26.025 [FXGL Background Thread 1 ] WARN  TextLevelParser      - No producer found for character: 0
00:45:26.026 [FXGL Background Thread 1 ] WARN  TextLevelParser      - No producer found for character: 0
00:45:26.028 [FXGL Background Thread 1 ] WARN  TextLevelParser      - No producer found for character: 0
00:45:26.028 [FXGL Background Thread 1 ] WARN  TextLevelParser      - No producer found for character: 0
00:45:26.028 [FXGL Background Thread 1 ] WARN  TextLevelParser      - No producer found for character: 0
00:45:26.028 [FXGL Background Thread 1 ] WARN  TextLevelParser      - No producer found for character: 0
00:45:26.028 [FXGL Background Thread 1 ] WARN  TextLevelParser      - No producer found for character: 0
00:45:26.029 [FXGL Background Thread 1 ] WARN  TextLevelParser      - No producer found for character: 0
00:45:26.029 [FXGL Background Thread 1 ] WARN  TextLevelParser      - No producer found for character: 0
00:45:26.029 [FXGL Background Thread 1 ] WARN  TextLevelParser      - No producer found for character: 0
00:45:26.029 [FXGL Background Thread 1 ] WARN  TextLevelParser      - No producer found for character: 0
00:45:26.029 [FXGL Background Thread 1 ] WARN  TextLevelParser      - No producer found for character: 0
00:45:26.029 [FXGL Background Thread 1 ] WARN  TextLevelParser      - No producer found for character: 0
00:45:26.030 [FXGL Background Thread 1 ] WARN  TextLevelParser      - No producer found for character: 0
00:45:26.030 [FXGL Background Thread 1 ] WARN  TextLevelParser      - No producer found for character: 0
00:45:26.030 [FXGL Background Thread 1 ] WARN  TextLevelParser      - No producer found for character: 0
00:45:26.030 [FXGL Background Thread 1 ] WARN  TextLevelParser      - No producer found for character: 0
00:45:26.030 [FXGL Background Thread 1 ] WARN  TextLevelParser      - No producer found for character: 0
00:45:26.030 [FXGL Background Thread 1 ] WARN  TextLevelParser      - No producer found for character: 0
00:45:26.032 [FXGL Background Thread 1 ] WARN  TextLevelParser      - No producer found for character: 0
00:45:26.033 [FXGL Background Thread 1 ] WARN  TextLevelParser      - No producer found for character: 0
00:45:26.035 [FXGL Background Thread 1 ] WARN  TextLevelParser      - No producer found for character: 0
00:45:26.036 [FXGL Background Thread 1 ] WARN  TextLevelParser      - No producer found for character: 0
00:45:26.037 [FXGL Background Thread 1 ] WARN  TextLevelParser      - No producer found for character: 0
00:45:26.039 [FXGL Background Thread 1 ] WARN  TextLevelParser      - No producer found for character: 0
00:45:26.040 [FXGL Background Thread 1 ] WARN  TextLevelParser      - No producer found for character: 0
00:45:26.040 [FXGL Background Thread 1 ] WARN  TextLevelParser      - No producer found for character: 0
00:45:26.040 [FXGL Background Thread 1 ] WARN  TextLevelParser      - No producer found for character: 0
00:45:26.042 [FXGL Background Thread 1 ] WARN  TextLevelParser      - No producer found for character: 0
00:45:26.042 [FXGL Background Thread 1 ] WARN  TextLevelParser      - No producer found for character: 0
00:45:26.042 [FXGL Background Thread 1 ] WARN  TextLevelParser      - No producer found for character: 0
00:45:26.042 [FXGL Background Thread 1 ] WARN  TextLevelParser      - No producer found for character: 0
00:45:26.043 [FXGL Background Thread 1 ] DEBUG AssetLoader          - Loading from disk: /assets/textures/Bomberman/down.png
00:45:26.052 [FXGL Background Thread 1 ] DEBUG AssetLoader          - Loading from cache: /assets/textures/Bomberman/down.png
00:45:26.052 [FXGL Background Thread 1 ] DEBUG AssetLoader          - Loading from disk: /assets/textures/Bomberman/up.png
00:45:26.053 [FXGL Background Thread 1 ] DEBUG AssetLoader          - Loading from disk: /assets/textures/Bomberman/left.png
00:45:26.054 [FXGL Background Thread 1 ] DEBUG AssetLoader          - Loading from disk: /assets/textures/Bomberman/right.png
00:45:26.055 [FXGL Background Thread 1 ] WARN  TextLevelParser      - No producer found for character: 0
00:45:26.055 [FXGL Background Thread 1 ] WARN  TextLevelParser      - No producer found for character: 0
00:45:26.056 [FXGL Background Thread 1 ] WARN  TextLevelParser      - No producer found for character: 0
00:45:26.056 [FXGL Background Thread 1 ] WARN  TextLevelParser      - No producer found for character: 0
00:45:26.056 [FXGL Background Thread 1 ] WARN  TextLevelParser      - No producer found for character: 0
00:45:26.056 [FXGL Background Thread 1 ] WARN  TextLevelParser      - No producer found for character: 0
00:45:26.056 [FXGL Background Thread 1 ] WARN  TextLevelParser      - No producer found for character: 0
00:45:26.057 [FXGL Background Thread 1 ] WARN  TextLevelParser      - No producer found for character: 0
00:45:26.057 [FXGL Background Thread 1 ] WARN  TextLevelParser      - No producer found for character: 0
00:45:26.058 [FXGL Background Thread 1 ] WARN  TextLevelParser      - No producer found for character: 0
00:45:26.060 [FXGL Background Thread 1 ] WARN  TextLevelParser      - No producer found for character: 0
00:45:26.062 [FXGL Background Thread 1 ] WARN  TextLevelParser      - No producer found for character: 0
00:45:26.063 [FXGL Background Thread 1 ] WARN  TextLevelParser      - No producer found for character: 0
00:45:26.065 [FXGL Background Thread 1 ] WARN  TextLevelParser      - No producer found for character: 0
00:45:26.066 [FXGL Background Thread 1 ] WARN  TextLevelParser      - No producer found for character: 0
00:45:26.068 [FXGL Background Thread 1 ] WARN  TextLevelParser      - No producer found for character: 0
00:45:26.068 [FXGL Background Thread 1 ] WARN  TextLevelParser      - No producer found for character: 0
00:45:26.068 [FXGL Background Thread 1 ] WARN  TextLevelParser      - No producer found for character: 0
00:45:26.069 [FXGL Background Thread 1 ] WARN  TextLevelParser      - No producer found for character: 0
00:45:26.069 [FXGL Background Thread 1 ] WARN  TextLevelParser      - No producer found for character: 0
00:45:26.069 [FXGL Background Thread 1 ] WARN  TextLevelParser      - No producer found for character: 0
00:45:26.069 [FXGL Background Thread 1 ] WARN  TextLevelParser      - No producer found for character: 0
00:45:26.070 [FXGL Background Thread 1 ] WARN  TextLevelParser      - No producer found for character: 0
00:45:26.070 [FXGL Background Thread 1 ] WARN  TextLevelParser      - No producer found for character: 0
00:45:26.070 [FXGL Background Thread 1 ] WARN  TextLevelParser      - No producer found for character: 0
00:45:26.070 [FXGL Background Thread 1 ] WARN  TextLevelParser      - No producer found for character: 0
00:45:26.070 [FXGL Background Thread 1 ] WARN  TextLevelParser      - No producer found for character: 0
00:45:26.071 [FXGL Background Thread 1 ] WARN  TextLevelParser      - No producer found for character: 0
00:45:26.071 [FXGL Background Thread 1 ] WARN  TextLevelParser      - No producer found for character: 0
00:45:26.071 [FXGL Background Thread 1 ] WARN  TextLevelParser      - No producer found for character: 0
00:45:26.071 [FXGL Background Thread 1 ] WARN  TextLevelParser      - No producer found for character: 0
00:45:26.072 [FXGL Background Thread 1 ] DEBUG GameWorld            - Clearing removable entities
00:45:26.072 [FXGL Background Thread 1 ] DEBUG GameWorld            - Setting level: com.almasb.fxgl.entity.Level@6155a74
00:45:26.075 [FXGL Background Thread 1 ] DEBUG GameScene            - Creating render group for layer: DEFAULT(100000)
00:45:26.096 [FXGL Background Thread 1 ] DEBUG GameScene            - Creating render group for layer: BACKGROUND(1000)
00:45:26.124 [FXGL Background Thread 1 ] DEBUG InitAppTask          - Initializing Physics
00:45:26.124 [FXGL Background Thread 1 ] DEBUG InitAppTask          - Initializing UI
00:45:26.124 [FXGL Background Thread 1 ] DEBUG InitAppTask          - Initialization Complete
00:45:26.125 [FXGL Background Thread 1 ] INFO  InitAppTask          - Game initialization took: 0.354 sec
00:45:26.132 [JavaFX Application Thread] DEBUG Input                - Clearing active input actions
00:45:26.189 [JavaFX Application Thread] DEBUG AppStateMachine      - LoadingState -> PlayState
00:46:34.759 [JavaFX Application Thread] DEBUG GameApplication      - Exiting game application
00:46:34.761 [JavaFX Application Thread] DEBUG GameApplication      - Shutting down background threads
00:46:34.762 [JavaFX Application Thread] DEBUG GameApplication      - Exiting FXGL
00:46:34.762 [JavaFX Application Thread] DEBUG FXGL                 - Saving FXGL system data
00:46:34.767 [JavaFX Application Thread] DEBUG DesktopFSService     - Writing to: system/fxgl.bundle
00:46:34.772 [JavaFX Application Thread] DEBUG GameApplication      - Closing logger and exiting JavaFX
