19:36:57.721 [JavaFX Application Thread] DEBUG GameApplication      - Logger initialized
19:36:57.733 [JavaFX Application Thread] DEBUG MainWindow           - Creating a JavaFX scene
19:36:57.870 [JavaFX Application Thread] DEBUG MainWindow           - Target settings size: 680.0 x 520.0
19:36:57.871 [JavaFX Application Thread] DEBUG MainWindow           - Scaled scene size:    680.0 x 520.0
19:36:57.871 [JavaFX Application Thread] DEBUG MainWindow           - Scaled ratio: (1.0, 1.0)
19:36:57.879 [JavaFX Application Thread] DEBUG GameApplication      - Starting FXGL
19:36:57.884 [JavaFX Application Thread] INFO  FXGL                 - FXGL-0.5.3 on DESKTOP
19:36:57.885 [JavaFX Application Thread] INFO  FXGL                 - Source code and latest versions at: https://github.com/AlmasB/FXGL
19:36:57.885 [JavaFX Application Thread] INFO  FXGL                 -              Join the FXGL chat at: https://gitter.im/AlmasB/FXGL
19:36:57.898 [JavaFX Application Thread] DEBUG FS                   - Loaded DesktopFSService
19:36:57.899 [JavaFX Application Thread] DEBUG FXGL                 - Loading FXGL system data
19:36:57.912 [JavaFX Application Thread] DEBUG DesktopFSService     - Reading from: system\fxgl.bundle
19:36:57.937 [JavaFX Application Thread] DEBUG Bundle               - Logging bundle: FXGL
19:36:57.938 [JavaFX Application Thread] DEBUG Bundle               - FXGL.offline.timer.version.check=2018-11-21T10:17:16.102
19:36:58.011 [JavaFX Application Thread] DEBUG GameApplication      - FXGL started
19:36:58.011 [JavaFX Application Thread] DEBUG GameApplication      - Logging game settings
Title: BombermanApp
Version: 0.1
Width: 680
Height: 520
Fullscreen: false
Intro: false
Menus: false
Profiling: false
Single step:false
App Mode: DEVELOPER
Menu Key: ESCAPE
Stage Style: DECORATED
Scene Factory: class com.almasb.fxgl.scene.SceneFactory
Dialog Factory: class com.almasb.fxgl.ui.FXGLDialogFactory
UI Factory: class com.almasb.fxgl.ui.FXGLUIFactory
Notification Service: class com.almasb.fxgl.gameplay.notification.XboxNotificationView
Exception Handler: class com.almasb.fxgl.app.FXGLExceptionHandler
19:36:58.013 [JavaFX Application Thread] DEBUG GameApplication      - Configuring GameApplication
19:36:58.013 [JavaFX Application Thread] DEBUG GameApplication      - Initializing state machine and application states
19:36:58.035 [JavaFX Application Thread] DEBUG AssetLoader          - Loading from disk: /assets/ui/cursors/fxgl_default.png
19:36:58.072 [JavaFX Application Thread] DEBUG AssetLoader          - Loading from disk: /assets/ui/cursors/fxgl_default.png
19:36:58.104 [JavaFX Application Thread] DEBUG FXGLAssets           - Loading FXGLAssets
19:36:58.147 [JavaFX Application Thread] DEBUG AssetLoader          - Loading from disk: /assets/ui/fonts/VarelaRound-Regular.ttf
19:36:58.433 [JavaFX Application Thread] DEBUG AssetLoader          - Loading from disk: /assets/ui/fonts/lucida_console.ttf
19:36:58.460 [JavaFX Application Thread] DEBUG AssetLoader          - Loading from disk: /assets/ui/fonts/Courier-Prime.ttf
19:36:58.484 [JavaFX Application Thread] DEBUG AssetLoader          - Loading from disk: /assets/ui/fonts/Abel-Regular.ttf
19:36:58.511 [JavaFX Application Thread] DEBUG AssetLoader          - Loading from disk: /assets/ui/css/fxgl_dark.css
19:36:58.565 [JavaFX Application Thread] DEBUG AssetLoader          - Loading from disk: /assets/ui/cursors/fxgl_default.png
19:36:58.617 [JavaFX Application Thread] DEBUG AssetLoader          - Loading from disk: /assets/ui/cursors/fxgl_default.png
19:36:58.661 [JavaFX Application Thread] DEBUG GameScene            - Game scene initialized: 680x520
19:36:58.666 [JavaFX Application Thread] DEBUG GameWorld            - Game world initialized
19:36:58.733 [JavaFX Application Thread] DEBUG PhysicsWorld         - Physics world initialized: appHeight=520, physics.ppm=50.0
19:36:58.765 [JavaFX Application Thread] DEBUG Input                - Registered new binding: Pause - Esc
19:36:58.796 [JavaFX Application Thread] DEBUG Input                - Clearing active input actions
19:36:58.908 [JavaFX Application Thread] DEBUG AppStateMachine      - StartupState -> StartupState
19:36:58.923 [JavaFX Application Thread] INFO  GameApplication      - Game configuration took:  0.910 sec
19:36:58.929 [JavaFX Application Thread] DEBUG AssetLoader          - Loading from disk: /assets/textures/fxgl_icon.png
19:36:58.974 [JavaFX Application Thread] DEBUG MainWindow           - Opening main window
19:36:59.263 [JavaFX Application Thread] DEBUG MainWindow           - Window border size: (6.0, 29.0)
19:36:59.263 [JavaFX Application Thread] DEBUG MainWindow           - Scaled size: 680.0 x 520.0
19:36:59.263 [JavaFX Application Thread] DEBUG MainWindow           - Scaled ratio: (1.0, 1.0)
19:36:59.264 [JavaFX Application Thread] DEBUG MainWindow           - Scene size: 680.0 x 520.0
19:36:59.264 [JavaFX Application Thread] DEBUG MainWindow           - Stage size: 686.0 x 549.0
19:36:59.264 [JavaFX Application Thread] DEBUG GameApplication      - Running preInit()
19:36:59.266 [JavaFX Application Thread] DEBUG Input                - Registered new binding: Screenshot - P
19:36:59.266 [JavaFX Application Thread] DEBUG Input                - Registered new binding: Dev Options - CTRL+0
19:36:59.267 [JavaFX Application Thread] DEBUG Input                - Registered new binding: System info dump - CTRL+9
19:36:59.267 [JavaFX Application Thread] DEBUG Input                - Registered new binding: Restart - CTRL+R
19:36:59.268 [JavaFX Application Thread] DEBUG Input                - Registered new binding: Move Up - W
19:36:59.268 [JavaFX Application Thread] DEBUG Input                - Registered new binding: Move Left - A
19:36:59.268 [JavaFX Application Thread] DEBUG Input                - Registered new binding: Move Down - S
19:36:59.268 [JavaFX Application Thread] DEBUG Input                - Registered new binding: Move Right - D
19:36:59.268 [JavaFX Application Thread] DEBUG Input                - Registered new binding: Place Bomb - F
19:36:59.316 [JavaFX Application Thread] DEBUG GameApplication      - Starting main loop
19:36:59.318 [JavaFX Application Thread] DEBUG StartupState         - STARTUP
19:36:59.319 [JavaFX Application Thread] DEBUG GameApplication      - Starting new game
19:36:59.319 [JavaFX Application Thread] DEBUG Input                - Clearing active input actions
19:36:59.333 [JavaFX Application Thread] DEBUG AppStateMachine      - StartupState -> LoadingState
19:36:59.346 [FXGL Background Thread 1 ] DEBUG InitAppTask          - Clearing previous game
19:36:59.346 [FXGL Background Thread 1 ] DEBUG GameWorld            - Clearing game world
19:36:59.346 [FXGL Background Thread 1 ] DEBUG PhysicsWorld         - Clearing physics world
19:36:59.347 [FXGL Background Thread 1 ] DEBUG GameScene            - Clearing game scene
19:36:59.348 [FXGL Background Thread 1 ] DEBUG InitAppTask          - Initializing Game
19:36:59.390 [FXGL Background Thread 1 ] DEBUG AssetLoader          - Loading from disk: /assets/text/levels/0.txt
19:36:59.401 [FXGL Background Thread 1 ] DEBUG AssetLoader          - Loading from disk: /assets/textures/Wall/editwall2.png
19:36:59.453 [FXGL Background Thread 1 ] DEBUG AssetLoader          - Loading from cache: /assets/textures/Wall/editwall2.png
19:36:59.458 [FXGL Background Thread 1 ] DEBUG AssetLoader          - Loading from cache: /assets/textures/Wall/editwall2.png
19:36:59.460 [FXGL Background Thread 1 ] DEBUG AssetLoader          - Loading from cache: /assets/textures/Wall/editwall2.png
19:36:59.463 [FXGL Background Thread 1 ] DEBUG AssetLoader          - Loading from cache: /assets/textures/Wall/editwall2.png
19:36:59.463 [FXGL Background Thread 1 ] DEBUG AssetLoader          - Loading from cache: /assets/textures/Wall/editwall2.png
19:36:59.464 [FXGL Background Thread 1 ] DEBUG AssetLoader          - Loading from cache: /assets/textures/Wall/editwall2.png
19:36:59.466 [FXGL Background Thread 1 ] DEBUG AssetLoader          - Loading from cache: /assets/textures/Wall/editwall2.png
19:36:59.466 [FXGL Background Thread 1 ] DEBUG AssetLoader          - Loading from cache: /assets/textures/Wall/editwall2.png
19:36:59.467 [FXGL Background Thread 1 ] DEBUG AssetLoader          - Loading from cache: /assets/textures/Wall/editwall2.png
19:36:59.468 [FXGL Background Thread 1 ] DEBUG AssetLoader          - Loading from cache: /assets/textures/Wall/editwall2.png
19:36:59.469 [FXGL Background Thread 1 ] DEBUG AssetLoader          - Loading from cache: /assets/textures/Wall/editwall2.png
19:36:59.470 [FXGL Background Thread 1 ] DEBUG AssetLoader          - Loading from cache: /assets/textures/Wall/editwall2.png
19:36:59.471 [FXGL Background Thread 1 ] DEBUG AssetLoader          - Loading from cache: /assets/textures/Wall/editwall2.png
19:36:59.473 [FXGL Background Thread 1 ] DEBUG AssetLoader          - Loading from cache: /assets/textures/Wall/editwall2.png
19:36:59.474 [FXGL Background Thread 1 ] DEBUG AssetLoader          - Loading from cache: /assets/textures/Wall/editwall2.png
19:36:59.475 [FXGL Background Thread 1 ] DEBUG AssetLoader          - Loading from cache: /assets/textures/Wall/editwall2.png
19:36:59.476 [FXGL Background Thread 1 ] DEBUG AssetLoader          - Loading from cache: /assets/textures/Wall/editwall2.png
19:36:59.489 [FXGL Background Thread 1 ] DEBUG AssetLoader          - Loading from cache: /assets/textures/Wall/editwall2.png
19:36:59.489 [FXGL Background Thread 1 ] DEBUG AssetLoader          - Loading from cache: /assets/textures/Wall/editwall2.png
19:36:59.491 [FXGL Background Thread 1 ] DEBUG AssetLoader          - Loading from cache: /assets/textures/Wall/editwall2.png
19:36:59.492 [FXGL Background Thread 1 ] DEBUG AssetLoader          - Loading from cache: /assets/textures/Wall/editwall2.png
19:36:59.493 [FXGL Background Thread 1 ] DEBUG AssetLoader          - Loading from cache: /assets/textures/Wall/editwall2.png
19:36:59.494 [FXGL Background Thread 1 ] DEBUG AssetLoader          - Loading from cache: /assets/textures/Wall/editwall2.png
19:36:59.496 [FXGL Background Thread 1 ] DEBUG AssetLoader          - Loading from cache: /assets/textures/Wall/editwall2.png
19:36:59.497 [FXGL Background Thread 1 ] DEBUG AssetLoader          - Loading from cache: /assets/textures/Wall/editwall2.png
19:36:59.498 [FXGL Background Thread 1 ] DEBUG AssetLoader          - Loading from cache: /assets/textures/Wall/editwall2.png
19:36:59.499 [FXGL Background Thread 1 ] DEBUG AssetLoader          - Loading from cache: /assets/textures/Wall/editwall2.png
19:36:59.500 [FXGL Background Thread 1 ] DEBUG AssetLoader          - Loading from cache: /assets/textures/Wall/editwall2.png
19:36:59.507 [FXGL Background Thread 1 ] DEBUG AssetLoader          - Loading from cache: /assets/textures/Wall/editwall2.png
19:36:59.508 [FXGL Background Thread 1 ] DEBUG AssetLoader          - Loading from cache: /assets/textures/Wall/editwall2.png
19:36:59.509 [FXGL Background Thread 1 ] DEBUG AssetLoader          - Loading from cache: /assets/textures/Wall/editwall2.png
19:36:59.511 [FXGL Background Thread 1 ] DEBUG AssetLoader          - Loading from cache: /assets/textures/Wall/editwall2.png
19:36:59.512 [FXGL Background Thread 1 ] DEBUG AssetLoader          - Loading from cache: /assets/textures/Wall/editwall2.png
19:36:59.514 [FXGL Background Thread 1 ] DEBUG AssetLoader          - Loading from cache: /assets/textures/Wall/editwall2.png
19:36:59.515 [FXGL Background Thread 1 ] DEBUG AssetLoader          - Loading from cache: /assets/textures/Wall/editwall2.png
19:36:59.516 [FXGL Background Thread 1 ] DEBUG AssetLoader          - Loading from cache: /assets/textures/Wall/editwall2.png
19:36:59.517 [FXGL Background Thread 1 ] DEBUG AssetLoader          - Loading from cache: /assets/textures/Wall/editwall2.png
19:36:59.518 [FXGL Background Thread 1 ] DEBUG AssetLoader          - Loading from cache: /assets/textures/Wall/editwall2.png
19:36:59.519 [FXGL Background Thread 1 ] DEBUG AssetLoader          - Loading from cache: /assets/textures/Wall/editwall2.png
19:36:59.526 [FXGL Background Thread 1 ] DEBUG AssetLoader          - Loading from cache: /assets/textures/Wall/editwall2.png
19:36:59.527 [FXGL Background Thread 1 ] DEBUG AssetLoader          - Loading from cache: /assets/textures/Wall/editwall2.png
19:36:59.528 [FXGL Background Thread 1 ] DEBUG AssetLoader          - Loading from cache: /assets/textures/Wall/editwall2.png
19:36:59.529 [FXGL Background Thread 1 ] DEBUG AssetLoader          - Loading from cache: /assets/textures/Wall/editwall2.png
19:36:59.530 [FXGL Background Thread 1 ] DEBUG AssetLoader          - Loading from cache: /assets/textures/Wall/editwall2.png
19:36:59.531 [FXGL Background Thread 1 ] DEBUG AssetLoader          - Loading from cache: /assets/textures/Wall/editwall2.png
19:36:59.532 [FXGL Background Thread 1 ] DEBUG AssetLoader          - Loading from cache: /assets/textures/Wall/editwall2.png
19:36:59.534 [FXGL Background Thread 1 ] DEBUG AssetLoader          - Loading from cache: /assets/textures/Wall/editwall2.png
19:36:59.534 [FXGL Background Thread 1 ] DEBUG AssetLoader          - Loading from cache: /assets/textures/Wall/editwall2.png
19:36:59.536 [FXGL Background Thread 1 ] DEBUG AssetLoader          - Loading from cache: /assets/textures/Wall/editwall2.png
19:36:59.537 [FXGL Background Thread 1 ] DEBUG AssetLoader          - Loading from cache: /assets/textures/Wall/editwall2.png
19:36:59.545 [FXGL Background Thread 1 ] DEBUG AssetLoader          - Loading from cache: /assets/textures/Wall/editwall2.png
19:36:59.546 [FXGL Background Thread 1 ] DEBUG AssetLoader          - Loading from cache: /assets/textures/Wall/editwall2.png
19:36:59.547 [FXGL Background Thread 1 ] DEBUG AssetLoader          - Loading from cache: /assets/textures/Wall/editwall2.png
19:36:59.548 [FXGL Background Thread 1 ] DEBUG AssetLoader          - Loading from cache: /assets/textures/Wall/editwall2.png
19:36:59.549 [FXGL Background Thread 1 ] DEBUG AssetLoader          - Loading from cache: /assets/textures/Wall/editwall2.png
19:36:59.550 [FXGL Background Thread 1 ] DEBUG AssetLoader          - Loading from cache: /assets/textures/Wall/editwall2.png
19:36:59.551 [FXGL Background Thread 1 ] DEBUG AssetLoader          - Loading from cache: /assets/textures/Wall/editwall2.png
19:36:59.552 [FXGL Background Thread 1 ] DEBUG AssetLoader          - Loading from cache: /assets/textures/Wall/editwall2.png
19:36:59.552 [FXGL Background Thread 1 ] DEBUG AssetLoader          - Loading from cache: /assets/textures/Wall/editwall2.png
19:36:59.553 [FXGL Background Thread 1 ] DEBUG AssetLoader          - Loading from cache: /assets/textures/Wall/editwall2.png
19:36:59.554 [FXGL Background Thread 1 ] DEBUG AssetLoader          - Loading from cache: /assets/textures/Wall/editwall2.png
19:36:59.563 [FXGL Background Thread 1 ] DEBUG AssetLoader          - Loading from cache: /assets/textures/Wall/editwall2.png
19:36:59.563 [FXGL Background Thread 1 ] DEBUG AssetLoader          - Loading from cache: /assets/textures/Wall/editwall2.png
19:36:59.566 [FXGL Background Thread 1 ] DEBUG AssetLoader          - Loading from cache: /assets/textures/Wall/editwall2.png
19:36:59.567 [FXGL Background Thread 1 ] DEBUG AssetLoader          - Loading from cache: /assets/textures/Wall/editwall2.png
19:36:59.568 [FXGL Background Thread 1 ] DEBUG AssetLoader          - Loading from cache: /assets/textures/Wall/editwall2.png
19:36:59.568 [FXGL Background Thread 1 ] DEBUG AssetLoader          - Loading from cache: /assets/textures/Wall/editwall2.png
19:36:59.570 [FXGL Background Thread 1 ] DEBUG AssetLoader          - Loading from cache: /assets/textures/Wall/editwall2.png
19:36:59.570 [FXGL Background Thread 1 ] DEBUG AssetLoader          - Loading from cache: /assets/textures/Wall/editwall2.png
19:36:59.571 [FXGL Background Thread 1 ] DEBUG AssetLoader          - Loading from cache: /assets/textures/Wall/editwall2.png
19:36:59.572 [FXGL Background Thread 1 ] DEBUG AssetLoader          - Loading from cache: /assets/textures/Wall/editwall2.png
19:36:59.573 [FXGL Background Thread 1 ] DEBUG AssetLoader          - Loading from cache: /assets/textures/Wall/editwall2.png
19:36:59.580 [FXGL Background Thread 1 ] DEBUG AssetLoader          - Loading from cache: /assets/textures/Wall/editwall2.png
19:36:59.580 [FXGL Background Thread 1 ] DEBUG AssetLoader          - Loading from cache: /assets/textures/Wall/editwall2.png
19:36:59.581 [FXGL Background Thread 1 ] DEBUG AssetLoader          - Loading from cache: /assets/textures/Wall/editwall2.png
19:36:59.581 [FXGL Background Thread 1 ] DEBUG AssetLoader          - Loading from cache: /assets/textures/Wall/editwall2.png
19:36:59.581 [FXGL Background Thread 1 ] DEBUG AssetLoader          - Loading from cache: /assets/textures/Wall/editwall2.png
19:36:59.582 [FXGL Background Thread 1 ] DEBUG AssetLoader          - Loading from cache: /assets/textures/Wall/editwall2.png
19:36:59.582 [FXGL Background Thread 1 ] DEBUG AssetLoader          - Loading from cache: /assets/textures/Wall/editwall2.png
19:36:59.583 [FXGL Background Thread 1 ] DEBUG AssetLoader          - Loading from cache: /assets/textures/Wall/editwall2.png
19:36:59.584 [FXGL Background Thread 1 ] DEBUG AssetLoader          - Loading from cache: /assets/textures/Wall/editwall2.png
19:36:59.584 [FXGL Background Thread 1 ] DEBUG AssetLoader          - Loading from cache: /assets/textures/Wall/editwall2.png
19:36:59.585 [FXGL Background Thread 1 ] DEBUG AssetLoader          - Loading from cache: /assets/textures/Wall/editwall2.png
19:36:59.586 [FXGL Background Thread 1 ] DEBUG AssetLoader          - Loading from cache: /assets/textures/Wall/editwall2.png
19:36:59.586 [FXGL Background Thread 1 ] DEBUG AssetLoader          - Loading from cache: /assets/textures/Wall/editwall2.png
19:36:59.587 [FXGL Background Thread 1 ] DEBUG AssetLoader          - Loading from cache: /assets/textures/Wall/editwall2.png
19:36:59.587 [FXGL Background Thread 1 ] DEBUG AssetLoader          - Loading from cache: /assets/textures/Wall/editwall2.png
19:36:59.588 [FXGL Background Thread 1 ] DEBUG AssetLoader          - Loading from cache: /assets/textures/Wall/editwall2.png
19:36:59.588 [FXGL Background Thread 1 ] DEBUG AssetLoader          - Loading from cache: /assets/textures/Wall/editwall2.png
19:36:59.589 [FXGL Background Thread 1 ] DEBUG AssetLoader          - Loading from cache: /assets/textures/Wall/editwall2.png
19:36:59.590 [FXGL Background Thread 1 ] DEBUG GameWorld            - Clearing removable entities
19:36:59.590 [FXGL Background Thread 1 ] DEBUG GameWorld            - Setting level: com.almasb.fxgl.entity.Level@4838983b
19:36:59.593 [FXGL Background Thread 1 ] DEBUG GameScene            - Creating render group for layer: DEFAULT(100000)
19:36:59.597 [FXGL Background Thread 1 ] DEBUG GameScene            - Creating render group for layer: BACKGROUND(1000)
19:36:59.608 [FXGL Background Thread 1 ] DEBUG AssetLoader          - Loading from disk: /assets/textures/Bomberman/down.png
19:36:59.611 [FXGL Background Thread 1 ] DEBUG AssetLoader          - Loading from cache: /assets/textures/Bomberman/down.png
19:36:59.611 [FXGL Background Thread 1 ] DEBUG AssetLoader          - Loading from disk: /assets/textures/Bomberman/up.png
19:36:59.612 [FXGL Background Thread 1 ] DEBUG AssetLoader          - Loading from disk: /assets/textures/Bomberman/left.png
19:36:59.613 [FXGL Background Thread 1 ] DEBUG AssetLoader          - Loading from disk: /assets/textures/Bomberman/right.png
19:36:59.627 [FXGL Background Thread 1 ] DEBUG InitAppTask          - Initializing Physics
19:36:59.627 [FXGL Background Thread 1 ] DEBUG InitAppTask          - Initializing UI
19:36:59.627 [FXGL Background Thread 1 ] DEBUG InitAppTask          - Initialization Complete
19:36:59.627 [FXGL Background Thread 1 ] INFO  InitAppTask          - Game initialization took: 0.283 sec
19:36:59.641 [JavaFX Application Thread] DEBUG Input                - Clearing active input actions
19:36:59.704 [JavaFX Application Thread] DEBUG AppStateMachine      - LoadingState -> PlayState
19:37:14.994 [JavaFX Application Thread] DEBUG GameApplication      - Exiting game application
19:37:14.997 [JavaFX Application Thread] DEBUG GameApplication      - Shutting down background threads
19:37:14.998 [JavaFX Application Thread] DEBUG GameApplication      - Exiting FXGL
19:37:14.998 [JavaFX Application Thread] DEBUG FXGL                 - Saving FXGL system data
19:37:15.005 [JavaFX Application Thread] DEBUG DesktopFSService     - Writing to: system\fxgl.bundle
19:37:15.018 [JavaFX Application Thread] DEBUG GameApplication      - Closing logger and exiting JavaFX
