19:36:30.089 [JavaFX Application Thread] DEBUG GameApplication      - Logger initialized
19:36:30.097 [JavaFX Application Thread] DEBUG MainWindow           - Creating a JavaFX scene
19:36:30.247 [JavaFX Application Thread] DEBUG MainWindow           - Target settings size: 680.0 x 520.0
19:36:30.247 [JavaFX Application Thread] DEBUG MainWindow           - Scaled scene size:    680.0 x 520.0
19:36:30.247 [JavaFX Application Thread] DEBUG MainWindow           - Scaled ratio: (1.0, 1.0)
19:36:30.254 [JavaFX Application Thread] DEBUG GameApplication      - Starting FXGL
19:36:30.260 [JavaFX Application Thread] INFO  FXGL                 - FXGL-0.5.3 on DESKTOP
19:36:30.260 [JavaFX Application Thread] INFO  FXGL                 - Source code and latest versions at: https://github.com/AlmasB/FXGL
19:36:30.261 [JavaFX Application Thread] INFO  FXGL                 -              Join the FXGL chat at: https://gitter.im/AlmasB/FXGL
19:36:30.272 [JavaFX Application Thread] DEBUG FS                   - Loaded DesktopFSService
19:36:30.273 [JavaFX Application Thread] DEBUG FXGL                 - Loading FXGL system data
19:36:30.286 [JavaFX Application Thread] DEBUG DesktopFSService     - Reading from: system\fxgl.bundle
19:36:30.309 [JavaFX Application Thread] DEBUG Bundle               - Logging bundle: FXGL
19:36:30.310 [JavaFX Application Thread] DEBUG Bundle               - FXGL.offline.timer.version.check=2018-11-21T10:17:16.102
19:36:30.361 [JavaFX Application Thread] DEBUG GameApplication      - FXGL started
19:36:30.361 [JavaFX Application Thread] DEBUG GameApplication      - Logging game settings
Title: BombermanApp
Version: 0.1
Width: 680
Height: 520
Fullscreen: false
Intro: false
Menus: false
Profiling: false
Single step:false
App Mode: DEVELOPER
Menu Key: ESCAPE
Stage Style: DECORATED
Scene Factory: class com.almasb.fxgl.scene.SceneFactory
Dialog Factory: class com.almasb.fxgl.ui.FXGLDialogFactory
UI Factory: class com.almasb.fxgl.ui.FXGLUIFactory
Notification Service: class com.almasb.fxgl.gameplay.notification.XboxNotificationView
Exception Handler: class com.almasb.fxgl.app.FXGLExceptionHandler
19:36:30.362 [JavaFX Application Thread] DEBUG GameApplication      - Configuring GameApplication
19:36:30.363 [JavaFX Application Thread] DEBUG GameApplication      - Initializing state machine and application states
19:36:30.388 [JavaFX Application Thread] DEBUG AssetLoader          - Loading from disk: /assets/ui/cursors/fxgl_default.png
19:36:30.443 [JavaFX Application Thread] DEBUG AssetLoader          - Loading from disk: /assets/ui/cursors/fxgl_default.png
19:36:30.478 [JavaFX Application Thread] DEBUG FXGLAssets           - Loading FXGLAssets
19:36:30.516 [JavaFX Application Thread] DEBUG AssetLoader          - Loading from disk: /assets/ui/fonts/VarelaRound-Regular.ttf
19:36:30.716 [JavaFX Application Thread] DEBUG AssetLoader          - Loading from disk: /assets/ui/fonts/lucida_console.ttf
19:36:30.730 [JavaFX Application Thread] DEBUG AssetLoader          - Loading from disk: /assets/ui/fonts/Courier-Prime.ttf
19:36:30.739 [JavaFX Application Thread] DEBUG AssetLoader          - Loading from disk: /assets/ui/fonts/Abel-Regular.ttf
19:36:30.751 [JavaFX Application Thread] DEBUG AssetLoader          - Loading from disk: /assets/ui/css/fxgl_dark.css
19:36:30.810 [JavaFX Application Thread] DEBUG AssetLoader          - Loading from disk: /assets/ui/cursors/fxgl_default.png
19:36:30.922 [JavaFX Application Thread] DEBUG AssetLoader          - Loading from disk: /assets/ui/cursors/fxgl_default.png
19:36:30.981 [JavaFX Application Thread] DEBUG GameScene            - Game scene initialized: 680x520
19:36:30.992 [JavaFX Application Thread] DEBUG GameWorld            - Game world initialized
19:36:31.088 [JavaFX Application Thread] DEBUG PhysicsWorld         - Physics world initialized: appHeight=520, physics.ppm=50.0
19:36:31.112 [JavaFX Application Thread] DEBUG Input                - Registered new binding: Pause - Esc
19:36:31.140 [JavaFX Application Thread] DEBUG Input                - Clearing active input actions
19:36:31.237 [JavaFX Application Thread] DEBUG AppStateMachine      - StartupState -> StartupState
19:36:31.244 [JavaFX Application Thread] INFO  GameApplication      - Game configuration took:  0.881 sec
19:36:31.248 [JavaFX Application Thread] DEBUG AssetLoader          - Loading from disk: /assets/textures/fxgl_icon.png
19:36:31.276 [JavaFX Application Thread] DEBUG MainWindow           - Opening main window
19:36:31.582 [JavaFX Application Thread] DEBUG MainWindow           - Window border size: (6.0, 29.0)
19:36:31.582 [JavaFX Application Thread] DEBUG MainWindow           - Scaled size: 680.0 x 520.0
19:36:31.582 [JavaFX Application Thread] DEBUG MainWindow           - Scaled ratio: (1.0, 1.0)
19:36:31.582 [JavaFX Application Thread] DEBUG MainWindow           - Scene size: 680.0 x 520.0
19:36:31.582 [JavaFX Application Thread] DEBUG MainWindow           - Stage size: 686.0 x 549.0
19:36:31.583 [JavaFX Application Thread] DEBUG GameApplication      - Running preInit()
19:36:31.585 [JavaFX Application Thread] DEBUG Input                - Registered new binding: Screenshot - P
19:36:31.587 [JavaFX Application Thread] DEBUG Input                - Registered new binding: Dev Options - CTRL+0
19:36:31.588 [JavaFX Application Thread] DEBUG Input                - Registered new binding: System info dump - CTRL+9
19:36:31.589 [JavaFX Application Thread] DEBUG Input                - Registered new binding: Restart - CTRL+R
19:36:31.589 [JavaFX Application Thread] DEBUG Input                - Registered new binding: Move Up - W
19:36:31.589 [JavaFX Application Thread] DEBUG Input                - Registered new binding: Move Left - A
19:36:31.590 [JavaFX Application Thread] DEBUG Input                - Registered new binding: Move Down - S
19:36:31.590 [JavaFX Application Thread] DEBUG Input                - Registered new binding: Move Right - D
19:36:31.590 [JavaFX Application Thread] DEBUG Input                - Registered new binding: Place Bomb - F
19:36:31.641 [JavaFX Application Thread] DEBUG GameApplication      - Starting main loop
19:36:31.644 [JavaFX Application Thread] DEBUG StartupState         - STARTUP
19:36:31.644 [JavaFX Application Thread] DEBUG GameApplication      - Starting new game
19:36:31.644 [JavaFX Application Thread] DEBUG Input                - Clearing active input actions
19:36:31.662 [JavaFX Application Thread] DEBUG AppStateMachine      - StartupState -> LoadingState
19:36:31.674 [FXGL Background Thread 1 ] DEBUG InitAppTask          - Clearing previous game
19:36:31.675 [FXGL Background Thread 1 ] DEBUG GameWorld            - Clearing game world
19:36:31.675 [FXGL Background Thread 1 ] DEBUG PhysicsWorld         - Clearing physics world
19:36:31.676 [FXGL Background Thread 1 ] DEBUG GameScene            - Clearing game scene
19:36:31.678 [FXGL Background Thread 1 ] DEBUG InitAppTask          - Initializing Game
19:36:31.722 [FXGL Background Thread 1 ] DEBUG AssetLoader          - Loading from disk: /assets/text/levels/0.txt
19:36:31.735 [FXGL Background Thread 1 ] DEBUG AssetLoader          - Loading from disk: /assets/textures/Wall/editwall2.png
19:36:31.801 [FXGL Background Thread 1 ] DEBUG AssetLoader          - Loading from cache: /assets/textures/Wall/editwall2.png
19:36:31.802 [FXGL Background Thread 1 ] DEBUG AssetLoader          - Loading from cache: /assets/textures/Wall/editwall2.png
19:36:31.803 [FXGL Background Thread 1 ] DEBUG AssetLoader          - Loading from cache: /assets/textures/Wall/editwall2.png
19:36:31.805 [FXGL Background Thread 1 ] DEBUG AssetLoader          - Loading from cache: /assets/textures/Wall/editwall2.png
19:36:31.806 [FXGL Background Thread 1 ] DEBUG AssetLoader          - Loading from cache: /assets/textures/Wall/editwall2.png
19:36:31.809 [FXGL Background Thread 1 ] DEBUG AssetLoader          - Loading from cache: /assets/textures/Wall/editwall2.png
19:36:31.810 [FXGL Background Thread 1 ] DEBUG AssetLoader          - Loading from cache: /assets/textures/Wall/editwall2.png
19:36:31.811 [FXGL Background Thread 1 ] DEBUG AssetLoader          - Loading from cache: /assets/textures/Wall/editwall2.png
19:36:31.812 [FXGL Background Thread 1 ] DEBUG AssetLoader          - Loading from cache: /assets/textures/Wall/editwall2.png
19:36:31.813 [FXGL Background Thread 1 ] DEBUG AssetLoader          - Loading from cache: /assets/textures/Wall/editwall2.png
19:36:31.814 [FXGL Background Thread 1 ] DEBUG AssetLoader          - Loading from cache: /assets/textures/Wall/editwall2.png
19:36:31.819 [FXGL Background Thread 1 ] DEBUG AssetLoader          - Loading from cache: /assets/textures/Wall/editwall2.png
19:36:31.820 [FXGL Background Thread 1 ] DEBUG AssetLoader          - Loading from cache: /assets/textures/Wall/editwall2.png
19:36:31.821 [FXGL Background Thread 1 ] DEBUG AssetLoader          - Loading from cache: /assets/textures/Wall/editwall2.png
19:36:31.823 [FXGL Background Thread 1 ] DEBUG AssetLoader          - Loading from cache: /assets/textures/Wall/editwall2.png
19:36:31.825 [FXGL Background Thread 1 ] DEBUG AssetLoader          - Loading from cache: /assets/textures/Wall/editwall2.png
19:36:31.826 [FXGL Background Thread 1 ] DEBUG AssetLoader          - Loading from cache: /assets/textures/Wall/editwall2.png
19:36:31.840 [FXGL Background Thread 1 ] DEBUG AssetLoader          - Loading from cache: /assets/textures/Wall/editwall2.png
19:36:31.841 [FXGL Background Thread 1 ] DEBUG AssetLoader          - Loading from cache: /assets/textures/Wall/editwall2.png
19:36:31.843 [FXGL Background Thread 1 ] DEBUG AssetLoader          - Loading from cache: /assets/textures/Wall/editwall2.png
19:36:31.845 [FXGL Background Thread 1 ] DEBUG AssetLoader          - Loading from cache: /assets/textures/Wall/editwall2.png
19:36:31.848 [FXGL Background Thread 1 ] DEBUG AssetLoader          - Loading from cache: /assets/textures/Wall/editwall2.png
19:36:31.850 [FXGL Background Thread 1 ] DEBUG AssetLoader          - Loading from cache: /assets/textures/Wall/editwall2.png
19:36:31.851 [FXGL Background Thread 1 ] DEBUG AssetLoader          - Loading from cache: /assets/textures/Wall/editwall2.png
19:36:31.853 [FXGL Background Thread 1 ] DEBUG AssetLoader          - Loading from cache: /assets/textures/Wall/editwall2.png
19:36:31.855 [FXGL Background Thread 1 ] DEBUG AssetLoader          - Loading from cache: /assets/textures/Wall/editwall2.png
19:36:31.856 [FXGL Background Thread 1 ] DEBUG AssetLoader          - Loading from cache: /assets/textures/Wall/editwall2.png
19:36:31.857 [FXGL Background Thread 1 ] DEBUG AssetLoader          - Loading from cache: /assets/textures/Wall/editwall2.png
19:36:31.868 [FXGL Background Thread 1 ] DEBUG AssetLoader          - Loading from cache: /assets/textures/Wall/editwall2.png
19:36:31.869 [FXGL Background Thread 1 ] DEBUG AssetLoader          - Loading from cache: /assets/textures/Wall/editwall2.png
19:36:31.870 [FXGL Background Thread 1 ] DEBUG AssetLoader          - Loading from cache: /assets/textures/Wall/editwall2.png
19:36:31.871 [FXGL Background Thread 1 ] DEBUG AssetLoader          - Loading from cache: /assets/textures/Wall/editwall2.png
19:36:31.873 [FXGL Background Thread 1 ] DEBUG AssetLoader          - Loading from cache: /assets/textures/Wall/editwall2.png
19:36:31.874 [FXGL Background Thread 1 ] DEBUG AssetLoader          - Loading from cache: /assets/textures/Wall/editwall2.png
19:36:31.876 [FXGL Background Thread 1 ] DEBUG AssetLoader          - Loading from cache: /assets/textures/Wall/editwall2.png
19:36:31.879 [FXGL Background Thread 1 ] DEBUG AssetLoader          - Loading from cache: /assets/textures/Wall/editwall2.png
19:36:31.880 [FXGL Background Thread 1 ] DEBUG AssetLoader          - Loading from cache: /assets/textures/Wall/editwall2.png
19:36:31.881 [FXGL Background Thread 1 ] DEBUG AssetLoader          - Loading from cache: /assets/textures/Wall/editwall2.png
19:36:31.882 [FXGL Background Thread 1 ] DEBUG AssetLoader          - Loading from cache: /assets/textures/Wall/editwall2.png
19:36:31.892 [FXGL Background Thread 1 ] DEBUG AssetLoader          - Loading from cache: /assets/textures/Wall/editwall2.png
19:36:31.893 [FXGL Background Thread 1 ] DEBUG AssetLoader          - Loading from cache: /assets/textures/Wall/editwall2.png
19:36:31.895 [FXGL Background Thread 1 ] DEBUG AssetLoader          - Loading from cache: /assets/textures/Wall/editwall2.png
19:36:31.896 [FXGL Background Thread 1 ] DEBUG AssetLoader          - Loading from cache: /assets/textures/Wall/editwall2.png
19:36:31.898 [FXGL Background Thread 1 ] DEBUG AssetLoader          - Loading from cache: /assets/textures/Wall/editwall2.png
19:36:31.900 [FXGL Background Thread 1 ] DEBUG AssetLoader          - Loading from cache: /assets/textures/Wall/editwall2.png
19:36:31.901 [FXGL Background Thread 1 ] DEBUG AssetLoader          - Loading from cache: /assets/textures/Wall/editwall2.png
19:36:31.902 [FXGL Background Thread 1 ] DEBUG AssetLoader          - Loading from cache: /assets/textures/Wall/editwall2.png
19:36:31.904 [FXGL Background Thread 1 ] DEBUG AssetLoader          - Loading from cache: /assets/textures/Wall/editwall2.png
19:36:31.905 [FXGL Background Thread 1 ] DEBUG AssetLoader          - Loading from cache: /assets/textures/Wall/editwall2.png
19:36:31.906 [FXGL Background Thread 1 ] DEBUG AssetLoader          - Loading from cache: /assets/textures/Wall/editwall2.png
19:36:31.914 [FXGL Background Thread 1 ] DEBUG AssetLoader          - Loading from cache: /assets/textures/Wall/editwall2.png
19:36:31.915 [FXGL Background Thread 1 ] DEBUG AssetLoader          - Loading from cache: /assets/textures/Wall/editwall2.png
19:36:31.916 [FXGL Background Thread 1 ] DEBUG AssetLoader          - Loading from cache: /assets/textures/Wall/editwall2.png
19:36:31.917 [FXGL Background Thread 1 ] DEBUG AssetLoader          - Loading from cache: /assets/textures/Wall/editwall2.png
19:36:31.918 [FXGL Background Thread 1 ] DEBUG AssetLoader          - Loading from cache: /assets/textures/Wall/editwall2.png
19:36:31.919 [FXGL Background Thread 1 ] DEBUG AssetLoader          - Loading from cache: /assets/textures/Wall/editwall2.png
19:36:31.920 [FXGL Background Thread 1 ] DEBUG AssetLoader          - Loading from cache: /assets/textures/Wall/editwall2.png
19:36:31.921 [FXGL Background Thread 1 ] DEBUG AssetLoader          - Loading from cache: /assets/textures/Wall/editwall2.png
19:36:31.923 [FXGL Background Thread 1 ] DEBUG AssetLoader          - Loading from cache: /assets/textures/Wall/editwall2.png
19:36:31.924 [FXGL Background Thread 1 ] DEBUG AssetLoader          - Loading from cache: /assets/textures/Wall/editwall2.png
19:36:31.925 [FXGL Background Thread 1 ] DEBUG AssetLoader          - Loading from cache: /assets/textures/Wall/editwall2.png
19:36:31.933 [FXGL Background Thread 1 ] DEBUG AssetLoader          - Loading from cache: /assets/textures/Wall/editwall2.png
19:36:31.933 [FXGL Background Thread 1 ] DEBUG AssetLoader          - Loading from cache: /assets/textures/Wall/editwall2.png
19:36:31.934 [FXGL Background Thread 1 ] DEBUG AssetLoader          - Loading from cache: /assets/textures/Wall/editwall2.png
19:36:31.935 [FXGL Background Thread 1 ] DEBUG AssetLoader          - Loading from cache: /assets/textures/Wall/editwall2.png
19:36:31.937 [FXGL Background Thread 1 ] DEBUG AssetLoader          - Loading from cache: /assets/textures/Wall/editwall2.png
19:36:31.938 [FXGL Background Thread 1 ] DEBUG AssetLoader          - Loading from cache: /assets/textures/Wall/editwall2.png
19:36:31.938 [FXGL Background Thread 1 ] DEBUG AssetLoader          - Loading from cache: /assets/textures/Wall/editwall2.png
19:36:31.939 [FXGL Background Thread 1 ] DEBUG AssetLoader          - Loading from cache: /assets/textures/Wall/editwall2.png
19:36:31.940 [FXGL Background Thread 1 ] DEBUG AssetLoader          - Loading from cache: /assets/textures/Wall/editwall2.png
19:36:31.941 [FXGL Background Thread 1 ] DEBUG AssetLoader          - Loading from cache: /assets/textures/Wall/editwall2.png
19:36:31.941 [FXGL Background Thread 1 ] DEBUG AssetLoader          - Loading from cache: /assets/textures/Wall/editwall2.png
19:36:31.950 [FXGL Background Thread 1 ] DEBUG AssetLoader          - Loading from cache: /assets/textures/Wall/editwall2.png
19:36:31.950 [FXGL Background Thread 1 ] DEBUG AssetLoader          - Loading from cache: /assets/textures/Wall/editwall2.png
19:36:31.950 [FXGL Background Thread 1 ] DEBUG AssetLoader          - Loading from cache: /assets/textures/Wall/editwall2.png
19:36:31.951 [FXGL Background Thread 1 ] DEBUG AssetLoader          - Loading from cache: /assets/textures/Wall/editwall2.png
19:36:31.951 [FXGL Background Thread 1 ] DEBUG AssetLoader          - Loading from cache: /assets/textures/Wall/editwall2.png
19:36:31.951 [FXGL Background Thread 1 ] DEBUG AssetLoader          - Loading from cache: /assets/textures/Wall/editwall2.png
19:36:31.952 [FXGL Background Thread 1 ] DEBUG AssetLoader          - Loading from cache: /assets/textures/Wall/editwall2.png
19:36:31.952 [FXGL Background Thread 1 ] DEBUG AssetLoader          - Loading from cache: /assets/textures/Wall/editwall2.png
19:36:31.952 [FXGL Background Thread 1 ] DEBUG AssetLoader          - Loading from cache: /assets/textures/Wall/editwall2.png
19:36:31.953 [FXGL Background Thread 1 ] DEBUG AssetLoader          - Loading from cache: /assets/textures/Wall/editwall2.png
19:36:31.953 [FXGL Background Thread 1 ] DEBUG AssetLoader          - Loading from cache: /assets/textures/Wall/editwall2.png
19:36:31.954 [FXGL Background Thread 1 ] DEBUG AssetLoader          - Loading from cache: /assets/textures/Wall/editwall2.png
19:36:31.954 [FXGL Background Thread 1 ] DEBUG AssetLoader          - Loading from cache: /assets/textures/Wall/editwall2.png
19:36:31.954 [FXGL Background Thread 1 ] DEBUG AssetLoader          - Loading from cache: /assets/textures/Wall/editwall2.png
19:36:31.955 [FXGL Background Thread 1 ] DEBUG AssetLoader          - Loading from cache: /assets/textures/Wall/editwall2.png
19:36:31.955 [FXGL Background Thread 1 ] DEBUG AssetLoader          - Loading from cache: /assets/textures/Wall/editwall2.png
19:36:31.956 [FXGL Background Thread 1 ] DEBUG AssetLoader          - Loading from cache: /assets/textures/Wall/editwall2.png
19:36:31.956 [FXGL Background Thread 1 ] DEBUG AssetLoader          - Loading from cache: /assets/textures/Wall/editwall2.png
19:36:31.958 [FXGL Background Thread 1 ] DEBUG GameWorld            - Clearing removable entities
19:36:31.958 [FXGL Background Thread 1 ] DEBUG GameWorld            - Setting level: com.almasb.fxgl.entity.Level@71c2ce4e
19:36:31.961 [FXGL Background Thread 1 ] DEBUG GameScene            - Creating render group for layer: DEFAULT(100000)
19:36:31.966 [FXGL Background Thread 1 ] DEBUG GameScene            - Creating render group for layer: BACKGROUND(1000)
19:36:31.976 [FXGL Background Thread 1 ] DEBUG AssetLoader          - Loading from disk: /assets/textures/Bomberman/down.png
19:36:31.979 [FXGL Background Thread 1 ] DEBUG AssetLoader          - Loading from cache: /assets/textures/Bomberman/down.png
19:36:31.979 [FXGL Background Thread 1 ] DEBUG AssetLoader          - Loading from disk: /assets/textures/Bomberman/up.png
19:36:31.980 [FXGL Background Thread 1 ] DEBUG AssetLoader          - Loading from disk: /assets/textures/Bomberman/left.png
19:36:31.981 [FXGL Background Thread 1 ] DEBUG AssetLoader          - Loading from disk: /assets/textures/Bomberman/right.png
19:36:31.996 [FXGL Background Thread 1 ] DEBUG InitAppTask          - Initializing Physics
19:36:31.996 [FXGL Background Thread 1 ] DEBUG InitAppTask          - Initializing UI
19:36:31.996 [FXGL Background Thread 1 ] DEBUG InitAppTask          - Initialization Complete
19:36:31.996 [FXGL Background Thread 1 ] INFO  InitAppTask          - Game initialization took: 0.323 sec
19:36:32.006 [JavaFX Application Thread] DEBUG Input                - Clearing active input actions
19:36:32.058 [JavaFX Application Thread] DEBUG AppStateMachine      - LoadingState -> PlayState
19:36:37.283 [JavaFX Application Thread] DEBUG GameApplication      - Exiting game application
19:36:37.285 [JavaFX Application Thread] DEBUG GameApplication      - Shutting down background threads
19:36:37.285 [JavaFX Application Thread] DEBUG GameApplication      - Exiting FXGL
19:36:37.286 [JavaFX Application Thread] DEBUG FXGL                 - Saving FXGL system data
19:36:37.289 [JavaFX Application Thread] DEBUG DesktopFSService     - Writing to: system\fxgl.bundle
19:36:37.294 [JavaFX Application Thread] DEBUG GameApplication      - Closing logger and exiting JavaFX
