14:35:57.602 [JavaFX Application Thread] DEBUG GameApplication      - Logger initialized
14:35:57.610 [JavaFX Application Thread] DEBUG MainWindow           - Creating a JavaFX scene
14:35:57.830 [JavaFX Application Thread] DEBUG MainWindow           - Target settings size: 600.0 x 440.0
14:35:57.831 [JavaFX Application Thread] DEBUG MainWindow           - Scaled scene size:    600.0 x 440.0
14:35:57.831 [JavaFX Application Thread] DEBUG MainWindow           - Scaled ratio: (1.0, 1.0)
14:35:57.840 [JavaFX Application Thread] DEBUG GameApplication      - Starting FXGL
14:35:57.847 [JavaFX Application Thread] INFO  FXGL                 - FXGL-0.5.3 on DESKTOP
14:35:57.848 [JavaFX Application Thread] INFO  FXGL                 - Source code and latest versions at: https://github.com/AlmasB/FXGL
14:35:57.848 [JavaFX Application Thread] INFO  FXGL                 -              Join the FXGL chat at: https://gitter.im/AlmasB/FXGL
14:35:57.861 [JavaFX Application Thread] DEBUG FS                   - Loaded DesktopFSService
14:35:57.861 [JavaFX Application Thread] DEBUG FXGL                 - Loading FXGL system data
14:35:57.874 [JavaFX Application Thread] DEBUG DesktopFSService     - Reading from: system/fxgl.bundle
14:35:57.889 [JavaFX Application Thread] DEBUG Bundle               - Logging bundle: FXGL
14:35:57.890 [JavaFX Application Thread] DEBUG Bundle               - FXGL.offline.timer.version.check=2018-11-21T10:17:16.102
14:35:57.966 [JavaFX Application Thread] DEBUG GameApplication      - FXGL started
14:35:57.967 [JavaFX Application Thread] DEBUG GameApplication      - Logging game settings
Title: BombermanApp
Version: 0.1
Width: 600
Height: 440
Fullscreen: false
Intro: false
Menus: false
Profiling: false
Single step:false
App Mode: DEVELOPER
Menu Key: ESCAPE
Stage Style: DECORATED
Scene Factory: class com.almasb.fxgl.scene.SceneFactory
Dialog Factory: class com.almasb.fxgl.ui.FXGLDialogFactory
UI Factory: class com.almasb.fxgl.ui.FXGLUIFactory
Notification Service: class com.almasb.fxgl.gameplay.notification.XboxNotificationView
Exception Handler: class com.almasb.fxgl.app.FXGLExceptionHandler
14:35:57.970 [JavaFX Application Thread] DEBUG GameApplication      - Configuring GameApplication
14:35:57.972 [JavaFX Application Thread] DEBUG GameApplication      - Initializing state machine and application states
14:35:58.018 [JavaFX Application Thread] DEBUG AssetLoader          - Loading from disk: /assets/ui/cursors/fxgl_default.png
14:35:58.080 [JavaFX Application Thread] DEBUG AssetLoader          - Loading from disk: /assets/ui/cursors/fxgl_default.png
14:35:58.178 [JavaFX Application Thread] DEBUG FXGLAssets           - Loading FXGLAssets
14:35:58.231 [JavaFX Application Thread] DEBUG AssetLoader          - Loading from disk: /assets/ui/fonts/VarelaRound-Regular.ttf
14:35:58.262 [JavaFX Application Thread] DEBUG AssetLoader          - Loading from disk: /assets/ui/fonts/lucida_console.ttf
14:35:58.270 [JavaFX Application Thread] DEBUG AssetLoader          - Loading from disk: /assets/ui/fonts/Courier-Prime.ttf
14:35:58.275 [JavaFX Application Thread] DEBUG AssetLoader          - Loading from disk: /assets/ui/fonts/Abel-Regular.ttf
14:35:58.278 [JavaFX Application Thread] DEBUG AssetLoader          - Loading from disk: /assets/ui/css/fxgl_dark.css
14:35:58.350 [JavaFX Application Thread] DEBUG AssetLoader          - Loading from disk: /assets/ui/cursors/fxgl_default.png
14:35:58.500 [JavaFX Application Thread] DEBUG AssetLoader          - Loading from disk: /assets/ui/cursors/fxgl_default.png
14:35:58.574 [JavaFX Application Thread] DEBUG GameScene            - Game scene initialized: 600x440
14:35:58.582 [JavaFX Application Thread] DEBUG GameWorld            - Game world initialized
14:35:58.725 [JavaFX Application Thread] DEBUG PhysicsWorld         - Physics world initialized: appHeight=440, physics.ppm=50.0
14:35:58.793 [JavaFX Application Thread] DEBUG Input                - Registered new binding: Pause - Esc
14:35:58.826 [JavaFX Application Thread] DEBUG Input                - Clearing active input actions
14:35:58.930 [JavaFX Application Thread] DEBUG AppStateMachine      - StartupState -> StartupState
14:35:58.937 [JavaFX Application Thread] INFO  GameApplication      - Game configuration took:  0.966 sec
14:35:58.941 [JavaFX Application Thread] DEBUG AssetLoader          - Loading from disk: /assets/textures/fxgl_icon.png
14:35:58.974 [JavaFX Application Thread] DEBUG MainWindow           - Opening main window
14:35:59.096 [JavaFX Application Thread] DEBUG MainWindow           - Window border size: (0.0, 0.0)
14:35:59.097 [JavaFX Application Thread] DEBUG MainWindow           - Scaled size: 600.0 x 440.0
14:35:59.098 [JavaFX Application Thread] DEBUG MainWindow           - Scaled ratio: (1.0, 1.0)
14:35:59.100 [JavaFX Application Thread] DEBUG MainWindow           - Scene size: 600.0 x 440.0
14:35:59.101 [JavaFX Application Thread] DEBUG MainWindow           - Stage size: 600.0 x 440.0
14:35:59.101 [JavaFX Application Thread] DEBUG GameApplication      - Running preInit()
14:35:59.104 [JavaFX Application Thread] DEBUG Input                - Registered new binding: Screenshot - P
14:35:59.105 [JavaFX Application Thread] DEBUG Input                - Registered new binding: Dev Options - CTRL+0
14:35:59.106 [JavaFX Application Thread] DEBUG Input                - Registered new binding: System info dump - CTRL+9
14:35:59.107 [JavaFX Application Thread] DEBUG Input                - Registered new binding: Restart - CTRL+R
14:35:59.107 [JavaFX Application Thread] DEBUG Input                - Registered new binding: Move Up - W
14:35:59.107 [JavaFX Application Thread] DEBUG Input                - Registered new binding: Move Left - A
14:35:59.108 [JavaFX Application Thread] DEBUG Input                - Registered new binding: Move Down - S
14:35:59.108 [JavaFX Application Thread] DEBUG Input                - Registered new binding: Move Right - D
14:35:59.108 [JavaFX Application Thread] DEBUG Input                - Registered new binding: Place Bomb - F
14:35:59.200 [JavaFX Application Thread] DEBUG GameApplication      - Starting main loop
14:35:59.225 [JavaFX Application Thread] DEBUG StartupState         - STARTUP
14:35:59.225 [JavaFX Application Thread] DEBUG GameApplication      - Starting new game
14:35:59.225 [JavaFX Application Thread] DEBUG Input                - Clearing active input actions
14:35:59.242 [JavaFX Application Thread] DEBUG AppStateMachine      - StartupState -> LoadingState
14:35:59.259 [FXGL Background Thread 1 ] DEBUG InitAppTask          - Clearing previous game
14:35:59.259 [FXGL Background Thread 1 ] DEBUG GameWorld            - Clearing game world
14:35:59.260 [FXGL Background Thread 1 ] DEBUG PhysicsWorld         - Clearing physics world
14:35:59.260 [FXGL Background Thread 1 ] DEBUG GameScene            - Clearing game scene
14:35:59.266 [FXGL Background Thread 1 ] DEBUG InitAppTask          - Initializing Game
14:35:59.376 [FXGL Background Thread 1 ] DEBUG AssetLoader          - Loading from disk: /assets/text/levels/0.txt
14:35:59.904 [FXGL Background Thread 1 ] DEBUG GameWorld            - Clearing removable entities
14:35:59.904 [FXGL Background Thread 1 ] DEBUG GameWorld            - Setting level: com.almasb.fxgl.entity.Level@6ee81131
14:35:59.907 [FXGL Background Thread 1 ] DEBUG GameScene            - Creating render group for layer: BACKGROUND(1000)
14:35:59.911 [FXGL Background Thread 1 ] DEBUG GameScene            - Creating render group for layer: DEFAULT(100000)
14:35:59.934 [FXGL Background Thread 1 ] DEBUG AssetLoader          - Loading from disk: /assets/textures/Bomberman/down.png
14:35:59.943 [FXGL Background Thread 1 ] DEBUG AssetLoader          - Loading from cache: /assets/textures/Bomberman/down.png
14:35:59.943 [FXGL Background Thread 1 ] DEBUG AssetLoader          - Loading from disk: /assets/textures/Bomberman/up.png
14:35:59.944 [FXGL Background Thread 1 ] DEBUG AssetLoader          - Loading from disk: /assets/textures/Bomberman/left.png
14:35:59.946 [FXGL Background Thread 1 ] DEBUG AssetLoader          - Loading from disk: /assets/textures/Bomberman/right.png
14:35:59.962 [FXGL Background Thread 1 ] DEBUG InitAppTask          - Initializing Physics
14:35:59.964 [FXGL Background Thread 1 ] DEBUG InitAppTask          - Initializing UI
14:35:59.965 [FXGL Background Thread 1 ] DEBUG InitAppTask          - Initialization Complete
14:35:59.966 [FXGL Background Thread 1 ] INFO  InitAppTask          - Game initialization took: 0.707 sec
14:35:59.980 [JavaFX Application Thread] DEBUG Input                - Clearing active input actions
14:36:00.133 [JavaFX Application Thread] DEBUG AppStateMachine      - LoadingState -> PlayState
14:36:15.230 [JavaFX Application Thread] DEBUG GameApplication      - Exiting game application
14:36:15.233 [JavaFX Application Thread] DEBUG GameApplication      - Shutting down background threads
14:36:15.234 [JavaFX Application Thread] DEBUG GameApplication      - Exiting FXGL
14:36:15.235 [JavaFX Application Thread] DEBUG FXGL                 - Saving FXGL system data
14:36:15.239 [JavaFX Application Thread] DEBUG DesktopFSService     - Writing to: system/fxgl.bundle
14:36:15.245 [JavaFX Application Thread] DEBUG GameApplication      - Closing logger and exiting JavaFX
