14:39:00.249 [JavaFX Application Thread] DEBUG GameApplication      - Logger initialized
14:39:00.260 [JavaFX Application Thread] DEBUG MainWindow           - Creating a JavaFX scene
14:39:00.479 [JavaFX Application Thread] DEBUG MainWindow           - Target settings size: 600.0 x 440.0
14:39:00.479 [JavaFX Application Thread] DEBUG MainWindow           - Scaled scene size:    600.0 x 440.0
14:39:00.479 [JavaFX Application Thread] DEBUG MainWindow           - Scaled ratio: (1.0, 1.0)
14:39:00.490 [JavaFX Application Thread] DEBUG GameApplication      - Starting FXGL
14:39:00.498 [JavaFX Application Thread] INFO  FXGL                 - FXGL-0.5.3 on DESKTOP
14:39:00.499 [JavaFX Application Thread] INFO  FXGL                 - Source code and latest versions at: https://github.com/AlmasB/FXGL
14:39:00.499 [JavaFX Application Thread] INFO  FXGL                 -              Join the FXGL chat at: https://gitter.im/AlmasB/FXGL
14:39:00.513 [JavaFX Application Thread] DEBUG FS                   - Loaded DesktopFSService
14:39:00.513 [JavaFX Application Thread] DEBUG FXGL                 - Loading FXGL system data
14:39:00.528 [JavaFX Application Thread] DEBUG DesktopFSService     - Reading from: system/fxgl.bundle
14:39:00.545 [JavaFX Application Thread] DEBUG Bundle               - Logging bundle: FXGL
14:39:00.546 [JavaFX Application Thread] DEBUG Bundle               - FXGL.offline.timer.version.check=2018-11-21T10:17:16.102
14:39:00.625 [JavaFX Application Thread] DEBUG GameApplication      - FXGL started
14:39:00.630 [JavaFX Application Thread] DEBUG GameApplication      - Logging game settings
Title: BombermanApp
Version: 0.1
Width: 600
Height: 440
Fullscreen: false
Intro: false
Menus: false
Profiling: false
Single step:false
App Mode: DEVELOPER
Menu Key: ESCAPE
Stage Style: DECORATED
Scene Factory: class com.almasb.fxgl.scene.SceneFactory
Dialog Factory: class com.almasb.fxgl.ui.FXGLDialogFactory
UI Factory: class com.almasb.fxgl.ui.FXGLUIFactory
Notification Service: class com.almasb.fxgl.gameplay.notification.XboxNotificationView
Exception Handler: class com.almasb.fxgl.app.FXGLExceptionHandler
14:39:00.632 [JavaFX Application Thread] DEBUG GameApplication      - Configuring GameApplication
14:39:00.632 [JavaFX Application Thread] DEBUG GameApplication      - Initializing state machine and application states
14:39:00.669 [JavaFX Application Thread] DEBUG AssetLoader          - Loading from disk: /assets/ui/cursors/fxgl_default.png
14:39:00.744 [JavaFX Application Thread] DEBUG AssetLoader          - Loading from disk: /assets/ui/cursors/fxgl_default.png
14:39:00.857 [JavaFX Application Thread] DEBUG FXGLAssets           - Loading FXGLAssets
14:39:00.934 [JavaFX Application Thread] DEBUG AssetLoader          - Loading from disk: /assets/ui/fonts/VarelaRound-Regular.ttf
14:39:00.962 [JavaFX Application Thread] DEBUG AssetLoader          - Loading from disk: /assets/ui/fonts/lucida_console.ttf
14:39:00.968 [JavaFX Application Thread] DEBUG AssetLoader          - Loading from disk: /assets/ui/fonts/Courier-Prime.ttf
14:39:00.977 [JavaFX Application Thread] DEBUG AssetLoader          - Loading from disk: /assets/ui/fonts/Abel-Regular.ttf
14:39:00.983 [JavaFX Application Thread] DEBUG AssetLoader          - Loading from disk: /assets/ui/css/fxgl_dark.css
14:39:01.058 [JavaFX Application Thread] DEBUG AssetLoader          - Loading from disk: /assets/ui/cursors/fxgl_default.png
14:39:01.158 [JavaFX Application Thread] DEBUG AssetLoader          - Loading from disk: /assets/ui/cursors/fxgl_default.png
14:39:01.229 [JavaFX Application Thread] DEBUG GameScene            - Game scene initialized: 600x440
14:39:01.235 [JavaFX Application Thread] DEBUG GameWorld            - Game world initialized
14:39:01.383 [JavaFX Application Thread] DEBUG PhysicsWorld         - Physics world initialized: appHeight=440, physics.ppm=50.0
14:39:01.414 [JavaFX Application Thread] DEBUG Input                - Registered new binding: Pause - Esc
14:39:01.448 [JavaFX Application Thread] DEBUG Input                - Clearing active input actions
14:39:01.601 [JavaFX Application Thread] DEBUG AppStateMachine      - StartupState -> StartupState
14:39:01.627 [JavaFX Application Thread] INFO  GameApplication      - Game configuration took:  0.982 sec
14:39:01.631 [JavaFX Application Thread] DEBUG AssetLoader          - Loading from disk: /assets/textures/fxgl_icon.png
14:39:01.684 [JavaFX Application Thread] DEBUG MainWindow           - Opening main window
14:39:01.863 [JavaFX Application Thread] DEBUG MainWindow           - Window border size: (0.0, 0.0)
14:39:01.863 [JavaFX Application Thread] DEBUG MainWindow           - Scaled size: 600.0 x 440.0
14:39:01.863 [JavaFX Application Thread] DEBUG MainWindow           - Scaled ratio: (1.0, 1.0)
14:39:01.864 [JavaFX Application Thread] DEBUG MainWindow           - Scene size: 600.0 x 440.0
14:39:01.865 [JavaFX Application Thread] DEBUG MainWindow           - Stage size: 600.0 x 440.0
14:39:01.867 [JavaFX Application Thread] DEBUG GameApplication      - Running preInit()
14:39:01.874 [JavaFX Application Thread] DEBUG Input                - Registered new binding: Screenshot - P
14:39:01.876 [JavaFX Application Thread] DEBUG Input                - Registered new binding: Dev Options - CTRL+0
14:39:01.877 [JavaFX Application Thread] DEBUG Input                - Registered new binding: System info dump - CTRL+9
14:39:01.879 [JavaFX Application Thread] DEBUG Input                - Registered new binding: Restart - CTRL+R
14:39:01.880 [JavaFX Application Thread] DEBUG Input                - Registered new binding: Move Up - W
14:39:01.880 [JavaFX Application Thread] DEBUG Input                - Registered new binding: Move Left - A
14:39:01.887 [JavaFX Application Thread] DEBUG Input                - Registered new binding: Move Down - S
14:39:01.889 [JavaFX Application Thread] DEBUG Input                - Registered new binding: Move Right - D
14:39:01.900 [JavaFX Application Thread] DEBUG Input                - Registered new binding: Place Bomb - F
14:39:02.010 [JavaFX Application Thread] DEBUG GameApplication      - Starting main loop
14:39:02.145 [JavaFX Application Thread] DEBUG StartupState         - STARTUP
14:39:02.145 [JavaFX Application Thread] DEBUG GameApplication      - Starting new game
14:39:02.150 [JavaFX Application Thread] DEBUG Input                - Clearing active input actions
14:39:02.184 [JavaFX Application Thread] DEBUG AppStateMachine      - StartupState -> LoadingState
14:39:02.213 [FXGL Background Thread 1 ] DEBUG InitAppTask          - Clearing previous game
14:39:02.215 [FXGL Background Thread 1 ] DEBUG GameWorld            - Clearing game world
14:39:02.215 [FXGL Background Thread 1 ] DEBUG PhysicsWorld         - Clearing physics world
14:39:02.216 [FXGL Background Thread 1 ] DEBUG GameScene            - Clearing game scene
14:39:02.218 [FXGL Background Thread 1 ] DEBUG InitAppTask          - Initializing Game
14:39:02.313 [FXGL Background Thread 1 ] DEBUG AssetLoader          - Loading from disk: /assets/text/levels/0.txt
14:39:02.793 [FXGL Background Thread 1 ] DEBUG GameWorld            - Clearing removable entities
14:39:02.802 [FXGL Background Thread 1 ] DEBUG GameWorld            - Setting level: com.almasb.fxgl.entity.Level@2d3da6c6
14:39:02.804 [FXGL Background Thread 1 ] DEBUG GameScene            - Creating render group for layer: BACKGROUND(1000)
14:39:02.808 [FXGL Background Thread 1 ] DEBUG GameScene            - Creating render group for layer: DEFAULT(100000)
14:39:02.841 [FXGL Background Thread 1 ] DEBUG AssetLoader          - Loading from disk: /assets/textures/Bomberman/down.png
14:39:02.851 [FXGL Background Thread 1 ] DEBUG AssetLoader          - Loading from cache: /assets/textures/Bomberman/down.png
14:39:02.852 [FXGL Background Thread 1 ] DEBUG AssetLoader          - Loading from disk: /assets/textures/Bomberman/up.png
14:39:02.853 [FXGL Background Thread 1 ] DEBUG AssetLoader          - Loading from disk: /assets/textures/Bomberman/left.png
14:39:02.854 [FXGL Background Thread 1 ] DEBUG AssetLoader          - Loading from disk: /assets/textures/Bomberman/right.png
14:39:02.871 [FXGL Background Thread 1 ] DEBUG InitAppTask          - Initializing Physics
14:39:02.873 [FXGL Background Thread 1 ] DEBUG InitAppTask          - Initializing UI
14:39:02.873 [FXGL Background Thread 1 ] DEBUG InitAppTask          - Initialization Complete
14:39:02.873 [FXGL Background Thread 1 ] INFO  InitAppTask          - Game initialization took: 0.661 sec
14:39:02.881 [JavaFX Application Thread] DEBUG Input                - Clearing active input actions
14:39:03.014 [JavaFX Application Thread] DEBUG AppStateMachine      - LoadingState -> PlayState
14:39:15.951 [JavaFX Application Thread] DEBUG GameApplication      - Exiting game application
14:39:15.953 [JavaFX Application Thread] DEBUG GameApplication      - Shutting down background threads
14:39:15.959 [JavaFX Application Thread] DEBUG GameApplication      - Exiting FXGL
14:39:15.960 [JavaFX Application Thread] DEBUG FXGL                 - Saving FXGL system data
14:39:15.963 [JavaFX Application Thread] DEBUG DesktopFSService     - Writing to: system/fxgl.bundle
14:39:15.968 [JavaFX Application Thread] DEBUG GameApplication      - Closing logger and exiting JavaFX
